2020-05-05 19:51:05,412 INFO UsersClient [JavaFX Application Thread] Logging user by his username and password: [test]
2020-05-05 19:52:29,462 INFO UsersClient [JavaFX Application Thread] Logging user by his username and password: [test]
2020-05-05 19:52:50,177 INFO UsersClient [JavaFX Application Thread] User successfully logged in
2020-05-05 19:52:50,378 INFO EventsClient [Thread-3] Getting all user's [1] events to alert.
2020-05-05 19:52:50,412 INFO EventsClient [JavaFX Application Thread] Getting all user's [1] events in year and month: [2020, 5]
2020-05-05 19:52:50,463 INFO EventsClient [Thread-3] Returning events to alert.
2020-05-05 19:52:50,468 INFO EventsClient [JavaFX Application Thread] Returning events by year and month.
2020-05-05 19:53:00,466 INFO EventsClient [Thread-3] Getting all user's [1] events to alert.
2020-05-05 19:53:00,493 INFO EventsClient [Thread-3] Returning events to alert.
2020-05-05 19:53:35,235 INFO UsersClient [JavaFX Application Thread] Logging user by his username and password: [test]
2020-05-05 19:53:55,543 INFO UsersClient [JavaFX Application Thread] User successfully logged in
2020-05-05 19:53:55,864 INFO EventsClient [Thread-3] Getting all user's [1] events to alert.
2020-05-05 19:53:55,908 INFO EventsClient [JavaFX Application Thread] Getting all user's [1] events in year and month: [2020, 5]
2020-05-05 19:53:55,924 INFO EventsClient [Thread-3] Returning events to alert.
2020-05-05 19:53:55,950 INFO EventsClient [JavaFX Application Thread] Returning events by year and month.
2020-05-05 19:54:00,933 INFO EventsClient [Thread-3] Getting all user's [1] events to alert.
2020-05-05 19:54:00,948 INFO EventsClient [Thread-3] Returning events to alert.
2020-05-05 19:55:00,467 INFO UsersClient [JavaFX Application Thread] Logging user by his username and password: [test]
2020-05-05 19:55:20,785 INFO UsersClient [JavaFX Application Thread] User successfully logged in
2020-05-05 19:55:20,955 INFO EventsClient [Thread-3] Getting all user's [1] events to alert.
2020-05-05 19:55:20,982 INFO EventsClient [JavaFX Application Thread] Getting all user's [1] events in year and month: [2020, 5]
2020-05-05 19:55:20,996 INFO EventsClient [Thread-3] Returning events to alert.
2020-05-05 19:55:21,015 INFO EventsClient [JavaFX Application Thread] Returning events by year and month.
2020-05-05 20:08:05,058 INFO UsersClient [JavaFX Application Thread] Logging user by his username and password: [test]
2020-05-05 20:08:25,343 INFO UsersClient [JavaFX Application Thread] User successfully logged in
2020-05-05 20:08:25,513 INFO EventsClient [Thread-3] Getting all user's [1] events to alert.
2020-05-05 20:08:25,556 INFO EventsClient [Thread-3] Returning events to alert.
2020-05-05 20:09:11,860 INFO UsersClient [JavaFX Application Thread] Logging user by his username and password: [test]
2020-05-05 20:09:32,201 INFO UsersClient [JavaFX Application Thread] User successfully logged in
2020-05-05 20:09:32,487 INFO EventsClient [Thread-3] Getting all user's [1] events to alert.
2020-05-05 20:09:32,581 INFO EventsClient [Thread-3] Returning events to alert.
2020-05-05 20:10:00,590 INFO EventsClient [Thread-3] Getting all user's [1] events to alert.
2020-05-05 20:10:00,615 INFO EventsClient [Thread-3] Returning events to alert.
2020-05-05 20:11:06,246 INFO UsersClient [JavaFX Application Thread] Logging user by his username and password: [test]
2020-05-05 20:11:26,570 INFO UsersClient [JavaFX Application Thread] User successfully logged in
2020-05-05 20:11:26,736 INFO EventsClient [Thread-3] Getting all user's [1] events to alert.
2020-05-05 20:11:26,766 INFO EventsClient [JavaFX Application Thread] Getting all user's [1] events in year and month: [2020, 5]
2020-05-05 20:11:26,779 INFO EventsClient [Thread-3] Returning events to alert.
2020-05-05 20:11:26,794 INFO EventsClient [JavaFX Application Thread] Returning events by year and month.
2020-05-05 20:12:44,859 INFO UsersClient [JavaFX Application Thread] Logging user by his username and password: [test]
2020-05-05 20:13:05,187 INFO UsersClient [JavaFX Application Thread] User successfully logged in
2020-05-05 20:13:05,363 INFO EventsClient [Thread-3] Getting all user's [1] events to alert.
2020-05-05 20:13:05,390 INFO EventsClient [JavaFX Application Thread] Getting all user's [1] events in year and month: [2020, 5]
2020-05-05 20:13:05,404 INFO EventsClient [Thread-3] Returning events to alert.
2020-05-05 20:13:05,413 INFO EventsClient [JavaFX Application Thread] Returning events by year and month.
2020-05-05 20:13:19,356 INFO EventsClient [JavaFX Application Thread] Getting event by user's [1] and event's [2] ID
2020-05-05 20:13:19,377 INFO EventsClient [JavaFX Application Thread] Returning event.
2020-05-05 20:13:38,337 INFO EventsClient [JavaFX Application Thread] Getting all user's [1] events in year and month: [2020, 5]
2020-05-05 20:13:38,354 INFO EventsClient [JavaFX Application Thread] Returning events by year and month.
2020-05-05 20:13:41,453 INFO EventsClient [JavaFX Application Thread] Getting all user's [1] events in year and month: [2020, 5]
2020-05-05 20:13:41,473 INFO EventsClient [JavaFX Application Thread] Returning events by year and month.
2020-05-05 20:13:43,946 INFO EventsClient [JavaFX Application Thread] Getting all user's [1] events in year and month: [2020, 5]
2020-05-05 20:13:43,963 INFO EventsClient [JavaFX Application Thread] Returning events by year and month.
2020-05-05 20:14:00,405 INFO EventsClient [Thread-3] Getting all user's [1] events to alert.
2020-05-05 20:14:00,428 INFO EventsClient [Thread-3] Returning events to alert.
2020-05-05 20:16:21,926 INFO UsersClient [JavaFX Application Thread] Logging user by his username and password: [test]
2020-05-05 20:16:42,226 INFO UsersClient [JavaFX Application Thread] User successfully logged in
2020-05-05 20:16:42,398 INFO EventsClient [Thread-3] Getting all user's [1] events to alert.
2020-05-05 20:16:42,427 INFO EventsClient [JavaFX Application Thread] Getting all user's [1] events in year and month: [2020, 5]
2020-05-05 20:16:42,442 INFO EventsClient [Thread-3] Returning events to alert.
2020-05-05 20:16:42,464 INFO EventsClient [JavaFX Application Thread] Returning events by year and month.
2020-05-05 20:16:49,259 INFO EventsClient [JavaFX Application Thread] Getting all user's [1] events in year and month: [2020, 3]
2020-05-05 20:16:49,273 INFO EventsClient [JavaFX Application Thread] Returning events by year and month.
2020-05-05 20:17:00,455 INFO EventsClient [Thread-3] Getting all user's [1] events to alert.
2020-05-05 20:17:00,478 INFO EventsClient [Thread-3] Returning events to alert.
2020-05-05 20:17:02,276 INFO EventsClient [JavaFX Application Thread] Getting all user's [1] events in year and month: [2020, 5]
2020-05-05 20:17:02,296 INFO EventsClient [JavaFX Application Thread] Returning events by year and month.
2020-05-05 20:21:34,778 INFO UsersClient [JavaFX Application Thread] Logging user by his username and password: [test]
2020-05-05 20:21:54,992 INFO UsersClient [JavaFX Application Thread] User successfully logged in
2020-05-05 20:21:55,177 INFO EventsClient [Thread-3] Getting all user's [1] events to alert.
2020-05-05 20:21:55,229 INFO EventsClient [JavaFX Application Thread] Getting all user's [1] events in year and month: [2020, 5]
2020-05-05 20:21:55,233 INFO EventsClient [Thread-3] Returning events to alert.
2020-05-05 20:21:55,264 INFO EventsClient [JavaFX Application Thread] Returning events by year and month.
2020-05-05 20:22:00,235 INFO EventsClient [Thread-3] Getting all user's [1] events to alert.
2020-05-05 20:22:00,240 INFO EventsClient [Thread-3] Returning events to alert.
2020-05-05 20:22:26,281 INFO EventsClient [JavaFX Application Thread] Getting all user's [1] events in year and month: [2020, 7]
2020-05-05 20:22:26,294 INFO EventsClient [JavaFX Application Thread] Returning events by year and month.
2020-05-05 20:22:38,911 INFO EventsClient [JavaFX Application Thread] Getting all user's [1] events in year and month: [2020, 8]
2020-05-05 20:22:38,924 INFO EventsClient [JavaFX Application Thread] Returning events by year and month.
2020-05-05 20:22:43,571 INFO EventsClient [JavaFX Application Thread] Getting all user's [1] events in year and month: [2020, 9]
2020-05-05 20:22:43,583 INFO EventsClient [JavaFX Application Thread] Returning events by year and month.
2020-05-05 20:25:31,583 INFO UsersClient [JavaFX Application Thread] Logging user by his username and password: [test]
2020-05-05 20:25:51,783 INFO UsersClient [JavaFX Application Thread] User successfully logged in
2020-05-05 20:25:51,887 INFO EventsClient [Thread-3] Getting all user's [1] events to alert.
2020-05-05 20:25:51,905 INFO EventsClient [JavaFX Application Thread] Getting all user's [1] events in year and month: [2020, 5]
2020-05-05 20:25:51,918 INFO EventsClient [Thread-3] Returning events to alert.
2020-05-05 20:25:51,923 INFO EventsClient [JavaFX Application Thread] Returning events by year and month.
2020-05-05 20:25:59,959 INFO EventsClient [JavaFX Application Thread] Getting all user's [1] events in year and month: [2020, 6]
2020-05-05 20:25:59,967 INFO EventsClient [JavaFX Application Thread] Returning events by year and month.
2020-05-05 20:26:00,919 INFO EventsClient [Thread-3] Getting all user's [1] events to alert.
2020-05-05 20:26:00,925 INFO EventsClient [Thread-3] Returning events to alert.
2020-05-05 20:26:07,499 INFO EventsClient [JavaFX Application Thread] Getting all user's [1] events in year and month: [2020, 7]
2020-05-05 20:26:07,506 INFO EventsClient [JavaFX Application Thread] Returning events by year and month.
2020-05-05 20:26:09,434 INFO EventsClient [JavaFX Application Thread] Getting all user's [1] events in year and month: [2020, 8]
2020-05-05 20:26:09,443 INFO EventsClient [JavaFX Application Thread] Returning events by year and month.
2020-05-05 20:26:10,691 INFO EventsClient [JavaFX Application Thread] Getting all user's [1] events in year and month: [2020, 9]
2020-05-05 20:26:10,702 INFO EventsClient [JavaFX Application Thread] Returning events by year and month.
2020-05-05 20:27:38,224 INFO UsersClient [JavaFX Application Thread] Logging user by his username and password: [test]
2020-05-05 20:27:58,429 INFO UsersClient [JavaFX Application Thread] User successfully logged in
2020-05-05 20:27:58,628 INFO EventsClient [Thread-3] Getting all user's [1] events to alert.
2020-05-05 20:27:58,662 INFO EventsClient [JavaFX Application Thread] Getting all user's [1] events in year and month: [2020, 5]
2020-05-05 20:27:58,673 INFO EventsClient [Thread-3] Returning events to alert.
2020-05-05 20:27:58,683 INFO EventsClient [JavaFX Application Thread] Returning events by year and month.
2020-05-05 20:28:00,676 INFO EventsClient [Thread-3] Getting all user's [1] events to alert.
2020-05-05 20:28:00,685 INFO EventsClient [Thread-3] Returning events to alert.
2020-05-05 20:28:26,468 INFO EventsClient [JavaFX Application Thread] Getting all user's [1] events in year and month: [2020, 7]
2020-05-05 20:28:26,479 INFO EventsClient [JavaFX Application Thread] Returning events by year and month.
2020-05-05 20:28:28,192 INFO EventsClient [JavaFX Application Thread] Getting all user's [1] events in year and month: [2020, 8]
2020-05-05 20:28:28,198 INFO EventsClient [JavaFX Application Thread] Returning events by year and month.
2020-05-05 20:28:30,111 INFO EventsClient [JavaFX Application Thread] Getting all user's [1] events in year and month: [2020, 10]
2020-05-05 20:28:30,124 INFO EventsClient [JavaFX Application Thread] Returning events by year and month.
2020-05-05 20:28:35,886 INFO EventsClient [JavaFX Application Thread] Getting all user's [1] events in year and month: [2020, 5]
2020-05-05 20:28:35,903 INFO EventsClient [JavaFX Application Thread] Returning events by year and month.
2020-05-05 20:28:37,979 INFO EventsClient [JavaFX Application Thread] Getting all user's [1] events in year and month: [2020, 4]
2020-05-05 20:28:37,985 INFO EventsClient [JavaFX Application Thread] Returning events by year and month.
2020-05-05 20:28:38,778 INFO EventsClient [JavaFX Application Thread] Getting all user's [1] events in year and month: [2020, 5]
2020-05-05 20:28:38,796 INFO EventsClient [JavaFX Application Thread] Returning events by year and month.
2020-05-05 20:37:52,088 INFO UsersClient [JavaFX Application Thread] Logging user by his username and password: [test]
2020-05-05 20:38:12,556 INFO UsersClient [JavaFX Application Thread] User successfully logged in
2020-05-05 20:38:12,696 INFO EventsClient [Thread-3] Getting all user's [1] events to alert.
2020-05-05 20:38:12,716 INFO EventsClient [JavaFX Application Thread] Getting all user's [1] events in year and month: [2020, 5]
2020-05-05 20:38:12,764 INFO EventsClient [Thread-3] Returning events to alert.
2020-05-05 20:38:12,768 INFO EventsClient [JavaFX Application Thread] Returning events by year and month.
2020-05-05 20:38:34,114 INFO EventsClient [JavaFX Application Thread] Getting all user's [1] events in year and month: [2020, 5]
2020-05-05 20:38:34,128 INFO EventsClient [JavaFX Application Thread] Returning events by year and month.
2020-05-05 20:38:38,168 INFO EventsClient [JavaFX Application Thread] Getting all user's [1] events in year and month: [2020, 5]
2020-05-05 20:38:38,193 INFO EventsClient [JavaFX Application Thread] Returning events by year and month.
2020-05-05 20:38:44,845 INFO EventsClient [JavaFX Application Thread] Getting all user's [1] events in year and month: [2020, 5]
2020-05-05 20:38:44,865 INFO EventsClient [JavaFX Application Thread] Returning events by year and month.
2020-05-05 20:38:48,170 INFO EventsClient [JavaFX Application Thread] Getting all user's [1] events in year and month: [2020, 5]
2020-05-05 20:38:48,190 INFO EventsClient [JavaFX Application Thread] Returning events by year and month.
2020-05-05 20:38:50,521 INFO EventsClient [JavaFX Application Thread] Getting all user's [1] events in year and month: [2020, 1]
2020-05-05 20:38:51,502 INFO EventsClient [JavaFX Application Thread] Getting all user's [1] events in year and month: [2020, 2]
2020-05-05 20:38:52,236 INFO EventsClient [JavaFX Application Thread] Getting all user's [1] events in year and month: [2020, 3]
2020-05-05 20:39:00,766 INFO EventsClient [Thread-3] Getting all user's [1] events to alert.
2020-05-05 20:39:12,257 INFO EventsClient [Thread-3] Returning events to alert.
2020-05-05 20:39:15,917 INFO EventsClient [JavaFX Application Thread] Getting all user's [1] events in year and month: [2020, 4]
2020-05-05 20:39:18,687 INFO EventsClient [JavaFX Application Thread] Getting all user's [1] events in year and month: [2020, 5]
2020-05-05 20:39:18,703 INFO EventsClient [JavaFX Application Thread] Returning events by year and month.
2020-05-05 20:39:36,505 INFO UsersClient [JavaFX Application Thread] Inserting new user [martin,martin]
2020-05-05 20:39:36,628 INFO UsersClient [JavaFX Application Thread] User successfully inserted
2020-05-05 20:39:36,661 INFO EventsClient [Thread-4] Getting all user's [18] events to alert.
2020-05-05 20:39:36,662 INFO EventsClient [JavaFX Application Thread] Getting all user's [18] events in year and month: [2020, 5]
2020-05-05 20:39:36,674 INFO EventsClient [Thread-4] Returning events to alert.
2020-05-05 20:39:47,203 INFO EventsClient [JavaFX Application Thread] Getting all user's [18] events in year and month: [2020, 3]
2020-05-05 20:40:26,225 INFO UsersClient [JavaFX Application Thread] Inserting new user [mato,mato]
2020-05-05 20:40:46,432 INFO UsersClient [JavaFX Application Thread] User successfully inserted
2020-05-05 20:40:46,546 INFO EventsClient [Thread-3] Getting all user's [19] events to alert.
2020-05-05 20:40:46,564 INFO EventsClient [JavaFX Application Thread] Getting all user's [19] events in year and month: [2020, 5]
2020-05-05 20:40:46,614 INFO EventsClient [Thread-3] Returning events to alert.
2020-05-05 21:31:23,604 INFO UsersClient [JavaFX Application Thread] Logging user by his username and password: [test]
2020-05-05 21:31:44,167 INFO UsersClient [JavaFX Application Thread] User successfully logged in
2020-05-05 21:31:44,312 INFO EventsClient [Thread-3] Getting all user's [1] events to alert.
2020-05-05 21:31:44,331 INFO EventsClient [JavaFX Application Thread] Getting all user's [1] events in year and month: [2020, 5]
2020-05-05 21:31:44,374 INFO EventsClient [Thread-3] Returning events to alert.
2020-05-05 21:31:44,378 INFO EventsClient [JavaFX Application Thread] Returning events by year and month.
2020-05-05 21:32:00,375 INFO EventsClient [Thread-3] Getting all user's [1] events to alert.
2020-05-05 21:32:00,394 INFO EventsClient [Thread-3] Returning events to alert.
2020-05-05 21:32:22,828 INFO EventsClient [JavaFX Application Thread] Getting all user's [1] events in year and month: [2021, 5]
2020-05-05 21:32:23,707 INFO EventsClient [JavaFX Application Thread] Getting all user's [1] events in year and month: [2022, 5]
2020-05-05 21:32:24,708 INFO EventsClient [JavaFX Application Thread] Getting all user's [1] events in year and month: [2023, 5]
2020-05-05 21:32:49,080 INFO EventsClient [JavaFX Application Thread] Getting all user's [1] events in year and month: [2022, 5]
2020-05-05 21:32:50,651 INFO EventsClient [JavaFX Application Thread] Getting all user's [1] events in year and month: [2021, 5]
2020-05-05 21:32:52,221 INFO EventsClient [JavaFX Application Thread] Getting all user's [1] events in year and month: [2020, 5]
2020-05-05 21:32:52,242 INFO EventsClient [JavaFX Application Thread] Returning events by year and month.
2020-05-05 21:33:00,395 INFO EventsClient [Thread-3] Getting all user's [1] events to alert.
2020-05-05 21:33:00,402 INFO EventsClient [Thread-3] Returning events to alert.
2020-05-05 21:34:00,404 INFO EventsClient [Thread-3] Getting all user's [1] events to alert.
2020-05-05 21:34:20,422 INFO EventsClient [Thread-3] Returning events to alert.
2020-05-05 21:35:00,423 INFO EventsClient [Thread-3] Getting all user's [1] events to alert.
2020-05-05 21:35:00,430 INFO EventsClient [Thread-3] Returning events to alert.
2020-05-05 21:36:00,430 INFO EventsClient [Thread-3] Getting all user's [1] events to alert.
2020-05-05 21:36:20,441 INFO EventsClient [Thread-3] Returning events to alert.
2020-05-05 21:37:00,443 INFO EventsClient [Thread-3] Getting all user's [1] events to alert.
2020-05-05 21:37:00,451 INFO EventsClient [Thread-3] Returning events to alert.
2020-05-05 21:38:00,452 INFO EventsClient [Thread-3] Getting all user's [1] events to alert.
2020-05-05 21:38:20,469 INFO EventsClient [Thread-3] Returning events to alert.
2020-05-05 21:39:00,469 INFO EventsClient [Thread-3] Getting all user's [1] events to alert.
2020-05-05 21:39:00,478 INFO EventsClient [Thread-3] Returning events to alert.
2020-05-05 21:40:00,480 INFO EventsClient [Thread-3] Getting all user's [1] events to alert.
2020-05-05 21:40:20,497 INFO EventsClient [Thread-3] Returning events to alert.
2020-05-05 21:41:00,499 INFO EventsClient [Thread-3] Getting all user's [1] events to alert.
2020-05-05 21:41:00,511 INFO EventsClient [Thread-3] Returning events to alert.
2020-05-05 21:42:00,511 INFO EventsClient [Thread-3] Getting all user's [1] events to alert.
2020-05-05 21:42:20,527 INFO EventsClient [Thread-3] Returning events to alert.
2020-05-05 21:43:00,528 INFO EventsClient [Thread-3] Getting all user's [1] events to alert.
2020-05-05 21:43:00,547 INFO EventsClient [Thread-3] Returning events to alert.
2020-05-05 21:44:00,547 INFO EventsClient [Thread-3] Getting all user's [1] events to alert.
2020-05-05 21:44:20,563 INFO EventsClient [Thread-3] Returning events to alert.
2020-05-05 21:45:00,564 INFO EventsClient [Thread-3] Getting all user's [1] events to alert.
2020-05-05 21:45:00,574 INFO EventsClient [Thread-3] Returning events to alert.
2020-05-05 21:46:00,576 INFO EventsClient [Thread-3] Getting all user's [1] events to alert.
2020-05-05 21:46:20,598 INFO EventsClient [Thread-3] Returning events to alert.
2020-05-05 21:47:00,599 INFO EventsClient [Thread-3] Getting all user's [1] events to alert.
2020-05-05 21:47:00,612 INFO EventsClient [Thread-3] Returning events to alert.
2020-05-05 21:48:00,613 INFO EventsClient [Thread-3] Getting all user's [1] events to alert.
2020-05-05 21:48:20,632 INFO EventsClient [Thread-3] Returning events to alert.
2020-05-05 21:49:00,632 INFO EventsClient [Thread-3] Getting all user's [1] events to alert.
2020-05-05 21:49:00,642 INFO EventsClient [Thread-3] Returning events to alert.
2020-05-05 21:50:00,643 INFO EventsClient [Thread-3] Getting all user's [1] events to alert.
2020-05-05 21:50:20,662 INFO EventsClient [Thread-3] Returning events to alert.
2020-05-05 22:01:36,415 INFO UsersClient [JavaFX Application Thread] Logging user by his username and password: [test]
2020-05-05 22:01:56,663 INFO UsersClient [JavaFX Application Thread] User successfully logged in
2020-05-05 22:01:56,836 INFO EventsClient [Thread-3] Getting all user's [1] events to alert.
2020-05-05 22:01:56,852 INFO EventsClient [JavaFX Application Thread] Getting all user's [1] events in year and month: [2020, 5]
2020-05-05 22:01:56,873 INFO EventsClient [Thread-3] Returning events to alert.
2020-05-05 22:01:56,877 INFO EventsClient [JavaFX Application Thread] Returning events by year and month.
2020-05-05 22:02:00,875 INFO EventsClient [Thread-3] Getting all user's [1] events to alert.
2020-05-05 22:02:00,885 INFO EventsClient [Thread-3] Returning events to alert.
2020-05-05 22:02:03,972 INFO EventsClient [JavaFX Application Thread] Getting all user's [1] events in year and month: [2020, 3]
2020-05-05 22:02:05,315 INFO EventsClient [JavaFX Application Thread] Getting all user's [1] events in year and month: [2020, 4]
2020-05-05 22:02:06,930 INFO EventsClient [JavaFX Application Thread] Getting all user's [1] events in year and month: [2020, 5]
2020-05-05 22:02:06,944 INFO EventsClient [JavaFX Application Thread] Returning events by year and month.
2020-05-05 22:02:09,856 INFO EventsClient [JavaFX Application Thread] Getting all user's [1] events in year and month: [2021, 5]
2020-05-05 22:02:11,622 INFO EventsClient [JavaFX Application Thread] Getting all user's [1] events in year and month: [2020, 5]
2020-05-05 22:02:11,637 INFO EventsClient [JavaFX Application Thread] Returning events by year and month.
2020-05-05 22:02:18,031 INFO EventsClient [JavaFX Application Thread] Getting all user's [1] events in year and month: [2020, 5]
2020-05-05 22:02:18,042 INFO EventsClient [JavaFX Application Thread] Returning events by year and month.
2020-05-05 22:02:21,629 INFO EventsClient [JavaFX Application Thread] Getting all user's [1] events in year and month: [2020, 5]
2020-05-05 22:02:21,638 INFO EventsClient [JavaFX Application Thread] Returning events by year and month.
2020-05-05 22:03:41,318 INFO UsersClient [JavaFX Application Thread] Logging user by his username and password: [test]
2020-05-05 22:04:01,521 INFO UsersClient [JavaFX Application Thread] User successfully logged in
2020-05-05 22:04:01,615 INFO EventsClient [Thread-3] Getting all user's [1] events to alert.
2020-05-05 22:04:01,632 INFO EventsClient [JavaFX Application Thread] Getting all user's [1] events in year and month: [2020, 5]
2020-05-05 22:04:01,642 INFO EventsClient [Thread-3] Returning events to alert.
2020-05-05 22:04:01,646 INFO EventsClient [JavaFX Application Thread] Returning events by year and month.
2020-05-05 22:06:50,193 INFO UsersClient [JavaFX Application Thread] Logging user by his username and password: [test]
2020-05-05 22:07:10,384 INFO UsersClient [JavaFX Application Thread] User successfully logged in
2020-05-05 22:07:10,489 INFO EventsClient [Thread-3] Getting all user's [1] events to alert.
2020-05-05 22:07:10,505 INFO EventsClient [JavaFX Application Thread] Getting all user's [1] events in year and month: [2020, 5]
2020-05-05 22:07:10,515 INFO EventsClient [Thread-3] Returning events to alert.
2020-05-05 22:07:10,518 INFO EventsClient [JavaFX Application Thread] Returning events by year and month.
2020-05-05 22:08:00,997 INFO UsersClient [JavaFX Application Thread] Logging user by his username and password: [test]
2020-05-05 22:08:21,192 INFO UsersClient [JavaFX Application Thread] User successfully logged in
2020-05-05 22:08:21,300 INFO EventsClient [Thread-3] Getting all user's [1] events to alert.
2020-05-05 22:08:21,318 INFO EventsClient [JavaFX Application Thread] Getting all user's [1] events in year and month: [2020, 5]
2020-05-05 22:08:21,326 INFO EventsClient [Thread-3] Returning events to alert.
2020-05-05 22:08:21,334 INFO EventsClient [JavaFX Application Thread] Returning events by year and month.
2020-05-05 22:10:29,781 INFO UsersClient [JavaFX Application Thread] Logging user by his username and password: [test]
2020-05-05 22:10:49,963 INFO UsersClient [JavaFX Application Thread] User successfully logged in
2020-05-05 22:10:50,072 INFO EventsClient [Thread-3] Getting all user's [1] events to alert.
2020-05-05 22:10:50,090 INFO EventsClient [JavaFX Application Thread] Getting all user's [1] events in year and month: [2020, 5]
2020-05-05 22:10:50,103 INFO EventsClient [Thread-3] Returning events to alert.
2020-05-05 22:10:50,110 INFO EventsClient [JavaFX Application Thread] Returning events by year and month.
2020-05-05 22:11:00,103 INFO EventsClient [Thread-3] Getting all user's [1] events to alert.
2020-05-05 22:11:00,114 INFO EventsClient [Thread-3] Returning events to alert.
2020-05-05 22:12:29,107 INFO UsersClient [JavaFX Application Thread] Logging user by his username and password: [test]
2020-05-05 22:12:49,296 INFO UsersClient [JavaFX Application Thread] User successfully logged in
2020-05-05 22:12:49,452 INFO EventsClient [Thread-3] Getting all user's [1] events to alert.
2020-05-05 22:12:49,475 INFO EventsClient [JavaFX Application Thread] Getting all user's [1] events in year and month: [2020, 5]
2020-05-05 22:12:49,488 INFO EventsClient [Thread-3] Returning events to alert.
2020-05-05 22:12:49,497 INFO EventsClient [JavaFX Application Thread] Returning events by year and month.
2020-05-05 22:13:00,491 INFO EventsClient [Thread-3] Getting all user's [1] events to alert.
2020-05-05 22:13:00,503 INFO EventsClient [Thread-3] Returning events to alert.
2020-05-05 22:14:00,503 INFO EventsClient [Thread-3] Getting all user's [1] events to alert.
2020-05-05 22:14:20,528 INFO EventsClient [Thread-3] Returning events to alert.
2020-05-05 22:15:00,529 INFO EventsClient [Thread-3] Getting all user's [1] events to alert.
2020-05-05 22:15:00,538 INFO EventsClient [Thread-3] Returning events to alert.
2020-05-05 22:16:00,539 INFO EventsClient [Thread-3] Getting all user's [1] events to alert.
2020-05-05 22:16:20,571 INFO EventsClient [Thread-3] Returning events to alert.
2020-05-05 22:17:00,573 INFO EventsClient [Thread-3] Getting all user's [1] events to alert.
2020-05-05 22:17:00,632 INFO EventsClient [Thread-3] Returning events to alert.
2020-05-05 22:18:00,632 INFO EventsClient [Thread-3] Getting all user's [1] events to alert.
2020-05-05 22:18:20,655 INFO EventsClient [Thread-3] Returning events to alert.
2020-05-05 22:19:00,656 INFO EventsClient [Thread-3] Getting all user's [1] events to alert.
2020-05-05 22:19:00,668 INFO EventsClient [Thread-3] Returning events to alert.
2020-05-05 22:20:00,669 INFO EventsClient [Thread-3] Getting all user's [1] events to alert.
2020-05-05 22:20:20,689 INFO EventsClient [Thread-3] Returning events to alert.
2020-05-05 22:21:00,690 INFO EventsClient [Thread-3] Getting all user's [1] events to alert.
2020-05-05 22:21:00,713 INFO EventsClient [Thread-3] Returning events to alert.
2020-05-05 22:21:58,714 INFO UsersClient [JavaFX Application Thread] Logging user by his username and password: [test]
2020-05-05 22:22:18,895 INFO UsersClient [JavaFX Application Thread] User successfully logged in
2020-05-05 22:22:19,007 INFO EventsClient [Thread-3] Getting all user's [1] events to alert.
2020-05-05 22:22:19,025 INFO EventsClient [JavaFX Application Thread] Getting all user's [1] events in year and month: [2020, 5]
2020-05-05 22:22:19,037 INFO EventsClient [Thread-3] Returning events to alert.
2020-05-05 22:22:19,042 INFO EventsClient [JavaFX Application Thread] Returning events by year and month.
2020-05-05 22:22:57,159 INFO UsersClient [JavaFX Application Thread] Logging user by his username and password: [test]
2020-05-05 22:23:17,353 INFO UsersClient [JavaFX Application Thread] User successfully logged in
2020-05-05 22:23:17,449 INFO EventsClient [Thread-3] Getting all user's [1] events to alert.
2020-05-05 22:23:17,463 INFO EventsClient [JavaFX Application Thread] Getting all user's [1] events in year and month: [2020, 5]
2020-05-05 22:23:17,473 INFO EventsClient [Thread-3] Returning events to alert.
2020-05-05 22:23:17,478 INFO EventsClient [JavaFX Application Thread] Returning events by year and month.
2020-05-05 22:24:10,822 INFO UsersClient [JavaFX Application Thread] Logging user by his username and password: [test]
2020-05-05 22:24:30,974 ERROR UsersClient [JavaFX Application Thread] Error logging user.
2020-05-05 22:24:38,001 INFO UsersClient [JavaFX Application Thread] Logging user by his username and password: [test]
2020-05-05 22:24:38,011 ERROR UsersClient [JavaFX Application Thread] Error logging user.
2020-05-05 22:24:46,042 INFO UsersClient [JavaFX Application Thread] Logging user by his username and password: [test]
2020-05-05 22:24:46,057 ERROR UsersClient [JavaFX Application Thread] Error logging user.
2020-05-05 22:24:53,393 INFO UsersClient [JavaFX Application Thread] Logging user by his username and password: [test]
2020-05-05 22:24:53,462 INFO UsersClient [JavaFX Application Thread] User successfully logged in
2020-05-05 22:24:53,562 INFO EventsClient [Thread-3] Getting all user's [1] events to alert.
2020-05-05 22:24:53,579 INFO EventsClient [JavaFX Application Thread] Getting all user's [1] events in year and month: [2020, 5]
2020-05-05 22:24:53,588 INFO EventsClient [Thread-3] Returning events to alert.
2020-05-05 22:24:53,599 INFO EventsClient [JavaFX Application Thread] Returning events by year and month.
2020-05-05 22:25:00,589 INFO EventsClient [Thread-3] Getting all user's [1] events to alert.
2020-05-05 22:25:00,600 INFO EventsClient [Thread-3] Returning events to alert.
2020-05-05 22:25:40,490 INFO UsersClient [JavaFX Application Thread] Logging user by his username and password: [test]
2020-05-05 22:26:00,672 INFO UsersClient [JavaFX Application Thread] User successfully logged in
2020-05-05 22:26:00,776 INFO EventsClient [Thread-3] Getting all user's [1] events to alert.
2020-05-05 22:26:00,791 INFO EventsClient [JavaFX Application Thread] Getting all user's [1] events in year and month: [2020, 5]
2020-05-05 22:26:00,807 INFO EventsClient [Thread-3] Returning events to alert.
2020-05-05 22:26:00,811 INFO EventsClient [JavaFX Application Thread] Returning events by year and month.
2020-05-05 22:26:45,792 INFO UsersClient [JavaFX Application Thread] Logging user by his username and password: [test]
2020-05-05 22:27:05,976 INFO UsersClient [JavaFX Application Thread] User successfully logged in
2020-05-05 22:27:06,078 INFO EventsClient [Thread-3] Getting all user's [1] events to alert.
2020-05-05 22:27:06,094 INFO EventsClient [JavaFX Application Thread] Getting all user's [1] events in year and month: [2020, 5]
2020-05-05 22:27:06,103 INFO EventsClient [Thread-3] Returning events to alert.
2020-05-05 22:27:06,108 INFO EventsClient [JavaFX Application Thread] Returning events by year and month.
2020-05-05 22:28:00,103 INFO EventsClient [Thread-3] Getting all user's [1] events to alert.
2020-05-05 22:28:00,129 INFO EventsClient [Thread-3] Returning events to alert.
2020-05-05 22:28:38,452 INFO UsersClient [JavaFX Application Thread] Logging user by his username and password: [test]
2020-05-05 22:28:58,664 INFO UsersClient [JavaFX Application Thread] User successfully logged in
2020-05-05 22:28:58,769 INFO EventsClient [Thread-3] Getting all user's [1] events to alert.
2020-05-05 22:28:58,785 INFO EventsClient [JavaFX Application Thread] Getting all user's [1] events in year and month: [2020, 5]
2020-05-05 22:28:58,802 INFO EventsClient [Thread-3] Returning events to alert.
2020-05-05 22:28:58,805 INFO EventsClient [JavaFX Application Thread] Returning events by year and month.
2020-05-05 22:29:00,802 INFO EventsClient [Thread-3] Getting all user's [1] events to alert.
2020-05-05 22:29:00,814 INFO EventsClient [Thread-3] Returning events to alert.
2020-05-05 22:29:42,761 INFO UsersClient [JavaFX Application Thread] Logging user by his username and password: [test]
2020-05-05 22:30:02,944 INFO UsersClient [JavaFX Application Thread] User successfully logged in
2020-05-05 22:30:03,038 INFO EventsClient [Thread-3] Getting all user's [1] events to alert.
2020-05-05 22:30:03,056 INFO EventsClient [JavaFX Application Thread] Getting all user's [1] events in year and month: [2020, 5]
2020-05-05 22:30:03,065 INFO EventsClient [Thread-3] Returning events to alert.
2020-05-05 22:30:03,070 INFO EventsClient [JavaFX Application Thread] Returning events by year and month.
2020-05-05 22:33:11,228 INFO UsersClient [JavaFX Application Thread] Logging user by his username and password: [test]
2020-05-05 22:33:31,413 INFO UsersClient [JavaFX Application Thread] User successfully logged in
2020-05-05 22:33:31,517 INFO EventsClient [Thread-3] Getting all user's [1] events to alert.
2020-05-05 22:33:31,533 INFO EventsClient [JavaFX Application Thread] Getting all user's [1] events in year and month: [2020, 5]
2020-05-05 22:33:31,543 INFO EventsClient [Thread-3] Returning events to alert.
2020-05-05 22:33:31,548 INFO EventsClient [JavaFX Application Thread] Returning events by year and month.
2020-05-05 22:34:00,543 INFO EventsClient [Thread-3] Getting all user's [1] events to alert.
2020-05-05 22:34:00,555 INFO EventsClient [Thread-3] Returning events to alert.
2020-05-05 22:35:39,556 INFO UsersClient [JavaFX Application Thread] Logging user by his username and password: [test]
2020-05-05 22:35:59,744 INFO UsersClient [JavaFX Application Thread] User successfully logged in
2020-05-05 22:35:59,854 INFO EventsClient [Thread-3] Getting all user's [1] events to alert.
2020-05-05 22:35:59,870 INFO EventsClient [JavaFX Application Thread] Getting all user's [1] events in year and month: [2020, 5]
2020-05-05 22:35:59,882 INFO EventsClient [Thread-3] Returning events to alert.
2020-05-05 22:35:59,886 INFO EventsClient [JavaFX Application Thread] Returning events by year and month.
2020-05-05 22:36:00,883 INFO EventsClient [Thread-3] Getting all user's [1] events to alert.
2020-05-05 22:36:00,894 INFO EventsClient [Thread-3] Returning events to alert.
2020-05-05 22:38:33,260 INFO UsersClient [JavaFX Application Thread] Logging user by his username and password: [test]
2020-05-05 22:38:53,440 INFO UsersClient [JavaFX Application Thread] User successfully logged in
2020-05-05 22:38:53,536 INFO EventsClient [Thread-3] Getting all user's [1] events to alert.
2020-05-05 22:38:53,553 INFO EventsClient [JavaFX Application Thread] Getting all user's [1] events in year and month: [2020, 5]
2020-05-05 22:38:53,562 INFO EventsClient [Thread-3] Returning events to alert.
2020-05-05 22:38:53,569 INFO EventsClient [JavaFX Application Thread] Returning events by year and month.
2020-05-05 22:39:00,563 INFO EventsClient [Thread-3] Getting all user's [1] events to alert.
2020-05-05 22:39:00,574 INFO EventsClient [Thread-3] Returning events to alert.
2020-05-05 22:42:38,725 INFO UsersClient [JavaFX Application Thread] Logging user by his username and password: [test]
2020-05-05 22:42:58,965 INFO UsersClient [JavaFX Application Thread] User successfully logged in
2020-05-05 22:42:59,139 INFO EventsClient [Thread-3] Getting all user's [1] events to alert.
2020-05-05 22:42:59,158 INFO EventsClient [JavaFX Application Thread] Getting all user's [1] events in year and month: [2020, 5]
2020-05-05 22:42:59,171 INFO EventsClient [Thread-3] Returning events to alert.
2020-05-05 22:42:59,178 INFO EventsClient [JavaFX Application Thread] Returning events by year and month.
2020-05-05 22:43:00,173 INFO EventsClient [Thread-3] Getting all user's [1] events to alert.
2020-05-05 22:43:00,193 INFO EventsClient [Thread-3] Returning events to alert.
2020-05-05 22:43:17,504 INFO EventsClient [JavaFX Application Thread] Getting event by user's [1] and event's [111] ID
2020-05-05 22:43:17,532 INFO EventsClient [JavaFX Application Thread] Returning event.
2020-05-05 22:43:26,287 INFO EventsClient [JavaFX Application Thread] Deleting event [111]
2020-05-05 22:43:26,397 INFO EventsClient [JavaFX Application Thread] Event [111] successsffully deleted
2020-05-05 22:43:26,403 INFO EventsClient [JavaFX Application Thread] Getting all user's [1] events in year and month: [2020, 5]
2020-05-05 22:43:26,415 INFO EventsClient [JavaFX Application Thread] Returning events by year and month.
2020-05-05 22:44:00,195 INFO EventsClient [Thread-3] Getting all user's [1] events to alert.
2020-05-05 22:44:00,222 INFO EventsClient [Thread-3] Returning events to alert.
2020-05-05 22:45:00,223 INFO EventsClient [Thread-3] Getting all user's [1] events to alert.
2020-05-05 22:45:20,252 INFO EventsClient [Thread-3] Returning events to alert.
2020-05-05 22:46:00,254 INFO EventsClient [Thread-3] Getting all user's [1] events to alert.
2020-05-05 22:46:00,273 INFO EventsClient [Thread-3] Returning events to alert.
2020-05-05 22:47:00,273 INFO EventsClient [Thread-3] Getting all user's [1] events to alert.
2020-05-05 22:47:20,303 INFO EventsClient [Thread-3] Returning events to alert.
2020-05-05 22:48:00,304 INFO EventsClient [Thread-3] Getting all user's [1] events to alert.
2020-05-05 22:48:00,314 INFO EventsClient [Thread-3] Returning events to alert.
2020-05-05 22:49:00,314 INFO EventsClient [Thread-3] Getting all user's [1] events to alert.
2020-05-05 22:49:20,345 INFO EventsClient [Thread-3] Returning events to alert.
2020-05-05 22:49:47,312 INFO UsersClient [JavaFX Application Thread] Logging user by his username and password: [test]
2020-05-05 22:50:07,498 INFO UsersClient [JavaFX Application Thread] User successfully logged in
2020-05-05 22:50:07,605 INFO EventsClient [Thread-3] Getting all user's [1] events to alert.
2020-05-05 22:50:07,621 INFO EventsClient [JavaFX Application Thread] Getting all user's [1] events in year and month: [2020, 5]
2020-05-05 22:50:07,634 INFO EventsClient [Thread-3] Returning events to alert.
2020-05-05 22:50:07,637 INFO EventsClient [JavaFX Application Thread] Returning events by year and month.
2020-05-05 22:50:13,642 INFO EventsClient [JavaFX Application Thread] Getting event by user's [1] and event's [122] ID
2020-05-05 22:50:13,651 INFO EventsClient [JavaFX Application Thread] Returning event.
2020-05-05 22:50:17,690 INFO EventsClient [JavaFX Application Thread] Getting all user's [1] events in year and month: [2020, 5]
2020-05-05 22:50:17,702 INFO EventsClient [JavaFX Application Thread] Returning events by year and month.
2020-05-05 22:50:24,038 INFO EventsClient [JavaFX Application Thread] Getting event by user's [1] and event's [126] ID
2020-05-05 22:50:24,047 INFO EventsClient [JavaFX Application Thread] Returning event.
2020-05-05 22:50:30,859 INFO EventsClient [JavaFX Application Thread] Getting all user's [1] events in year and month: [2020, 5]
2020-05-05 22:50:30,872 INFO EventsClient [JavaFX Application Thread] Returning events by year and month.
2020-05-05 22:50:40,253 INFO EventsClient [JavaFX Application Thread] Getting event by user's [1] and event's [122] ID
2020-05-05 22:50:40,260 INFO EventsClient [JavaFX Application Thread] Returning event.
2020-05-05 22:50:47,545 INFO EventsClient [JavaFX Application Thread] Getting all user's [1] events in year and month: [2020, 5]
2020-05-05 22:50:47,556 INFO EventsClient [JavaFX Application Thread] Returning events by year and month.
2020-05-05 22:50:51,057 INFO EventsClient [JavaFX Application Thread] Getting all user's [1] events in year and month: [2020, 5]
2020-05-05 22:50:51,068 INFO EventsClient [JavaFX Application Thread] Returning events by year and month.
2020-05-05 22:50:52,811 INFO EventsClient [JavaFX Application Thread] Getting event by user's [1] and event's [122] ID
2020-05-05 22:50:52,825 INFO EventsClient [JavaFX Application Thread] Returning event.
2020-05-05 22:51:00,635 INFO EventsClient [Thread-3] Getting all user's [1] events to alert.
2020-05-05 22:51:00,657 INFO EventsClient [Thread-3] Returning events to alert.
2020-05-05 22:51:01,561 INFO EventsClient [JavaFX Application Thread] Getting all user's [1] events in year and month: [2020, 5]
2020-05-05 22:51:01,573 INFO EventsClient [JavaFX Application Thread] Returning events by year and month.
2020-05-05 22:51:29,915 INFO UsersClient [JavaFX Application Thread] Logging user by his username and password: [test]
2020-05-05 22:51:50,093 INFO UsersClient [JavaFX Application Thread] User successfully logged in
2020-05-05 22:51:50,189 INFO EventsClient [Thread-3] Getting all user's [1] events to alert.
2020-05-05 22:51:50,207 INFO EventsClient [JavaFX Application Thread] Getting all user's [1] events in year and month: [2020, 5]
2020-05-05 22:51:50,221 INFO EventsClient [Thread-3] Returning events to alert.
2020-05-05 22:51:50,224 INFO EventsClient [JavaFX Application Thread] Returning events by year and month.
2020-05-05 22:51:53,424 INFO EventsClient [JavaFX Application Thread] Getting event by user's [1] and event's [123] ID
2020-05-05 22:51:53,432 INFO EventsClient [JavaFX Application Thread] Returning event.
2020-05-05 22:51:55,902 INFO EventsClient [JavaFX Application Thread] Getting all user's [1] events in year and month: [2020, 5]
2020-05-05 22:51:55,915 INFO EventsClient [JavaFX Application Thread] Returning events by year and month.
2020-05-05 22:52:00,221 INFO EventsClient [Thread-3] Getting all user's [1] events to alert.
2020-05-05 22:52:00,237 INFO EventsClient [Thread-3] Returning events to alert.
2020-05-05 23:00:18,846 INFO UsersClient [JavaFX Application Thread] Logging user by his username and password: [test]
2020-05-05 23:00:39,033 INFO UsersClient [JavaFX Application Thread] User successfully logged in
2020-05-05 23:00:39,134 INFO EventsClient [Thread-3] Getting all user's [1] events to alert.
2020-05-05 23:00:39,151 INFO EventsClient [JavaFX Application Thread] Getting all user's [1] events in year and month: [2020, 5]
2020-05-05 23:00:39,163 INFO EventsClient [Thread-3] Returning events to alert.
2020-05-05 23:00:39,167 INFO EventsClient [JavaFX Application Thread] Returning events by year and month.
2020-05-05 23:00:42,161 INFO EventsClient [JavaFX Application Thread] Getting event by user's [1] and event's [122] ID
2020-05-05 23:00:42,170 INFO EventsClient [JavaFX Application Thread] Returning event.
2020-05-05 23:00:46,305 INFO EventsClient [JavaFX Application Thread] Getting all user's [1] events in year and month: [2020, 5]
2020-05-05 23:00:46,318 INFO EventsClient [JavaFX Application Thread] Returning events by year and month.
2020-05-05 23:00:52,381 INFO EventsClient [JavaFX Application Thread] Deleting event [122]
2020-05-05 23:00:52,395 INFO EventsClient [JavaFX Application Thread] Event [122] successsffully deleted
2020-05-05 23:00:52,406 INFO EventsClient [JavaFX Application Thread] Getting all user's [1] events in year and month: [2020, 5]
2020-05-05 23:00:52,414 INFO EventsClient [JavaFX Application Thread] Returning events by year and month.
2020-05-05 23:00:53,762 INFO EventsClient [JavaFX Application Thread] Getting event by user's [1] and event's [123] ID
2020-05-05 23:00:53,772 INFO EventsClient [JavaFX Application Thread] Returning event.
2020-05-05 23:00:56,140 INFO EventsClient [JavaFX Application Thread] Getting all user's [1] events in year and month: [2020, 5]
2020-05-05 23:00:56,152 INFO EventsClient [JavaFX Application Thread] Returning events by year and month.
2020-05-05 23:01:00,164 INFO EventsClient [Thread-3] Getting all user's [1] events to alert.
2020-05-05 23:01:00,177 INFO EventsClient [Thread-3] Returning events to alert.
