2020-06-25 12:01:06,599 INFO UsersClient [JavaFX Application Thread] Logging user by his username and password: [test]
2020-06-25 12:01:07,483 INFO UsersClient [JavaFX Application Thread] User testsuccessfully logged in
2020-06-25 12:01:07,728 INFO EventsClient [Thread-4] Getting all user's [1] events to alert.
2020-06-25 12:01:07,762 INFO EventsClient [JavaFX Application Thread] Getting all user's [1] events in year and month: [2020, 6]
2020-06-25 12:01:07,822 INFO EventsClient [Thread-4] Returning all user's [1] events to alert.
2020-06-25 12:01:07,822 INFO EventsClient [JavaFX Application Thread] Returning 0 user's [1] events in year and month: [2020, 6]
2020-06-25 12:01:11,907 INFO EventsClient [JavaFX Application Thread] Getting all user's [1] events in year and month: [2020, 5]
2020-06-25 12:01:11,976 INFO EventsClient [JavaFX Application Thread] Returning 40 user's [1] events in year and month: [2020, 5]
2020-06-25 12:01:12,907 INFO EventsClient [JavaFX Application Thread] Getting all user's [1] events in year and month: [2020, 6]
2020-06-25 12:01:12,919 INFO EventsClient [JavaFX Application Thread] Returning 0 user's [1] events in year and month: [2020, 6]
2020-06-25 12:01:18,680 INFO EventsClient [JavaFX Application Thread] Getting all user's [1] events in year and month: [2020, 6]
2020-06-25 12:01:18,695 INFO EventsClient [JavaFX Application Thread] Returning 0 user's [1] events in year and month: [2020, 6]
2020-06-25 12:03:43,290 INFO UsersClient [JavaFX Application Thread] Logging user by his username and password: [test]
2020-06-25 12:03:43,602 INFO UsersClient [JavaFX Application Thread] User testsuccessfully logged in
2020-06-25 12:03:43,758 INFO EventsClient [Thread-4] Getting all user's [1] events to alert.
2020-06-25 12:03:43,792 INFO EventsClient [JavaFX Application Thread] Getting all user's [1] events in year and month: [2020, 6]
2020-06-25 12:03:43,808 INFO EventsClient [Thread-4] Returning all user's [1] events to alert.
2020-06-25 12:03:43,809 INFO EventsClient [JavaFX Application Thread] Returning 0 user's [1] events in year and month: [2020, 6]
2020-06-25 12:03:47,760 INFO EventsClient [JavaFX Application Thread] Getting all user's [1] events in year and month: [2020, 5]
2020-06-25 12:03:47,809 INFO EventsClient [JavaFX Application Thread] Returning 40 user's [1] events in year and month: [2020, 5]
2020-06-25 12:05:00,510 INFO UsersClient [JavaFX Application Thread] Logging user by his username and password: [test]
2020-06-25 12:05:00,778 INFO UsersClient [JavaFX Application Thread] User testsuccessfully logged in
2020-06-25 12:05:00,927 INFO EventsClient [Thread-4] Getting all user's [1] events to alert.
2020-06-25 12:05:00,963 INFO EventsClient [JavaFX Application Thread] Getting all user's [1] events in year and month: [2020, 6]
2020-06-25 12:05:00,979 INFO EventsClient [Thread-4] Returning all user's [1] events to alert.
2020-06-25 12:05:00,979 INFO EventsClient [JavaFX Application Thread] Returning 0 user's [1] events in year and month: [2020, 6]
2020-06-25 12:50:13,167 INFO UsersClient [JavaFX Application Thread] Logging user by his username and password: [test]
2020-06-25 12:50:13,513 INFO UsersClient [JavaFX Application Thread] User testsuccessfully logged in
2020-06-25 12:50:13,715 INFO EventsClient [Thread-4] Getting all user's [1] events to alert.
2020-06-25 12:50:13,751 INFO EventsClient [JavaFX Application Thread] Getting all user's [1] events in year and month: [2020, 6]
2020-06-25 12:50:13,773 INFO EventsClient [Thread-4] Returning all user's [1] events to alert.
2020-06-25 12:50:13,773 INFO EventsClient [JavaFX Application Thread] Returning 0 user's [1] events in year and month: [2020, 6]
2020-06-25 17:48:13,554 INFO UsersClient [JavaFX Application Thread] Logging user by his username and password: [test]
2020-06-25 17:48:14,098 INFO UsersClient [JavaFX Application Thread] User testsuccessfully logged in
2020-06-25 17:48:14,282 INFO EventsClient [Thread-4] Getting all user's [1] events to alert.
2020-06-25 17:48:14,321 INFO EventsClient [JavaFX Application Thread] Getting all user's [1] events in year and month: [2020, 6]
2020-06-25 17:48:14,384 INFO EventsClient [Thread-4] Returning all user's [1] events to alert.
2020-06-25 17:48:14,384 INFO EventsClient [JavaFX Application Thread] Returning 0 user's [1] events in year and month: [2020, 6]
2020-06-25 17:48:30,122 INFO UsersClient [JavaFX Application Thread] Logging user by his username and password: [test]
2020-06-25 17:48:30,137 INFO UsersClient [JavaFX Application Thread] User testsuccessfully logged in
2020-06-25 17:48:30,216 INFO EventsClient [Thread-5] Getting all user's [1] events to alert.
2020-06-25 17:48:30,219 INFO EventsClient [JavaFX Application Thread] Getting all user's [1] events in year and month: [2020, 6]
2020-06-25 17:48:30,247 INFO EventsClient [Thread-5] Returning all user's [1] events to alert.
2020-06-25 17:48:30,247 INFO EventsClient [JavaFX Application Thread] Returning 0 user's [1] events in year and month: [2020, 6]
2020-06-25 17:49:00,248 INFO EventsClient [Thread-5] Getting all user's [1] events to alert.
2020-06-25 17:49:00,269 INFO EventsClient [Thread-5] Returning all user's [1] events to alert.
2020-06-25 17:49:00,385 INFO EventsClient [Thread-4] Getting all user's [1] events to alert.
2020-06-25 17:49:00,397 INFO EventsClient [Thread-4] Returning all user's [1] events to alert.
2020-06-25 17:49:08,579 INFO EventsClient [JavaFX Application Thread] Getting all user's [1] events in year and month: [2020, 5]
2020-06-25 17:49:08,634 INFO EventsClient [JavaFX Application Thread] Returning 40 user's [1] events in year and month: [2020, 5]
2020-06-25 17:49:10,455 INFO EventsClient [JavaFX Application Thread] Getting event by user's [1] and event's [245] ID
2020-06-25 17:49:10,500 INFO EventsClient [JavaFX Application Thread] Returning event by user's [1] and event's [245] ID
2020-06-25 21:48:00,219 INFO UsersClient [JavaFX Application Thread] Logging user by his username and password: [test]
2020-06-25 21:48:00,586 INFO UsersClient [JavaFX Application Thread] User testsuccessfully logged in
2020-06-25 21:48:00,761 INFO EventsClient [Thread-4] Getting all user's [1] events to alert.
2020-06-25 21:48:00,786 INFO EventsClient [JavaFX Application Thread] Getting all user's [1] events in year and month: [2020, 6]
2020-06-25 21:48:00,868 INFO EventsClient [Thread-4] Returning all user's [1] events to alert.
2020-06-25 21:48:00,868 INFO EventsClient [JavaFX Application Thread] Returning 0 user's [1] events in year and month: [2020, 6]
2020-06-25 21:48:22,899 INFO UsersClient [JavaFX Application Thread] Inserting new User. Username: the First name: the, last name: the
2020-06-25 21:48:23,202 INFO UsersClient [JavaFX Application Thread] User thesuccessfully inserted
2020-06-25 21:48:23,252 INFO EventsClient [Thread-5] Getting all user's [24] events to alert.
2020-06-25 21:48:23,253 INFO EventsClient [JavaFX Application Thread] Getting all user's [24] events in year and month: [2020, 6]
2020-06-25 21:48:23,270 INFO EventsClient [Thread-5] Returning all user's [24] events to alert.
2020-06-25 21:48:23,270 INFO EventsClient [JavaFX Application Thread] Returning 0 user's [24] events in year and month: [2020, 6]
2020-06-25 21:49:00,270 INFO EventsClient [Thread-5] Getting all user's [24] events to alert.
2020-06-25 21:49:00,276 INFO EventsClient [Thread-5] Returning all user's [24] events to alert.
2020-06-25 21:49:00,868 INFO EventsClient [Thread-4] Getting all user's [1] events to alert.
2020-06-25 21:49:00,875 INFO EventsClient [Thread-4] Returning all user's [1] events to alert.
2020-06-25 21:49:23,417 INFO UsersClient [JavaFX Application Thread] Logging user by his username and password: [test]
2020-06-25 21:49:23,424 INFO UsersClient [JavaFX Application Thread] User testsuccessfully logged in
2020-06-25 21:49:23,469 INFO EventsClient [Thread-6] Getting all user's [1] events to alert.
2020-06-25 21:49:23,470 INFO EventsClient [JavaFX Application Thread] Getting all user's [1] events in year and month: [2020, 6]
2020-06-25 21:49:23,481 INFO EventsClient [Thread-6] Returning all user's [1] events to alert.
2020-06-25 21:49:23,481 INFO EventsClient [JavaFX Application Thread] Returning 0 user's [1] events in year and month: [2020, 6]
2020-06-25 21:50:00,277 INFO EventsClient [Thread-5] Getting all user's [24] events to alert.
2020-06-25 21:50:00,284 INFO EventsClient [Thread-5] Returning all user's [24] events to alert.
2020-06-25 21:50:00,482 INFO EventsClient [Thread-6] Getting all user's [1] events to alert.
2020-06-25 21:50:00,491 INFO EventsClient [Thread-6] Returning all user's [1] events to alert.
2020-06-25 21:50:00,877 INFO EventsClient [Thread-4] Getting all user's [1] events to alert.
2020-06-25 21:50:00,883 INFO EventsClient [Thread-4] Returning all user's [1] events to alert.
2020-06-25 21:50:35,042 INFO UsersClient [JavaFX Application Thread] Logging user by his username and password: [test]
2020-06-25 21:50:35,292 INFO UsersClient [JavaFX Application Thread] User testsuccessfully logged in
2020-06-25 21:50:40,873 INFO EventsClient [Thread-4] Getting all user's [1] events to alert.
2020-06-25 21:50:40,910 INFO EventsClient [JavaFX Application Thread] Getting all user's [1] events in year and month: [2020, 6]
2020-06-25 21:50:40,924 INFO EventsClient [Thread-4] Returning all user's [1] events to alert.
2020-06-25 21:50:40,928 INFO EventsClient [JavaFX Application Thread] Returning 0 user's [1] events in year and month: [2020, 6]
2020-06-25 21:51:09,223 INFO EventsClient [Thread-4] Getting all user's [1] events to alert.
2020-06-25 21:51:09,241 INFO EventsClient [Thread-4] Returning all user's [1] events to alert.
2020-06-25 21:52:09,902 INFO EventsClient [Thread-4] Getting all user's [1] events to alert.
2020-06-25 21:52:09,913 INFO EventsClient [Thread-4] Returning all user's [1] events to alert.
2020-06-25 22:03:22,056 INFO UsersClient [JavaFX Application Thread] Logging user by his username and password: [test]
2020-06-25 22:03:22,250 INFO UsersClient [JavaFX Application Thread] User testsuccessfully logged in
2020-06-25 22:03:22,348 INFO EventsClient [Thread-4] Getting all user's [1] events to alert.
2020-06-25 22:03:22,368 INFO EventsClient [JavaFX Application Thread] Getting all user's [1] events in year and month: [2020, 6]
2020-06-25 22:03:22,390 INFO EventsClient [Thread-4] Returning all user's [1] events to alert.
2020-06-25 22:03:22,390 INFO EventsClient [JavaFX Application Thread] Returning 0 user's [1] events in year and month: [2020, 6]
2020-06-25 22:06:59,044 INFO UsersClient [JavaFX Application Thread] Logging user by his username and password: [test]
2020-06-25 22:10:39,320 INFO UsersClient [JavaFX Application Thread] Logging user by his username and password: [test]
2020-06-25 22:10:39,644 ERROR com.example.gui.controllers.PlanItLoginController [JavaFX Application Thread] Error logging in user test. HTTP Status: 404
org.springframework.web.client.HttpClientErrorException$NotFound: 404 : [{"timestamp":"2020-06-25T20:10:39.584+0000","status":404,"error":"Not Found","message":"No message available","path":"/users123/test/test"}]
	at org.springframework.web.client.HttpClientErrorException.create(HttpClientErrorException.java:113)
	at org.springframework.web.client.DefaultResponseErrorHandler.handleError(DefaultResponseErrorHandler.java:170)
	at org.springframework.web.client.DefaultResponseErrorHandler.handleError(DefaultResponseErrorHandler.java:112)
	at org.springframework.web.client.ResponseErrorHandler.handleError(ResponseErrorHandler.java:63)
	at org.springframework.web.client.RestTemplate.handleResponse(RestTemplate.java:782)
	at org.springframework.web.client.RestTemplate.doExecute(RestTemplate.java:740)
	at org.springframework.web.client.RestTemplate.execute(RestTemplate.java:695)
	at org.springframework.web.client.RestTemplate.getForObject(RestTemplate.java:324)
	at UsersClient.getUserByUserNameAndUserPassword(UsersClient.java:45)
	at com.example.gui.controllers.PlanItLoginController.buttonLoginHandler(PlanItLoginController.java:95)
	at com.example.gui.controllers.PlanItLoginController.lambda$addHandlers$0(PlanItLoginController.java:72)
	at com.sun.javafx.event.CompositeEventHandler.dispatchBubblingEvent(CompositeEventHandler.java:86)
	at com.sun.javafx.event.EventHandlerManager.dispatchBubblingEvent(EventHandlerManager.java:238)
	at com.sun.javafx.event.EventHandlerManager.dispatchBubblingEvent(EventHandlerManager.java:191)
	at com.sun.javafx.event.CompositeEventDispatcher.dispatchBubblingEvent(CompositeEventDispatcher.java:59)
	at com.sun.javafx.event.BasicEventDispatcher.dispatchEvent(BasicEventDispatcher.java:58)
	at com.sun.javafx.event.EventDispatchChainImpl.dispatchEvent(EventDispatchChainImpl.java:114)
	at com.sun.javafx.event.BasicEventDispatcher.dispatchEvent(BasicEventDispatcher.java:56)
	at com.sun.javafx.event.EventDispatchChainImpl.dispatchEvent(EventDispatchChainImpl.java:114)
	at com.sun.javafx.event.BasicEventDispatcher.dispatchEvent(BasicEventDispatcher.java:56)
	at com.sun.javafx.event.EventDispatchChainImpl.dispatchEvent(EventDispatchChainImpl.java:114)
	at com.sun.javafx.event.EventUtil.fireEventImpl(EventUtil.java:74)
	at com.sun.javafx.event.EventUtil.fireEvent(EventUtil.java:49)
	at javafx.event.Event.fireEvent(Event.java:198)
	at javafx.scene.Node.fireEvent(Node.java:8411)
	at javafx.scene.control.Button.fire(Button.java:185)
	at com.sun.javafx.scene.control.behavior.ButtonBehavior.mouseReleased(ButtonBehavior.java:182)
	at com.sun.javafx.scene.control.skin.BehaviorSkinBase$1.handle(BehaviorSkinBase.java:96)
	at com.sun.javafx.scene.control.skin.BehaviorSkinBase$1.handle(BehaviorSkinBase.java:89)
	at com.sun.javafx.event.CompositeEventHandler$NormalEventHandlerRecord.handleBubblingEvent(CompositeEventHandler.java:218)
	at com.sun.javafx.event.CompositeEventHandler.dispatchBubblingEvent(CompositeEventHandler.java:80)
	at com.sun.javafx.event.EventHandlerManager.dispatchBubblingEvent(EventHandlerManager.java:238)
	at com.sun.javafx.event.EventHandlerManager.dispatchBubblingEvent(EventHandlerManager.java:191)
	at com.sun.javafx.event.CompositeEventDispatcher.dispatchBubblingEvent(CompositeEventDispatcher.java:59)
	at com.sun.javafx.event.BasicEventDispatcher.dispatchEvent(BasicEventDispatcher.java:58)
	at com.sun.javafx.event.EventDispatchChainImpl.dispatchEvent(EventDispatchChainImpl.java:114)
	at com.sun.javafx.event.BasicEventDispatcher.dispatchEvent(BasicEventDispatcher.java:56)
	at com.sun.javafx.event.EventDispatchChainImpl.dispatchEvent(EventDispatchChainImpl.java:114)
	at com.sun.javafx.event.BasicEventDispatcher.dispatchEvent(BasicEventDispatcher.java:56)
	at com.sun.javafx.event.EventDispatchChainImpl.dispatchEvent(EventDispatchChainImpl.java:114)
	at com.sun.javafx.event.EventUtil.fireEventImpl(EventUtil.java:74)
	at com.sun.javafx.event.EventUtil.fireEvent(EventUtil.java:54)
	at javafx.event.Event.fireEvent(Event.java:198)
	at javafx.scene.Scene$MouseHandler.process(Scene.java:3757)
	at javafx.scene.Scene$MouseHandler.access$1500(Scene.java:3485)
	at javafx.scene.Scene.impl_processMouseEvent(Scene.java:1762)
	at javafx.scene.Scene$ScenePeerListener.mouseEvent(Scene.java:2494)
	at com.sun.javafx.tk.quantum.GlassViewEventHandler$MouseEventNotification.run(GlassViewEventHandler.java:394)
	at com.sun.javafx.tk.quantum.GlassViewEventHandler$MouseEventNotification.run(GlassViewEventHandler.java:295)
	at java.security.AccessController.doPrivileged(Native Method)
	at com.sun.javafx.tk.quantum.GlassViewEventHandler.lambda$handleMouseEvent$2(GlassViewEventHandler.java:432)
	at com.sun.javafx.tk.quantum.QuantumToolkit.runWithoutRenderLock(QuantumToolkit.java:410)
	at com.sun.javafx.tk.quantum.GlassViewEventHandler.handleMouseEvent(GlassViewEventHandler.java:431)
	at com.sun.glass.ui.View.handleMouseEvent(View.java:555)
	at com.sun.glass.ui.View.notifyMouse(View.java:937)
	at com.sun.glass.ui.win.WinApplication._runLoop(Native Method)
	at com.sun.glass.ui.win.WinApplication.lambda$null$4(WinApplication.java:186)
	at java.lang.Thread.run(Thread.java:748)
2020-06-25 22:54:43,645 INFO UsersClient [JavaFX Application Thread] Logging user by his username and password: [test]
2020-06-25 22:54:43,867 INFO UsersClient [JavaFX Application Thread] User testsuccessfully logged in
2020-06-25 22:54:43,990 INFO EventsClient [Thread-4] Getting all user's [1] events to alert.
2020-06-25 22:54:44,010 INFO EventsClient [JavaFX Application Thread] Getting all user's [1] events in year and month: [2020, 6]
2020-06-25 22:54:44,045 INFO EventsClient [Thread-4] Returning all user's [1] events to alert.
2020-06-25 22:54:44,045 INFO EventsClient [JavaFX Application Thread] Returning 0 user's [1] events in year and month: [2020, 6]
2020-06-25 22:54:52,125 INFO EventsClient [JavaFX Application Thread] Getting all user's [1] events in year and month: [2020, 5]
2020-06-25 22:54:54,133 ERROR EventsClient [JavaFX Application Thread] Error while connecting to server
org.springframework.web.client.ResourceAccessException: I/O error on GET request for "http://localhost:8080/events/1/2020/5": Connection refused: connect; nested exception is java.net.ConnectException: Connection refused: connect
	at org.springframework.web.client.RestTemplate.doExecute(RestTemplate.java:748)
	at org.springframework.web.client.RestTemplate.execute(RestTemplate.java:695)
	at org.springframework.web.client.RestTemplate.getForObject(RestTemplate.java:324)
	at EventsClient.getUserEventsByMonth(EventsClient.java:42)
	at com.example.gui.controllers.PlanItMainWindowController.showEventsInCalendar(PlanItMainWindowController.java:332)
	at com.example.gui.controllers.PlanItMainWindowController.lambda$initializeMonthsAndYear$8(PlanItMainWindowController.java:262)
	at com.sun.javafx.binding.ExpressionHelper$SingleChange.fireValueChangedEvent(ExpressionHelper.java:182)
	at com.sun.javafx.binding.ExpressionHelper.fireValueChangedEvent(ExpressionHelper.java:81)
	at javafx.beans.property.ReadOnlyObjectPropertyBase.fireValueChangedEvent(ReadOnlyObjectPropertyBase.java:74)
	at javafx.beans.property.ReadOnlyObjectWrapper.fireValueChangedEvent(ReadOnlyObjectWrapper.java:102)
	at javafx.beans.property.ObjectPropertyBase.markInvalid(ObjectPropertyBase.java:112)
	at javafx.beans.property.ObjectPropertyBase.set(ObjectPropertyBase.java:146)
	at javafx.scene.control.SelectionModel.setSelectedItem(SelectionModel.java:102)
	at javafx.scene.control.MultipleSelectionModelBase.lambda$new$0(MultipleSelectionModelBase.java:67)
	at com.sun.javafx.binding.ExpressionHelper$SingleInvalidation.fireValueChangedEvent(ExpressionHelper.java:137)
	at com.sun.javafx.binding.ExpressionHelper.fireValueChangedEvent(ExpressionHelper.java:81)
	at javafx.beans.property.ReadOnlyIntegerPropertyBase.fireValueChangedEvent(ReadOnlyIntegerPropertyBase.java:72)
	at javafx.beans.property.ReadOnlyIntegerWrapper.fireValueChangedEvent(ReadOnlyIntegerWrapper.java:102)
	at javafx.beans.property.IntegerPropertyBase.markInvalid(IntegerPropertyBase.java:113)
	at javafx.beans.property.IntegerPropertyBase.set(IntegerPropertyBase.java:147)
	at javafx.scene.control.SelectionModel.setSelectedIndex(SelectionModel.java:68)
	at javafx.scene.control.MultipleSelectionModelBase.select(MultipleSelectionModelBase.java:404)
	at javafx.scene.control.MultipleSelectionModelBase.clearAndSelect(MultipleSelectionModelBase.java:356)
	at javafx.scene.control.ListView$ListViewBitSetSelectionModel.clearAndSelect(ListView.java:1403)
	at com.sun.javafx.scene.control.behavior.CellBehaviorBase.simpleSelect(CellBehaviorBase.java:256)
	at com.sun.javafx.scene.control.behavior.CellBehaviorBase.doSelect(CellBehaviorBase.java:220)
	at com.sun.javafx.scene.control.behavior.CellBehaviorBase.mousePressed(CellBehaviorBase.java:150)
	at com.sun.javafx.scene.control.skin.BehaviorSkinBase$1.handle(BehaviorSkinBase.java:95)
	at com.sun.javafx.scene.control.skin.BehaviorSkinBase$1.handle(BehaviorSkinBase.java:89)
	at com.sun.javafx.event.CompositeEventHandler$NormalEventHandlerRecord.handleBubblingEvent(CompositeEventHandler.java:218)
	at com.sun.javafx.event.CompositeEventHandler.dispatchBubblingEvent(CompositeEventHandler.java:80)
	at com.sun.javafx.event.EventHandlerManager.dispatchBubblingEvent(EventHandlerManager.java:238)
	at com.sun.javafx.event.EventHandlerManager.dispatchBubblingEvent(EventHandlerManager.java:191)
	at com.sun.javafx.event.CompositeEventDispatcher.dispatchBubblingEvent(CompositeEventDispatcher.java:59)
	at com.sun.javafx.event.BasicEventDispatcher.dispatchEvent(BasicEventDispatcher.java:58)
	at com.sun.javafx.event.EventDispatchChainImpl.dispatchEvent(EventDispatchChainImpl.java:114)
	at com.sun.javafx.event.BasicEventDispatcher.dispatchEvent(BasicEventDispatcher.java:56)
	at com.sun.javafx.event.EventDispatchChainImpl.dispatchEvent(EventDispatchChainImpl.java:114)
	at com.sun.javafx.event.BasicEventDispatcher.dispatchEvent(BasicEventDispatcher.java:56)
	at com.sun.javafx.event.EventDispatchChainImpl.dispatchEvent(EventDispatchChainImpl.java:114)
	at com.sun.javafx.event.BasicEventDispatcher.dispatchEvent(BasicEventDispatcher.java:56)
	at com.sun.javafx.event.EventDispatchChainImpl.dispatchEvent(EventDispatchChainImpl.java:114)
	at com.sun.javafx.event.BasicEventDispatcher.dispatchEvent(BasicEventDispatcher.java:56)
	at com.sun.javafx.event.EventDispatchChainImpl.dispatchEvent(EventDispatchChainImpl.java:114)
	at com.sun.javafx.event.EventUtil.fireEventImpl(EventUtil.java:74)
	at com.sun.javafx.event.EventUtil.fireEvent(EventUtil.java:54)
	at javafx.event.Event.fireEvent(Event.java:198)
	at javafx.scene.Scene$MouseHandler.process(Scene.java:3757)
	at javafx.scene.Scene$MouseHandler.access$1500(Scene.java:3485)
	at javafx.scene.Scene.impl_processMouseEvent(Scene.java:1762)
	at javafx.scene.Scene$ScenePeerListener.mouseEvent(Scene.java:2494)
	at com.sun.javafx.tk.quantum.GlassViewEventHandler$MouseEventNotification.run(GlassViewEventHandler.java:394)
	at com.sun.javafx.tk.quantum.GlassViewEventHandler$MouseEventNotification.run(GlassViewEventHandler.java:295)
	at java.security.AccessController.doPrivileged(Native Method)
	at com.sun.javafx.tk.quantum.GlassViewEventHandler.lambda$handleMouseEvent$2(GlassViewEventHandler.java:432)
	at com.sun.javafx.tk.quantum.QuantumToolkit.runWithoutRenderLock(QuantumToolkit.java:410)
	at com.sun.javafx.tk.quantum.GlassViewEventHandler.handleMouseEvent(GlassViewEventHandler.java:431)
	at com.sun.glass.ui.View.handleMouseEvent(View.java:555)
	at com.sun.glass.ui.View.notifyMouse(View.java:937)
	at com.sun.glass.ui.win.WinApplication._runLoop(Native Method)
	at com.sun.glass.ui.win.WinApplication.lambda$null$4(WinApplication.java:186)
	at java.lang.Thread.run(Thread.java:748)
Caused by: java.net.ConnectException: Connection refused: connect
	at java.net.DualStackPlainSocketImpl.connect0(Native Method)
	at java.net.DualStackPlainSocketImpl.socketConnect(DualStackPlainSocketImpl.java:79)
	at java.net.AbstractPlainSocketImpl.doConnect(AbstractPlainSocketImpl.java:350)
	at java.net.AbstractPlainSocketImpl.connectToAddress(AbstractPlainSocketImpl.java:206)
	at java.net.AbstractPlainSocketImpl.connect(AbstractPlainSocketImpl.java:188)
	at java.net.PlainSocketImpl.connect(PlainSocketImpl.java:172)
	at java.net.SocksSocketImpl.connect(SocksSocketImpl.java:392)
	at java.net.Socket.connect(Socket.java:606)
	at java.net.Socket.connect(Socket.java:555)
	at sun.net.NetworkClient.doConnect(NetworkClient.java:180)
	at sun.net.www.http.HttpClient.openServer(HttpClient.java:463)
	at sun.net.www.http.HttpClient.openServer(HttpClient.java:558)
	at sun.net.www.http.HttpClient.<init>(HttpClient.java:242)
	at sun.net.www.http.HttpClient.New(HttpClient.java:339)
	at sun.net.www.http.HttpClient.New(HttpClient.java:371)
	at sun.net.www.protocol.http.HttpURLConnection.setNewClient(HttpURLConnection.java:776)
	at sun.net.www.protocol.http.HttpURLConnection.setNewClient(HttpURLConnection.java:764)
	at sun.net.www.protocol.http.HttpURLConnection.writeRequests(HttpURLConnection.java:706)
	at sun.net.www.protocol.http.HttpURLConnection.getInputStream0(HttpURLConnection.java:1591)
	at sun.net.www.protocol.http.HttpURLConnection.getInputStream(HttpURLConnection.java:1498)
	at java.net.HttpURLConnection.getResponseCode(HttpURLConnection.java:480)
	at org.springframework.http.client.SimpleBufferingClientHttpRequest.executeInternal(SimpleBufferingClientHttpRequest.java:82)
	at org.springframework.http.client.AbstractBufferingClientHttpRequest.executeInternal(AbstractBufferingClientHttpRequest.java:48)
	at org.springframework.http.client.AbstractClientHttpRequest.execute(AbstractClientHttpRequest.java:53)
	at org.springframework.web.client.RestTemplate.doExecute(RestTemplate.java:739)
	... 61 common frames omitted
2020-06-25 22:55:00,046 INFO EventsClient [Thread-4] Getting all user's [1] events to alert.
2020-06-25 22:55:02,050 ERROR EventsClient [Thread-4] Error while connecting to server
org.springframework.web.client.ResourceAccessException: I/O error on GET request for "http://localhost:8080/events/alert/1": Connection refused: connect; nested exception is java.net.ConnectException: Connection refused: connect
	at org.springframework.web.client.RestTemplate.doExecute(RestTemplate.java:748)
	at org.springframework.web.client.RestTemplate.execute(RestTemplate.java:695)
	at org.springframework.web.client.RestTemplate.getForObject(RestTemplate.java:324)
	at EventsClient.getEventsToAlert(EventsClient.java:110)
	at com.example.gui.controllers.PlanItMainWindowController.runTask(PlanItMainWindowController.java:139)
	at com.example.gui.controllers.PlanItMainWindowController.lambda$startTask$0(PlanItMainWindowController.java:122)
	at java.lang.Thread.run(Thread.java:748)
Caused by: java.net.ConnectException: Connection refused: connect
	at java.net.DualStackPlainSocketImpl.connect0(Native Method)
	at java.net.DualStackPlainSocketImpl.socketConnect(DualStackPlainSocketImpl.java:79)
	at java.net.AbstractPlainSocketImpl.doConnect(AbstractPlainSocketImpl.java:350)
	at java.net.AbstractPlainSocketImpl.connectToAddress(AbstractPlainSocketImpl.java:206)
	at java.net.AbstractPlainSocketImpl.connect(AbstractPlainSocketImpl.java:188)
	at java.net.PlainSocketImpl.connect(PlainSocketImpl.java:172)
	at java.net.SocksSocketImpl.connect(SocksSocketImpl.java:392)
	at java.net.Socket.connect(Socket.java:606)
	at java.net.Socket.connect(Socket.java:555)
	at sun.net.NetworkClient.doConnect(NetworkClient.java:180)
	at sun.net.www.http.HttpClient.openServer(HttpClient.java:463)
	at sun.net.www.http.HttpClient.openServer(HttpClient.java:558)
	at sun.net.www.http.HttpClient.<init>(HttpClient.java:242)
	at sun.net.www.http.HttpClient.New(HttpClient.java:339)
	at sun.net.www.http.HttpClient.New(HttpClient.java:371)
	at sun.net.www.protocol.http.HttpURLConnection.setNewClient(HttpURLConnection.java:776)
	at sun.net.www.protocol.http.HttpURLConnection.setNewClient(HttpURLConnection.java:764)
	at sun.net.www.protocol.http.HttpURLConnection.writeRequests(HttpURLConnection.java:706)
	at sun.net.www.protocol.http.HttpURLConnection.getInputStream0(HttpURLConnection.java:1591)
	at sun.net.www.protocol.http.HttpURLConnection.getInputStream(HttpURLConnection.java:1498)
	at java.net.HttpURLConnection.getResponseCode(HttpURLConnection.java:480)
	at org.springframework.http.client.SimpleBufferingClientHttpRequest.executeInternal(SimpleBufferingClientHttpRequest.java:82)
	at org.springframework.http.client.AbstractBufferingClientHttpRequest.executeInternal(AbstractBufferingClientHttpRequest.java:48)
	at org.springframework.http.client.AbstractClientHttpRequest.execute(AbstractClientHttpRequest.java:53)
	at org.springframework.web.client.RestTemplate.doExecute(RestTemplate.java:739)
	... 6 common frames omitted
2020-06-25 22:55:08,992 INFO EventsClient [JavaFX Application Thread] Getting all user's [1] events in year and month: [2020, 6]
2020-06-25 22:55:10,998 ERROR EventsClient [JavaFX Application Thread] Error while connecting to server
org.springframework.web.client.ResourceAccessException: I/O error on GET request for "http://localhost:8080/events/1/2020/6": Connection refused: connect; nested exception is java.net.ConnectException: Connection refused: connect
	at org.springframework.web.client.RestTemplate.doExecute(RestTemplate.java:748)
	at org.springframework.web.client.RestTemplate.execute(RestTemplate.java:695)
	at org.springframework.web.client.RestTemplate.getForObject(RestTemplate.java:324)
	at EventsClient.getUserEventsByMonth(EventsClient.java:42)
	at com.example.gui.controllers.PlanItMainWindowController.showEventsInCalendar(PlanItMainWindowController.java:332)
	at com.example.gui.controllers.PlanItMainWindowController.lambda$initializeMonthsAndYear$8(PlanItMainWindowController.java:262)
	at com.sun.javafx.binding.ExpressionHelper$SingleChange.fireValueChangedEvent(ExpressionHelper.java:182)
	at com.sun.javafx.binding.ExpressionHelper.fireValueChangedEvent(ExpressionHelper.java:81)
	at javafx.beans.property.ReadOnlyObjectPropertyBase.fireValueChangedEvent(ReadOnlyObjectPropertyBase.java:74)
	at javafx.beans.property.ReadOnlyObjectWrapper.fireValueChangedEvent(ReadOnlyObjectWrapper.java:102)
	at javafx.beans.property.ObjectPropertyBase.markInvalid(ObjectPropertyBase.java:112)
	at javafx.beans.property.ObjectPropertyBase.set(ObjectPropertyBase.java:146)
	at javafx.scene.control.SelectionModel.setSelectedItem(SelectionModel.java:102)
	at javafx.scene.control.MultipleSelectionModelBase.lambda$new$0(MultipleSelectionModelBase.java:67)
	at com.sun.javafx.binding.ExpressionHelper$SingleInvalidation.fireValueChangedEvent(ExpressionHelper.java:137)
	at com.sun.javafx.binding.ExpressionHelper.fireValueChangedEvent(ExpressionHelper.java:81)
	at javafx.beans.property.ReadOnlyIntegerPropertyBase.fireValueChangedEvent(ReadOnlyIntegerPropertyBase.java:72)
	at javafx.beans.property.ReadOnlyIntegerWrapper.fireValueChangedEvent(ReadOnlyIntegerWrapper.java:102)
	at javafx.beans.property.IntegerPropertyBase.markInvalid(IntegerPropertyBase.java:113)
	at javafx.beans.property.IntegerPropertyBase.set(IntegerPropertyBase.java:147)
	at javafx.scene.control.SelectionModel.setSelectedIndex(SelectionModel.java:68)
	at javafx.scene.control.MultipleSelectionModelBase.select(MultipleSelectionModelBase.java:404)
	at javafx.scene.control.MultipleSelectionModelBase.clearAndSelect(MultipleSelectionModelBase.java:356)
	at javafx.scene.control.ListView$ListViewBitSetSelectionModel.clearAndSelect(ListView.java:1403)
	at com.sun.javafx.scene.control.behavior.CellBehaviorBase.simpleSelect(CellBehaviorBase.java:256)
	at com.sun.javafx.scene.control.behavior.CellBehaviorBase.doSelect(CellBehaviorBase.java:220)
	at com.sun.javafx.scene.control.behavior.CellBehaviorBase.mousePressed(CellBehaviorBase.java:150)
	at com.sun.javafx.scene.control.skin.BehaviorSkinBase$1.handle(BehaviorSkinBase.java:95)
	at com.sun.javafx.scene.control.skin.BehaviorSkinBase$1.handle(BehaviorSkinBase.java:89)
	at com.sun.javafx.event.CompositeEventHandler$NormalEventHandlerRecord.handleBubblingEvent(CompositeEventHandler.java:218)
	at com.sun.javafx.event.CompositeEventHandler.dispatchBubblingEvent(CompositeEventHandler.java:80)
	at com.sun.javafx.event.EventHandlerManager.dispatchBubblingEvent(EventHandlerManager.java:238)
	at com.sun.javafx.event.EventHandlerManager.dispatchBubblingEvent(EventHandlerManager.java:191)
	at com.sun.javafx.event.CompositeEventDispatcher.dispatchBubblingEvent(CompositeEventDispatcher.java:59)
	at com.sun.javafx.event.BasicEventDispatcher.dispatchEvent(BasicEventDispatcher.java:58)
	at com.sun.javafx.event.EventDispatchChainImpl.dispatchEvent(EventDispatchChainImpl.java:114)
	at com.sun.javafx.event.BasicEventDispatcher.dispatchEvent(BasicEventDispatcher.java:56)
	at com.sun.javafx.event.EventDispatchChainImpl.dispatchEvent(EventDispatchChainImpl.java:114)
	at com.sun.javafx.event.BasicEventDispatcher.dispatchEvent(BasicEventDispatcher.java:56)
	at com.sun.javafx.event.EventDispatchChainImpl.dispatchEvent(EventDispatchChainImpl.java:114)
	at com.sun.javafx.event.BasicEventDispatcher.dispatchEvent(BasicEventDispatcher.java:56)
	at com.sun.javafx.event.EventDispatchChainImpl.dispatchEvent(EventDispatchChainImpl.java:114)
	at com.sun.javafx.event.BasicEventDispatcher.dispatchEvent(BasicEventDispatcher.java:56)
	at com.sun.javafx.event.EventDispatchChainImpl.dispatchEvent(EventDispatchChainImpl.java:114)
	at com.sun.javafx.event.EventUtil.fireEventImpl(EventUtil.java:74)
	at com.sun.javafx.event.EventUtil.fireEvent(EventUtil.java:54)
	at javafx.event.Event.fireEvent(Event.java:198)
	at javafx.scene.Scene$MouseHandler.process(Scene.java:3757)
	at javafx.scene.Scene$MouseHandler.access$1500(Scene.java:3485)
	at javafx.scene.Scene.impl_processMouseEvent(Scene.java:1762)
	at javafx.scene.Scene$ScenePeerListener.mouseEvent(Scene.java:2494)
	at com.sun.javafx.tk.quantum.GlassViewEventHandler$MouseEventNotification.run(GlassViewEventHandler.java:394)
	at com.sun.javafx.tk.quantum.GlassViewEventHandler$MouseEventNotification.run(GlassViewEventHandler.java:295)
	at java.security.AccessController.doPrivileged(Native Method)
	at com.sun.javafx.tk.quantum.GlassViewEventHandler.lambda$handleMouseEvent$2(GlassViewEventHandler.java:432)
	at com.sun.javafx.tk.quantum.QuantumToolkit.runWithoutRenderLock(QuantumToolkit.java:410)
	at com.sun.javafx.tk.quantum.GlassViewEventHandler.handleMouseEvent(GlassViewEventHandler.java:431)
	at com.sun.glass.ui.View.handleMouseEvent(View.java:555)
	at com.sun.glass.ui.View.notifyMouse(View.java:937)
	at com.sun.glass.ui.win.WinApplication._runLoop(Native Method)
	at com.sun.glass.ui.win.WinApplication.lambda$null$4(WinApplication.java:186)
	at java.lang.Thread.run(Thread.java:748)
Caused by: java.net.ConnectException: Connection refused: connect
	at java.net.DualStackPlainSocketImpl.connect0(Native Method)
	at java.net.DualStackPlainSocketImpl.socketConnect(DualStackPlainSocketImpl.java:79)
	at java.net.AbstractPlainSocketImpl.doConnect(AbstractPlainSocketImpl.java:350)
	at java.net.AbstractPlainSocketImpl.connectToAddress(AbstractPlainSocketImpl.java:206)
	at java.net.AbstractPlainSocketImpl.connect(AbstractPlainSocketImpl.java:188)
	at java.net.PlainSocketImpl.connect(PlainSocketImpl.java:172)
	at java.net.SocksSocketImpl.connect(SocksSocketImpl.java:392)
	at java.net.Socket.connect(Socket.java:606)
	at java.net.Socket.connect(Socket.java:555)
	at sun.net.NetworkClient.doConnect(NetworkClient.java:180)
	at sun.net.www.http.HttpClient.openServer(HttpClient.java:463)
	at sun.net.www.http.HttpClient.openServer(HttpClient.java:558)
	at sun.net.www.http.HttpClient.<init>(HttpClient.java:242)
	at sun.net.www.http.HttpClient.New(HttpClient.java:339)
	at sun.net.www.http.HttpClient.New(HttpClient.java:357)
	at sun.net.www.protocol.http.HttpURLConnection.getNewHttpClient(HttpURLConnection.java:1226)
	at sun.net.www.protocol.http.HttpURLConnection.plainConnect0(HttpURLConnection.java:1162)
	at sun.net.www.protocol.http.HttpURLConnection.plainConnect(HttpURLConnection.java:1056)
	at sun.net.www.protocol.http.HttpURLConnection.connect(HttpURLConnection.java:990)
	at org.springframework.http.client.SimpleBufferingClientHttpRequest.executeInternal(SimpleBufferingClientHttpRequest.java:76)
	at org.springframework.http.client.AbstractBufferingClientHttpRequest.executeInternal(AbstractBufferingClientHttpRequest.java:48)
	at org.springframework.http.client.AbstractClientHttpRequest.execute(AbstractClientHttpRequest.java:53)
	at org.springframework.web.client.RestTemplate.doExecute(RestTemplate.java:739)
	... 61 common frames omitted
2020-06-25 22:56:00,050 INFO EventsClient [Thread-4] Getting all user's [1] events to alert.
2020-06-25 22:56:02,057 ERROR EventsClient [Thread-4] Error while connecting to server
org.springframework.web.client.ResourceAccessException: I/O error on GET request for "http://localhost:8080/events/alert/1": Connection refused: connect; nested exception is java.net.ConnectException: Connection refused: connect
	at org.springframework.web.client.RestTemplate.doExecute(RestTemplate.java:748)
	at org.springframework.web.client.RestTemplate.execute(RestTemplate.java:695)
	at org.springframework.web.client.RestTemplate.getForObject(RestTemplate.java:324)
	at EventsClient.getEventsToAlert(EventsClient.java:110)
	at com.example.gui.controllers.PlanItMainWindowController.runTask(PlanItMainWindowController.java:139)
	at com.example.gui.controllers.PlanItMainWindowController.lambda$startTask$0(PlanItMainWindowController.java:122)
	at java.lang.Thread.run(Thread.java:748)
Caused by: java.net.ConnectException: Connection refused: connect
	at java.net.DualStackPlainSocketImpl.connect0(Native Method)
	at java.net.DualStackPlainSocketImpl.socketConnect(DualStackPlainSocketImpl.java:79)
	at java.net.AbstractPlainSocketImpl.doConnect(AbstractPlainSocketImpl.java:350)
	at java.net.AbstractPlainSocketImpl.connectToAddress(AbstractPlainSocketImpl.java:206)
	at java.net.AbstractPlainSocketImpl.connect(AbstractPlainSocketImpl.java:188)
	at java.net.PlainSocketImpl.connect(PlainSocketImpl.java:172)
	at java.net.SocksSocketImpl.connect(SocksSocketImpl.java:392)
	at java.net.Socket.connect(Socket.java:606)
	at java.net.Socket.connect(Socket.java:555)
	at sun.net.NetworkClient.doConnect(NetworkClient.java:180)
	at sun.net.www.http.HttpClient.openServer(HttpClient.java:463)
	at sun.net.www.http.HttpClient.openServer(HttpClient.java:558)
	at sun.net.www.http.HttpClient.<init>(HttpClient.java:242)
	at sun.net.www.http.HttpClient.New(HttpClient.java:339)
	at sun.net.www.http.HttpClient.New(HttpClient.java:357)
	at sun.net.www.protocol.http.HttpURLConnection.getNewHttpClient(HttpURLConnection.java:1226)
	at sun.net.www.protocol.http.HttpURLConnection.plainConnect0(HttpURLConnection.java:1162)
	at sun.net.www.protocol.http.HttpURLConnection.plainConnect(HttpURLConnection.java:1056)
	at sun.net.www.protocol.http.HttpURLConnection.connect(HttpURLConnection.java:990)
	at org.springframework.http.client.SimpleBufferingClientHttpRequest.executeInternal(SimpleBufferingClientHttpRequest.java:76)
	at org.springframework.http.client.AbstractBufferingClientHttpRequest.executeInternal(AbstractBufferingClientHttpRequest.java:48)
	at org.springframework.http.client.AbstractClientHttpRequest.execute(AbstractClientHttpRequest.java:53)
	at org.springframework.web.client.RestTemplate.doExecute(RestTemplate.java:739)
	... 6 common frames omitted
2020-06-25 23:09:26,419 INFO UsersClient [JavaFX Application Thread] Logging user by his username and password: [test]
2020-06-25 23:09:26,749 INFO UsersClient [JavaFX Application Thread] User testsuccessfully logged in
2020-06-25 23:09:26,870 INFO EventsClient [Thread-4] Getting all user's [1] events to alert.
2020-06-25 23:09:26,890 INFO EventsClient [JavaFX Application Thread] Getting all user's [1] events in year and month: [2020, 6]
2020-06-25 23:09:26,926 INFO EventsClient [Thread-4] Returning all user's [1] events to alert.
2020-06-25 23:09:29,424 ERROR EventsClient [JavaFX Application Thread] Error. Something went wrong while finding user's [1] events in year and month: [2020, 6]. HTTP status: 404
org.springframework.web.client.HttpClientErrorException$NotFound: 404 : [{"timestamp":"2020-06-25T21:09:26.908+0000","status":404,"error":"Not Found","message":"No message available","path":"/events123/1/2020/6"}]
	at org.springframework.web.client.HttpClientErrorException.create(HttpClientErrorException.java:113)
	at org.springframework.web.client.DefaultResponseErrorHandler.handleError(DefaultResponseErrorHandler.java:170)
	at org.springframework.web.client.DefaultResponseErrorHandler.handleError(DefaultResponseErrorHandler.java:112)
	at org.springframework.web.client.ResponseErrorHandler.handleError(ResponseErrorHandler.java:63)
	at org.springframework.web.client.RestTemplate.handleResponse(RestTemplate.java:782)
	at org.springframework.web.client.RestTemplate.doExecute(RestTemplate.java:740)
	at org.springframework.web.client.RestTemplate.execute(RestTemplate.java:695)
	at org.springframework.web.client.RestTemplate.getForObject(RestTemplate.java:324)
	at EventsClient.getUserEventsByMonth(EventsClient.java:43)
	at com.example.gui.controllers.PlanItMainWindowController.showEventsInCalendar(PlanItMainWindowController.java:332)
	at com.example.gui.controllers.PlanItMainWindowController.initialize(PlanItMainWindowController.java:108)
	at javafx.fxml.FXMLLoader.loadImpl(FXMLLoader.java:2548)
	at javafx.fxml.FXMLLoader.loadImpl(FXMLLoader.java:2441)
	at javafx.fxml.FXMLLoader.load(FXMLLoader.java:2409)
	at com.example.utils.WindowsCreator.createMainWindow(WindowsCreator.java:165)
	at com.example.gui.controllers.PlanItLoginController.buttonLoginHandler(PlanItLoginController.java:97)
	at com.example.gui.controllers.PlanItLoginController.lambda$addHandlers$0(PlanItLoginController.java:73)
	at com.sun.javafx.event.CompositeEventHandler.dispatchBubblingEvent(CompositeEventHandler.java:86)
	at com.sun.javafx.event.EventHandlerManager.dispatchBubblingEvent(EventHandlerManager.java:238)
	at com.sun.javafx.event.EventHandlerManager.dispatchBubblingEvent(EventHandlerManager.java:191)
	at com.sun.javafx.event.CompositeEventDispatcher.dispatchBubblingEvent(CompositeEventDispatcher.java:59)
	at com.sun.javafx.event.BasicEventDispatcher.dispatchEvent(BasicEventDispatcher.java:58)
	at com.sun.javafx.event.EventDispatchChainImpl.dispatchEvent(EventDispatchChainImpl.java:114)
	at com.sun.javafx.event.BasicEventDispatcher.dispatchEvent(BasicEventDispatcher.java:56)
	at com.sun.javafx.event.EventDispatchChainImpl.dispatchEvent(EventDispatchChainImpl.java:114)
	at com.sun.javafx.event.BasicEventDispatcher.dispatchEvent(BasicEventDispatcher.java:56)
	at com.sun.javafx.event.EventDispatchChainImpl.dispatchEvent(EventDispatchChainImpl.java:114)
	at com.sun.javafx.event.EventUtil.fireEventImpl(EventUtil.java:74)
	at com.sun.javafx.event.EventUtil.fireEvent(EventUtil.java:49)
	at javafx.event.Event.fireEvent(Event.java:198)
	at javafx.scene.Node.fireEvent(Node.java:8411)
	at javafx.scene.control.Button.fire(Button.java:185)
	at com.sun.javafx.scene.control.behavior.ButtonBehavior.mouseReleased(ButtonBehavior.java:182)
	at com.sun.javafx.scene.control.skin.BehaviorSkinBase$1.handle(BehaviorSkinBase.java:96)
	at com.sun.javafx.scene.control.skin.BehaviorSkinBase$1.handle(BehaviorSkinBase.java:89)
	at com.sun.javafx.event.CompositeEventHandler$NormalEventHandlerRecord.handleBubblingEvent(CompositeEventHandler.java:218)
	at com.sun.javafx.event.CompositeEventHandler.dispatchBubblingEvent(CompositeEventHandler.java:80)
	at com.sun.javafx.event.EventHandlerManager.dispatchBubblingEvent(EventHandlerManager.java:238)
	at com.sun.javafx.event.EventHandlerManager.dispatchBubblingEvent(EventHandlerManager.java:191)
	at com.sun.javafx.event.CompositeEventDispatcher.dispatchBubblingEvent(CompositeEventDispatcher.java:59)
	at com.sun.javafx.event.BasicEventDispatcher.dispatchEvent(BasicEventDispatcher.java:58)
	at com.sun.javafx.event.EventDispatchChainImpl.dispatchEvent(EventDispatchChainImpl.java:114)
	at com.sun.javafx.event.BasicEventDispatcher.dispatchEvent(BasicEventDispatcher.java:56)
	at com.sun.javafx.event.EventDispatchChainImpl.dispatchEvent(EventDispatchChainImpl.java:114)
	at com.sun.javafx.event.BasicEventDispatcher.dispatchEvent(BasicEventDispatcher.java:56)
	at com.sun.javafx.event.EventDispatchChainImpl.dispatchEvent(EventDispatchChainImpl.java:114)
	at com.sun.javafx.event.EventUtil.fireEventImpl(EventUtil.java:74)
	at com.sun.javafx.event.EventUtil.fireEvent(EventUtil.java:54)
	at javafx.event.Event.fireEvent(Event.java:198)
	at javafx.scene.Scene$MouseHandler.process(Scene.java:3757)
	at javafx.scene.Scene$MouseHandler.access$1500(Scene.java:3485)
	at javafx.scene.Scene.impl_processMouseEvent(Scene.java:1762)
	at javafx.scene.Scene$ScenePeerListener.mouseEvent(Scene.java:2494)
	at com.sun.javafx.tk.quantum.GlassViewEventHandler$MouseEventNotification.run(GlassViewEventHandler.java:394)
	at com.sun.javafx.tk.quantum.GlassViewEventHandler$MouseEventNotification.run(GlassViewEventHandler.java:295)
	at java.security.AccessController.doPrivileged(Native Method)
	at com.sun.javafx.tk.quantum.GlassViewEventHandler.lambda$handleMouseEvent$2(GlassViewEventHandler.java:432)
	at com.sun.javafx.tk.quantum.QuantumToolkit.runWithoutRenderLock(QuantumToolkit.java:410)
	at com.sun.javafx.tk.quantum.GlassViewEventHandler.handleMouseEvent(GlassViewEventHandler.java:431)
	at com.sun.glass.ui.View.handleMouseEvent(View.java:555)
	at com.sun.glass.ui.View.notifyMouse(View.java:937)
	at com.sun.glass.ui.win.WinApplication._runLoop(Native Method)
	at com.sun.glass.ui.win.WinApplication.lambda$null$4(WinApplication.java:186)
	at java.lang.Thread.run(Thread.java:748)
2020-06-25 23:09:55,537 INFO EventsClient [JavaFX Application Thread] Getting all user's [1] events in year and month: [2020, 5]
2020-06-25 23:09:57,372 ERROR EventsClient [JavaFX Application Thread] Error. Something went wrong while finding user's [1] events in year and month: [2020, 5]. HTTP status: 404
org.springframework.web.client.HttpClientErrorException$NotFound: 404 : [{"timestamp":"2020-06-25T21:09:55.547+0000","status":404,"error":"Not Found","message":"No message available","path":"/events123/1/2020/5"}]
	at org.springframework.web.client.HttpClientErrorException.create(HttpClientErrorException.java:113)
	at org.springframework.web.client.DefaultResponseErrorHandler.handleError(DefaultResponseErrorHandler.java:170)
	at org.springframework.web.client.DefaultResponseErrorHandler.handleError(DefaultResponseErrorHandler.java:112)
	at org.springframework.web.client.ResponseErrorHandler.handleError(ResponseErrorHandler.java:63)
	at org.springframework.web.client.RestTemplate.handleResponse(RestTemplate.java:782)
	at org.springframework.web.client.RestTemplate.doExecute(RestTemplate.java:740)
	at org.springframework.web.client.RestTemplate.execute(RestTemplate.java:695)
	at org.springframework.web.client.RestTemplate.getForObject(RestTemplate.java:324)
	at EventsClient.getUserEventsByMonth(EventsClient.java:43)
	at com.example.gui.controllers.PlanItMainWindowController.showEventsInCalendar(PlanItMainWindowController.java:332)
	at com.example.gui.controllers.PlanItMainWindowController.lambda$initializeMonthsAndYear$8(PlanItMainWindowController.java:262)
	at com.sun.javafx.binding.ExpressionHelper$SingleChange.fireValueChangedEvent(ExpressionHelper.java:182)
	at com.sun.javafx.binding.ExpressionHelper.fireValueChangedEvent(ExpressionHelper.java:81)
	at javafx.beans.property.ReadOnlyObjectPropertyBase.fireValueChangedEvent(ReadOnlyObjectPropertyBase.java:74)
	at javafx.beans.property.ReadOnlyObjectWrapper.fireValueChangedEvent(ReadOnlyObjectWrapper.java:102)
	at javafx.beans.property.ObjectPropertyBase.markInvalid(ObjectPropertyBase.java:112)
	at javafx.beans.property.ObjectPropertyBase.set(ObjectPropertyBase.java:146)
	at javafx.scene.control.SelectionModel.setSelectedItem(SelectionModel.java:102)
	at javafx.scene.control.MultipleSelectionModelBase.lambda$new$0(MultipleSelectionModelBase.java:67)
	at com.sun.javafx.binding.ExpressionHelper$SingleInvalidation.fireValueChangedEvent(ExpressionHelper.java:137)
	at com.sun.javafx.binding.ExpressionHelper.fireValueChangedEvent(ExpressionHelper.java:81)
	at javafx.beans.property.ReadOnlyIntegerPropertyBase.fireValueChangedEvent(ReadOnlyIntegerPropertyBase.java:72)
	at javafx.beans.property.ReadOnlyIntegerWrapper.fireValueChangedEvent(ReadOnlyIntegerWrapper.java:102)
	at javafx.beans.property.IntegerPropertyBase.markInvalid(IntegerPropertyBase.java:113)
	at javafx.beans.property.IntegerPropertyBase.set(IntegerPropertyBase.java:147)
	at javafx.scene.control.SelectionModel.setSelectedIndex(SelectionModel.java:68)
	at javafx.scene.control.MultipleSelectionModelBase.select(MultipleSelectionModelBase.java:404)
	at javafx.scene.control.MultipleSelectionModelBase.clearAndSelect(MultipleSelectionModelBase.java:356)
	at javafx.scene.control.ListView$ListViewBitSetSelectionModel.clearAndSelect(ListView.java:1403)
	at com.sun.javafx.scene.control.behavior.CellBehaviorBase.simpleSelect(CellBehaviorBase.java:256)
	at com.sun.javafx.scene.control.behavior.CellBehaviorBase.doSelect(CellBehaviorBase.java:220)
	at com.sun.javafx.scene.control.behavior.CellBehaviorBase.mousePressed(CellBehaviorBase.java:150)
	at com.sun.javafx.scene.control.skin.BehaviorSkinBase$1.handle(BehaviorSkinBase.java:95)
	at com.sun.javafx.scene.control.skin.BehaviorSkinBase$1.handle(BehaviorSkinBase.java:89)
	at com.sun.javafx.event.CompositeEventHandler$NormalEventHandlerRecord.handleBubblingEvent(CompositeEventHandler.java:218)
	at com.sun.javafx.event.CompositeEventHandler.dispatchBubblingEvent(CompositeEventHandler.java:80)
	at com.sun.javafx.event.EventHandlerManager.dispatchBubblingEvent(EventHandlerManager.java:238)
	at com.sun.javafx.event.EventHandlerManager.dispatchBubblingEvent(EventHandlerManager.java:191)
	at com.sun.javafx.event.CompositeEventDispatcher.dispatchBubblingEvent(CompositeEventDispatcher.java:59)
	at com.sun.javafx.event.BasicEventDispatcher.dispatchEvent(BasicEventDispatcher.java:58)
	at com.sun.javafx.event.EventDispatchChainImpl.dispatchEvent(EventDispatchChainImpl.java:114)
	at com.sun.javafx.event.BasicEventDispatcher.dispatchEvent(BasicEventDispatcher.java:56)
	at com.sun.javafx.event.EventDispatchChainImpl.dispatchEvent(EventDispatchChainImpl.java:114)
	at com.sun.javafx.event.BasicEventDispatcher.dispatchEvent(BasicEventDispatcher.java:56)
	at com.sun.javafx.event.EventDispatchChainImpl.dispatchEvent(EventDispatchChainImpl.java:114)
	at com.sun.javafx.event.BasicEventDispatcher.dispatchEvent(BasicEventDispatcher.java:56)
	at com.sun.javafx.event.EventDispatchChainImpl.dispatchEvent(EventDispatchChainImpl.java:114)
	at com.sun.javafx.event.BasicEventDispatcher.dispatchEvent(BasicEventDispatcher.java:56)
	at com.sun.javafx.event.EventDispatchChainImpl.dispatchEvent(EventDispatchChainImpl.java:114)
	at com.sun.javafx.event.EventUtil.fireEventImpl(EventUtil.java:74)
	at com.sun.javafx.event.EventUtil.fireEvent(EventUtil.java:54)
	at javafx.event.Event.fireEvent(Event.java:198)
	at javafx.scene.Scene$MouseHandler.process(Scene.java:3757)
	at javafx.scene.Scene$MouseHandler.access$1500(Scene.java:3485)
	at javafx.scene.Scene.impl_processMouseEvent(Scene.java:1762)
	at javafx.scene.Scene$ScenePeerListener.mouseEvent(Scene.java:2494)
	at com.sun.javafx.tk.quantum.GlassViewEventHandler$MouseEventNotification.run(GlassViewEventHandler.java:394)
	at com.sun.javafx.tk.quantum.GlassViewEventHandler$MouseEventNotification.run(GlassViewEventHandler.java:295)
	at java.security.AccessController.doPrivileged(Native Method)
	at com.sun.javafx.tk.quantum.GlassViewEventHandler.lambda$handleMouseEvent$2(GlassViewEventHandler.java:432)
	at com.sun.javafx.tk.quantum.QuantumToolkit.runWithoutRenderLock(QuantumToolkit.java:410)
	at com.sun.javafx.tk.quantum.GlassViewEventHandler.handleMouseEvent(GlassViewEventHandler.java:431)
	at com.sun.glass.ui.View.handleMouseEvent(View.java:555)
	at com.sun.glass.ui.View.notifyMouse(View.java:937)
	at com.sun.glass.ui.win.WinApplication._runLoop(Native Method)
	at com.sun.glass.ui.win.WinApplication.lambda$null$4(WinApplication.java:186)
	at java.lang.Thread.run(Thread.java:748)
2020-06-25 23:10:00,928 INFO EventsClient [Thread-4] Getting all user's [1] events to alert.
2020-06-25 23:10:00,935 INFO EventsClient [Thread-4] Returning all user's [1] events to alert.
2020-06-25 23:11:00,936 INFO EventsClient [Thread-4] Getting all user's [1] events to alert.
2020-06-25 23:11:00,944 INFO EventsClient [Thread-4] Returning all user's [1] events to alert.
2020-06-25 23:12:00,944 INFO EventsClient [Thread-4] Getting all user's [1] events to alert.
2020-06-25 23:12:00,952 INFO EventsClient [Thread-4] Returning all user's [1] events to alert.
2020-06-25 23:12:11,414 INFO UsersClient [JavaFX Application Thread] Logging user by his username and password: [test]
2020-06-25 23:12:11,598 INFO UsersClient [JavaFX Application Thread] User testsuccessfully logged in
2020-06-25 23:12:11,704 INFO EventsClient [Thread-4] Getting all user's [1] events to alert.
2020-06-25 23:12:11,722 INFO EventsClient [JavaFX Application Thread] Getting all user's [1] events in year and month: [2020, 6]
2020-06-25 23:12:11,729 INFO EventsClient [Thread-4] Returning all user's [1] events to alert.
2020-06-25 23:12:13,181 ERROR EventsClient [JavaFX Application Thread] Error. Something went wrong while finding user's [1] events in year and month: [2020, 6]. HTTP status: 404
org.springframework.web.client.HttpClientErrorException$NotFound: 404 : [{"timestamp":"2020-06-25T21:12:11.732+0000","status":404,"error":"Not Found","message":"No message available","path":"/events123/1/2020/6"}]
	at org.springframework.web.client.HttpClientErrorException.create(HttpClientErrorException.java:113)
	at org.springframework.web.client.DefaultResponseErrorHandler.handleError(DefaultResponseErrorHandler.java:170)
	at org.springframework.web.client.DefaultResponseErrorHandler.handleError(DefaultResponseErrorHandler.java:112)
	at org.springframework.web.client.ResponseErrorHandler.handleError(ResponseErrorHandler.java:63)
	at org.springframework.web.client.RestTemplate.handleResponse(RestTemplate.java:782)
	at org.springframework.web.client.RestTemplate.doExecute(RestTemplate.java:740)
	at org.springframework.web.client.RestTemplate.execute(RestTemplate.java:695)
	at org.springframework.web.client.RestTemplate.getForObject(RestTemplate.java:324)
	at EventsClient.getUserEventsByMonth(EventsClient.java:43)
	at com.example.gui.controllers.PlanItMainWindowController.showEventsInCalendar(PlanItMainWindowController.java:332)
	at com.example.gui.controllers.PlanItMainWindowController.initialize(PlanItMainWindowController.java:108)
	at javafx.fxml.FXMLLoader.loadImpl(FXMLLoader.java:2548)
	at javafx.fxml.FXMLLoader.loadImpl(FXMLLoader.java:2441)
	at javafx.fxml.FXMLLoader.load(FXMLLoader.java:2409)
	at com.example.utils.WindowsCreator.createMainWindow(WindowsCreator.java:165)
	at com.example.gui.controllers.PlanItLoginController.buttonLoginHandler(PlanItLoginController.java:97)
	at com.example.gui.controllers.PlanItLoginController.lambda$addHandlers$0(PlanItLoginController.java:73)
	at com.sun.javafx.event.CompositeEventHandler.dispatchBubblingEvent(CompositeEventHandler.java:86)
	at com.sun.javafx.event.EventHandlerManager.dispatchBubblingEvent(EventHandlerManager.java:238)
	at com.sun.javafx.event.EventHandlerManager.dispatchBubblingEvent(EventHandlerManager.java:191)
	at com.sun.javafx.event.CompositeEventDispatcher.dispatchBubblingEvent(CompositeEventDispatcher.java:59)
	at com.sun.javafx.event.BasicEventDispatcher.dispatchEvent(BasicEventDispatcher.java:58)
	at com.sun.javafx.event.EventDispatchChainImpl.dispatchEvent(EventDispatchChainImpl.java:114)
	at com.sun.javafx.event.BasicEventDispatcher.dispatchEvent(BasicEventDispatcher.java:56)
	at com.sun.javafx.event.EventDispatchChainImpl.dispatchEvent(EventDispatchChainImpl.java:114)
	at com.sun.javafx.event.BasicEventDispatcher.dispatchEvent(BasicEventDispatcher.java:56)
	at com.sun.javafx.event.EventDispatchChainImpl.dispatchEvent(EventDispatchChainImpl.java:114)
	at com.sun.javafx.event.EventUtil.fireEventImpl(EventUtil.java:74)
	at com.sun.javafx.event.EventUtil.fireEvent(EventUtil.java:49)
	at javafx.event.Event.fireEvent(Event.java:198)
	at javafx.scene.Node.fireEvent(Node.java:8411)
	at javafx.scene.control.Button.fire(Button.java:185)
	at com.sun.javafx.scene.control.behavior.ButtonBehavior.mouseReleased(ButtonBehavior.java:182)
	at com.sun.javafx.scene.control.skin.BehaviorSkinBase$1.handle(BehaviorSkinBase.java:96)
	at com.sun.javafx.scene.control.skin.BehaviorSkinBase$1.handle(BehaviorSkinBase.java:89)
	at com.sun.javafx.event.CompositeEventHandler$NormalEventHandlerRecord.handleBubblingEvent(CompositeEventHandler.java:218)
	at com.sun.javafx.event.CompositeEventHandler.dispatchBubblingEvent(CompositeEventHandler.java:80)
	at com.sun.javafx.event.EventHandlerManager.dispatchBubblingEvent(EventHandlerManager.java:238)
	at com.sun.javafx.event.EventHandlerManager.dispatchBubblingEvent(EventHandlerManager.java:191)
	at com.sun.javafx.event.CompositeEventDispatcher.dispatchBubblingEvent(CompositeEventDispatcher.java:59)
	at com.sun.javafx.event.BasicEventDispatcher.dispatchEvent(BasicEventDispatcher.java:58)
	at com.sun.javafx.event.EventDispatchChainImpl.dispatchEvent(EventDispatchChainImpl.java:114)
	at com.sun.javafx.event.BasicEventDispatcher.dispatchEvent(BasicEventDispatcher.java:56)
	at com.sun.javafx.event.EventDispatchChainImpl.dispatchEvent(EventDispatchChainImpl.java:114)
	at com.sun.javafx.event.BasicEventDispatcher.dispatchEvent(BasicEventDispatcher.java:56)
	at com.sun.javafx.event.EventDispatchChainImpl.dispatchEvent(EventDispatchChainImpl.java:114)
	at com.sun.javafx.event.EventUtil.fireEventImpl(EventUtil.java:74)
	at com.sun.javafx.event.EventUtil.fireEvent(EventUtil.java:54)
	at javafx.event.Event.fireEvent(Event.java:198)
	at javafx.scene.Scene$MouseHandler.process(Scene.java:3757)
	at javafx.scene.Scene$MouseHandler.access$1500(Scene.java:3485)
	at javafx.scene.Scene.impl_processMouseEvent(Scene.java:1762)
	at javafx.scene.Scene$ScenePeerListener.mouseEvent(Scene.java:2494)
	at com.sun.javafx.tk.quantum.GlassViewEventHandler$MouseEventNotification.run(GlassViewEventHandler.java:394)
	at com.sun.javafx.tk.quantum.GlassViewEventHandler$MouseEventNotification.run(GlassViewEventHandler.java:295)
	at java.security.AccessController.doPrivileged(Native Method)
	at com.sun.javafx.tk.quantum.GlassViewEventHandler.lambda$handleMouseEvent$2(GlassViewEventHandler.java:432)
	at com.sun.javafx.tk.quantum.QuantumToolkit.runWithoutRenderLock(QuantumToolkit.java:410)
	at com.sun.javafx.tk.quantum.GlassViewEventHandler.handleMouseEvent(GlassViewEventHandler.java:431)
	at com.sun.glass.ui.View.handleMouseEvent(View.java:555)
	at com.sun.glass.ui.View.notifyMouse(View.java:937)
	at com.sun.glass.ui.win.WinApplication._runLoop(Native Method)
	at com.sun.glass.ui.win.WinApplication.lambda$null$4(WinApplication.java:186)
	at java.lang.Thread.run(Thread.java:748)
2020-06-25 23:13:00,730 INFO EventsClient [Thread-4] Getting all user's [1] events to alert.
2020-06-25 23:13:00,737 INFO EventsClient [Thread-4] Returning all user's [1] events to alert.
2020-06-25 23:13:29,821 INFO UsersClient [JavaFX Application Thread] Logging user by his username and password: [test]
2020-06-25 23:13:30,019 INFO UsersClient [JavaFX Application Thread] User testsuccessfully logged in
2020-06-25 23:13:30,125 INFO EventsClient [Thread-4] Getting all user's [1] events to alert.
2020-06-25 23:13:30,143 INFO EventsClient [JavaFX Application Thread] Getting all user's [1] events in year and month: [2020, 6]
2020-06-25 23:13:30,153 INFO EventsClient [Thread-4] Returning all user's [1] events to alert.
2020-06-25 23:13:32,020 ERROR EventsClient [JavaFX Application Thread] Error. Something went wrong while finding user's [1] events in year and month: [2020, 6]. HTTP status: 404
org.springframework.web.client.HttpClientErrorException$NotFound: 404 : [{"timestamp":"2020-06-25T21:13:30.150+0000","status":404,"error":"Not Found","message":"No message available","path":"/events123/1/2020/6"}]
	at org.springframework.web.client.HttpClientErrorException.create(HttpClientErrorException.java:113)
	at org.springframework.web.client.DefaultResponseErrorHandler.handleError(DefaultResponseErrorHandler.java:170)
	at org.springframework.web.client.DefaultResponseErrorHandler.handleError(DefaultResponseErrorHandler.java:112)
	at org.springframework.web.client.ResponseErrorHandler.handleError(ResponseErrorHandler.java:63)
	at org.springframework.web.client.RestTemplate.handleResponse(RestTemplate.java:782)
	at org.springframework.web.client.RestTemplate.doExecute(RestTemplate.java:740)
	at org.springframework.web.client.RestTemplate.execute(RestTemplate.java:695)
	at org.springframework.web.client.RestTemplate.getForObject(RestTemplate.java:324)
	at EventsClient.getUserEventsByMonth(EventsClient.java:43)
	at com.example.gui.controllers.PlanItMainWindowController.showEventsInCalendar(PlanItMainWindowController.java:332)
	at com.example.gui.controllers.PlanItMainWindowController.initialize(PlanItMainWindowController.java:108)
	at javafx.fxml.FXMLLoader.loadImpl(FXMLLoader.java:2548)
	at javafx.fxml.FXMLLoader.loadImpl(FXMLLoader.java:2441)
	at javafx.fxml.FXMLLoader.load(FXMLLoader.java:2409)
	at com.example.utils.WindowsCreator.createMainWindow(WindowsCreator.java:165)
	at com.example.gui.controllers.PlanItLoginController.buttonLoginHandler(PlanItLoginController.java:97)
	at com.example.gui.controllers.PlanItLoginController.lambda$addHandlers$0(PlanItLoginController.java:73)
	at com.sun.javafx.event.CompositeEventHandler.dispatchBubblingEvent(CompositeEventHandler.java:86)
	at com.sun.javafx.event.EventHandlerManager.dispatchBubblingEvent(EventHandlerManager.java:238)
	at com.sun.javafx.event.EventHandlerManager.dispatchBubblingEvent(EventHandlerManager.java:191)
	at com.sun.javafx.event.CompositeEventDispatcher.dispatchBubblingEvent(CompositeEventDispatcher.java:59)
	at com.sun.javafx.event.BasicEventDispatcher.dispatchEvent(BasicEventDispatcher.java:58)
	at com.sun.javafx.event.EventDispatchChainImpl.dispatchEvent(EventDispatchChainImpl.java:114)
	at com.sun.javafx.event.BasicEventDispatcher.dispatchEvent(BasicEventDispatcher.java:56)
	at com.sun.javafx.event.EventDispatchChainImpl.dispatchEvent(EventDispatchChainImpl.java:114)
	at com.sun.javafx.event.BasicEventDispatcher.dispatchEvent(BasicEventDispatcher.java:56)
	at com.sun.javafx.event.EventDispatchChainImpl.dispatchEvent(EventDispatchChainImpl.java:114)
	at com.sun.javafx.event.EventUtil.fireEventImpl(EventUtil.java:74)
	at com.sun.javafx.event.EventUtil.fireEvent(EventUtil.java:49)
	at javafx.event.Event.fireEvent(Event.java:198)
	at javafx.scene.Node.fireEvent(Node.java:8411)
	at javafx.scene.control.Button.fire(Button.java:185)
	at com.sun.javafx.scene.control.behavior.ButtonBehavior.mouseReleased(ButtonBehavior.java:182)
	at com.sun.javafx.scene.control.skin.BehaviorSkinBase$1.handle(BehaviorSkinBase.java:96)
	at com.sun.javafx.scene.control.skin.BehaviorSkinBase$1.handle(BehaviorSkinBase.java:89)
	at com.sun.javafx.event.CompositeEventHandler$NormalEventHandlerRecord.handleBubblingEvent(CompositeEventHandler.java:218)
	at com.sun.javafx.event.CompositeEventHandler.dispatchBubblingEvent(CompositeEventHandler.java:80)
	at com.sun.javafx.event.EventHandlerManager.dispatchBubblingEvent(EventHandlerManager.java:238)
	at com.sun.javafx.event.EventHandlerManager.dispatchBubblingEvent(EventHandlerManager.java:191)
	at com.sun.javafx.event.CompositeEventDispatcher.dispatchBubblingEvent(CompositeEventDispatcher.java:59)
	at com.sun.javafx.event.BasicEventDispatcher.dispatchEvent(BasicEventDispatcher.java:58)
	at com.sun.javafx.event.EventDispatchChainImpl.dispatchEvent(EventDispatchChainImpl.java:114)
	at com.sun.javafx.event.BasicEventDispatcher.dispatchEvent(BasicEventDispatcher.java:56)
	at com.sun.javafx.event.EventDispatchChainImpl.dispatchEvent(EventDispatchChainImpl.java:114)
	at com.sun.javafx.event.BasicEventDispatcher.dispatchEvent(BasicEventDispatcher.java:56)
	at com.sun.javafx.event.EventDispatchChainImpl.dispatchEvent(EventDispatchChainImpl.java:114)
	at com.sun.javafx.event.EventUtil.fireEventImpl(EventUtil.java:74)
	at com.sun.javafx.event.EventUtil.fireEvent(EventUtil.java:54)
	at javafx.event.Event.fireEvent(Event.java:198)
	at javafx.scene.Scene$MouseHandler.process(Scene.java:3757)
	at javafx.scene.Scene$MouseHandler.access$1500(Scene.java:3485)
	at javafx.scene.Scene.impl_processMouseEvent(Scene.java:1762)
	at javafx.scene.Scene$ScenePeerListener.mouseEvent(Scene.java:2494)
	at com.sun.javafx.tk.quantum.GlassViewEventHandler$MouseEventNotification.run(GlassViewEventHandler.java:394)
	at com.sun.javafx.tk.quantum.GlassViewEventHandler$MouseEventNotification.run(GlassViewEventHandler.java:295)
	at java.security.AccessController.doPrivileged(Native Method)
	at com.sun.javafx.tk.quantum.GlassViewEventHandler.lambda$handleMouseEvent$2(GlassViewEventHandler.java:432)
	at com.sun.javafx.tk.quantum.QuantumToolkit.runWithoutRenderLock(QuantumToolkit.java:410)
	at com.sun.javafx.tk.quantum.GlassViewEventHandler.handleMouseEvent(GlassViewEventHandler.java:431)
	at com.sun.glass.ui.View.handleMouseEvent(View.java:555)
	at com.sun.glass.ui.View.notifyMouse(View.java:937)
	at com.sun.glass.ui.win.WinApplication._runLoop(Native Method)
	at com.sun.glass.ui.win.WinApplication.lambda$null$4(WinApplication.java:186)
	at java.lang.Thread.run(Thread.java:748)
