2020-07-20 00:36:16,488 INFO UsersClient [JavaFX Application Thread] Logging user by his username and password: [test]
2020-07-20 00:36:17,041 INFO UsersClient [JavaFX Application Thread] User testsuccessfully logged in
2020-07-20 00:36:17,180 INFO EventsClient [Thread-4] Getting all user's [1] events to alert.
2020-07-20 00:36:17,197 INFO EventsClient [JavaFX Application Thread] Getting all user's [1] events in year and month: [2020, 7]
2020-07-20 00:36:17,434 INFO EventsClient [JavaFX Application Thread] Returning 0 user's [1] events in year and month: [2020, 7]
2020-07-20 00:38:59,915 INFO UsersClient [JavaFX Application Thread] Logging user by his username and password: [test]
2020-07-20 00:39:00,036 INFO UsersClient [JavaFX Application Thread] User testsuccessfully logged in
2020-07-20 00:39:00,081 INFO EventsClient [Thread-5] Getting all user's [1] events to alert.
2020-07-20 00:39:00,084 INFO EventsClient [JavaFX Application Thread] Getting all user's [1] events in year and month: [2020, 7]
2020-07-20 00:39:00,097 INFO EventsClient [JavaFX Application Thread] Returning 0 user's [1] events in year and month: [2020, 7]
2020-07-20 00:41:15,814 INFO UsersClient [JavaFX Application Thread] Logging user by his username and password: [test]
2020-07-20 00:41:16,015 INFO UsersClient [JavaFX Application Thread] User testsuccessfully logged in
2020-07-20 00:41:16,105 INFO EventsClient [Thread-4] Getting all user's [1] events to alert.
2020-07-20 00:41:16,121 INFO EventsClient [JavaFX Application Thread] Getting all user's [1] events in year and month: [2020, 7]
2020-07-20 00:41:16,161 INFO EventsClient [JavaFX Application Thread] Returning 0 user's [1] events in year and month: [2020, 7]
2020-07-20 00:46:29,715 INFO UsersClient [JavaFX Application Thread] Logging user by his username and password: [test]
2020-07-20 00:46:29,928 INFO UsersClient [JavaFX Application Thread] User testsuccessfully logged in
2020-07-20 00:46:30,018 INFO EventsClient [Thread-4] Getting all user's [1] events to alert.
2020-07-20 00:46:30,036 INFO EventsClient [JavaFX Application Thread] Getting all user's [1] events in year and month: [2020, 7]
2020-07-20 00:46:30,075 INFO EventsClient [JavaFX Application Thread] Returning 0 user's [1] events in year and month: [2020, 7]
2020-07-20 00:50:11,529 INFO UsersClient [JavaFX Application Thread] Logging user by his username and password: [test]
2020-07-20 00:50:11,903 INFO UsersClient [JavaFX Application Thread] User testsuccessfully logged in
2020-07-20 00:50:11,992 INFO EventsClient [Thread-4] Getting all user's [1] events to alert.
2020-07-20 00:50:12,008 INFO EventsClient [JavaFX Application Thread] Getting all user's [1] events in year and month: [2020, 7]
2020-07-20 00:50:12,050 INFO EventsClient [JavaFX Application Thread] Returning 0 user's [1] events in year and month: [2020, 7]
2020-07-20 00:52:39,725 INFO UsersClient [JavaFX Application Thread] Logging user by his username and password: [test]
2020-07-20 00:52:39,996 INFO UsersClient [JavaFX Application Thread] User testsuccessfully logged in
2020-07-20 00:52:40,050 INFO EventsClient [Thread-5] Getting all user's [1] events to alert.
2020-07-20 00:52:40,054 INFO EventsClient [JavaFX Application Thread] Getting all user's [1] events in year and month: [2020, 7]
2020-07-20 00:52:40,088 INFO EventsClient [JavaFX Application Thread] Returning 0 user's [1] events in year and month: [2020, 7]
2020-07-20 00:53:59,260 INFO UsersClient [JavaFX Application Thread] Logging user by his username and password: [test]
2020-07-20 00:53:59,553 INFO UsersClient [JavaFX Application Thread] User testsuccessfully logged in
2020-07-20 00:53:59,599 INFO EventsClient [Thread-6] Getting all user's [1] events to alert.
2020-07-20 00:53:59,600 INFO EventsClient [JavaFX Application Thread] Getting all user's [1] events in year and month: [2020, 7]
2020-07-20 00:53:59,631 INFO EventsClient [JavaFX Application Thread] Returning 0 user's [1] events in year and month: [2020, 7]
2020-07-20 00:55:26,275 INFO UsersClient [JavaFX Application Thread] Logging user by his username and password: [test]
2020-07-20 00:55:26,550 INFO UsersClient [JavaFX Application Thread] User testsuccessfully logged in
2020-07-20 00:55:26,586 INFO EventsClient [Thread-7] Getting all user's [1] events to alert.
2020-07-20 00:55:26,586 INFO EventsClient [JavaFX Application Thread] Getting all user's [1] events in year and month: [2020, 7]
2020-07-20 00:55:26,627 INFO EventsClient [JavaFX Application Thread] Returning 0 user's [1] events in year and month: [2020, 7]
2020-07-20 00:56:59,781 INFO UsersClient [JavaFX Application Thread] Logging user by his username and password: [test]
2020-07-20 00:56:59,972 INFO UsersClient [JavaFX Application Thread] User testsuccessfully logged in
2020-07-20 00:57:00,071 INFO EventsClient [Thread-4] Getting all user's [1] events to alert.
2020-07-20 00:57:00,092 INFO EventsClient [JavaFX Application Thread] Getting all user's [1] events in year and month: [2020, 7]
2020-07-20 00:57:00,150 INFO EventsClient [JavaFX Application Thread] Returning 0 user's [1] events in year and month: [2020, 7]
2020-07-20 00:57:31,077 INFO UsersClient [JavaFX Application Thread] Logging user by his username and password: [test]
2020-07-20 00:57:31,318 INFO UsersClient [JavaFX Application Thread] User testsuccessfully logged in
2020-07-20 00:57:31,466 INFO EventsClient [Thread-4] Getting all user's [1] events to alert.
2020-07-20 00:57:31,481 INFO EventsClient [JavaFX Application Thread] Getting all user's [1] events in year and month: [2020, 7]
2020-07-20 00:57:31,512 INFO EventsClient [JavaFX Application Thread] Returning 0 user's [1] events in year and month: [2020, 7]
2020-07-20 01:00:22,402 INFO UsersClient [JavaFX Application Thread] Logging user by his username and password: [test]
2020-07-20 01:00:22,604 INFO UsersClient [JavaFX Application Thread] User testsuccessfully logged in
2020-07-20 01:00:22,693 INFO EventsClient [Thread-4] Getting all user's [1] events to alert.
2020-07-20 01:00:22,709 INFO EventsClient [JavaFX Application Thread] Getting all user's [1] events in year and month: [2020, 7]
2020-07-20 01:00:22,737 INFO EventsClient [JavaFX Application Thread] Returning 0 user's [1] events in year and month: [2020, 7]
2020-07-20 01:02:46,523 INFO UsersClient [JavaFX Application Thread] Logging user by his username and password: [test]
2020-07-20 01:02:46,733 INFO UsersClient [JavaFX Application Thread] User testsuccessfully logged in
2020-07-20 01:02:46,824 INFO EventsClient [Thread-4] Getting all user's [1] events to alert.
2020-07-20 01:02:46,840 INFO EventsClient [JavaFX Application Thread] Getting all user's [1] events in year and month: [2020, 7]
2020-07-20 01:02:46,868 INFO EventsClient [JavaFX Application Thread] Returning 0 user's [1] events in year and month: [2020, 7]
2020-07-20 01:03:56,751 INFO UsersClient [JavaFX Application Thread] Logging user by his username and password: [test]
2020-07-20 01:03:56,963 INFO UsersClient [JavaFX Application Thread] User testsuccessfully logged in
2020-07-20 01:03:57,055 INFO EventsClient [Thread-4] Getting all user's [1] events to alert.
2020-07-20 01:03:57,070 INFO EventsClient [JavaFX Application Thread] Getting all user's [1] events in year and month: [2020, 7]
2020-07-20 01:03:57,106 INFO EventsClient [JavaFX Application Thread] Returning 0 user's [1] events in year and month: [2020, 7]
2020-07-20 01:05:11,091 INFO UsersClient [JavaFX Application Thread] Logging user by his username and password: [test]
2020-07-20 01:05:11,277 INFO UsersClient [JavaFX Application Thread] User testsuccessfully logged in
2020-07-20 01:05:11,365 INFO EventsClient [Thread-4] Getting all user's [1] events to alert.
2020-07-20 01:05:11,382 INFO EventsClient [JavaFX Application Thread] Getting all user's [1] events in year and month: [2020, 7]
2020-07-20 01:05:11,417 INFO EventsClient [JavaFX Application Thread] Returning 0 user's [1] events in year and month: [2020, 7]
2020-07-20 01:06:41,970 INFO UsersClient [JavaFX Application Thread] Logging user by his username and password: [test]
2020-07-20 01:06:42,155 INFO UsersClient [JavaFX Application Thread] User testsuccessfully logged in
2020-07-20 01:06:42,253 INFO EventsClient [Thread-4] Getting all user's [1] events to alert.
2020-07-20 01:06:42,269 INFO EventsClient [JavaFX Application Thread] Getting all user's [1] events in year and month: [2020, 7]
2020-07-20 01:06:42,297 INFO EventsClient [JavaFX Application Thread] Returning 0 user's [1] events in year and month: [2020, 7]
2020-07-20 01:08:44,972 INFO UsersClient [JavaFX Application Thread] Logging user by his username and password: [test]
2020-07-20 01:08:45,013 DEBUG org.springframework.core.log.CompositeLog [JavaFX Application Thread] HTTP GET http://localhost:8080/users/test/test
2020-07-20 01:08:45,023 DEBUG org.springframework.core.log.CompositeLog [JavaFX Application Thread] Accept=[text/plain, application/json, application/*+json, */*]
2020-07-20 01:08:45,125 DEBUG org.springframework.core.log.CompositeLog [JavaFX Application Thread] Response 200 OK
2020-07-20 01:08:45,127 DEBUG org.springframework.core.log.CompositeLog [JavaFX Application Thread] Reading to [java.lang.String] as "application/json"
2020-07-20 01:08:45,180 INFO UsersClient [JavaFX Application Thread] User testsuccessfully logged in
2020-07-20 01:08:45,288 INFO EventsClient [Thread-4] Getting all user's [1] events to alert.
2020-07-20 01:08:45,297 DEBUG EventsClient [Thread-4] Current time is:2020-07-20T01:08:45.297
2020-07-20 01:08:45,298 DEBUG org.springframework.core.log.CompositeLog [Thread-4] HTTP GET http://localhost:8080/events/alert/1/2020-07-20T01:08:45.295
2020-07-20 01:08:45,299 DEBUG org.springframework.core.log.CompositeLog [Thread-4] Accept=[text/plain, application/json, application/*+json, */*]
2020-07-20 01:08:45,303 INFO EventsClient [JavaFX Application Thread] Getting all user's [1] events in year and month: [2020, 7]
2020-07-20 01:08:45,304 DEBUG org.springframework.core.log.CompositeLog [JavaFX Application Thread] HTTP GET http://localhost:8080/events/1/2020/7
2020-07-20 01:08:45,305 DEBUG org.springframework.core.log.CompositeLog [JavaFX Application Thread] Accept=[text/plain, application/json, application/*+json, */*]
2020-07-20 01:08:45,308 DEBUG org.springframework.core.log.CompositeLog [Thread-4] Response 400 BAD_REQUEST
2020-07-20 01:08:45,311 DEBUG org.springframework.core.log.CompositeLog [JavaFX Application Thread] Response 200 OK
2020-07-20 01:08:45,312 DEBUG org.springframework.core.log.CompositeLog [JavaFX Application Thread] Reading to [java.lang.String] as "application/json"
2020-07-20 01:08:45,340 INFO EventsClient [JavaFX Application Thread] Returning 0 user's [1] events in year and month: [2020, 7]
