2020-05-20 15:06:15,321 INFO UsersClient [JavaFX Application Thread] Logging user by his username and password: [test]
2020-05-20 15:06:15,880 INFO UsersClient [JavaFX Application Thread] User testsuccessfully logged in
2020-05-20 15:06:16,040 INFO EventsClient [Thread-4] Getting all user's [1] events to alert.
2020-05-20 15:06:16,064 INFO EventsClient [JavaFX Application Thread] Getting all user's [1] events in year and month: [2020, 5]
2020-05-20 15:06:16,288 INFO EventsClient [Thread-4] Returning all user's [1] events to alert.
2020-05-20 15:06:16,311 INFO EventsClient [JavaFX Application Thread] Returning 40 user's [1] events in year and month: [2020, 5]
2020-05-20 15:06:21,961 INFO EventsClient [JavaFX Application Thread] Getting all user's [1] events in year and month: [2020, 6]
2020-05-20 15:06:21,972 INFO EventsClient [JavaFX Application Thread] Returning 0 user's [1] events in year and month: [2020, 6]
2020-05-20 15:06:31,953 INFO EventsClient [JavaFX Application Thread] Getting all user's [1] events in year and month: [2020, 6]
2020-05-20 15:06:31,963 INFO EventsClient [JavaFX Application Thread] Returning 0 user's [1] events in year and month: [2020, 6]
2020-05-20 15:06:35,055 INFO EventsClient [JavaFX Application Thread] Getting all user's [1] events in year and month: [2020, 6]
2020-05-20 15:06:35,064 INFO EventsClient [JavaFX Application Thread] Returning 0 user's [1] events in year and month: [2020, 6]
2020-05-20 15:06:39,700 INFO EventsClient [JavaFX Application Thread] Getting all user's [1] events in year and month: [2020, 6]
2020-05-20 15:06:39,711 INFO EventsClient [JavaFX Application Thread] Returning 0 user's [1] events in year and month: [2020, 6]
2020-05-20 15:07:00,290 INFO EventsClient [Thread-4] Getting all user's [1] events to alert.
2020-05-20 15:07:00,298 INFO EventsClient [Thread-4] Returning all user's [1] events to alert.
2020-05-20 15:08:28,984 INFO UsersClient [JavaFX Application Thread] Logging user by his username and password: [test]
2020-05-20 15:08:29,176 INFO UsersClient [JavaFX Application Thread] User testsuccessfully logged in
2020-05-20 15:08:29,270 INFO EventsClient [Thread-4] Getting all user's [1] events to alert.
2020-05-20 15:08:29,292 INFO EventsClient [JavaFX Application Thread] Getting all user's [1] events in year and month: [2020, 5]
2020-05-20 15:08:29,302 INFO EventsClient [Thread-4] Returning all user's [1] events to alert.
2020-05-20 15:08:29,341 INFO EventsClient [JavaFX Application Thread] Returning 40 user's [1] events in year and month: [2020, 5]
2020-05-20 15:08:33,544 INFO EventsClient [JavaFX Application Thread] Getting all user's [1] events in year and month: [2021, 5]
2020-05-20 15:08:33,554 INFO EventsClient [JavaFX Application Thread] Returning 0 user's [1] events in year and month: [2021, 5]
2020-05-20 15:08:35,688 INFO EventsClient [JavaFX Application Thread] Getting all user's [1] events in year and month: [2020, 5]
2020-05-20 15:08:35,714 INFO EventsClient [JavaFX Application Thread] Returning 40 user's [1] events in year and month: [2020, 5]
2020-05-20 15:08:37,039 INFO EventsClient [JavaFX Application Thread] Getting all user's [1] events in year and month: [2021, 5]
2020-05-20 15:08:37,046 INFO EventsClient [JavaFX Application Thread] Returning 0 user's [1] events in year and month: [2021, 5]
2020-05-20 15:08:37,451 INFO EventsClient [JavaFX Application Thread] Getting all user's [1] events in year and month: [2022, 5]
2020-05-20 15:08:37,457 INFO EventsClient [JavaFX Application Thread] Returning 0 user's [1] events in year and month: [2022, 5]
2020-05-20 15:08:38,258 INFO EventsClient [JavaFX Application Thread] Getting all user's [1] events in year and month: [2023, 5]
2020-05-20 15:08:38,267 INFO EventsClient [JavaFX Application Thread] Returning 0 user's [1] events in year and month: [2023, 5]
2020-05-20 15:08:40,919 INFO EventsClient [JavaFX Application Thread] Getting all user's [1] events in year and month: [2024, 5]
2020-05-20 15:08:40,928 INFO EventsClient [JavaFX Application Thread] Returning 0 user's [1] events in year and month: [2024, 5]
2020-05-20 15:08:42,315 INFO EventsClient [JavaFX Application Thread] Getting all user's [1] events in year and month: [2023, 5]
2020-05-20 15:08:42,322 INFO EventsClient [JavaFX Application Thread] Returning 0 user's [1] events in year and month: [2023, 5]
2020-05-20 15:08:42,538 INFO EventsClient [JavaFX Application Thread] Getting all user's [1] events in year and month: [2022, 5]
2020-05-20 15:08:42,551 INFO EventsClient [JavaFX Application Thread] Returning 0 user's [1] events in year and month: [2022, 5]
2020-05-20 15:08:42,964 INFO EventsClient [JavaFX Application Thread] Getting all user's [1] events in year and month: [2021, 5]
2020-05-20 15:08:42,973 INFO EventsClient [JavaFX Application Thread] Returning 0 user's [1] events in year and month: [2021, 5]
2020-05-20 15:08:43,452 INFO EventsClient [JavaFX Application Thread] Getting all user's [1] events in year and month: [2020, 5]
2020-05-20 15:08:43,470 INFO EventsClient [JavaFX Application Thread] Returning 40 user's [1] events in year and month: [2020, 5]
2020-05-20 15:08:56,227 INFO EventsClient [JavaFX Application Thread] Inserting event brh
2020-05-20 15:08:56,471 INFO EventsClient [JavaFX Application Thread] Event brh successfully inserted
2020-05-20 15:08:56,475 INFO EventsClient [JavaFX Application Thread] Getting all user's [1] events in year and month: [2020, 5]
2020-05-20 15:08:56,495 INFO EventsClient [JavaFX Application Thread] Returning 41 user's [1] events in year and month: [2020, 5]
2020-05-20 15:09:00,304 INFO EventsClient [Thread-4] Getting all user's [1] events to alert.
2020-05-20 15:09:00,313 INFO EventsClient [Thread-4] Returning all user's [1] events to alert.
2020-05-20 15:09:05,929 INFO EventsClient [JavaFX Application Thread] Getting event by user's [1] and event's [242] ID
2020-05-20 15:09:05,940 INFO EventsClient [JavaFX Application Thread] Returning event by user's [1] and event's [242] ID
2020-05-20 15:09:08,487 INFO EventsClient [JavaFX Application Thread] Deleting event [242]
2020-05-20 15:09:08,527 INFO EventsClient [JavaFX Application Thread] Event [242] successsffully deleted
2020-05-20 15:09:08,529 INFO EventsClient [JavaFX Application Thread] Getting all user's [1] events in year and month: [2020, 5]
2020-05-20 15:09:08,546 INFO EventsClient [JavaFX Application Thread] Returning 40 user's [1] events in year and month: [2020, 5]
2020-05-20 15:12:59,620 INFO UsersClient [JavaFX Application Thread] Logging user by his username and password: [ghfgj]
2020-05-20 15:12:59,776 ERROR UsersClient [JavaFX Application Thread] Error logging in user ghfgj. HTTP Status: 500
2020-05-20 15:13:09,502 INFO UsersClient [JavaFX Application Thread] Logging user by his username and password: [test]
2020-05-20 15:13:09,560 INFO UsersClient [JavaFX Application Thread] User testsuccessfully logged in
2020-05-20 15:13:09,644 INFO EventsClient [Thread-4] Getting all user's [1] events to alert.
2020-05-20 15:13:09,664 INFO EventsClient [JavaFX Application Thread] Getting all user's [1] events in year and month: [2020, 5]
2020-05-20 15:13:09,673 INFO EventsClient [Thread-4] Returning all user's [1] events to alert.
2020-05-20 15:13:09,695 INFO EventsClient [JavaFX Application Thread] Returning 40 user's [1] events in year and month: [2020, 5]
2020-05-20 15:13:57,133 INFO EventsClient [JavaFX Application Thread] Inserting event hjk
2020-05-20 15:13:57,217 INFO EventsClient [JavaFX Application Thread] Event hjk successfully inserted
2020-05-20 15:13:57,221 INFO EventsClient [JavaFX Application Thread] Getting all user's [1] events in year and month: [2020, 5]
2020-05-20 15:13:57,238 INFO EventsClient [JavaFX Application Thread] Returning 41 user's [1] events in year and month: [2020, 5]
2020-05-20 15:13:59,233 INFO EventsClient [JavaFX Application Thread] Getting event by user's [1] and event's [249] ID
2020-05-20 15:13:59,241 INFO EventsClient [JavaFX Application Thread] Returning event by user's [1] and event's [249] ID
2020-05-20 15:14:00,675 INFO EventsClient [Thread-4] Getting all user's [1] events to alert.
2020-05-20 15:14:00,685 INFO EventsClient [Thread-4] Returning all user's [1] events to alert.
2020-05-20 15:14:04,476 INFO EventsClient [JavaFX Application Thread] Updating event [249]
2020-05-20 15:14:04,489 INFO EventsClient [JavaFX Application Thread] Event [249] successffully updated.
2020-05-20 15:14:04,491 INFO EventsClient [JavaFX Application Thread] Getting all user's [1] events in year and month: [2020, 5]
2020-05-20 15:14:04,504 INFO EventsClient [JavaFX Application Thread] Returning 41 user's [1] events in year and month: [2020, 5]
2020-05-20 15:14:05,643 INFO EventsClient [JavaFX Application Thread] Getting event by user's [1] and event's [249] ID
2020-05-20 15:14:05,649 INFO EventsClient [JavaFX Application Thread] Returning event by user's [1] and event's [249] ID
2020-05-20 15:14:08,032 INFO EventsClient [JavaFX Application Thread] Deleting event [249]
2020-05-20 15:14:08,046 INFO EventsClient [JavaFX Application Thread] Event [249] successsffully deleted
2020-05-20 15:14:08,049 INFO EventsClient [JavaFX Application Thread] Getting all user's [1] events in year and month: [2020, 5]
2020-05-20 15:14:08,067 INFO EventsClient [JavaFX Application Thread] Returning 40 user's [1] events in year and month: [2020, 5]
2020-05-20 15:14:12,076 INFO EventsClient [JavaFX Application Thread] Getting all user's [1] events in year and month: [2020, 6]
2020-05-20 15:14:12,083 INFO EventsClient [JavaFX Application Thread] Returning 0 user's [1] events in year and month: [2020, 6]
2020-05-20 15:14:13,329 INFO EventsClient [JavaFX Application Thread] Getting all user's [1] events in year and month: [2020, 8]
2020-05-20 15:14:13,338 INFO EventsClient [JavaFX Application Thread] Returning 23 user's [1] events in year and month: [2020, 8]
2020-05-20 15:14:18,492 INFO EventsClient [JavaFX Application Thread] Getting all user's [1] events in year and month: [2020, 5]
2020-05-20 15:14:18,503 INFO EventsClient [JavaFX Application Thread] Returning 40 user's [1] events in year and month: [2020, 5]
2020-05-20 15:14:27,951 INFO EventsClient [JavaFX Application Thread] Getting event by user's [1] and event's [157] ID
2020-05-20 15:14:27,958 INFO EventsClient [JavaFX Application Thread] Returning event by user's [1] and event's [157] ID
2020-05-20 15:14:46,104 INFO EventsClient [JavaFX Application Thread] Getting all user's [1] events in year and month: [2020, 5]
2020-05-20 15:14:46,122 INFO EventsClient [JavaFX Application Thread] Returning 40 user's [1] events in year and month: [2020, 5]
2020-05-20 15:14:48,785 INFO EventsClient [JavaFX Application Thread] Getting all user's [1] events in year and month: [2020, 5]
2020-05-20 15:14:48,795 INFO EventsClient [JavaFX Application Thread] Returning 40 user's [1] events in year and month: [2020, 5]
2020-05-20 15:15:00,686 INFO EventsClient [Thread-4] Getting all user's [1] events to alert.
2020-05-20 15:15:00,696 INFO EventsClient [Thread-4] Returning all user's [1] events to alert.
2020-05-20 15:15:08,361 INFO EventsClient [JavaFX Application Thread] Updating event [104]
2020-05-20 15:15:08,372 INFO EventsClient [JavaFX Application Thread] Event [104] successffully updated.
2020-05-20 15:16:00,697 INFO EventsClient [Thread-4] Getting all user's [1] events to alert.
2020-05-20 15:16:00,707 INFO EventsClient [Thread-4] Returning all user's [1] events to alert.
2020-05-20 15:17:00,708 INFO EventsClient [Thread-4] Getting all user's [1] events to alert.
2020-05-20 15:17:00,718 INFO EventsClient [Thread-4] Returning all user's [1] events to alert.
2020-05-20 15:17:09,045 INFO UsersClient [JavaFX Application Thread] Inserting new User. Username: test First name: n, last name: n
2020-05-20 15:17:09,059 ERROR UsersClient [JavaFX Application Thread] Error inserting new user.Username: test First name: n, last name: n. HTTP Status: 500
2020-05-20 15:17:14,801 INFO UsersClient [JavaFX Application Thread] Inserting new User. Username: a First name: n, last name: n
2020-05-20 15:17:14,864 INFO UsersClient [JavaFX Application Thread] User asuccessfully inserted
2020-05-20 15:17:14,894 INFO EventsClient [Thread-7] Getting all user's [22] events to alert.
2020-05-20 15:17:14,895 INFO EventsClient [JavaFX Application Thread] Getting all user's [22] events in year and month: [2020, 5]
2020-05-20 15:17:14,906 INFO EventsClient [Thread-7] Returning all user's [22] events to alert.
2020-05-20 15:17:14,906 INFO EventsClient [JavaFX Application Thread] Returning 0 user's [22] events in year and month: [2020, 5]
2020-05-20 15:50:04,367 INFO UsersClient [JavaFX Application Thread] Logging user by his username and password: [test]
2020-05-20 15:50:04,929 INFO UsersClient [JavaFX Application Thread] User testsuccessfully logged in
2020-05-20 15:50:05,043 INFO EventsClient [Thread-4] Getting all user's [1] events to alert.
2020-05-20 15:50:05,066 INFO EventsClient [JavaFX Application Thread] Getting all user's [1] events in year and month: [2020, 5]
2020-05-20 15:50:05,123 INFO EventsClient [Thread-4] Returning all user's [1] events to alert.
2020-05-20 15:50:05,156 INFO EventsClient [JavaFX Application Thread] Returning 40 user's [1] events in year and month: [2020, 5]
2020-05-20 15:50:07,971 INFO EventsClient [JavaFX Application Thread] Getting event by user's [1] and event's [104] ID
2020-05-20 15:50:07,985 INFO EventsClient [JavaFX Application Thread] Returning event by user's [1] and event's [104] ID
2020-05-20 15:50:12,090 INFO EventsClient [JavaFX Application Thread] Deleting event [104]
2020-05-20 15:50:12,116 INFO EventsClient [JavaFX Application Thread] Event [104] successsffully deleted
2020-05-20 15:50:12,121 INFO EventsClient [JavaFX Application Thread] Getting all user's [1] events in year and month: [2020, 5]
2020-05-20 15:50:12,160 INFO EventsClient [JavaFX Application Thread] Returning 39 user's [1] events in year and month: [2020, 5]
2020-05-20 16:01:20,987 INFO UsersClient [JavaFX Application Thread] Logging user by his username and password: [test]
2020-05-20 16:01:21,241 INFO UsersClient [JavaFX Application Thread] User testsuccessfully logged in
2020-05-20 16:01:21,380 INFO EventsClient [Thread-4] Getting all user's [1] events to alert.
2020-05-20 16:01:21,404 INFO EventsClient [JavaFX Application Thread] Getting all user's [1] events in year and month: [2020, 5]
2020-05-20 16:01:21,420 INFO EventsClient [Thread-4] Returning all user's [1] events to alert.
2020-05-20 16:01:21,457 INFO EventsClient [JavaFX Application Thread] Returning 39 user's [1] events in year and month: [2020, 5]
2020-05-20 16:01:40,271 INFO EventsClient [JavaFX Application Thread] Inserting event gdjhfjj
2020-05-20 16:01:40,423 INFO EventsClient [JavaFX Application Thread] Event gdjhfjj successfully inserted
2020-05-20 16:01:40,427 INFO EventsClient [JavaFX Application Thread] Getting all user's [1] events in year and month: [2020, 5]
2020-05-20 16:01:40,454 INFO EventsClient [JavaFX Application Thread] Returning 40 user's [1] events in year and month: [2020, 5]
2020-05-20 16:01:45,966 INFO EventsClient [JavaFX Application Thread] Getting event by user's [1] and event's [250] ID
2020-05-20 16:01:45,974 INFO EventsClient [JavaFX Application Thread] Returning event by user's [1] and event's [250] ID
2020-05-20 16:02:00,110 INFO EventsClient [JavaFX Application Thread] Updating event [250]
2020-05-20 16:02:00,123 INFO EventsClient [JavaFX Application Thread] Event [250] successffully updated.
2020-05-20 16:02:00,133 INFO EventsClient [JavaFX Application Thread] Getting all user's [1] events in year and month: [2020, 5]
2020-05-20 16:02:00,152 INFO EventsClient [JavaFX Application Thread] Returning 40 user's [1] events in year and month: [2020, 5]
2020-05-20 16:02:00,421 INFO EventsClient [Thread-4] Getting all user's [1] events to alert.
2020-05-20 16:02:00,431 INFO EventsClient [Thread-4] Returning all user's [1] events to alert.
2020-05-20 16:02:01,850 INFO EventsClient [JavaFX Application Thread] Getting event by user's [1] and event's [250] ID
2020-05-20 16:02:01,861 INFO EventsClient [JavaFX Application Thread] Returning event by user's [1] and event's [250] ID
2020-05-20 16:02:06,153 INFO EventsClient [JavaFX Application Thread] Deleting event [250]
2020-05-20 16:02:06,165 INFO EventsClient [JavaFX Application Thread] Event [250] successsffully deleted
2020-05-20 16:02:06,174 INFO EventsClient [JavaFX Application Thread] Getting all user's [1] events in year and month: [2020, 5]
2020-05-20 16:02:06,197 INFO EventsClient [JavaFX Application Thread] Returning 39 user's [1] events in year and month: [2020, 5]
2020-05-20 16:02:08,912 INFO EventsClient [JavaFX Application Thread] Getting all user's [1] events in year and month: [2020, 8]
2020-05-20 16:02:08,925 INFO EventsClient [JavaFX Application Thread] Returning 23 user's [1] events in year and month: [2020, 8]
2020-05-20 16:02:10,284 INFO EventsClient [JavaFX Application Thread] Getting all user's [1] events in year and month: [2020, 9]
2020-05-20 16:02:10,292 INFO EventsClient [JavaFX Application Thread] Returning 0 user's [1] events in year and month: [2020, 9]
2020-05-20 16:02:11,845 INFO EventsClient [JavaFX Application Thread] Getting all user's [1] events in year and month: [2020, 5]
2020-05-20 16:02:11,867 INFO EventsClient [JavaFX Application Thread] Returning 39 user's [1] events in year and month: [2020, 5]
2020-05-20 16:02:23,418 INFO EventsClient [JavaFX Application Thread] Inserting event asa
2020-05-20 16:02:23,429 INFO EventsClient [JavaFX Application Thread] Event asa successfully inserted
2020-05-20 16:02:23,431 INFO EventsClient [JavaFX Application Thread] Getting all user's [1] events in year and month: [2020, 5]
2020-05-20 16:02:23,443 INFO EventsClient [JavaFX Application Thread] Returning 40 user's [1] events in year and month: [2020, 5]
2020-05-20 16:02:38,282 INFO EventsClient [JavaFX Application Thread] Getting all user's [1] events in year and month: [2020, 5]
2020-05-20 16:02:38,292 INFO EventsClient [JavaFX Application Thread] Returning 40 user's [1] events in year and month: [2020, 5]
2020-05-20 16:03:00,432 INFO EventsClient [Thread-4] Getting all user's [1] events to alert.
2020-05-20 16:03:00,439 INFO EventsClient [Thread-4] Returning all user's [1] events to alert.
2020-05-20 16:03:20,530 INFO EventsClient [JavaFX Application Thread] Getting all user's [1] events in year and month: [2020, 5]
2020-05-20 16:03:20,548 INFO EventsClient [JavaFX Application Thread] Returning 40 user's [1] events in year and month: [2020, 5]
2020-05-20 16:03:24,850 INFO EventsClient [JavaFX Application Thread] Getting all user's [1] events in year and month: [2020, 5]
2020-05-20 16:03:24,864 INFO EventsClient [JavaFX Application Thread] Returning 40 user's [1] events in year and month: [2020, 5]
2020-05-20 16:03:29,568 INFO EventsClient [JavaFX Application Thread] Getting all user's [1] events in year and month: [2020, 5]
2020-05-20 16:03:29,580 INFO EventsClient [JavaFX Application Thread] Returning 40 user's [1] events in year and month: [2020, 5]
2020-05-20 16:03:50,833 INFO EventsClient [JavaFX Application Thread] Getting all user's [1] events in year and month: [2020, 5]
2020-05-20 16:03:50,851 INFO EventsClient [JavaFX Application Thread] Returning 40 user's [1] events in year and month: [2020, 5]
2020-05-20 16:04:00,440 INFO EventsClient [Thread-4] Getting all user's [1] events to alert.
2020-05-20 16:04:00,447 INFO EventsClient [Thread-4] Returning all user's [1] events to alert.
2020-05-20 16:04:03,838 INFO UsersClient [JavaFX Application Thread] Inserting new User. Username: test First name: as, last name: as
2020-05-20 16:04:03,859 ERROR UsersClient [JavaFX Application Thread] Error inserting new user.Username: test First name: as, last name: as. HTTP Status: 500
2020-05-20 16:04:12,719 INFO UsersClient [JavaFX Application Thread] Inserting new User. Username: abcdefgh First name: as, last name: as
2020-05-20 16:04:12,730 INFO UsersClient [JavaFX Application Thread] User abcdefghsuccessfully inserted
2020-05-20 16:04:12,754 INFO EventsClient [Thread-5] Getting all user's [23] events to alert.
2020-05-20 16:04:12,754 INFO EventsClient [JavaFX Application Thread] Getting all user's [23] events in year and month: [2020, 5]
2020-05-20 16:04:12,768 INFO EventsClient [Thread-5] Returning all user's [23] events to alert.
2020-05-20 16:04:12,768 INFO EventsClient [JavaFX Application Thread] Returning 0 user's [23] events in year and month: [2020, 5]
2020-05-20 16:05:00,448 INFO EventsClient [Thread-4] Getting all user's [1] events to alert.
2020-05-20 16:05:00,458 INFO EventsClient [Thread-4] Returning all user's [1] events to alert.
2020-05-20 16:05:00,769 INFO EventsClient [Thread-5] Getting all user's [23] events to alert.
2020-05-20 16:05:00,779 INFO EventsClient [Thread-5] Returning all user's [23] events to alert.
2020-05-20 16:05:32,323 INFO UsersClient [JavaFX Application Thread] Logging user by his username and password: [test]
2020-05-20 16:05:32,331 INFO UsersClient [JavaFX Application Thread] User testsuccessfully logged in
2020-05-20 16:05:32,363 INFO EventsClient [Thread-6] Getting all user's [1] events to alert.
2020-05-20 16:05:32,363 INFO EventsClient [JavaFX Application Thread] Getting all user's [1] events in year and month: [2020, 5]
2020-05-20 16:05:32,374 INFO EventsClient [Thread-6] Returning all user's [1] events to alert.
2020-05-20 16:05:32,376 INFO EventsClient [JavaFX Application Thread] Returning 40 user's [1] events in year and month: [2020, 5]
2020-05-20 16:05:41,323 INFO EventsClient [JavaFX Application Thread] Inserting event a
2020-05-20 16:05:41,339 INFO EventsClient [JavaFX Application Thread] Event a successfully inserted
2020-05-20 16:05:41,341 INFO EventsClient [JavaFX Application Thread] Getting all user's [1] events in year and month: [2020, 5]
2020-05-20 16:05:41,351 INFO EventsClient [JavaFX Application Thread] Returning 41 user's [1] events in year and month: [2020, 5]
2020-05-20 16:06:00,375 INFO EventsClient [Thread-6] Getting all user's [1] events to alert.
2020-05-20 16:06:00,381 INFO EventsClient [Thread-6] Returning all user's [1] events to alert.
2020-05-20 16:06:00,474 INFO EventsClient [Thread-4] Getting all user's [1] events to alert.
2020-05-20 16:06:00,482 INFO EventsClient [Thread-4] Returning all user's [1] events to alert.
2020-05-20 16:06:00,780 INFO EventsClient [Thread-5] Getting all user's [23] events to alert.
2020-05-20 16:06:00,786 INFO EventsClient [Thread-5] Returning all user's [23] events to alert.
2020-05-20 16:06:12,247 INFO EventsClient [JavaFX Application Thread] Updating event [252]
2020-05-20 16:06:12,265 INFO EventsClient [JavaFX Application Thread] Event [252] successffully updated.
2020-05-20 16:06:14,486 INFO EventsClient [JavaFX Application Thread] Updating event [252]
2020-05-20 16:06:14,502 INFO EventsClient [JavaFX Application Thread] Event [252] successffully updated.
2020-05-20 16:06:16,037 INFO EventsClient [JavaFX Application Thread] Getting event by user's [1] and event's [252] ID
2020-05-20 16:06:16,042 INFO EventsClient [JavaFX Application Thread] Returning event by user's [1] and event's [252] ID
2020-05-20 16:06:27,516 INFO EventsClient [JavaFX Application Thread] Deleting event [252]
2020-05-20 16:06:27,526 INFO EventsClient [JavaFX Application Thread] Event [252] successsffully deleted
2020-05-20 16:06:27,529 INFO EventsClient [JavaFX Application Thread] Getting all user's [1] events in year and month: [2020, 5]
2020-05-20 16:06:27,550 INFO EventsClient [JavaFX Application Thread] Returning 40 user's [1] events in year and month: [2020, 5]
2020-05-20 16:50:57,519 INFO UsersClient [JavaFX Application Thread] Logging user by his username and password: [test]
2020-05-20 16:50:57,717 INFO UsersClient [JavaFX Application Thread] User testsuccessfully logged in
2020-05-20 16:50:57,801 INFO EventsClient [Thread-4] Getting all user's [1] events to alert.
2020-05-20 16:50:57,821 INFO EventsClient [JavaFX Application Thread] Getting all user's [1] events in year and month: [2020, 5]
2020-05-20 16:50:57,836 INFO EventsClient [Thread-4] Returning all user's [1] events to alert.
2020-05-20 16:50:57,853 INFO EventsClient [JavaFX Application Thread] Returning 40 user's [1] events in year and month: [2020, 5]
2020-05-20 16:51:00,837 INFO EventsClient [Thread-4] Getting all user's [1] events to alert.
2020-05-20 16:51:00,848 INFO EventsClient [Thread-4] Returning all user's [1] events to alert.
2020-05-20 16:51:08,025 INFO EventsClient [JavaFX Application Thread] Inserting event a
2020-05-20 16:51:08,144 INFO EventsClient [JavaFX Application Thread] Event a successfully inserted
2020-05-20 16:51:08,158 INFO EventsClient [JavaFX Application Thread] Getting all user's [1] events in year and month: [2020, 5]
2020-05-20 16:51:08,175 INFO EventsClient [JavaFX Application Thread] Returning 41 user's [1] events in year and month: [2020, 5]
2020-05-20 16:52:00,849 INFO EventsClient [Thread-4] Getting all user's [1] events to alert.
2020-05-20 16:52:00,859 INFO EventsClient [Thread-4] Returning all user's [1] events to alert.
2020-05-20 16:52:05,815 INFO EventsClient [JavaFX Application Thread] Updating event [253]
2020-05-20 16:52:05,842 INFO EventsClient [JavaFX Application Thread] Event [253] successffully updated.
2020-05-20 16:52:07,667 INFO EventsClient [JavaFX Application Thread] Getting event by user's [1] and event's [253] ID
2020-05-20 16:52:07,673 INFO EventsClient [JavaFX Application Thread] Returning event by user's [1] and event's [253] ID
2020-05-20 16:52:12,798 INFO EventsClient [JavaFX Application Thread] Deleting event [253]
2020-05-20 16:52:12,815 INFO EventsClient [JavaFX Application Thread] Event [253] successsffully deleted
2020-05-20 16:52:12,818 INFO EventsClient [JavaFX Application Thread] Getting all user's [1] events in year and month: [2020, 5]
2020-05-20 16:52:12,833 INFO EventsClient [JavaFX Application Thread] Returning 40 user's [1] events in year and month: [2020, 5]
2020-06-24 17:26:43,041 INFO UsersClient [JavaFX Application Thread] Logging user by his username and password: [test]
2020-06-24 17:26:43,620 INFO UsersClient [JavaFX Application Thread] User testsuccessfully logged in
2020-06-24 17:26:43,773 INFO EventsClient [Thread-4] Getting all user's [1] events to alert.
2020-06-24 17:26:43,796 INFO EventsClient [JavaFX Application Thread] Getting all user's [1] events in year and month: [2020, 6]
2020-06-24 17:26:43,931 INFO EventsClient [Thread-4] Returning all user's [1] events to alert.
2020-06-24 17:26:43,931 INFO EventsClient [JavaFX Application Thread] Returning 0 user's [1] events in year and month: [2020, 6]
2020-06-24 17:26:51,677 INFO EventsClient [JavaFX Application Thread] Getting all user's [1] events in year and month: [2020, 5]
2020-06-24 17:26:51,718 INFO EventsClient [JavaFX Application Thread] Returning 40 user's [1] events in year and month: [2020, 5]
2020-06-24 17:26:56,367 INFO EventsClient [JavaFX Application Thread] Getting all user's [1] events in year and month: [2020, 6]
2020-06-24 17:26:56,374 INFO EventsClient [JavaFX Application Thread] Returning 0 user's [1] events in year and month: [2020, 6]
2020-06-24 17:26:57,739 INFO EventsClient [JavaFX Application Thread] Getting all user's [1] events in year and month: [2020, 7]
2020-06-24 17:26:57,748 INFO EventsClient [JavaFX Application Thread] Returning 0 user's [1] events in year and month: [2020, 7]
2020-06-24 17:27:00,931 INFO EventsClient [Thread-4] Getting all user's [1] events to alert.
2020-06-24 17:27:00,937 INFO EventsClient [Thread-4] Returning all user's [1] events to alert.
2020-06-24 17:27:18,978 INFO EventsClient [JavaFX Application Thread] Getting all user's [1] events in year and month: [2020, 7]
2020-06-24 17:27:18,991 INFO EventsClient [JavaFX Application Thread] Returning 0 user's [1] events in year and month: [2020, 7]
2020-06-24 17:27:28,689 INFO EventsClient [JavaFX Application Thread] Getting all user's [1] events in year and month: [2020, 7]
2020-06-24 17:27:28,697 INFO EventsClient [JavaFX Application Thread] Returning 0 user's [1] events in year and month: [2020, 7]
2020-06-24 17:27:31,716 INFO EventsClient [JavaFX Application Thread] Getting all user's [1] events in year and month: [2020, 7]
2020-06-24 17:27:31,724 INFO EventsClient [JavaFX Application Thread] Returning 0 user's [1] events in year and month: [2020, 7]
2020-06-24 18:02:53,411 INFO UsersClient [JavaFX Application Thread] Logging user by his username and password: [test]
2020-06-24 18:02:53,623 INFO UsersClient [JavaFX Application Thread] User testsuccessfully logged in
2020-06-24 18:04:03,366 INFO UsersClient [JavaFX Application Thread] Logging user by his username and password: [test]
2020-06-24 18:04:03,636 INFO UsersClient [JavaFX Application Thread] User testsuccessfully logged in
2020-06-24 18:07:05,984 INFO UsersClient [JavaFX Application Thread] Logging user by his username and password: [test]
2020-06-24 18:07:06,233 INFO UsersClient [JavaFX Application Thread] User testsuccessfully logged in
2020-06-24 18:07:32,347 INFO UsersClient [JavaFX Application Thread] Logging user by his username and password: [test]
2020-06-24 18:07:32,631 INFO UsersClient [JavaFX Application Thread] User testsuccessfully logged in
2020-06-24 18:07:34,960 INFO EventsClient [Thread-4] Getting all user's [1] events to alert.
2020-06-24 18:07:34,980 INFO EventsClient [JavaFX Application Thread] Getting all user's [1] events in year and month: [2020, 6]
2020-06-24 18:07:35,004 INFO EventsClient [Thread-4] Returning all user's [1] events to alert.
2020-06-24 18:07:35,004 INFO EventsClient [JavaFX Application Thread] Returning 0 user's [1] events in year and month: [2020, 6]
2020-06-24 18:08:00,005 INFO EventsClient [Thread-4] Getting all user's [1] events to alert.
2020-06-24 18:08:00,013 INFO EventsClient [Thread-4] Returning all user's [1] events to alert.
2020-06-24 18:09:00,013 INFO EventsClient [Thread-4] Getting all user's [1] events to alert.
2020-06-24 18:09:00,022 INFO EventsClient [Thread-4] Returning all user's [1] events to alert.
2020-06-24 18:10:00,023 INFO EventsClient [Thread-4] Getting all user's [1] events to alert.
2020-06-24 18:10:00,030 INFO EventsClient [Thread-4] Returning all user's [1] events to alert.
2020-06-24 18:11:00,031 INFO EventsClient [Thread-4] Getting all user's [1] events to alert.
2020-06-24 18:11:00,039 INFO EventsClient [Thread-4] Returning all user's [1] events to alert.
2020-06-24 18:12:00,039 INFO EventsClient [Thread-4] Getting all user's [1] events to alert.
2020-06-24 18:12:00,047 INFO EventsClient [Thread-4] Returning all user's [1] events to alert.
2020-06-24 18:13:00,048 INFO EventsClient [Thread-4] Getting all user's [1] events to alert.
2020-06-24 18:13:00,055 INFO EventsClient [Thread-4] Returning all user's [1] events to alert.
2020-06-24 18:14:00,055 INFO EventsClient [Thread-4] Getting all user's [1] events to alert.
2020-06-24 18:14:00,063 INFO EventsClient [Thread-4] Returning all user's [1] events to alert.
2020-06-24 18:14:50,642 INFO UsersClient [JavaFX Application Thread] Logging user by his username and password: [test]
2020-06-24 18:14:50,835 INFO UsersClient [JavaFX Application Thread] User testsuccessfully logged in
2020-06-24 18:14:50,927 INFO EventsClient [Thread-4] Getting all user's [1] events to alert.
2020-06-24 18:14:50,944 INFO EventsClient [JavaFX Application Thread] Getting all user's [1] events in year and month: [2020, 6]
2020-06-24 18:14:50,962 INFO EventsClient [Thread-4] Returning all user's [1] events to alert.
2020-06-24 18:14:50,962 INFO EventsClient [JavaFX Application Thread] Returning 0 user's [1] events in year and month: [2020, 6]
2020-06-24 18:15:00,963 INFO EventsClient [Thread-4] Getting all user's [1] events to alert.
2020-06-24 18:15:00,969 INFO EventsClient [Thread-4] Returning all user's [1] events to alert.
2020-06-24 18:16:00,970 INFO EventsClient [Thread-4] Getting all user's [1] events to alert.
2020-06-24 18:16:00,980 INFO EventsClient [Thread-4] Returning all user's [1] events to alert.
2020-06-24 18:17:00,980 INFO EventsClient [Thread-4] Getting all user's [1] events to alert.
2020-06-24 18:17:00,987 INFO EventsClient [Thread-4] Returning all user's [1] events to alert.
2020-06-24 18:17:35,507 INFO UsersClient [JavaFX Application Thread] Logging user by his username and password: [test]
2020-06-24 18:17:35,693 INFO UsersClient [JavaFX Application Thread] User testsuccessfully logged in
2020-06-24 18:17:35,785 INFO EventsClient [Thread-4] Getting all user's [1] events to alert.
2020-06-24 18:17:35,803 INFO EventsClient [JavaFX Application Thread] Getting all user's [1] events in year and month: [2020, 6]
2020-06-24 18:17:35,819 INFO EventsClient [Thread-4] Returning all user's [1] events to alert.
2020-06-24 18:17:35,819 INFO EventsClient [JavaFX Application Thread] Returning 0 user's [1] events in year and month: [2020, 6]
2020-06-24 18:18:00,821 INFO EventsClient [Thread-4] Getting all user's [1] events to alert.
2020-06-24 18:18:00,827 INFO EventsClient [Thread-4] Returning all user's [1] events to alert.
2020-06-24 18:19:00,828 INFO EventsClient [Thread-4] Getting all user's [1] events to alert.
2020-06-24 18:19:00,835 INFO EventsClient [Thread-4] Returning all user's [1] events to alert.
2020-06-24 18:20:00,836 INFO EventsClient [Thread-4] Getting all user's [1] events to alert.
2020-06-24 18:20:00,844 INFO EventsClient [Thread-4] Returning all user's [1] events to alert.
2020-06-24 18:26:54,875 INFO UsersClient [JavaFX Application Thread] Logging user by his username and password: [test]
2020-06-24 18:26:55,064 INFO UsersClient [JavaFX Application Thread] User testsuccessfully logged in
2020-06-24 18:26:55,177 INFO EventsClient [Thread-4] Getting all user's [1] events to alert.
2020-06-24 18:26:55,200 INFO EventsClient [JavaFX Application Thread] Getting all user's [1] events in year and month: [2020, 6]
2020-06-24 18:26:55,218 INFO EventsClient [Thread-4] Returning all user's [1] events to alert.
2020-06-24 18:26:55,218 INFO EventsClient [JavaFX Application Thread] Returning 0 user's [1] events in year and month: [2020, 6]
2020-06-24 18:27:00,218 INFO EventsClient [Thread-4] Getting all user's [1] events to alert.
2020-06-24 18:27:00,225 INFO EventsClient [Thread-4] Returning all user's [1] events to alert.
2020-06-24 18:28:00,226 INFO EventsClient [Thread-4] Getting all user's [1] events to alert.
2020-06-24 18:28:00,239 INFO EventsClient [Thread-4] Returning all user's [1] events to alert.
2020-06-24 18:38:11,168 INFO UsersClient [JavaFX Application Thread] Logging user by his username and password: [test]
2020-06-24 18:38:11,359 INFO UsersClient [JavaFX Application Thread] User testsuccessfully logged in
2020-06-24 18:38:11,461 INFO EventsClient [Thread-4] Getting all user's [1] events to alert.
2020-06-24 18:38:11,481 INFO EventsClient [JavaFX Application Thread] Getting all user's [1] events in year and month: [2020, 6]
2020-06-24 18:38:11,492 INFO EventsClient [Thread-4] Returning all user's [1] events to alert.
2020-06-24 18:38:11,493 INFO EventsClient [JavaFX Application Thread] Returning 0 user's [1] events in year and month: [2020, 6]
2020-06-24 18:39:00,494 INFO EventsClient [Thread-4] Getting all user's [1] events to alert.
2020-06-24 18:39:00,503 INFO EventsClient [Thread-4] Returning all user's [1] events to alert.
2020-06-24 18:40:00,505 INFO EventsClient [Thread-4] Getting all user's [1] events to alert.
2020-06-24 18:40:00,514 INFO EventsClient [Thread-4] Returning all user's [1] events to alert.
2020-06-24 18:48:01,149 INFO UsersClient [JavaFX Application Thread] Logging user by his username and password: [test]
2020-06-24 18:48:01,333 INFO UsersClient [JavaFX Application Thread] User testsuccessfully logged in
2020-06-24 18:48:01,440 INFO EventsClient [Thread-4] Getting all user's [1] events to alert.
2020-06-24 18:48:01,460 INFO EventsClient [JavaFX Application Thread] Getting all user's [1] events in year and month: [2020, 6]
2020-06-24 18:48:01,469 INFO EventsClient [Thread-4] Returning all user's [1] events to alert.
2020-06-24 18:48:01,470 INFO EventsClient [JavaFX Application Thread] Returning 0 user's [1] events in year and month: [2020, 6]
2020-06-24 18:49:00,470 INFO EventsClient [Thread-4] Getting all user's [1] events to alert.
2020-06-24 18:49:00,477 INFO EventsClient [Thread-4] Returning all user's [1] events to alert.
2020-06-24 18:51:53,665 INFO UsersClient [JavaFX Application Thread] Logging user by his username and password: [test]
2020-06-24 18:51:53,863 INFO UsersClient [JavaFX Application Thread] User testsuccessfully logged in
2020-06-24 18:51:53,963 INFO EventsClient [Thread-4] Getting all user's [1] events to alert.
2020-06-24 18:51:53,983 INFO EventsClient [JavaFX Application Thread] Getting all user's [1] events in year and month: [2020, 6]
2020-06-24 18:51:53,995 INFO EventsClient [Thread-4] Returning all user's [1] events to alert.
2020-06-24 18:51:53,995 INFO EventsClient [JavaFX Application Thread] Returning 0 user's [1] events in year and month: [2020, 6]
2020-06-24 19:01:17,443 INFO UsersClient [JavaFX Application Thread] Logging user by his username and password: [test]
2020-06-24 19:01:17,634 INFO UsersClient [JavaFX Application Thread] User testsuccessfully logged in
2020-06-24 19:01:17,734 INFO EventsClient [Thread-4] Getting all user's [1] events to alert.
2020-06-24 19:01:17,753 INFO EventsClient [JavaFX Application Thread] Getting all user's [1] events in year and month: [2020, 6]
2020-06-24 19:01:17,772 INFO EventsClient [Thread-4] Returning all user's [1] events to alert.
2020-06-24 19:01:17,772 INFO EventsClient [JavaFX Application Thread] Returning 0 user's [1] events in year and month: [2020, 6]
2020-06-24 19:10:18,463 INFO UsersClient [JavaFX Application Thread] Logging user by his username and password: [test]
2020-06-24 19:10:18,653 INFO UsersClient [JavaFX Application Thread] User testsuccessfully logged in
2020-06-24 19:10:18,751 INFO EventsClient [Thread-4] Getting all user's [1] events to alert.
2020-06-24 19:10:18,771 INFO EventsClient [JavaFX Application Thread] Getting all user's [1] events in year and month: [2020, 6]
2020-06-24 19:10:18,781 INFO EventsClient [Thread-4] Returning all user's [1] events to alert.
2020-06-24 19:10:18,783 INFO EventsClient [JavaFX Application Thread] Returning 0 user's [1] events in year and month: [2020, 6]
2020-06-24 19:11:00,781 INFO EventsClient [Thread-4] Getting all user's [1] events to alert.
2020-06-24 19:11:00,792 INFO EventsClient [Thread-4] Returning all user's [1] events to alert.
2020-06-24 19:12:00,793 INFO EventsClient [Thread-4] Getting all user's [1] events to alert.
2020-06-24 19:12:00,807 INFO EventsClient [Thread-4] Returning all user's [1] events to alert.
2020-06-24 19:13:00,808 INFO EventsClient [Thread-4] Getting all user's [1] events to alert.
2020-06-24 19:13:00,815 INFO EventsClient [Thread-4] Returning all user's [1] events to alert.
2020-06-24 19:14:00,816 INFO EventsClient [Thread-4] Getting all user's [1] events to alert.
2020-06-24 19:14:00,824 INFO EventsClient [Thread-4] Returning all user's [1] events to alert.
2020-06-24 19:15:00,824 INFO EventsClient [Thread-4] Getting all user's [1] events to alert.
2020-06-24 19:15:00,832 INFO EventsClient [Thread-4] Returning all user's [1] events to alert.
2020-06-24 19:16:00,833 INFO EventsClient [Thread-4] Getting all user's [1] events to alert.
2020-06-24 19:16:00,840 INFO EventsClient [Thread-4] Returning all user's [1] events to alert.
2020-06-24 19:17:00,841 INFO EventsClient [Thread-4] Getting all user's [1] events to alert.
2020-06-24 19:17:00,848 INFO EventsClient [Thread-4] Returning all user's [1] events to alert.
2020-06-24 19:18:00,849 INFO EventsClient [Thread-4] Getting all user's [1] events to alert.
2020-06-24 19:18:00,855 INFO EventsClient [Thread-4] Returning all user's [1] events to alert.
2020-06-24 19:19:00,855 INFO EventsClient [Thread-4] Getting all user's [1] events to alert.
2020-06-24 19:19:00,861 INFO EventsClient [Thread-4] Returning all user's [1] events to alert.
2020-06-24 19:20:00,863 INFO EventsClient [Thread-4] Getting all user's [1] events to alert.
2020-06-24 19:20:00,870 INFO EventsClient [Thread-4] Returning all user's [1] events to alert.
2020-06-24 19:21:00,871 INFO EventsClient [Thread-4] Getting all user's [1] events to alert.
2020-06-24 19:21:00,877 INFO EventsClient [Thread-4] Returning all user's [1] events to alert.
2020-06-24 19:22:00,878 INFO EventsClient [Thread-4] Getting all user's [1] events to alert.
2020-06-24 19:22:00,889 INFO EventsClient [Thread-4] Returning all user's [1] events to alert.
2020-06-24 19:23:00,890 INFO EventsClient [Thread-4] Getting all user's [1] events to alert.
2020-06-24 19:23:00,902 INFO EventsClient [Thread-4] Returning all user's [1] events to alert.
2020-06-24 19:24:00,903 INFO EventsClient [Thread-4] Getting all user's [1] events to alert.
2020-06-24 19:24:00,910 INFO EventsClient [Thread-4] Returning all user's [1] events to alert.
2020-06-24 19:25:00,910 INFO EventsClient [Thread-4] Getting all user's [1] events to alert.
2020-06-24 19:25:00,916 INFO EventsClient [Thread-4] Returning all user's [1] events to alert.
2020-06-24 19:26:00,918 INFO EventsClient [Thread-4] Getting all user's [1] events to alert.
2020-06-24 19:26:00,924 INFO EventsClient [Thread-4] Returning all user's [1] events to alert.
2020-06-24 19:27:00,924 INFO EventsClient [Thread-4] Getting all user's [1] events to alert.
2020-06-24 19:27:00,931 INFO EventsClient [Thread-4] Returning all user's [1] events to alert.
2020-06-24 19:28:00,931 INFO EventsClient [Thread-4] Getting all user's [1] events to alert.
2020-06-24 19:28:00,937 INFO EventsClient [Thread-4] Returning all user's [1] events to alert.
2020-06-24 19:29:00,938 INFO EventsClient [Thread-4] Getting all user's [1] events to alert.
2020-06-24 19:29:00,944 INFO EventsClient [Thread-4] Returning all user's [1] events to alert.
2020-06-24 19:30:00,945 INFO EventsClient [Thread-4] Getting all user's [1] events to alert.
2020-06-24 19:30:00,952 INFO EventsClient [Thread-4] Returning all user's [1] events to alert.
2020-06-24 19:31:00,954 INFO EventsClient [Thread-4] Getting all user's [1] events to alert.
2020-06-24 19:31:00,960 INFO EventsClient [Thread-4] Returning all user's [1] events to alert.
2020-06-24 19:32:00,962 INFO EventsClient [Thread-4] Getting all user's [1] events to alert.
2020-06-24 19:32:00,974 INFO EventsClient [Thread-4] Returning all user's [1] events to alert.
2020-06-24 19:33:00,974 INFO EventsClient [Thread-4] Getting all user's [1] events to alert.
2020-06-24 19:33:00,981 INFO EventsClient [Thread-4] Returning all user's [1] events to alert.
2020-06-24 19:34:00,981 INFO EventsClient [Thread-4] Getting all user's [1] events to alert.
2020-06-24 19:34:00,988 INFO EventsClient [Thread-4] Returning all user's [1] events to alert.
