2020-05-06 01:03:36,548 INFO UsersClient [JavaFX Application Thread] Logging user by his username and password: [test]
2020-05-06 01:03:57,457 INFO UsersClient [JavaFX Application Thread] User successfully logged in
2020-05-06 01:03:57,702 INFO EventsClient [Thread-3] Getting all user's [1] events to alert.
2020-05-06 01:03:57,736 INFO EventsClient [JavaFX Application Thread] Getting all user's [1] events in year and month: [2020, 5]
2020-05-06 01:03:57,808 INFO EventsClient [Thread-3] Returning events to alert.
2020-05-06 01:03:57,816 INFO EventsClient [JavaFX Application Thread] Returning events by year and month.
2020-05-06 01:04:00,809 INFO EventsClient [Thread-3] Getting all user's [1] events to alert.
2020-05-06 01:04:00,850 INFO EventsClient [Thread-3] Returning events to alert.
2020-05-06 01:04:10,900 INFO EventsClient [JavaFX Application Thread] Getting all user's [1] events in year and month: [2020, 3]
2020-05-06 01:04:12,220 INFO EventsClient [JavaFX Application Thread] Getting all user's [1] events in year and month: [2020, 4]
2020-05-06 01:04:13,484 INFO EventsClient [JavaFX Application Thread] Getting all user's [1] events in year and month: [2020, 5]
2020-05-06 01:04:13,504 INFO EventsClient [JavaFX Application Thread] Returning events by year and month.
2020-05-06 01:04:15,827 INFO EventsClient [JavaFX Application Thread] Getting all user's [1] events in year and month: [2020, 6]
2020-05-06 01:04:17,089 INFO EventsClient [JavaFX Application Thread] Getting all user's [1] events in year and month: [2020, 7]
2020-05-06 01:04:18,506 INFO EventsClient [JavaFX Application Thread] Getting all user's [1] events in year and month: [2020, 8]
2020-05-06 01:04:19,555 INFO EventsClient [JavaFX Application Thread] Getting all user's [1] events in year and month: [2020, 9]
2020-05-06 01:04:21,979 INFO EventsClient [JavaFX Application Thread] Getting all user's [1] events in year and month: [2020, 5]
2020-05-06 01:04:22,009 INFO EventsClient [JavaFX Application Thread] Returning events by year and month.
2020-05-06 01:04:23,998 INFO EventsClient [JavaFX Application Thread] Getting all user's [1] events in year and month: [2021, 5]
2020-05-06 01:04:25,181 INFO EventsClient [JavaFX Application Thread] Getting all user's [1] events in year and month: [2020, 5]
2020-05-06 01:04:25,209 INFO EventsClient [JavaFX Application Thread] Returning events by year and month.
2020-05-06 01:04:30,987 INFO EventsClient [JavaFX Application Thread] Getting all user's [1] events in year and month: [2020, 5]
2020-05-06 01:04:31,008 INFO EventsClient [JavaFX Application Thread] Returning events by year and month.
2020-05-06 01:51:07,779 INFO UsersClient [JavaFX Application Thread] Logging user by his username and password: [test]
2020-05-06 01:51:28,558 INFO UsersClient [JavaFX Application Thread] User successfully logged in
2020-05-06 01:51:28,715 INFO EventsClient [Thread-3] Getting all user's [1] events to alert.
2020-05-06 01:51:28,745 INFO EventsClient [JavaFX Application Thread] Getting all user's [1] events in year and month: [2020, 5]
2020-05-06 01:51:28,799 INFO EventsClient [Thread-3] Returning events to alert.
2020-05-06 01:51:28,803 INFO EventsClient [JavaFX Application Thread] Returning events by year and month.
2020-05-06 01:51:38,830 INFO EventsClient [JavaFX Application Thread] Inserting event
2020-05-06 01:51:38,995 INFO EventsClient [JavaFX Application Thread] Event successfully inserted
2020-05-06 01:51:39,003 INFO EventsClient [JavaFX Application Thread] Getting all user's [1] events in year and month: [2020, 5]
2020-05-06 01:51:39,022 INFO EventsClient [JavaFX Application Thread] Returning events by year and month.
2020-05-06 01:51:44,373 INFO EventsClient [JavaFX Application Thread] Inserting event
2020-05-06 01:51:44,392 INFO EventsClient [JavaFX Application Thread] Event successfully inserted
2020-05-06 01:51:44,398 INFO EventsClient [JavaFX Application Thread] Getting all user's [1] events in year and month: [2020, 5]
2020-05-06 01:51:44,415 INFO EventsClient [JavaFX Application Thread] Returning events by year and month.
2020-05-06 01:51:48,994 INFO EventsClient [JavaFX Application Thread] Getting event by user's [1] and event's [126] ID
2020-05-06 01:51:49,016 INFO EventsClient [JavaFX Application Thread] Returning event.
2020-05-06 01:52:00,423 INFO EventsClient [JavaFX Application Thread] Inserting event
2020-05-06 01:52:00,461 INFO EventsClient [JavaFX Application Thread] Event successfully inserted
2020-05-06 01:52:00,483 INFO EventsClient [JavaFX Application Thread] Getting all user's [1] events in year and month: [2020, 5]
2020-05-06 01:52:00,501 INFO EventsClient [JavaFX Application Thread] Returning events by year and month.
2020-05-06 01:52:00,799 INFO EventsClient [Thread-3] Getting all user's [1] events to alert.
2020-05-06 01:52:00,822 INFO EventsClient [Thread-3] Returning events to alert.
2020-05-06 01:52:05,183 INFO EventsClient [JavaFX Application Thread] Inserting event
2020-05-06 01:52:05,219 INFO EventsClient [JavaFX Application Thread] Event successfully inserted
2020-05-06 01:52:05,224 INFO EventsClient [JavaFX Application Thread] Getting all user's [1] events in year and month: [2020, 5]
2020-05-06 01:52:05,247 INFO EventsClient [JavaFX Application Thread] Returning events by year and month.
2020-05-06 01:52:11,807 INFO EventsClient [JavaFX Application Thread] Inserting event
2020-05-06 01:52:11,843 INFO EventsClient [JavaFX Application Thread] Event successfully inserted
2020-05-06 01:52:11,851 INFO EventsClient [JavaFX Application Thread] Getting all user's [1] events in year and month: [2020, 5]
2020-05-06 01:52:11,871 INFO EventsClient [JavaFX Application Thread] Returning events by year and month.
2020-05-06 01:52:23,892 INFO EventsClient [JavaFX Application Thread] Getting event by user's [1] and event's [131] ID
2020-05-06 01:52:23,903 INFO EventsClient [JavaFX Application Thread] Returning event.
2020-05-06 01:52:27,727 INFO EventsClient [JavaFX Application Thread] Deleting event [131]
2020-05-06 01:52:27,759 INFO EventsClient [JavaFX Application Thread] Event [131] successsffully deleted
2020-05-06 01:52:27,763 INFO EventsClient [JavaFX Application Thread] Getting all user's [1] events in year and month: [2020, 5]
2020-05-06 01:52:27,777 INFO EventsClient [JavaFX Application Thread] Returning events by year and month.
2020-05-06 01:52:29,592 INFO EventsClient [JavaFX Application Thread] Getting event by user's [1] and event's [132] ID
2020-05-06 01:52:29,602 INFO EventsClient [JavaFX Application Thread] Returning event.
2020-05-06 01:52:34,128 INFO EventsClient [JavaFX Application Thread] Deleting event [132]
2020-05-06 01:52:34,148 INFO EventsClient [JavaFX Application Thread] Event [132] successsffully deleted
2020-05-06 01:52:34,152 INFO EventsClient [JavaFX Application Thread] Getting all user's [1] events in year and month: [2020, 5]
2020-05-06 01:52:34,168 INFO EventsClient [JavaFX Application Thread] Returning events by year and month.
2020-05-06 01:52:36,335 INFO EventsClient [JavaFX Application Thread] Getting event by user's [1] and event's [130] ID
2020-05-06 01:52:36,344 INFO EventsClient [JavaFX Application Thread] Returning event.
2020-05-06 01:52:39,865 INFO EventsClient [JavaFX Application Thread] Deleting event [130]
2020-05-06 01:52:39,888 INFO EventsClient [JavaFX Application Thread] Event [130] successsffully deleted
2020-05-06 01:52:39,891 INFO EventsClient [JavaFX Application Thread] Getting all user's [1] events in year and month: [2020, 5]
2020-05-06 01:52:39,903 INFO EventsClient [JavaFX Application Thread] Returning events by year and month.
2020-05-06 01:52:41,707 INFO EventsClient [JavaFX Application Thread] Getting event by user's [1] and event's [128] ID
2020-05-06 01:52:41,720 INFO EventsClient [JavaFX Application Thread] Returning event.
2020-05-06 01:52:44,248 INFO EventsClient [JavaFX Application Thread] Deleting event [128]
2020-05-06 01:52:44,262 INFO EventsClient [JavaFX Application Thread] Event [128] successsffully deleted
2020-05-06 01:52:44,266 INFO EventsClient [JavaFX Application Thread] Getting all user's [1] events in year and month: [2020, 5]
2020-05-06 01:52:44,280 INFO EventsClient [JavaFX Application Thread] Returning events by year and month.
2020-05-06 01:52:45,892 INFO EventsClient [JavaFX Application Thread] Getting event by user's [1] and event's [129] ID
2020-05-06 01:52:45,903 INFO EventsClient [JavaFX Application Thread] Returning event.
2020-05-06 01:52:48,735 INFO EventsClient [JavaFX Application Thread] Deleting event [129]
2020-05-06 01:52:48,756 INFO EventsClient [JavaFX Application Thread] Event [129] successsffully deleted
2020-05-06 01:52:48,760 INFO EventsClient [JavaFX Application Thread] Getting all user's [1] events in year and month: [2020, 5]
2020-05-06 01:52:48,775 INFO EventsClient [JavaFX Application Thread] Returning events by year and month.
2020-05-06 01:53:00,824 INFO EventsClient [Thread-3] Getting all user's [1] events to alert.
2020-05-06 01:53:00,837 INFO EventsClient [Thread-3] Returning events to alert.
2020-05-06 01:53:06,440 INFO EventsClient [JavaFX Application Thread] Getting event by user's [1] and event's [2] ID
2020-05-06 01:53:06,449 INFO EventsClient [JavaFX Application Thread] Returning event.
2020-05-06 01:54:17,195 INFO UsersClient [JavaFX Application Thread] Logging user by his username and password: [test]
2020-05-06 01:54:37,494 INFO UsersClient [JavaFX Application Thread] User successfully logged in
2020-05-06 01:54:37,644 INFO EventsClient [Thread-3] Getting all user's [1] events to alert.
2020-05-06 01:54:37,670 INFO EventsClient [JavaFX Application Thread] Getting all user's [1] events in year and month: [2020, 5]
2020-05-06 01:54:37,686 INFO EventsClient [Thread-3] Returning events to alert.
2020-05-06 01:54:37,691 INFO EventsClient [JavaFX Application Thread] Returning events by year and month.
2020-05-06 01:55:00,687 INFO EventsClient [Thread-3] Getting all user's [1] events to alert.
2020-05-06 01:55:00,710 INFO EventsClient [Thread-3] Returning events to alert.
2020-05-06 01:55:12,698 INFO EventsClient [JavaFX Application Thread] Getting all user's [1] events in year and month: [2021, 5]
2020-05-06 01:55:14,571 INFO EventsClient [JavaFX Application Thread] Getting all user's [1] events in year and month: [2020, 5]
2020-05-06 01:55:34,595 INFO EventsClient [JavaFX Application Thread] Returning events by year and month.
2020-05-06 01:55:34,650 INFO EventsClient [JavaFX Application Thread] Getting all user's [1] events in year and month: [2019, 5]
2020-05-06 01:55:34,710 INFO EventsClient [JavaFX Application Thread] Getting all user's [1] events in year and month: [2018, 5]
2020-05-06 01:55:34,764 INFO EventsClient [JavaFX Application Thread] Getting all user's [1] events in year and month: [2017, 5]
2020-05-06 01:55:36,780 INFO EventsClient [JavaFX Application Thread] Getting all user's [1] events in year and month: [2018, 5]
2020-05-06 01:55:37,810 INFO EventsClient [JavaFX Application Thread] Getting all user's [1] events in year and month: [2019, 5]
2020-05-06 01:55:38,836 INFO EventsClient [JavaFX Application Thread] Getting all user's [1] events in year and month: [2020, 5]
2020-05-06 01:55:38,851 INFO EventsClient [JavaFX Application Thread] Returning events by year and month.
2020-05-06 01:55:43,367 INFO EventsClient [JavaFX Application Thread] Inserting event
2020-05-06 01:55:43,426 INFO EventsClient [JavaFX Application Thread] Event successfully inserted
2020-05-06 01:55:43,430 INFO EventsClient [JavaFX Application Thread] Getting all user's [1] events in year and month: [2020, 5]
2020-05-06 01:55:43,448 INFO EventsClient [JavaFX Application Thread] Returning events by year and month.
2020-05-06 01:55:44,999 INFO EventsClient [JavaFX Application Thread] Getting event by user's [1] and event's [123] ID
2020-05-06 01:55:45,008 INFO EventsClient [JavaFX Application Thread] Returning event.
2020-05-06 01:55:51,973 INFO EventsClient [JavaFX Application Thread] Inserting event
2020-05-06 01:55:52,046 INFO EventsClient [JavaFX Application Thread] Event successfully inserted
2020-05-06 01:55:52,051 INFO EventsClient [JavaFX Application Thread] Getting all user's [1] events in year and month: [2020, 5]
2020-05-06 01:55:52,067 INFO EventsClient [JavaFX Application Thread] Returning events by year and month.
2020-05-06 01:55:57,463 INFO EventsClient [JavaFX Application Thread] Inserting event
2020-05-06 01:55:57,494 INFO EventsClient [JavaFX Application Thread] Event successfully inserted
2020-05-06 01:55:57,502 INFO EventsClient [JavaFX Application Thread] Getting all user's [1] events in year and month: [2020, 5]
2020-05-06 01:55:57,523 INFO EventsClient [JavaFX Application Thread] Returning events by year and month.
2020-05-06 01:56:00,711 INFO EventsClient [Thread-3] Getting all user's [1] events to alert.
2020-05-06 01:56:00,729 INFO EventsClient [Thread-3] Returning events to alert.
2020-05-06 01:56:09,735 INFO EventsClient [JavaFX Application Thread] Inserting event
2020-05-06 01:56:09,758 INFO EventsClient [JavaFX Application Thread] Event successfully inserted
2020-05-06 01:56:09,761 INFO EventsClient [JavaFX Application Thread] Getting all user's [1] events in year and month: [2020, 5]
2020-05-06 01:56:09,776 INFO EventsClient [JavaFX Application Thread] Returning events by year and month.
2020-05-06 01:56:14,109 INFO EventsClient [JavaFX Application Thread] Inserting event
2020-05-06 01:56:14,140 INFO EventsClient [JavaFX Application Thread] Event successfully inserted
2020-05-06 01:56:14,148 INFO EventsClient [JavaFX Application Thread] Getting all user's [1] events in year and month: [2020, 5]
2020-05-06 01:56:14,179 INFO EventsClient [JavaFX Application Thread] Returning events by year and month.
2020-05-06 01:56:22,323 INFO EventsClient [JavaFX Application Thread] Inserting event
2020-05-06 01:56:22,348 INFO EventsClient [JavaFX Application Thread] Event successfully inserted
2020-05-06 01:56:22,351 INFO EventsClient [JavaFX Application Thread] Getting all user's [1] events in year and month: [2020, 5]
2020-05-06 01:56:22,366 INFO EventsClient [JavaFX Application Thread] Returning events by year and month.
2020-05-06 01:56:40,303 INFO EventsClient [JavaFX Application Thread] Getting event by user's [1] and event's [135] ID
2020-05-06 01:56:40,313 INFO EventsClient [JavaFX Application Thread] Returning event.
2020-05-06 01:56:43,731 INFO EventsClient [JavaFX Application Thread] Deleting event [135]
2020-05-06 01:56:43,753 INFO EventsClient [JavaFX Application Thread] Event [135] successsffully deleted
2020-05-06 01:56:43,760 INFO EventsClient [JavaFX Application Thread] Getting all user's [1] events in year and month: [2020, 5]
2020-05-06 01:56:43,775 INFO EventsClient [JavaFX Application Thread] Returning events by year and month.
2020-05-06 01:56:45,458 INFO EventsClient [JavaFX Application Thread] Getting event by user's [1] and event's [136] ID
2020-05-06 01:56:45,470 INFO EventsClient [JavaFX Application Thread] Returning event.
2020-05-06 01:56:47,933 INFO EventsClient [JavaFX Application Thread] Deleting event [136]
2020-05-06 01:56:47,953 INFO EventsClient [JavaFX Application Thread] Event [136] successsffully deleted
2020-05-06 01:56:47,956 INFO EventsClient [JavaFX Application Thread] Getting all user's [1] events in year and month: [2020, 5]
2020-05-06 01:56:47,971 INFO EventsClient [JavaFX Application Thread] Returning events by year and month.
2020-05-06 01:56:49,596 INFO EventsClient [JavaFX Application Thread] Getting event by user's [1] and event's [134] ID
2020-05-06 01:56:49,605 INFO EventsClient [JavaFX Application Thread] Returning event.
2020-05-06 01:56:52,588 INFO EventsClient [JavaFX Application Thread] Deleting event [134]
2020-05-06 01:56:52,608 INFO EventsClient [JavaFX Application Thread] Event [134] successsffully deleted
2020-05-06 01:56:52,613 INFO EventsClient [JavaFX Application Thread] Getting all user's [1] events in year and month: [2020, 5]
2020-05-06 01:56:52,625 INFO EventsClient [JavaFX Application Thread] Returning events by year and month.
2020-05-06 01:56:54,552 INFO EventsClient [JavaFX Application Thread] Getting event by user's [1] and event's [138] ID
2020-05-06 01:56:54,562 INFO EventsClient [JavaFX Application Thread] Returning event.
2020-05-06 01:56:57,135 INFO EventsClient [JavaFX Application Thread] Deleting event [138]
2020-05-06 01:56:57,148 INFO EventsClient [JavaFX Application Thread] Event [138] successsffully deleted
2020-05-06 01:56:57,152 INFO EventsClient [JavaFX Application Thread] Getting all user's [1] events in year and month: [2020, 5]
2020-05-06 01:56:57,168 INFO EventsClient [JavaFX Application Thread] Returning events by year and month.
2020-05-06 01:57:00,730 INFO EventsClient [Thread-3] Getting all user's [1] events to alert.
2020-05-06 01:57:00,742 INFO EventsClient [Thread-3] Returning events to alert.
2020-05-06 01:58:00,743 INFO EventsClient [Thread-3] Getting all user's [1] events to alert.
2020-05-06 01:58:20,770 INFO EventsClient [Thread-3] Returning events to alert.
2020-05-06 01:59:00,771 INFO EventsClient [Thread-3] Getting all user's [1] events to alert.
2020-05-06 01:59:00,784 INFO EventsClient [Thread-3] Returning events to alert.
2020-05-06 02:00:00,784 INFO EventsClient [Thread-3] Getting all user's [1] events to alert.
2020-05-06 02:00:20,806 INFO EventsClient [Thread-3] Returning events to alert.
2020-05-06 02:01:00,808 INFO EventsClient [Thread-3] Getting all user's [1] events to alert.
2020-05-06 02:01:00,831 INFO EventsClient [Thread-3] Returning events to alert.
2020-05-06 02:02:00,834 INFO EventsClient [Thread-3] Getting all user's [1] events to alert.
2020-05-06 02:02:20,867 INFO EventsClient [Thread-3] Returning events to alert.
2020-05-06 02:03:00,868 INFO EventsClient [Thread-3] Getting all user's [1] events to alert.
2020-05-06 02:03:00,881 INFO EventsClient [Thread-3] Returning events to alert.
2020-05-06 02:03:56,454 INFO UsersClient [JavaFX Application Thread] Logging user by his username and password: [test]
2020-05-06 02:04:16,753 INFO UsersClient [JavaFX Application Thread] User successfully logged in
2020-05-06 02:04:17,020 INFO EventsClient [Thread-3] Getting all user's [1] events to alert.
2020-05-06 02:04:17,055 INFO EventsClient [JavaFX Application Thread] Getting all user's [1] events in year and month: [2020, 5]
2020-05-06 02:04:17,072 INFO EventsClient [Thread-3] Returning events to alert.
2020-05-06 02:04:17,084 INFO EventsClient [JavaFX Application Thread] Returning events by year and month.
2020-05-06 02:04:27,548 INFO EventsClient [JavaFX Application Thread] Inserting event
2020-05-06 02:04:27,620 INFO EventsClient [JavaFX Application Thread] Event successfully inserted
2020-05-06 02:04:27,626 INFO EventsClient [JavaFX Application Thread] Getting all user's [1] events in year and month: [2020, 5]
2020-05-06 02:04:27,638 INFO EventsClient [JavaFX Application Thread] Returning events by year and month.
2020-05-06 02:04:33,981 INFO EventsClient [JavaFX Application Thread] Inserting event
2020-05-06 02:04:33,996 INFO EventsClient [JavaFX Application Thread] Event successfully inserted
2020-05-06 02:04:34,003 INFO EventsClient [JavaFX Application Thread] Getting all user's [1] events in year and month: [2020, 5]
2020-05-06 02:04:34,020 INFO EventsClient [JavaFX Application Thread] Returning events by year and month.
2020-05-06 02:04:36,860 INFO EventsClient [JavaFX Application Thread] Getting event by user's [1] and event's [140] ID
2020-05-06 02:04:36,870 INFO EventsClient [JavaFX Application Thread] Returning event.
2020-05-06 02:04:39,603 INFO EventsClient [JavaFX Application Thread] Deleting event [140]
2020-05-06 02:04:39,623 INFO EventsClient [JavaFX Application Thread] Event [140] successsffully deleted
2020-05-06 02:04:39,630 INFO EventsClient [JavaFX Application Thread] Getting all user's [1] events in year and month: [2020, 5]
2020-05-06 02:04:39,642 INFO EventsClient [JavaFX Application Thread] Returning events by year and month.
2020-05-06 02:04:40,759 INFO EventsClient [JavaFX Application Thread] Getting event by user's [1] and event's [133] ID
2020-05-06 02:04:40,769 INFO EventsClient [JavaFX Application Thread] Returning event.
2020-05-06 02:04:43,006 INFO EventsClient [JavaFX Application Thread] Deleting event [133]
2020-05-06 02:04:43,054 INFO EventsClient [JavaFX Application Thread] Event [133] successsffully deleted
2020-05-06 02:04:43,061 INFO EventsClient [JavaFX Application Thread] Getting all user's [1] events in year and month: [2020, 5]
2020-05-06 02:04:43,075 INFO EventsClient [JavaFX Application Thread] Returning events by year and month.
2020-05-06 02:05:00,074 INFO EventsClient [Thread-3] Getting all user's [1] events to alert.
2020-05-06 02:05:00,091 INFO EventsClient [Thread-3] Returning events to alert.
2020-05-06 02:06:00,092 INFO EventsClient [Thread-3] Getting all user's [1] events to alert.
2020-05-06 02:06:20,115 INFO EventsClient [Thread-3] Returning events to alert.
2020-05-06 02:07:03,251 INFO UsersClient [JavaFX Application Thread] Logging user by his username and password: [test]
2020-05-06 02:07:23,522 INFO UsersClient [JavaFX Application Thread] User successfully logged in
2020-05-06 02:07:23,667 INFO EventsClient [Thread-3] Getting all user's [1] events to alert.
2020-05-06 02:07:23,693 INFO EventsClient [JavaFX Application Thread] Getting all user's [1] events in year and month: [2020, 5]
2020-05-06 02:07:23,703 INFO EventsClient [Thread-3] Returning events to alert.
2020-05-06 02:07:23,708 INFO EventsClient [JavaFX Application Thread] Returning events by year and month.
2020-05-06 02:07:30,172 INFO EventsClient [JavaFX Application Thread] Inserting event
2020-05-06 02:07:30,208 INFO EventsClient [JavaFX Application Thread] Event successfully inserted
2020-05-06 02:07:30,215 INFO EventsClient [JavaFX Application Thread] Getting all user's [1] events in year and month: [2020, 5]
2020-05-06 02:07:30,227 INFO EventsClient [JavaFX Application Thread] Returning events by year and month.
2020-05-06 02:07:35,180 INFO EventsClient [JavaFX Application Thread] Inserting event
2020-05-06 02:07:35,209 INFO EventsClient [JavaFX Application Thread] Event successfully inserted
2020-05-06 02:07:35,218 INFO EventsClient [JavaFX Application Thread] Getting all user's [1] events in year and month: [2020, 5]
2020-05-06 02:07:35,240 INFO EventsClient [JavaFX Application Thread] Returning events by year and month.
2020-05-06 02:07:44,126 INFO EventsClient [JavaFX Application Thread] Getting event by user's [1] and event's [137] ID
2020-05-06 02:07:44,136 INFO EventsClient [JavaFX Application Thread] Returning event.
2020-05-06 02:07:46,571 INFO EventsClient [JavaFX Application Thread] Deleting event [137]
2020-05-06 02:07:46,586 INFO EventsClient [JavaFX Application Thread] Event [137] successsffully deleted
2020-05-06 02:07:46,592 INFO EventsClient [JavaFX Application Thread] Getting all user's [1] events in year and month: [2020, 5]
2020-05-06 02:07:46,606 INFO EventsClient [JavaFX Application Thread] Returning events by year and month.
2020-05-06 02:07:47,520 INFO EventsClient [JavaFX Application Thread] Getting event by user's [1] and event's [139] ID
2020-05-06 02:07:47,531 INFO EventsClient [JavaFX Application Thread] Returning event.
2020-05-06 02:07:50,250 INFO EventsClient [JavaFX Application Thread] Deleting event [139]
2020-05-06 02:07:50,265 INFO EventsClient [JavaFX Application Thread] Event [139] successsffully deleted
2020-05-06 02:07:50,288 INFO EventsClient [JavaFX Application Thread] Getting all user's [1] events in year and month: [2020, 5]
2020-05-06 02:07:50,298 INFO EventsClient [JavaFX Application Thread] Returning events by year and month.
2020-05-06 02:08:00,705 INFO EventsClient [Thread-3] Getting all user's [1] events to alert.
2020-05-06 02:08:00,724 INFO EventsClient [Thread-3] Returning events to alert.
2020-05-06 02:09:00,725 INFO EventsClient [Thread-3] Getting all user's [1] events to alert.
2020-05-06 02:59:25,210 INFO UsersClient [JavaFX Application Thread] Logging user by his username and password: [test]
2020-05-06 02:59:45,665 INFO UsersClient [JavaFX Application Thread] User successfully logged in
2020-05-06 02:59:45,801 INFO EventsClient [Thread-3] Getting all user's [1] events to alert.
2020-05-06 02:59:45,825 INFO EventsClient [JavaFX Application Thread] Getting all user's [1] events in year and month: [2020, 5]
2020-05-06 02:59:45,867 INFO EventsClient [Thread-3] Returning events to alert.
2020-05-06 02:59:45,873 INFO EventsClient [JavaFX Application Thread] Returning events by year and month.
2020-05-06 02:59:54,279 INFO EventsClient [JavaFX Application Thread] Getting event by user's [1] and event's [126] ID
2020-05-06 02:59:54,293 INFO EventsClient [JavaFX Application Thread] Returning event.
2020-05-06 03:00:00,868 INFO EventsClient [Thread-3] Getting all user's [1] events to alert.
2020-05-06 03:00:00,893 INFO EventsClient [Thread-3] Returning events to alert.
2020-05-06 03:00:09,100 INFO EventsClient [JavaFX Application Thread] Updating event [126]
2020-05-06 03:00:09,172 INFO EventsClient [JavaFX Application Thread] Event [126] successffully updated
2020-05-06 03:00:09,176 INFO EventsClient [JavaFX Application Thread] Getting all user's [1] events in year and month: [2020, 5]
2020-05-06 03:00:09,186 INFO EventsClient [JavaFX Application Thread] Returning events by year and month.
2020-05-06 03:01:00,894 INFO EventsClient [Thread-3] Getting all user's [1] events to alert.
2020-05-06 03:01:00,918 INFO EventsClient [Thread-3] Returning events to alert.
2020-05-06 03:03:57,492 INFO UsersClient [JavaFX Application Thread] Logging user by his username and password: [test]
2020-05-06 03:04:17,671 INFO UsersClient [JavaFX Application Thread] User successfully logged in
2020-05-06 03:04:17,787 INFO EventsClient [Thread-3] Getting all user's [1] events to alert.
2020-05-06 03:04:17,807 INFO EventsClient [JavaFX Application Thread] Getting all user's [1] events in year and month: [2020, 5]
2020-05-06 03:04:17,819 INFO EventsClient [Thread-3] Returning events to alert.
2020-05-06 03:04:17,828 INFO EventsClient [JavaFX Application Thread] Returning events by year and month.
2020-05-06 03:04:20,821 INFO EventsClient [JavaFX Application Thread] Getting event by user's [1] and event's [141] ID
2020-05-06 03:04:20,828 INFO EventsClient [JavaFX Application Thread] Returning event.
2020-05-06 03:04:26,450 INFO EventsClient [JavaFX Application Thread] Getting event by user's [1] and event's [126] ID
2020-05-06 03:04:26,457 INFO EventsClient [JavaFX Application Thread] Returning event.
2020-05-06 03:04:30,996 INFO EventsClient [JavaFX Application Thread] Updating event [126]
2020-05-06 03:04:31,064 INFO EventsClient [JavaFX Application Thread] Event [126] successffully updated
2020-05-06 03:04:31,068 INFO EventsClient [JavaFX Application Thread] Getting all user's [1] events in year and month: [2020, 5]
2020-05-06 03:04:31,078 INFO EventsClient [JavaFX Application Thread] Returning events by year and month.
2020-05-06 03:05:00,821 INFO EventsClient [Thread-3] Getting all user's [1] events to alert.
2020-05-06 03:05:00,836 INFO EventsClient [Thread-3] Returning events to alert.
2020-05-06 03:06:00,838 INFO EventsClient [Thread-3] Getting all user's [1] events to alert.
2020-05-06 03:06:20,854 INFO EventsClient [Thread-3] Returning events to alert.
2020-05-06 03:07:50,705 INFO UsersClient [JavaFX Application Thread] Logging user by his username and password: [test]
2020-05-06 03:08:10,907 INFO UsersClient [JavaFX Application Thread] User successfully logged in
2020-05-06 03:08:11,160 INFO EventsClient [Thread-3] Getting all user's [1] events to alert.
2020-05-06 03:08:11,204 INFO EventsClient [JavaFX Application Thread] Getting all user's [1] events in year and month: [2020, 5]
2020-05-06 03:08:11,222 INFO EventsClient [Thread-3] Returning events to alert.
2020-05-06 03:08:11,247 INFO EventsClient [JavaFX Application Thread] Returning events by year and month.
2020-05-06 03:08:21,164 INFO EventsClient [JavaFX Application Thread] Getting event by user's [1] and event's [126] ID
2020-05-06 03:08:21,176 INFO EventsClient [JavaFX Application Thread] Returning event.
2020-05-06 03:08:25,928 INFO EventsClient [JavaFX Application Thread] Updating event [126]
2020-05-06 03:08:25,961 INFO EventsClient [JavaFX Application Thread] Event [126] successffully updated
2020-05-06 03:08:25,970 INFO EventsClient [JavaFX Application Thread] Getting all user's [1] events in year and month: [2020, 5]
2020-05-06 03:08:25,986 INFO EventsClient [JavaFX Application Thread] Returning events by year and month.
2020-05-06 03:08:55,424 INFO EventsClient [JavaFX Application Thread] Getting event by user's [1] and event's [126] ID
2020-05-06 03:08:55,431 INFO EventsClient [JavaFX Application Thread] Returning event.
2020-05-06 03:09:00,226 INFO EventsClient [Thread-3] Getting all user's [1] events to alert.
2020-05-06 03:09:00,244 INFO EventsClient [Thread-3] Returning events to alert.
2020-05-06 03:09:07,524 INFO EventsClient [JavaFX Application Thread] Getting event by user's [1] and event's [126] ID
2020-05-06 03:09:07,539 INFO EventsClient [JavaFX Application Thread] Returning event.
2020-05-06 15:30:39,945 INFO UsersClient [JavaFX Application Thread] Logging user by his username and password: [test]
2020-05-06 15:30:40,811 INFO UsersClient [JavaFX Application Thread] User successfully logged in
2020-05-06 15:30:41,006 INFO EventsClient [Thread-3] Getting all user's [1] events to alert.
2020-05-06 15:30:41,028 INFO EventsClient [JavaFX Application Thread] Getting all user's [1] events in year and month: [2020, 5]
2020-05-06 15:30:41,249 INFO EventsClient [Thread-3] Returning events to alert.
2020-05-06 15:30:41,253 INFO EventsClient [JavaFX Application Thread] Returning events by year and month.
2020-05-06 15:30:58,307 INFO EventsClient [JavaFX Application Thread] Inserting event
2020-05-06 15:30:58,587 INFO EventsClient [JavaFX Application Thread] Event successfully inserted
2020-05-06 15:30:58,593 INFO EventsClient [JavaFX Application Thread] Getting all user's [1] events in year and month: [2020, 5]
2020-05-06 15:30:58,606 INFO EventsClient [JavaFX Application Thread] Returning events by year and month.
2020-05-06 15:31:00,250 INFO EventsClient [Thread-3] Getting all user's [1] events to alert.
2020-05-06 15:31:00,264 INFO EventsClient [Thread-3] Returning events to alert.
2020-05-06 15:31:37,623 INFO EventsClient [JavaFX Application Thread] Getting event by user's [1] and event's [143] ID
2020-05-06 15:31:37,637 INFO EventsClient [JavaFX Application Thread] Returning event.
2020-05-06 15:31:43,566 INFO EventsClient [JavaFX Application Thread] Updating event [143]
2020-05-06 15:31:43,592 INFO EventsClient [JavaFX Application Thread] Event [143] successffully updated
2020-05-06 15:31:43,594 INFO EventsClient [JavaFX Application Thread] Getting all user's [1] events in year and month: [2020, 5]
2020-05-06 15:31:43,609 INFO EventsClient [JavaFX Application Thread] Returning events by year and month.
2020-05-06 15:32:00,264 INFO EventsClient [Thread-3] Getting all user's [1] events to alert.
2020-05-06 15:32:00,273 INFO EventsClient [Thread-3] Returning events to alert.
2020-05-06 15:32:10,781 INFO EventsClient [JavaFX Application Thread] Updating event [143]
2020-05-06 15:32:10,806 INFO EventsClient [JavaFX Application Thread] Event [143] successffully updated
2020-05-06 15:32:12,911 INFO EventsClient [JavaFX Application Thread] Getting event by user's [1] and event's [143] ID
2020-05-06 15:32:12,919 INFO EventsClient [JavaFX Application Thread] Returning event.
2020-05-06 15:32:17,676 INFO EventsClient [JavaFX Application Thread] Updating event [143]
2020-05-06 15:32:17,696 INFO EventsClient [JavaFX Application Thread] Event [143] successffully updated
2020-05-06 15:32:17,700 INFO EventsClient [JavaFX Application Thread] Getting all user's [1] events in year and month: [2020, 5]
2020-05-06 15:32:17,713 INFO EventsClient [JavaFX Application Thread] Returning events by year and month.
2020-05-06 15:33:00,275 INFO EventsClient [Thread-3] Getting all user's [1] events to alert.
2020-05-06 15:33:00,283 INFO EventsClient [Thread-3] Returning events to alert.
2020-05-06 15:33:08,721 INFO EventsClient [JavaFX Application Thread] Getting event by user's [1] and event's [143] ID
2020-05-06 15:33:08,729 INFO EventsClient [JavaFX Application Thread] Returning event.
2020-05-06 15:33:12,252 INFO EventsClient [JavaFX Application Thread] Updating event [143]
2020-05-06 15:33:12,280 INFO EventsClient [JavaFX Application Thread] Event [143] successffully updated
2020-05-06 15:33:12,284 INFO EventsClient [JavaFX Application Thread] Getting all user's [1] events in year and month: [2020, 5]
2020-05-06 15:33:12,297 INFO EventsClient [JavaFX Application Thread] Returning events by year and month.
2020-05-06 15:33:13,619 INFO EventsClient [JavaFX Application Thread] Getting event by user's [1] and event's [143] ID
2020-05-06 15:33:13,628 INFO EventsClient [JavaFX Application Thread] Returning event.
2020-05-06 15:33:16,823 INFO EventsClient [JavaFX Application Thread] Deleting event [143]
2020-05-06 15:33:16,886 INFO EventsClient [JavaFX Application Thread] Event [143] successsffully deleted
2020-05-06 15:33:16,889 INFO EventsClient [JavaFX Application Thread] Getting all user's [1] events in year and month: [2020, 5]
2020-05-06 15:33:16,898 INFO EventsClient [JavaFX Application Thread] Returning events by year and month.
2020-05-06 15:33:17,975 INFO EventsClient [JavaFX Application Thread] Getting event by user's [1] and event's [141] ID
2020-05-06 15:33:17,983 INFO EventsClient [JavaFX Application Thread] Returning event.
2020-05-06 15:33:32,501 INFO EventsClient [JavaFX Application Thread] Getting all user's [1] events in year and month: [2020, 5]
2020-05-06 15:33:32,511 INFO EventsClient [JavaFX Application Thread] Returning events by year and month.
2020-05-06 15:34:00,283 INFO EventsClient [Thread-3] Getting all user's [1] events to alert.
2020-05-06 15:34:00,293 INFO EventsClient [Thread-3] Returning events to alert.
2020-05-06 15:34:00,899 INFO EventsClient [JavaFX Application Thread] Getting all user's [1] events in year and month: [2020, 5]
2020-05-06 15:34:00,910 INFO EventsClient [JavaFX Application Thread] Returning events by year and month.
2020-05-06 15:34:14,923 INFO UsersClient [JavaFX Application Thread] Logging user by his username and password: [test]
2020-05-06 15:34:14,933 INFO UsersClient [JavaFX Application Thread] User successfully logged in
2020-05-06 15:34:14,968 INFO EventsClient [Thread-4] Getting all user's [1] events to alert.
2020-05-06 15:34:14,968 INFO EventsClient [JavaFX Application Thread] Getting all user's [1] events in year and month: [2020, 5]
2020-05-06 15:34:14,978 INFO EventsClient [Thread-4] Returning events to alert.
2020-05-06 15:34:14,979 INFO EventsClient [JavaFX Application Thread] Returning events by year and month.
2020-05-06 15:34:21,323 INFO EventsClient [JavaFX Application Thread] Getting all user's [1] events in year and month: [2020, 5]
2020-05-06 15:34:21,336 INFO EventsClient [JavaFX Application Thread] Returning events by year and month.
2020-05-06 15:34:26,633 INFO EventsClient [JavaFX Application Thread] Getting all user's [1] events in year and month: [2020, 5]
2020-05-06 15:34:26,644 INFO EventsClient [JavaFX Application Thread] Returning events by year and month.
2020-05-06 15:34:38,135 INFO EventsClient [JavaFX Application Thread] Getting all user's [1] events in year and month: [2020, 5]
2020-05-06 15:34:38,146 INFO EventsClient [JavaFX Application Thread] Returning events by year and month.
2020-05-06 15:36:21,348 INFO UsersClient [JavaFX Application Thread] Logging user by his username and password: [test]
2020-05-06 15:36:21,543 INFO UsersClient [JavaFX Application Thread] User successfully logged in
2020-05-06 15:36:21,645 INFO EventsClient [Thread-3] Getting all user's [1] events to alert.
2020-05-06 15:36:21,664 INFO EventsClient [JavaFX Application Thread] Getting all user's [1] events in year and month: [2020, 5]
2020-05-06 15:36:21,671 INFO EventsClient [Thread-3] Returning events to alert.
2020-05-06 15:36:21,678 INFO EventsClient [JavaFX Application Thread] Returning events by year and month.
2020-05-06 15:36:27,911 INFO EventsClient [JavaFX Application Thread] Inserting event
2020-05-06 15:36:27,942 INFO EventsClient [JavaFX Application Thread] Event successfully inserted
2020-05-06 15:36:27,946 INFO EventsClient [JavaFX Application Thread] Getting all user's [1] events in year and month: [2020, 5]
2020-05-06 15:36:27,957 INFO EventsClient [JavaFX Application Thread] Returning events by year and month.
2020-05-06 15:36:31,926 INFO EventsClient [JavaFX Application Thread] Inserting event
2020-05-06 15:36:31,938 INFO EventsClient [JavaFX Application Thread] Event successfully inserted
2020-05-06 15:36:31,941 INFO EventsClient [JavaFX Application Thread] Getting all user's [1] events in year and month: [2020, 5]
2020-05-06 15:36:31,954 INFO EventsClient [JavaFX Application Thread] Returning events by year and month.
2020-05-06 15:36:34,733 INFO EventsClient [JavaFX Application Thread] Inserting event
2020-05-06 15:36:34,746 INFO EventsClient [JavaFX Application Thread] Event successfully inserted
2020-05-06 15:36:34,749 INFO EventsClient [JavaFX Application Thread] Getting all user's [1] events in year and month: [2020, 5]
2020-05-06 15:36:34,760 INFO EventsClient [JavaFX Application Thread] Returning events by year and month.
2020-05-06 15:36:37,818 INFO EventsClient [JavaFX Application Thread] Inserting event
2020-05-06 15:36:37,844 INFO EventsClient [JavaFX Application Thread] Event successfully inserted
2020-05-06 15:36:37,847 INFO EventsClient [JavaFX Application Thread] Getting all user's [1] events in year and month: [2020, 5]
2020-05-06 15:36:37,857 INFO EventsClient [JavaFX Application Thread] Returning events by year and month.
2020-05-06 15:36:43,341 INFO EventsClient [JavaFX Application Thread] Inserting event
2020-05-06 15:36:43,366 INFO EventsClient [JavaFX Application Thread] Event successfully inserted
2020-05-06 15:36:43,369 INFO EventsClient [JavaFX Application Thread] Getting all user's [1] events in year and month: [2020, 5]
2020-05-06 15:36:43,378 INFO EventsClient [JavaFX Application Thread] Returning events by year and month.
2020-05-06 15:36:46,817 INFO EventsClient [JavaFX Application Thread] Inserting event
2020-05-06 15:36:46,833 INFO EventsClient [JavaFX Application Thread] Event successfully inserted
2020-05-06 15:36:46,835 INFO EventsClient [JavaFX Application Thread] Getting all user's [1] events in year and month: [2020, 5]
2020-05-06 15:36:46,842 INFO EventsClient [JavaFX Application Thread] Returning events by year and month.
2020-05-06 15:36:52,343 INFO EventsClient [JavaFX Application Thread] Inserting event
2020-05-06 15:36:52,366 INFO EventsClient [JavaFX Application Thread] Event successfully inserted
2020-05-06 15:36:52,369 INFO EventsClient [JavaFX Application Thread] Getting all user's [1] events in year and month: [2020, 5]
2020-05-06 15:36:52,380 INFO EventsClient [JavaFX Application Thread] Returning events by year and month.
2020-05-06 15:37:25,758 INFO UsersClient [JavaFX Application Thread] Logging user by his username and password: [test]
2020-05-06 15:37:25,925 INFO UsersClient [JavaFX Application Thread] User successfully logged in
2020-05-06 15:37:26,026 INFO EventsClient [Thread-3] Getting all user's [1] events to alert.
2020-05-06 15:37:26,041 INFO EventsClient [JavaFX Application Thread] Getting all user's [1] events in year and month: [2020, 5]
2020-05-06 15:37:26,052 INFO EventsClient [Thread-3] Returning events to alert.
2020-05-06 15:37:26,058 INFO EventsClient [JavaFX Application Thread] Returning events by year and month.
2020-05-06 15:37:34,534 INFO EventsClient [JavaFX Application Thread] Inserting event
2020-05-06 15:37:34,560 INFO EventsClient [JavaFX Application Thread] Event successfully inserted
2020-05-06 15:37:34,565 INFO EventsClient [JavaFX Application Thread] Getting all user's [1] events in year and month: [2020, 5]
2020-05-06 15:37:34,583 INFO EventsClient [JavaFX Application Thread] Returning events by year and month.
2020-05-06 15:37:38,521 INFO EventsClient [JavaFX Application Thread] Inserting event
2020-05-06 15:37:38,543 INFO EventsClient [JavaFX Application Thread] Event successfully inserted
2020-05-06 15:37:38,547 INFO EventsClient [JavaFX Application Thread] Getting all user's [1] events in year and month: [2020, 5]
2020-05-06 15:37:38,558 INFO EventsClient [JavaFX Application Thread] Returning events by year and month.
2020-05-06 15:37:42,469 INFO EventsClient [JavaFX Application Thread] Inserting event
2020-05-06 15:37:42,493 INFO EventsClient [JavaFX Application Thread] Event successfully inserted
2020-05-06 15:37:42,496 INFO EventsClient [JavaFX Application Thread] Getting all user's [1] events in year and month: [2020, 5]
2020-05-06 15:37:42,506 INFO EventsClient [JavaFX Application Thread] Returning events by year and month.
2020-05-06 15:37:45,714 INFO EventsClient [JavaFX Application Thread] Inserting event
2020-05-06 15:37:45,727 INFO EventsClient [JavaFX Application Thread] Event successfully inserted
2020-05-06 15:37:45,729 INFO EventsClient [JavaFX Application Thread] Getting all user's [1] events in year and month: [2020, 5]
2020-05-06 15:37:45,739 INFO EventsClient [JavaFX Application Thread] Returning events by year and month.
2020-05-06 15:37:49,127 INFO EventsClient [JavaFX Application Thread] Inserting event
2020-05-06 15:37:49,153 INFO EventsClient [JavaFX Application Thread] Event successfully inserted
2020-05-06 15:37:49,156 INFO EventsClient [JavaFX Application Thread] Getting all user's [1] events in year and month: [2020, 5]
2020-05-06 15:37:49,168 INFO EventsClient [JavaFX Application Thread] Returning events by year and month.
2020-05-06 15:37:53,634 INFO EventsClient [JavaFX Application Thread] Inserting event
2020-05-06 15:37:53,680 INFO EventsClient [JavaFX Application Thread] Event successfully inserted
2020-05-06 15:37:53,685 INFO EventsClient [JavaFX Application Thread] Getting all user's [1] events in year and month: [2020, 5]
2020-05-06 15:37:53,702 INFO EventsClient [JavaFX Application Thread] Returning events by year and month.
2020-05-06 15:38:00,054 INFO EventsClient [Thread-3] Getting all user's [1] events to alert.
2020-05-06 15:38:00,071 INFO EventsClient [Thread-3] Returning events to alert.
2020-05-06 15:38:01,299 INFO EventsClient [JavaFX Application Thread] Inserting event
2020-05-06 15:38:01,322 INFO EventsClient [JavaFX Application Thread] Event successfully inserted
2020-05-06 15:38:01,324 INFO EventsClient [JavaFX Application Thread] Getting all user's [1] events in year and month: [2020, 5]
2020-05-06 15:38:01,331 INFO EventsClient [JavaFX Application Thread] Returning events by year and month.
2020-05-06 15:38:04,898 INFO EventsClient [JavaFX Application Thread] Inserting event
2020-05-06 15:38:04,921 INFO EventsClient [JavaFX Application Thread] Event successfully inserted
2020-05-06 15:38:04,923 INFO EventsClient [JavaFX Application Thread] Getting all user's [1] events in year and month: [2020, 5]
2020-05-06 15:38:04,933 INFO EventsClient [JavaFX Application Thread] Returning events by year and month.
2020-05-06 15:38:08,123 INFO EventsClient [JavaFX Application Thread] Inserting event
2020-05-06 15:38:08,146 INFO EventsClient [JavaFX Application Thread] Event successfully inserted
2020-05-06 15:38:08,148 INFO EventsClient [JavaFX Application Thread] Getting all user's [1] events in year and month: [2020, 5]
2020-05-06 15:38:08,160 INFO EventsClient [JavaFX Application Thread] Returning events by year and month.
2020-05-06 15:38:11,486 INFO EventsClient [JavaFX Application Thread] Inserting event
2020-05-06 15:38:11,511 INFO EventsClient [JavaFX Application Thread] Event successfully inserted
2020-05-06 15:38:11,514 INFO EventsClient [JavaFX Application Thread] Getting all user's [1] events in year and month: [2020, 5]
2020-05-06 15:38:11,526 INFO EventsClient [JavaFX Application Thread] Returning events by year and month.
2020-05-06 15:38:17,838 INFO EventsClient [JavaFX Application Thread] Inserting event
2020-05-06 15:38:17,851 INFO EventsClient [JavaFX Application Thread] Event successfully inserted
2020-05-06 15:38:17,853 INFO EventsClient [JavaFX Application Thread] Getting all user's [1] events in year and month: [2020, 5]
2020-05-06 15:38:17,862 INFO EventsClient [JavaFX Application Thread] Returning events by year and month.
2020-05-06 15:38:23,057 INFO EventsClient [JavaFX Application Thread] Inserting event
2020-05-06 15:38:23,080 INFO EventsClient [JavaFX Application Thread] Event successfully inserted
2020-05-06 15:38:23,083 INFO EventsClient [JavaFX Application Thread] Getting all user's [1] events in year and month: [2020, 5]
2020-05-06 15:38:23,091 INFO EventsClient [JavaFX Application Thread] Returning events by year and month.
2020-05-06 15:38:26,311 INFO EventsClient [JavaFX Application Thread] Inserting event
2020-05-06 15:38:26,335 INFO EventsClient [JavaFX Application Thread] Event successfully inserted
2020-05-06 15:38:26,339 INFO EventsClient [JavaFX Application Thread] Getting all user's [1] events in year and month: [2020, 5]
2020-05-06 15:38:26,352 INFO EventsClient [JavaFX Application Thread] Returning events by year and month.
2020-05-06 15:38:29,618 INFO EventsClient [JavaFX Application Thread] Inserting event
2020-05-06 15:38:29,642 INFO EventsClient [JavaFX Application Thread] Event successfully inserted
2020-05-06 15:38:29,644 INFO EventsClient [JavaFX Application Thread] Getting all user's [1] events in year and month: [2020, 5]
2020-05-06 15:38:29,655 INFO EventsClient [JavaFX Application Thread] Returning events by year and month.
2020-05-06 15:38:35,050 INFO EventsClient [JavaFX Application Thread] Inserting event
2020-05-06 15:38:35,060 INFO EventsClient [JavaFX Application Thread] Event successfully inserted
2020-05-06 15:38:35,061 INFO EventsClient [JavaFX Application Thread] Getting all user's [1] events in year and month: [2020, 5]
2020-05-06 15:38:35,069 INFO EventsClient [JavaFX Application Thread] Returning events by year and month.
2020-05-06 15:38:47,661 INFO EventsClient [JavaFX Application Thread] Getting event by user's [1] and event's [161] ID
2020-05-06 15:38:47,669 INFO EventsClient [JavaFX Application Thread] Returning event.
2020-05-06 15:38:50,296 INFO EventsClient [JavaFX Application Thread] Deleting event [161]
2020-05-06 15:38:50,305 INFO EventsClient [JavaFX Application Thread] Event [161] successsffully deleted
2020-05-06 15:38:50,310 INFO EventsClient [JavaFX Application Thread] Getting all user's [1] events in year and month: [2020, 5]
2020-05-06 15:38:50,321 INFO EventsClient [JavaFX Application Thread] Returning events by year and month.
2020-05-06 15:38:52,010 INFO EventsClient [JavaFX Application Thread] Getting event by user's [1] and event's [162] ID
2020-05-06 15:38:52,016 INFO EventsClient [JavaFX Application Thread] Returning event.
2020-05-06 15:38:54,652 INFO EventsClient [JavaFX Application Thread] Deleting event [162]
2020-05-06 15:38:54,660 INFO EventsClient [JavaFX Application Thread] Event [162] successsffully deleted
2020-05-06 15:38:54,662 INFO EventsClient [JavaFX Application Thread] Getting all user's [1] events in year and month: [2020, 5]
2020-05-06 15:38:54,671 INFO EventsClient [JavaFX Application Thread] Returning events by year and month.
2020-05-06 15:38:56,038 INFO EventsClient [JavaFX Application Thread] Getting event by user's [1] and event's [163] ID
2020-05-06 15:38:56,046 INFO EventsClient [JavaFX Application Thread] Returning event.
2020-05-06 15:38:58,053 INFO EventsClient [JavaFX Application Thread] Deleting event [163]
2020-05-06 15:38:58,063 INFO EventsClient [JavaFX Application Thread] Event [163] successsffully deleted
2020-05-06 15:38:58,064 INFO EventsClient [JavaFX Application Thread] Getting all user's [1] events in year and month: [2020, 5]
2020-05-06 15:38:58,072 INFO EventsClient [JavaFX Application Thread] Returning events by year and month.
2020-05-06 15:39:00,072 INFO EventsClient [Thread-3] Getting all user's [1] events to alert.
2020-05-06 15:39:00,086 INFO EventsClient [Thread-3] Returning events to alert.
2020-05-06 15:39:02,096 INFO EventsClient [JavaFX Application Thread] Getting event by user's [1] and event's [149] ID
2020-05-06 15:39:02,101 INFO EventsClient [JavaFX Application Thread] Returning event.
2020-05-06 15:39:04,604 INFO EventsClient [JavaFX Application Thread] Deleting event [149]
2020-05-06 15:39:04,611 INFO EventsClient [JavaFX Application Thread] Event [149] successsffully deleted
2020-05-06 15:39:04,613 INFO EventsClient [JavaFX Application Thread] Getting all user's [1] events in year and month: [2020, 5]
2020-05-06 15:39:04,624 INFO EventsClient [JavaFX Application Thread] Returning events by year and month.
2020-05-06 15:39:06,021 INFO EventsClient [JavaFX Application Thread] Getting event by user's [1] and event's [145] ID
2020-05-06 15:39:06,028 INFO EventsClient [JavaFX Application Thread] Returning event.
2020-05-06 15:39:08,236 INFO EventsClient [JavaFX Application Thread] Deleting event [145]
2020-05-06 15:39:08,243 INFO EventsClient [JavaFX Application Thread] Event [145] successsffully deleted
2020-05-06 15:39:08,245 INFO EventsClient [JavaFX Application Thread] Getting all user's [1] events in year and month: [2020, 5]
2020-05-06 15:39:08,254 INFO EventsClient [JavaFX Application Thread] Returning events by year and month.
2020-05-06 15:39:10,042 INFO EventsClient [JavaFX Application Thread] Getting event by user's [1] and event's [146] ID
2020-05-06 15:39:10,049 INFO EventsClient [JavaFX Application Thread] Returning event.
2020-05-06 15:39:13,548 INFO EventsClient [JavaFX Application Thread] Deleting event [146]
2020-05-06 15:39:13,556 INFO EventsClient [JavaFX Application Thread] Event [146] successsffully deleted
2020-05-06 15:39:13,558 INFO EventsClient [JavaFX Application Thread] Getting all user's [1] events in year and month: [2020, 5]
2020-05-06 15:39:13,565 INFO EventsClient [JavaFX Application Thread] Returning events by year and month.
2020-05-06 15:40:00,087 INFO EventsClient [Thread-3] Getting all user's [1] events to alert.
2020-05-06 15:40:00,101 INFO EventsClient [Thread-3] Returning events to alert.
2020-05-06 15:41:00,103 INFO EventsClient [Thread-3] Getting all user's [1] events to alert.
2020-05-06 15:41:00,111 INFO EventsClient [Thread-3] Returning events to alert.
2020-05-06 15:41:29,230 INFO UsersClient [JavaFX Application Thread] Logging user by his username and password: [test]
2020-05-06 15:41:29,406 INFO UsersClient [JavaFX Application Thread] User successfully logged in
2020-05-06 15:41:29,520 INFO EventsClient [Thread-3] Getting all user's [1] events to alert.
2020-05-06 15:41:29,538 INFO EventsClient [JavaFX Application Thread] Getting all user's [1] events in year and month: [2020, 5]
2020-05-06 15:41:29,545 INFO EventsClient [Thread-3] Returning events to alert.
2020-05-06 15:41:29,557 INFO EventsClient [JavaFX Application Thread] Returning events by year and month.
2020-05-06 15:41:40,069 INFO EventsClient [JavaFX Application Thread] Inserting event
2020-05-06 15:41:40,147 INFO EventsClient [JavaFX Application Thread] Event successfully inserted
2020-05-06 15:41:40,152 INFO EventsClient [JavaFX Application Thread] Getting all user's [1] events in year and month: [2020, 5]
2020-05-06 15:41:40,164 INFO EventsClient [JavaFX Application Thread] Returning events by year and month.
2020-05-06 15:41:43,301 INFO EventsClient [JavaFX Application Thread] Inserting event
2020-05-06 15:41:43,313 INFO EventsClient [JavaFX Application Thread] Event successfully inserted
2020-05-06 15:41:43,317 INFO EventsClient [JavaFX Application Thread] Getting all user's [1] events in year and month: [2020, 5]
2020-05-06 15:41:43,327 INFO EventsClient [JavaFX Application Thread] Returning events by year and month.
2020-05-06 15:41:50,287 INFO EventsClient [JavaFX Application Thread] Inserting event
2020-05-06 15:41:50,330 INFO EventsClient [JavaFX Application Thread] Event successfully inserted
2020-05-06 15:41:50,335 INFO EventsClient [JavaFX Application Thread] Getting all user's [1] events in year and month: [2020, 5]
2020-05-06 15:41:50,352 INFO EventsClient [JavaFX Application Thread] Returning events by year and month.
2020-05-06 15:41:57,416 INFO EventsClient [JavaFX Application Thread] Inserting event
2020-05-06 15:41:57,433 INFO EventsClient [JavaFX Application Thread] Event successfully inserted
2020-05-06 15:41:57,436 INFO EventsClient [JavaFX Application Thread] Getting all user's [1] events in year and month: [2020, 5]
2020-05-06 15:41:57,445 INFO EventsClient [JavaFX Application Thread] Returning events by year and month.
2020-05-06 15:42:00,547 INFO EventsClient [Thread-3] Getting all user's [1] events to alert.
2020-05-06 15:42:00,553 INFO EventsClient [Thread-3] Returning events to alert.
2020-05-06 15:42:03,918 INFO EventsClient [JavaFX Application Thread] Inserting event
2020-05-06 15:42:03,940 INFO EventsClient [JavaFX Application Thread] Event successfully inserted
2020-05-06 15:42:03,944 INFO EventsClient [JavaFX Application Thread] Getting all user's [1] events in year and month: [2020, 5]
2020-05-06 15:42:03,955 INFO EventsClient [JavaFX Application Thread] Returning events by year and month.
2020-05-06 15:42:11,672 INFO EventsClient [JavaFX Application Thread] Getting event by user's [1] and event's [164] ID
2020-05-06 15:42:11,679 INFO EventsClient [JavaFX Application Thread] Returning event.
2020-05-06 15:42:14,302 INFO EventsClient [JavaFX Application Thread] Deleting event [164]
2020-05-06 15:42:14,313 INFO EventsClient [JavaFX Application Thread] Event [164] successsffully deleted
2020-05-06 15:42:14,317 INFO EventsClient [JavaFX Application Thread] Getting all user's [1] events in year and month: [2020, 5]
2020-05-06 15:42:14,327 INFO EventsClient [JavaFX Application Thread] Returning events by year and month.
2020-05-06 15:42:15,650 INFO EventsClient [JavaFX Application Thread] Getting event by user's [1] and event's [165] ID
2020-05-06 15:42:15,656 INFO EventsClient [JavaFX Application Thread] Returning event.
2020-05-06 15:42:18,086 INFO EventsClient [JavaFX Application Thread] Deleting event [165]
2020-05-06 15:42:18,109 INFO EventsClient [JavaFX Application Thread] Event [165] successsffully deleted
2020-05-06 15:42:18,111 INFO EventsClient [JavaFX Application Thread] Getting all user's [1] events in year and month: [2020, 5]
2020-05-06 15:42:18,121 INFO EventsClient [JavaFX Application Thread] Returning events by year and month.
2020-05-06 15:42:19,047 INFO EventsClient [JavaFX Application Thread] Getting event by user's [1] and event's [166] ID
2020-05-06 15:42:19,053 INFO EventsClient [JavaFX Application Thread] Returning event.
2020-05-06 15:42:21,304 INFO EventsClient [JavaFX Application Thread] Deleting event [166]
2020-05-06 15:42:21,347 INFO EventsClient [JavaFX Application Thread] Event [166] successsffully deleted
2020-05-06 15:42:21,349 INFO EventsClient [JavaFX Application Thread] Getting all user's [1] events in year and month: [2020, 5]
2020-05-06 15:42:21,357 INFO EventsClient [JavaFX Application Thread] Returning events by year and month.
2020-05-06 15:42:40,467 INFO UsersClient [JavaFX Application Thread] Logging user by his username and password: [test]
2020-05-06 15:42:40,479 INFO UsersClient [JavaFX Application Thread] User successfully logged in
2020-05-06 15:42:40,522 INFO EventsClient [Thread-4] Getting all user's [1] events to alert.
2020-05-06 15:42:40,522 INFO EventsClient [JavaFX Application Thread] Getting all user's [1] events in year and month: [2020, 5]
2020-05-06 15:42:40,534 INFO EventsClient [Thread-4] Returning events to alert.
2020-05-06 15:42:40,535 INFO EventsClient [JavaFX Application Thread] Returning events by year and month.
2020-05-06 15:43:53,440 INFO UsersClient [JavaFX Application Thread] Logging user by his username and password: [test]
2020-05-06 15:43:53,615 INFO UsersClient [JavaFX Application Thread] User successfully logged in
2020-05-06 15:43:53,720 INFO EventsClient [Thread-3] Getting all user's [1] events to alert.
2020-05-06 15:43:53,738 INFO EventsClient [JavaFX Application Thread] Getting all user's [1] events in year and month: [2020, 5]
2020-05-06 15:43:53,748 INFO EventsClient [Thread-3] Returning events to alert.
2020-05-06 15:43:53,759 INFO EventsClient [JavaFX Application Thread] Returning events by year and month.
2020-05-06 15:49:54,307 INFO UsersClient [JavaFX Application Thread] Logging user by his username and password: [test]
2020-05-06 15:49:54,483 INFO UsersClient [JavaFX Application Thread] User successfully logged in
2020-05-06 15:49:54,597 INFO EventsClient [Thread-3] Getting all user's [1] events to alert.
2020-05-06 15:49:54,615 INFO EventsClient [JavaFX Application Thread] Getting all user's [1] events in year and month: [2020, 5]
2020-05-06 15:49:54,626 INFO EventsClient [Thread-3] Returning events to alert.
2020-05-06 15:49:54,638 INFO EventsClient [JavaFX Application Thread] Returning events by year and month.
2020-05-06 15:50:00,627 INFO EventsClient [Thread-3] Getting all user's [1] events to alert.
2020-05-06 15:50:00,642 INFO EventsClient [Thread-3] Returning events to alert.
2020-05-06 15:50:18,688 INFO EventsClient [JavaFX Application Thread] Getting all user's [1] events in year and month: [2020, 8]
2020-05-06 15:51:38,855 INFO UsersClient [JavaFX Application Thread] Logging user by his username and password: [test]
2020-05-06 15:51:39,038 INFO UsersClient [JavaFX Application Thread] User successfully logged in
2020-05-06 15:51:39,151 INFO EventsClient [Thread-3] Getting all user's [1] events to alert.
2020-05-06 15:51:39,169 INFO EventsClient [JavaFX Application Thread] Getting all user's [1] events in year and month: [2020, 5]
2020-05-06 15:51:39,174 INFO EventsClient [Thread-3] Returning events to alert.
2020-05-06 15:51:39,191 INFO EventsClient [JavaFX Application Thread] Returning events by year and month.
2020-05-06 15:51:52,290 INFO EventsClient [JavaFX Application Thread] Getting all user's [1] events in year and month: [2020, 8]
2020-05-06 15:52:21,386 INFO UsersClient [JavaFX Application Thread] Logging user by his username and password: [test]
2020-05-06 15:52:21,557 INFO UsersClient [JavaFX Application Thread] User successfully logged in
2020-05-06 15:52:21,656 INFO EventsClient [Thread-3] Getting all user's [1] events to alert.
2020-05-06 15:52:21,672 INFO EventsClient [JavaFX Application Thread] Getting all user's [1] events in year and month: [2020, 5]
2020-05-06 15:52:21,682 INFO EventsClient [Thread-3] Returning events to alert.
2020-05-06 15:52:21,692 INFO EventsClient [JavaFX Application Thread] Returning events by year and month.
2020-05-06 15:52:35,294 INFO EventsClient [JavaFX Application Thread] Getting all user's [1] events in year and month: [2020, 8]
2020-05-06 15:55:27,873 INFO UsersClient [JavaFX Application Thread] Logging user by his username and password: [test]
2020-05-06 15:55:28,061 INFO UsersClient [JavaFX Application Thread] User successfully logged in
2020-05-06 15:55:28,156 INFO EventsClient [Thread-3] Getting all user's [1] events to alert.
2020-05-06 15:55:28,175 INFO EventsClient [JavaFX Application Thread] Getting all user's [1] events in year and month: [2020, 5]
2020-05-06 15:55:28,188 INFO EventsClient [Thread-3] Returning events to alert.
2020-05-06 15:55:28,200 INFO EventsClient [JavaFX Application Thread] Returning events by year and month.
2020-05-06 15:55:37,046 INFO EventsClient [JavaFX Application Thread] Inserting event
2020-05-06 15:55:37,073 INFO EventsClient [JavaFX Application Thread] Event successfully inserted
2020-05-06 15:55:37,077 INFO EventsClient [JavaFX Application Thread] Getting all user's [1] events in year and month: [2020, 5]
2020-05-06 15:55:37,089 INFO EventsClient [JavaFX Application Thread] Returning events by year and month.
2020-05-06 15:55:41,711 INFO EventsClient [JavaFX Application Thread] Inserting event
2020-05-06 15:55:41,728 INFO EventsClient [JavaFX Application Thread] Event successfully inserted
2020-05-06 15:55:41,734 INFO EventsClient [JavaFX Application Thread] Getting all user's [1] events in year and month: [2020, 5]
2020-05-06 15:55:41,749 INFO EventsClient [JavaFX Application Thread] Returning events by year and month.
2020-05-06 15:55:47,465 INFO EventsClient [JavaFX Application Thread] Inserting event
2020-05-06 15:55:47,477 INFO EventsClient [JavaFX Application Thread] Event successfully inserted
2020-05-06 15:55:47,479 INFO EventsClient [JavaFX Application Thread] Getting all user's [1] events in year and month: [2020, 5]
2020-05-06 15:55:47,489 INFO EventsClient [JavaFX Application Thread] Returning events by year and month.
2020-05-06 15:55:55,132 INFO EventsClient [JavaFX Application Thread] Inserting event
2020-05-06 15:55:55,154 INFO EventsClient [JavaFX Application Thread] Event successfully inserted
2020-05-06 15:55:55,158 INFO EventsClient [JavaFX Application Thread] Getting all user's [1] events in year and month: [2020, 5]
2020-05-06 15:55:55,166 INFO EventsClient [JavaFX Application Thread] Returning events by year and month.
2020-05-06 15:55:59,305 INFO EventsClient [JavaFX Application Thread] Inserting event
2020-05-06 15:55:59,326 INFO EventsClient [JavaFX Application Thread] Event successfully inserted
2020-05-06 15:55:59,329 INFO EventsClient [JavaFX Application Thread] Getting all user's [1] events in year and month: [2020, 5]
2020-05-06 15:55:59,337 INFO EventsClient [JavaFX Application Thread] Returning events by year and month.
2020-05-06 15:56:00,188 INFO EventsClient [Thread-3] Getting all user's [1] events to alert.
2020-05-06 15:56:00,199 INFO EventsClient [Thread-3] Returning events to alert.
2020-05-06 15:56:34,322 INFO UsersClient [JavaFX Application Thread] Logging user by his username and password: [test]
2020-05-06 15:56:34,506 INFO UsersClient [JavaFX Application Thread] User successfully logged in
2020-05-06 15:56:34,606 INFO EventsClient [Thread-3] Getting all user's [1] events to alert.
2020-05-06 15:56:34,624 INFO EventsClient [JavaFX Application Thread] Getting all user's [1] events in year and month: [2020, 5]
2020-05-06 15:56:34,631 INFO EventsClient [Thread-3] Returning events to alert.
2020-05-06 15:56:34,645 INFO EventsClient [JavaFX Application Thread] Returning events by year and month.
2020-05-06 15:56:54,729 INFO EventsClient [JavaFX Application Thread] Getting event by user's [1] and event's [151] ID
2020-05-06 15:56:54,736 INFO EventsClient [JavaFX Application Thread] Returning event.
2020-05-06 15:56:59,059 INFO EventsClient [JavaFX Application Thread] Deleting event [151]
2020-05-06 15:56:59,069 INFO EventsClient [JavaFX Application Thread] Event [151] successsffully deleted
2020-05-06 15:56:59,074 INFO EventsClient [JavaFX Application Thread] Getting all user's [1] events in year and month: [2020, 5]
2020-05-06 15:56:59,087 INFO EventsClient [JavaFX Application Thread] Returning events by year and month.
2020-05-06 15:57:00,466 INFO EventsClient [JavaFX Application Thread] Getting event by user's [1] and event's [147] ID
2020-05-06 15:57:00,472 INFO EventsClient [JavaFX Application Thread] Returning event.
2020-05-06 15:57:00,632 INFO EventsClient [Thread-3] Getting all user's [1] events to alert.
2020-05-06 15:57:00,640 INFO EventsClient [Thread-3] Returning events to alert.
2020-05-06 15:57:02,538 INFO EventsClient [JavaFX Application Thread] Deleting event [147]
2020-05-06 15:57:02,546 INFO EventsClient [JavaFX Application Thread] Event [147] successsffully deleted
2020-05-06 15:57:02,550 INFO EventsClient [JavaFX Application Thread] Getting all user's [1] events in year and month: [2020, 5]
2020-05-06 15:57:02,561 INFO EventsClient [JavaFX Application Thread] Returning events by year and month.
2020-05-06 15:57:04,727 INFO EventsClient [JavaFX Application Thread] Getting event by user's [1] and event's [153] ID
2020-05-06 15:57:04,732 INFO EventsClient [JavaFX Application Thread] Returning event.
2020-05-06 15:57:06,848 INFO EventsClient [JavaFX Application Thread] Deleting event [153]
2020-05-06 15:57:06,860 INFO EventsClient [JavaFX Application Thread] Event [153] successsffully deleted
2020-05-06 15:57:06,864 INFO EventsClient [JavaFX Application Thread] Getting all user's [1] events in year and month: [2020, 5]
2020-05-06 15:57:06,877 INFO EventsClient [JavaFX Application Thread] Returning events by year and month.
2020-05-06 15:57:07,914 INFO EventsClient [JavaFX Application Thread] Getting event by user's [1] and event's [154] ID
2020-05-06 15:57:07,920 INFO EventsClient [JavaFX Application Thread] Returning event.
2020-05-06 15:57:09,625 INFO EventsClient [JavaFX Application Thread] Deleting event [154]
2020-05-06 15:57:09,650 INFO EventsClient [JavaFX Application Thread] Event [154] successsffully deleted
2020-05-06 15:57:09,652 INFO EventsClient [JavaFX Application Thread] Getting all user's [1] events in year and month: [2020, 5]
2020-05-06 15:57:09,660 INFO EventsClient [JavaFX Application Thread] Returning events by year and month.
2020-05-06 15:57:18,051 INFO EventsClient [JavaFX Application Thread] Getting all user's [1] events in year and month: [2020, 8]
2020-05-06 15:57:32,019 INFO EventsClient [JavaFX Application Thread] Getting all user's [1] events in year and month: [2020, 5]
2020-05-06 15:57:32,030 INFO EventsClient [JavaFX Application Thread] Returning events by year and month.
2020-05-06 15:58:22,814 INFO UsersClient [JavaFX Application Thread] Logging user by his username and password: [test]
2020-05-06 15:58:22,998 INFO UsersClient [JavaFX Application Thread] User successfully logged in
2020-05-06 15:58:23,134 INFO EventsClient [Thread-3] Getting all user's [1] events to alert.
2020-05-06 15:58:23,153 INFO EventsClient [JavaFX Application Thread] Getting all user's [1] events in year and month: [2020, 5]
2020-05-06 15:58:23,164 INFO EventsClient [Thread-3] Returning events to alert.
2020-05-06 15:58:23,180 INFO EventsClient [JavaFX Application Thread] Returning events by year and month.
2020-05-06 15:58:26,012 INFO EventsClient [JavaFX Application Thread] Getting all user's [1] events in year and month: [2020, 8]
2020-05-06 15:59:10,521 INFO UsersClient [JavaFX Application Thread] Logging user by his username and password: [test]
2020-05-06 15:59:10,697 INFO UsersClient [JavaFX Application Thread] User successfully logged in
2020-05-06 15:59:10,795 INFO EventsClient [Thread-3] Getting all user's [1] events to alert.
2020-05-06 15:59:10,811 INFO EventsClient [JavaFX Application Thread] Getting all user's [1] events in year and month: [2020, 5]
2020-05-06 15:59:10,821 INFO EventsClient [Thread-3] Returning events to alert.
2020-05-06 15:59:10,831 INFO EventsClient [JavaFX Application Thread] Returning events by year and month.
2020-05-06 15:59:13,317 INFO EventsClient [JavaFX Application Thread] Getting all user's [1] events in year and month: [2020, 8]
2020-05-06 15:59:47,347 INFO UsersClient [JavaFX Application Thread] Logging user by his username and password: [test]
2020-05-06 15:59:47,545 INFO UsersClient [JavaFX Application Thread] User successfully logged in
2020-05-06 15:59:47,637 INFO EventsClient [Thread-3] Getting all user's [1] events to alert.
2020-05-06 15:59:47,653 INFO EventsClient [JavaFX Application Thread] Getting all user's [1] events in year and month: [2020, 5]
2020-05-06 15:59:47,666 INFO EventsClient [Thread-3] Returning events to alert.
2020-05-06 15:59:47,677 INFO EventsClient [JavaFX Application Thread] Returning events by year and month.
2020-05-06 15:59:52,689 INFO EventsClient [JavaFX Application Thread] Getting all user's [1] events in year and month: [2020, 8]
2020-05-06 16:00:00,667 INFO EventsClient [Thread-3] Getting all user's [1] events to alert.
2020-05-06 16:00:00,684 INFO EventsClient [Thread-3] Returning events to alert.
2020-05-06 16:00:17,882 INFO UsersClient [JavaFX Application Thread] Logging user by his username and password: [test]
2020-05-06 16:00:18,057 INFO UsersClient [JavaFX Application Thread] User successfully logged in
2020-05-06 16:00:18,168 INFO EventsClient [Thread-3] Getting all user's [1] events to alert.
2020-05-06 16:00:18,187 INFO EventsClient [JavaFX Application Thread] Getting all user's [1] events in year and month: [2020, 5]
2020-05-06 16:00:18,193 INFO EventsClient [Thread-3] Returning events to alert.
2020-05-06 16:00:18,206 INFO EventsClient [JavaFX Application Thread] Returning events by year and month.
2020-05-06 16:00:22,463 INFO EventsClient [JavaFX Application Thread] Getting all user's [1] events in year and month: [2020, 8]
2020-05-06 16:00:27,461 INFO EventsClient [JavaFX Application Thread] Getting all user's [1] events in year and month: [2020, 5]
2020-05-06 16:00:27,475 INFO EventsClient [JavaFX Application Thread] Returning events by year and month.
2020-05-06 16:00:46,470 INFO UsersClient [JavaFX Application Thread] Logging user by his username and password: [test]
2020-05-06 16:00:46,644 INFO UsersClient [JavaFX Application Thread] User successfully logged in
2020-05-06 16:00:46,742 INFO EventsClient [Thread-3] Getting all user's [1] events to alert.
2020-05-06 16:00:46,759 INFO EventsClient [JavaFX Application Thread] Getting all user's [1] events in year and month: [2020, 5]
2020-05-06 16:00:46,769 INFO EventsClient [Thread-3] Returning events to alert.
2020-05-06 16:00:46,780 INFO EventsClient [JavaFX Application Thread] Returning events by year and month.
2020-05-06 16:00:52,920 INFO EventsClient [JavaFX Application Thread] Inserting event
2020-05-06 16:00:52,989 INFO EventsClient [JavaFX Application Thread] Event successfully inserted
2020-05-06 16:00:52,994 INFO EventsClient [JavaFX Application Thread] Getting all user's [1] events in year and month: [2020, 5]
2020-05-06 16:00:53,008 INFO EventsClient [JavaFX Application Thread] Returning events by year and month.
2020-05-06 16:00:56,164 INFO EventsClient [JavaFX Application Thread] Inserting event
2020-05-06 16:00:56,211 INFO EventsClient [JavaFX Application Thread] Event successfully inserted
2020-05-06 16:00:56,216 INFO EventsClient [JavaFX Application Thread] Getting all user's [1] events in year and month: [2020, 5]
2020-05-06 16:00:56,227 INFO EventsClient [JavaFX Application Thread] Returning events by year and month.
2020-05-06 16:00:59,479 INFO EventsClient [JavaFX Application Thread] Inserting event
2020-05-06 16:00:59,510 INFO EventsClient [JavaFX Application Thread] Event successfully inserted
2020-05-06 16:00:59,513 INFO EventsClient [JavaFX Application Thread] Getting all user's [1] events in year and month: [2020, 5]
2020-05-06 16:00:59,524 INFO EventsClient [JavaFX Application Thread] Returning events by year and month.
2020-05-06 16:01:00,769 INFO EventsClient [Thread-3] Getting all user's [1] events to alert.
2020-05-06 16:01:00,792 INFO EventsClient [Thread-3] Returning events to alert.
2020-05-06 16:01:03,042 INFO EventsClient [JavaFX Application Thread] Getting event by user's [1] and event's [171] ID
2020-05-06 16:01:03,048 INFO EventsClient [JavaFX Application Thread] Returning event.
2020-05-06 16:01:05,359 INFO EventsClient [JavaFX Application Thread] Deleting event [171]
2020-05-06 16:01:05,371 INFO EventsClient [JavaFX Application Thread] Event [171] successsffully deleted
2020-05-06 16:01:05,374 INFO EventsClient [JavaFX Application Thread] Getting all user's [1] events in year and month: [2020, 5]
2020-05-06 16:01:05,386 INFO EventsClient [JavaFX Application Thread] Returning events by year and month.
2020-05-06 16:01:06,230 INFO EventsClient [JavaFX Application Thread] Getting event by user's [1] and event's [172] ID
2020-05-06 16:01:06,235 INFO EventsClient [JavaFX Application Thread] Returning event.
2020-05-06 16:01:08,589 INFO EventsClient [JavaFX Application Thread] Deleting event [172]
2020-05-06 16:01:08,596 INFO EventsClient [JavaFX Application Thread] Event [172] successsffully deleted
2020-05-06 16:01:08,599 INFO EventsClient [JavaFX Application Thread] Getting all user's [1] events in year and month: [2020, 5]
2020-05-06 16:01:08,607 INFO EventsClient [JavaFX Application Thread] Returning events by year and month.
2020-05-06 16:01:09,594 INFO EventsClient [JavaFX Application Thread] Getting event by user's [1] and event's [178] ID
2020-05-06 16:01:09,599 INFO EventsClient [JavaFX Application Thread] Returning event.
2020-05-06 16:01:11,671 INFO EventsClient [JavaFX Application Thread] Deleting event [178]
2020-05-06 16:01:11,702 INFO EventsClient [JavaFX Application Thread] Event [178] successsffully deleted
2020-05-06 16:01:11,704 INFO EventsClient [JavaFX Application Thread] Getting all user's [1] events in year and month: [2020, 5]
2020-05-06 16:01:11,712 INFO EventsClient [JavaFX Application Thread] Returning events by year and month.
2020-05-06 16:01:13,750 INFO EventsClient [JavaFX Application Thread] Getting event by user's [1] and event's [176] ID
2020-05-06 16:01:13,757 INFO EventsClient [JavaFX Application Thread] Returning event.
2020-05-06 16:01:16,190 INFO EventsClient [JavaFX Application Thread] Deleting event [176]
2020-05-06 16:01:16,221 INFO EventsClient [JavaFX Application Thread] Event [176] successsffully deleted
2020-05-06 16:01:16,223 INFO EventsClient [JavaFX Application Thread] Getting all user's [1] events in year and month: [2020, 5]
2020-05-06 16:01:16,230 INFO EventsClient [JavaFX Application Thread] Returning events by year and month.
2020-05-06 16:01:18,624 INFO EventsClient [JavaFX Application Thread] Getting event by user's [1] and event's [155] ID
2020-05-06 16:01:18,630 INFO EventsClient [JavaFX Application Thread] Returning event.
2020-05-06 16:01:20,451 INFO EventsClient [JavaFX Application Thread] Deleting event [155]
2020-05-06 16:01:20,461 INFO EventsClient [JavaFX Application Thread] Event [155] successsffully deleted
2020-05-06 16:01:20,464 INFO EventsClient [JavaFX Application Thread] Getting all user's [1] events in year and month: [2020, 5]
2020-05-06 16:01:20,472 INFO EventsClient [JavaFX Application Thread] Returning events by year and month.
2020-05-06 16:01:21,649 INFO EventsClient [JavaFX Application Thread] Getting event by user's [1] and event's [175] ID
2020-05-06 16:01:21,655 INFO EventsClient [JavaFX Application Thread] Returning event.
2020-05-06 16:01:23,487 INFO EventsClient [JavaFX Application Thread] Deleting event [175]
2020-05-06 16:01:23,533 INFO EventsClient [JavaFX Application Thread] Event [175] successsffully deleted
2020-05-06 16:01:23,535 INFO EventsClient [JavaFX Application Thread] Getting all user's [1] events in year and month: [2020, 5]
2020-05-06 16:01:23,543 INFO EventsClient [JavaFX Application Thread] Returning events by year and month.
2020-05-06 16:01:24,849 INFO EventsClient [JavaFX Application Thread] Getting event by user's [1] and event's [158] ID
2020-05-06 16:01:24,855 INFO EventsClient [JavaFX Application Thread] Returning event.
2020-05-06 16:01:26,438 INFO EventsClient [JavaFX Application Thread] Deleting event [158]
2020-05-06 16:01:26,446 INFO EventsClient [JavaFX Application Thread] Event [158] successsffully deleted
2020-05-06 16:01:26,448 INFO EventsClient [JavaFX Application Thread] Getting all user's [1] events in year and month: [2020, 5]
2020-05-06 16:01:26,456 INFO EventsClient [JavaFX Application Thread] Returning events by year and month.
2020-05-06 16:01:27,539 INFO EventsClient [JavaFX Application Thread] Getting event by user's [1] and event's [159] ID
2020-05-06 16:01:27,546 INFO EventsClient [JavaFX Application Thread] Returning event.
2020-05-06 16:01:29,187 INFO EventsClient [JavaFX Application Thread] Deleting event [159]
2020-05-06 16:01:29,198 INFO EventsClient [JavaFX Application Thread] Event [159] successsffully deleted
2020-05-06 16:01:29,200 INFO EventsClient [JavaFX Application Thread] Getting all user's [1] events in year and month: [2020, 5]
2020-05-06 16:01:29,208 INFO EventsClient [JavaFX Application Thread] Returning events by year and month.
2020-05-06 16:01:30,302 INFO EventsClient [JavaFX Application Thread] Getting event by user's [1] and event's [144] ID
2020-05-06 16:01:30,308 INFO EventsClient [JavaFX Application Thread] Returning event.
2020-05-06 16:01:32,147 INFO EventsClient [JavaFX Application Thread] Deleting event [144]
2020-05-06 16:01:32,154 INFO EventsClient [JavaFX Application Thread] Event [144] successsffully deleted
2020-05-06 16:01:32,156 INFO EventsClient [JavaFX Application Thread] Getting all user's [1] events in year and month: [2020, 5]
2020-05-06 16:01:32,165 INFO EventsClient [JavaFX Application Thread] Returning events by year and month.
2020-05-06 16:01:33,005 INFO EventsClient [JavaFX Application Thread] Getting event by user's [1] and event's [126] ID
2020-05-06 16:01:33,010 INFO EventsClient [JavaFX Application Thread] Returning event.
2020-05-06 16:01:34,750 INFO EventsClient [JavaFX Application Thread] Deleting event [126]
2020-05-06 16:01:34,760 INFO EventsClient [JavaFX Application Thread] Event [126] successsffully deleted
2020-05-06 16:01:34,761 INFO EventsClient [JavaFX Application Thread] Getting all user's [1] events in year and month: [2020, 5]
2020-05-06 16:01:34,771 INFO EventsClient [JavaFX Application Thread] Returning events by year and month.
2020-05-06 16:01:35,936 INFO EventsClient [JavaFX Application Thread] Getting event by user's [1] and event's [169] ID
2020-05-06 16:01:35,942 INFO EventsClient [JavaFX Application Thread] Returning event.
2020-05-06 16:01:37,912 INFO EventsClient [JavaFX Application Thread] Deleting event [169]
2020-05-06 16:01:37,922 INFO EventsClient [JavaFX Application Thread] Event [169] successsffully deleted
2020-05-06 16:01:37,924 INFO EventsClient [JavaFX Application Thread] Getting all user's [1] events in year and month: [2020, 5]
2020-05-06 16:01:37,933 INFO EventsClient [JavaFX Application Thread] Returning events by year and month.
2020-05-06 16:01:39,009 INFO EventsClient [JavaFX Application Thread] Getting event by user's [1] and event's [168] ID
2020-05-06 16:01:39,016 INFO EventsClient [JavaFX Application Thread] Returning event.
2020-05-06 16:01:40,763 INFO EventsClient [JavaFX Application Thread] Deleting event [168]
2020-05-06 16:01:40,770 INFO EventsClient [JavaFX Application Thread] Event [168] successsffully deleted
2020-05-06 16:01:40,772 INFO EventsClient [JavaFX Application Thread] Getting all user's [1] events in year and month: [2020, 5]
2020-05-06 16:01:40,778 INFO EventsClient [JavaFX Application Thread] Returning events by year and month.
2020-05-06 16:03:24,710 INFO UsersClient [JavaFX Application Thread] Logging user by his username and password: [test]
2020-05-06 16:03:24,888 INFO UsersClient [JavaFX Application Thread] User successfully logged in
2020-05-06 16:03:24,994 INFO EventsClient [Thread-3] Getting all user's [1] events to alert.
2020-05-06 16:03:25,011 INFO EventsClient [JavaFX Application Thread] Getting all user's [1] events in year and month: [2020, 5]
2020-05-06 16:03:25,020 INFO EventsClient [Thread-3] Returning events to alert.
2020-05-06 16:03:25,034 INFO EventsClient [JavaFX Application Thread] Returning events by year and month.
2020-05-06 16:03:33,551 INFO EventsClient [JavaFX Application Thread] Getting all user's [1] events in year and month: [2020, 5]
2020-05-06 16:03:33,561 INFO EventsClient [JavaFX Application Thread] Returning events by year and month.
2020-05-06 16:05:56,441 INFO UsersClient [JavaFX Application Thread] Logging user by his username and password: [test]
2020-05-06 16:05:56,618 INFO UsersClient [JavaFX Application Thread] User successfully logged in
2020-05-06 16:05:56,712 INFO EventsClient [Thread-3] Getting all user's [1] events to alert.
2020-05-06 16:05:56,729 INFO EventsClient [JavaFX Application Thread] Getting all user's [1] events in year and month: [2020, 5]
2020-05-06 16:05:56,740 INFO EventsClient [Thread-3] Returning events to alert.
2020-05-06 16:05:56,750 INFO EventsClient [JavaFX Application Thread] Returning events by year and month.
2020-05-06 16:06:00,742 INFO EventsClient [Thread-3] Getting all user's [1] events to alert.
2020-05-06 16:06:00,752 INFO EventsClient [Thread-3] Returning events to alert.
2020-05-06 16:07:35,377 INFO UsersClient [JavaFX Application Thread] Logging user by his username and password: [test]
2020-05-06 16:07:35,560 INFO UsersClient [JavaFX Application Thread] User successfully logged in
2020-05-06 16:07:35,656 INFO EventsClient [Thread-3] Getting all user's [1] events to alert.
2020-05-06 16:07:35,674 INFO EventsClient [JavaFX Application Thread] Getting all user's [1] events in year and month: [2020, 5]
2020-05-06 16:07:35,680 INFO EventsClient [Thread-3] Returning events to alert.
2020-05-06 16:07:35,691 INFO EventsClient [JavaFX Application Thread] Returning events by year and month.
2020-05-06 16:09:21,329 INFO UsersClient [JavaFX Application Thread] Logging user by his username and password: [test]
2020-05-06 16:09:21,510 INFO UsersClient [JavaFX Application Thread] User successfully logged in
2020-05-06 16:09:21,603 INFO EventsClient [Thread-3] Getting all user's [1] events to alert.
2020-05-06 16:09:21,621 INFO EventsClient [JavaFX Application Thread] Getting all user's [1] events in year and month: [2020, 5]
2020-05-06 16:09:21,629 INFO EventsClient [Thread-3] Returning events to alert.
2020-05-06 16:09:21,657 INFO EventsClient [JavaFX Application Thread] Returning events by year and month.
2020-05-06 19:45:10,947 INFO UsersClient [JavaFX Application Thread] Logging user by his username and password: [test]
2020-05-06 19:45:11,554 INFO UsersClient [JavaFX Application Thread] User successfully logged in
2020-05-06 19:45:11,652 INFO EventsClient [Thread-4] Getting all user's [1] events to alert.
2020-05-06 19:45:11,674 INFO EventsClient [JavaFX Application Thread] Getting all user's [1] events in year and month: [2020, 5]
2020-05-06 19:45:11,905 INFO EventsClient [Thread-4] Returning events to alert.
2020-05-06 19:45:11,917 INFO EventsClient [JavaFX Application Thread] Returning events by year and month.
2020-05-06 19:45:30,415 INFO EventsClient [JavaFX Application Thread] Getting all user's [1] events in year and month: [2020, 5]
2020-05-06 19:45:30,441 INFO EventsClient [JavaFX Application Thread] Returning events by year and month.
2020-05-06 19:45:35,783 INFO EventsClient [JavaFX Application Thread] Getting all user's [1] events in year and month: [2020, 5]
2020-05-06 19:45:35,808 INFO EventsClient [JavaFX Application Thread] Returning events by year and month.
