2020-07-03 11:52:52,608 INFO UsersClient [JavaFX Application Thread] Logging user by his username and password: [test]
2020-07-03 11:52:56,356 ERROR com.example.gui.controllers.PlanItLoginController [JavaFX Application Thread] Error while connecting to server
org.springframework.web.client.ResourceAccessException: I/O error on GET request for "http://localhost:8080/users/test/test": Connection refused: connect; nested exception is java.net.ConnectException: Connection refused: connect
	at org.springframework.web.client.RestTemplate.doExecute(RestTemplate.java:748)
	at org.springframework.web.client.RestTemplate.execute(RestTemplate.java:695)
	at org.springframework.web.client.RestTemplate.getForObject(RestTemplate.java:324)
	at UsersClient.getUserByUserNameAndUserPassword(UsersClient.java:49)
	at com.example.gui.controllers.PlanItLoginController.buttonLoginHandler(PlanItLoginController.java:96)
	at com.example.gui.controllers.PlanItLoginController.lambda$addHandlers$0(PlanItLoginController.java:73)
	at com.sun.javafx.event.CompositeEventHandler.dispatchBubblingEvent(CompositeEventHandler.java:86)
	at com.sun.javafx.event.EventHandlerManager.dispatchBubblingEvent(EventHandlerManager.java:238)
	at com.sun.javafx.event.EventHandlerManager.dispatchBubblingEvent(EventHandlerManager.java:191)
	at com.sun.javafx.event.CompositeEventDispatcher.dispatchBubblingEvent(CompositeEventDispatcher.java:59)
	at com.sun.javafx.event.BasicEventDispatcher.dispatchEvent(BasicEventDispatcher.java:58)
	at com.sun.javafx.event.EventDispatchChainImpl.dispatchEvent(EventDispatchChainImpl.java:114)
	at com.sun.javafx.event.BasicEventDispatcher.dispatchEvent(BasicEventDispatcher.java:56)
	at com.sun.javafx.event.EventDispatchChainImpl.dispatchEvent(EventDispatchChainImpl.java:114)
	at com.sun.javafx.event.BasicEventDispatcher.dispatchEvent(BasicEventDispatcher.java:56)
	at com.sun.javafx.event.EventDispatchChainImpl.dispatchEvent(EventDispatchChainImpl.java:114)
	at com.sun.javafx.event.EventUtil.fireEventImpl(EventUtil.java:74)
	at com.sun.javafx.event.EventUtil.fireEvent(EventUtil.java:49)
	at javafx.event.Event.fireEvent(Event.java:198)
	at javafx.scene.Node.fireEvent(Node.java:8411)
	at javafx.scene.control.Button.fire(Button.java:185)
	at com.sun.javafx.scene.control.behavior.ButtonBehavior.mouseReleased(ButtonBehavior.java:182)
	at com.sun.javafx.scene.control.skin.BehaviorSkinBase$1.handle(BehaviorSkinBase.java:96)
	at com.sun.javafx.scene.control.skin.BehaviorSkinBase$1.handle(BehaviorSkinBase.java:89)
	at com.sun.javafx.event.CompositeEventHandler$NormalEventHandlerRecord.handleBubblingEvent(CompositeEventHandler.java:218)
	at com.sun.javafx.event.CompositeEventHandler.dispatchBubblingEvent(CompositeEventHandler.java:80)
	at com.sun.javafx.event.EventHandlerManager.dispatchBubblingEvent(EventHandlerManager.java:238)
	at com.sun.javafx.event.EventHandlerManager.dispatchBubblingEvent(EventHandlerManager.java:191)
	at com.sun.javafx.event.CompositeEventDispatcher.dispatchBubblingEvent(CompositeEventDispatcher.java:59)
	at com.sun.javafx.event.BasicEventDispatcher.dispatchEvent(BasicEventDispatcher.java:58)
	at com.sun.javafx.event.EventDispatchChainImpl.dispatchEvent(EventDispatchChainImpl.java:114)
	at com.sun.javafx.event.BasicEventDispatcher.dispatchEvent(BasicEventDispatcher.java:56)
	at com.sun.javafx.event.EventDispatchChainImpl.dispatchEvent(EventDispatchChainImpl.java:114)
	at com.sun.javafx.event.BasicEventDispatcher.dispatchEvent(BasicEventDispatcher.java:56)
	at com.sun.javafx.event.EventDispatchChainImpl.dispatchEvent(EventDispatchChainImpl.java:114)
	at com.sun.javafx.event.EventUtil.fireEventImpl(EventUtil.java:74)
	at com.sun.javafx.event.EventUtil.fireEvent(EventUtil.java:54)
	at javafx.event.Event.fireEvent(Event.java:198)
	at javafx.scene.Scene$MouseHandler.process(Scene.java:3757)
	at javafx.scene.Scene$MouseHandler.access$1500(Scene.java:3485)
	at javafx.scene.Scene.impl_processMouseEvent(Scene.java:1762)
	at javafx.scene.Scene$ScenePeerListener.mouseEvent(Scene.java:2494)
	at com.sun.javafx.tk.quantum.GlassViewEventHandler$MouseEventNotification.run(GlassViewEventHandler.java:394)
	at com.sun.javafx.tk.quantum.GlassViewEventHandler$MouseEventNotification.run(GlassViewEventHandler.java:295)
	at java.security.AccessController.doPrivileged(Native Method)
	at com.sun.javafx.tk.quantum.GlassViewEventHandler.lambda$handleMouseEvent$2(GlassViewEventHandler.java:432)
	at com.sun.javafx.tk.quantum.QuantumToolkit.runWithoutRenderLock(QuantumToolkit.java:410)
	at com.sun.javafx.tk.quantum.GlassViewEventHandler.handleMouseEvent(GlassViewEventHandler.java:431)
	at com.sun.glass.ui.View.handleMouseEvent(View.java:555)
	at com.sun.glass.ui.View.notifyMouse(View.java:937)
	at com.sun.glass.ui.win.WinApplication._runLoop(Native Method)
	at com.sun.glass.ui.win.WinApplication.lambda$null$4(WinApplication.java:186)
	at java.lang.Thread.run(Thread.java:748)
Caused by: java.net.ConnectException: Connection refused: connect
	at java.net.DualStackPlainSocketImpl.connect0(Native Method)
	at java.net.DualStackPlainSocketImpl.socketConnect(DualStackPlainSocketImpl.java:79)
	at java.net.AbstractPlainSocketImpl.doConnect(AbstractPlainSocketImpl.java:350)
	at java.net.AbstractPlainSocketImpl.connectToAddress(AbstractPlainSocketImpl.java:206)
	at java.net.AbstractPlainSocketImpl.connect(AbstractPlainSocketImpl.java:188)
	at java.net.PlainSocketImpl.connect(PlainSocketImpl.java:172)
	at java.net.SocksSocketImpl.connect(SocksSocketImpl.java:392)
	at java.net.Socket.connect(Socket.java:606)
	at java.net.Socket.connect(Socket.java:555)
	at sun.net.NetworkClient.doConnect(NetworkClient.java:180)
	at sun.net.www.http.HttpClient.openServer(HttpClient.java:463)
	at sun.net.www.http.HttpClient.openServer(HttpClient.java:558)
	at sun.net.www.http.HttpClient.<init>(HttpClient.java:242)
	at sun.net.www.http.HttpClient.New(HttpClient.java:339)
	at sun.net.www.http.HttpClient.New(HttpClient.java:357)
	at sun.net.www.protocol.http.HttpURLConnection.getNewHttpClient(HttpURLConnection.java:1226)
	at sun.net.www.protocol.http.HttpURLConnection.plainConnect0(HttpURLConnection.java:1162)
	at sun.net.www.protocol.http.HttpURLConnection.plainConnect(HttpURLConnection.java:1056)
	at sun.net.www.protocol.http.HttpURLConnection.connect(HttpURLConnection.java:990)
	at org.springframework.http.client.SimpleBufferingClientHttpRequest.executeInternal(SimpleBufferingClientHttpRequest.java:76)
	at org.springframework.http.client.AbstractBufferingClientHttpRequest.executeInternal(AbstractBufferingClientHttpRequest.java:48)
	at org.springframework.http.client.AbstractClientHttpRequest.execute(AbstractClientHttpRequest.java:53)
	at org.springframework.web.client.RestTemplate.doExecute(RestTemplate.java:739)
	... 52 common frames omitted
2020-07-03 11:54:31,122 INFO UsersClient [JavaFX Application Thread] Logging user by his username and password: [test]
2020-07-03 11:54:31,679 INFO UsersClient [JavaFX Application Thread] User testsuccessfully logged in
2020-07-03 11:54:31,913 INFO EventsClient [Thread-4] Getting all user's [1] events to alert.
2020-07-03 11:54:31,944 INFO EventsClient [JavaFX Application Thread] Getting all user's [1] events in year and month: [2020, 7]
2020-07-03 11:54:32,026 INFO EventsClient [Thread-4] Returning all user's [1] events to alert.
2020-07-03 11:54:32,026 INFO EventsClient [JavaFX Application Thread] Returning 0 user's [1] events in year and month: [2020, 7]
2020-07-03 11:54:34,982 INFO EventsClient [JavaFX Application Thread] Getting all user's [1] events in year and month: [2020, 7]
2020-07-03 11:54:35,007 INFO EventsClient [JavaFX Application Thread] Returning 0 user's [1] events in year and month: [2020, 7]
2020-07-03 11:56:05,619 INFO UsersClient [JavaFX Application Thread] Logging user by his username and password: [test]
2020-07-03 11:56:05,906 INFO UsersClient [JavaFX Application Thread] User testsuccessfully logged in
2020-07-03 11:56:06,069 INFO EventsClient [Thread-4] Getting all user's [1] events to alert.
2020-07-03 11:56:06,101 INFO EventsClient [JavaFX Application Thread] Getting all user's [1] events in year and month: [2020, 7]
2020-07-03 11:56:06,123 INFO EventsClient [Thread-4] Returning all user's [1] events to alert.
2020-07-03 11:56:06,123 INFO EventsClient [JavaFX Application Thread] Returning 0 user's [1] events in year and month: [2020, 7]
2020-07-03 11:57:10,531 INFO UsersClient [JavaFX Application Thread] Logging user by his username and password: [test]
2020-07-03 11:57:10,836 INFO UsersClient [JavaFX Application Thread] User testsuccessfully logged in
2020-07-03 11:57:10,999 INFO EventsClient [Thread-4] Getting all user's [1] events to alert.
2020-07-03 11:57:11,032 INFO EventsClient [JavaFX Application Thread] Getting all user's [1] events in year and month: [2020, 7]
2020-07-03 11:57:11,052 INFO EventsClient [Thread-4] Returning all user's [1] events to alert.
2020-07-03 11:57:11,052 INFO EventsClient [JavaFX Application Thread] Returning 0 user's [1] events in year and month: [2020, 7]
2020-07-03 11:57:28,278 INFO EventsClient [JavaFX Application Thread] Getting all user's [1] events in year and month: [2020, 7]
2020-07-03 11:57:28,288 INFO EventsClient [JavaFX Application Thread] Returning 0 user's [1] events in year and month: [2020, 7]
2020-07-03 11:58:00,053 INFO EventsClient [Thread-4] Getting all user's [1] events to alert.
2020-07-03 11:58:00,063 INFO EventsClient [Thread-4] Returning all user's [1] events to alert.
2020-07-03 11:58:33,251 INFO UsersClient [JavaFX Application Thread] Logging user by his username and password: [test]
2020-07-03 11:58:33,542 INFO UsersClient [JavaFX Application Thread] User testsuccessfully logged in
2020-07-03 11:58:33,761 INFO EventsClient [Thread-4] Getting all user's [1] events to alert.
2020-07-03 11:58:33,792 INFO EventsClient [JavaFX Application Thread] Getting all user's [1] events in year and month: [2020, 7]
2020-07-03 11:58:33,811 INFO EventsClient [Thread-4] Returning all user's [1] events to alert.
2020-07-03 11:58:33,811 INFO EventsClient [JavaFX Application Thread] Returning 0 user's [1] events in year and month: [2020, 7]
2020-07-03 11:59:00,813 INFO EventsClient [Thread-4] Getting all user's [1] events to alert.
2020-07-03 11:59:00,824 INFO EventsClient [Thread-4] Returning all user's [1] events to alert.
2020-07-03 11:59:07,985 INFO EventsClient [JavaFX Application Thread] Getting all user's [1] events in year and month: [2020, 7]
2020-07-03 11:59:07,998 INFO EventsClient [JavaFX Application Thread] Returning 0 user's [1] events in year and month: [2020, 7]
2020-07-03 12:00:00,826 INFO EventsClient [Thread-4] Getting all user's [1] events to alert.
2020-07-03 12:00:00,847 INFO EventsClient [Thread-4] Returning all user's [1] events to alert.
2020-07-03 12:01:00,849 INFO EventsClient [Thread-4] Getting all user's [1] events to alert.
2020-07-03 12:01:00,861 INFO EventsClient [Thread-4] Returning all user's [1] events to alert.
2020-07-03 12:02:00,863 INFO EventsClient [Thread-4] Getting all user's [1] events to alert.
2020-07-03 12:02:00,872 INFO EventsClient [Thread-4] Returning all user's [1] events to alert.
2020-07-03 12:03:00,874 INFO EventsClient [Thread-4] Getting all user's [1] events to alert.
2020-07-03 12:03:00,886 INFO EventsClient [Thread-4] Returning all user's [1] events to alert.
2020-07-03 12:04:00,886 INFO EventsClient [Thread-4] Getting all user's [1] events to alert.
2020-07-03 12:04:00,898 INFO EventsClient [Thread-4] Returning all user's [1] events to alert.
2020-07-03 12:05:00,899 INFO EventsClient [Thread-4] Getting all user's [1] events to alert.
2020-07-03 12:05:00,909 INFO EventsClient [Thread-4] Returning all user's [1] events to alert.
2020-07-03 12:06:00,911 INFO EventsClient [Thread-4] Getting all user's [1] events to alert.
2020-07-03 12:06:00,925 INFO EventsClient [Thread-4] Returning all user's [1] events to alert.
2020-07-03 12:07:00,926 INFO EventsClient [Thread-4] Getting all user's [1] events to alert.
2020-07-03 12:07:00,935 INFO EventsClient [Thread-4] Returning all user's [1] events to alert.
2020-07-03 12:08:00,937 INFO EventsClient [Thread-4] Getting all user's [1] events to alert.
2020-07-03 12:08:00,948 INFO EventsClient [Thread-4] Returning all user's [1] events to alert.
2020-07-03 12:09:00,949 INFO EventsClient [Thread-4] Getting all user's [1] events to alert.
2020-07-03 12:09:00,961 INFO EventsClient [Thread-4] Returning all user's [1] events to alert.
2020-07-03 12:09:38,770 INFO UsersClient [JavaFX Application Thread] Logging user by his username and password: [test]
2020-07-03 12:09:39,036 INFO UsersClient [JavaFX Application Thread] User testsuccessfully logged in
2020-07-03 12:09:39,192 INFO EventsClient [Thread-4] Getting all user's [1] events to alert.
2020-07-03 12:09:39,223 INFO EventsClient [JavaFX Application Thread] Getting all user's [1] events in year and month: [2020, 7]
2020-07-03 12:09:39,238 INFO EventsClient [Thread-4] Returning all user's [1] events to alert.
2020-07-03 12:09:39,238 INFO EventsClient [JavaFX Application Thread] Returning 0 user's [1] events in year and month: [2020, 7]
2020-07-03 12:09:53,217 INFO EventsClient [JavaFX Application Thread] Getting all user's [1] events in year and month: [2020, 7]
2020-07-03 12:09:53,226 INFO EventsClient [JavaFX Application Thread] Returning 0 user's [1] events in year and month: [2020, 7]
2020-07-03 12:10:00,240 INFO EventsClient [Thread-4] Getting all user's [1] events to alert.
2020-07-03 12:10:00,249 INFO EventsClient [Thread-4] Returning all user's [1] events to alert.
2020-07-03 12:11:00,249 INFO EventsClient [Thread-4] Getting all user's [1] events to alert.
2020-07-03 12:11:00,261 INFO EventsClient [Thread-4] Returning all user's [1] events to alert.
2020-07-03 12:11:23,171 INFO UsersClient [JavaFX Application Thread] Logging user by his username and password: [test]
2020-07-03 12:11:23,434 INFO UsersClient [JavaFX Application Thread] User testsuccessfully logged in
2020-07-03 12:11:23,604 INFO EventsClient [Thread-4] Getting all user's [1] events to alert.
2020-07-03 12:11:23,640 INFO EventsClient [JavaFX Application Thread] Getting all user's [1] events in year and month: [2020, 7]
2020-07-03 12:11:23,659 INFO EventsClient [Thread-4] Returning all user's [1] events to alert.
2020-07-03 12:11:23,659 INFO EventsClient [JavaFX Application Thread] Returning 0 user's [1] events in year and month: [2020, 7]
2020-07-03 12:11:35,974 INFO EventsClient [JavaFX Application Thread] Getting all user's [1] events in year and month: [2020, 7]
2020-07-03 12:11:35,983 INFO EventsClient [JavaFX Application Thread] Returning 0 user's [1] events in year and month: [2020, 7]
2020-07-03 12:12:00,661 INFO EventsClient [Thread-4] Getting all user's [1] events to alert.
2020-07-03 12:12:00,669 INFO EventsClient [Thread-4] Returning all user's [1] events to alert.
2020-07-03 12:13:00,670 INFO EventsClient [Thread-4] Getting all user's [1] events to alert.
2020-07-03 12:13:00,681 INFO EventsClient [Thread-4] Returning all user's [1] events to alert.
2020-07-03 12:14:00,682 INFO EventsClient [Thread-4] Getting all user's [1] events to alert.
2020-07-03 12:14:00,693 INFO EventsClient [Thread-4] Returning all user's [1] events to alert.
2020-07-03 12:14:37,961 INFO UsersClient [JavaFX Application Thread] Logging user by his username and password: [test]
2020-07-03 12:14:38,228 INFO UsersClient [JavaFX Application Thread] User testsuccessfully logged in
2020-07-03 12:14:38,411 INFO EventsClient [Thread-4] Getting all user's [1] events to alert.
2020-07-03 12:14:38,445 INFO EventsClient [JavaFX Application Thread] Getting all user's [1] events in year and month: [2020, 7]
2020-07-03 12:14:38,464 INFO EventsClient [Thread-4] Returning all user's [1] events to alert.
2020-07-03 12:14:38,464 INFO EventsClient [JavaFX Application Thread] Returning 0 user's [1] events in year and month: [2020, 7]
2020-07-03 12:15:00,042 INFO EventsClient [JavaFX Application Thread] Getting all user's [1] events in year and month: [2020, 7]
2020-07-03 12:15:00,051 INFO EventsClient [JavaFX Application Thread] Returning 0 user's [1] events in year and month: [2020, 7]
2020-07-03 12:15:00,466 INFO EventsClient [Thread-4] Getting all user's [1] events to alert.
2020-07-03 12:15:00,474 INFO EventsClient [Thread-4] Returning all user's [1] events to alert.
2020-07-03 12:16:00,474 INFO EventsClient [Thread-4] Getting all user's [1] events to alert.
2020-07-03 12:16:00,486 INFO EventsClient [Thread-4] Returning all user's [1] events to alert.
2020-07-03 12:17:00,488 INFO EventsClient [Thread-4] Getting all user's [1] events to alert.
2020-07-03 12:17:00,502 INFO EventsClient [Thread-4] Returning all user's [1] events to alert.
2020-07-03 12:18:00,504 INFO EventsClient [Thread-4] Getting all user's [1] events to alert.
2020-07-03 12:18:00,514 INFO EventsClient [Thread-4] Returning all user's [1] events to alert.
2020-07-03 12:19:00,516 INFO EventsClient [Thread-4] Getting all user's [1] events to alert.
2020-07-03 12:19:00,527 INFO EventsClient [Thread-4] Returning all user's [1] events to alert.
2020-07-03 12:20:00,528 INFO EventsClient [Thread-4] Getting all user's [1] events to alert.
2020-07-03 12:20:00,542 INFO EventsClient [Thread-4] Returning all user's [1] events to alert.
2020-07-03 12:20:25,248 INFO UsersClient [JavaFX Application Thread] Logging user by his username and password: [test]
2020-07-03 12:20:25,523 INFO UsersClient [JavaFX Application Thread] User testsuccessfully logged in
2020-07-03 12:20:25,678 INFO EventsClient [Thread-4] Getting all user's [1] events to alert.
2020-07-03 12:20:25,709 INFO EventsClient [JavaFX Application Thread] Getting all user's [1] events in year and month: [2020, 7]
2020-07-03 12:20:25,727 INFO EventsClient [Thread-4] Returning all user's [1] events to alert.
2020-07-03 12:20:25,727 INFO EventsClient [JavaFX Application Thread] Returning 0 user's [1] events in year and month: [2020, 7]
2020-07-03 12:20:50,533 INFO EventsClient [JavaFX Application Thread] Getting all user's [1] events in year and month: [2020, 7]
2020-07-03 12:20:50,541 INFO EventsClient [JavaFX Application Thread] Returning 0 user's [1] events in year and month: [2020, 7]
2020-07-03 12:21:00,729 INFO EventsClient [Thread-4] Getting all user's [1] events to alert.
2020-07-03 12:21:00,739 INFO EventsClient [Thread-4] Returning all user's [1] events to alert.
