2020-07-20 00:35:54,906 INFO org.springframework.boot.StartupInfoLogger [restartedMain] Starting Main on DESKTOP-6TQNAQQ with PID 9648 (D:\Informatika\projekty-java\PlanIt\ServerProject\target\classes started by HP in D:\Informatika\projekty-java\PlanIt\ServerProject)
2020-07-20 00:35:54,912 INFO org.springframework.boot.SpringApplication [restartedMain] No active profile set, falling back to default profiles: default
2020-07-20 00:35:54,980 INFO org.springframework.boot.logging.DeferredLog [restartedMain] The Class-Path manifest attribute in C:\Users\HP\.m2\repository\org\glassfish\jaxb\jaxb-runtime\2.3.2\jaxb-runtime-2.3.2.jar referenced one or more files that do not exist: file:/C:/Users/HP/.m2/repository/org/glassfish/jaxb/jaxb-runtime/2.3.2/jakarta.xml.bind-api-2.3.2.jar,file:/C:/Users/HP/.m2/repository/org/glassfish/jaxb/jaxb-runtime/2.3.2/txw2-2.3.2.jar,file:/C:/Users/HP/.m2/repository/org/glassfish/jaxb/jaxb-runtime/2.3.2/istack-commons-runtime-3.0.8.jar,file:/C:/Users/HP/.m2/repository/org/glassfish/jaxb/jaxb-runtime/2.3.2/stax-ex-1.8.1.jar,file:/C:/Users/HP/.m2/repository/org/glassfish/jaxb/jaxb-runtime/2.3.2/FastInfoset-1.2.16.jar,file:/C:/Users/HP/.m2/repository/org/glassfish/jaxb/jaxb-runtime/2.3.2/jakarta.activation-api-1.2.1.jar
2020-07-20 00:35:54,982 INFO org.springframework.boot.logging.DeferredLog [restartedMain] Devtools property defaults active! Set 'spring.devtools.add-properties' to 'false' to disable
2020-07-20 00:35:54,988 INFO org.springframework.boot.logging.DeferredLog [restartedMain] For additional web related logging consider setting the 'logging.level.web' property to 'DEBUG'
2020-07-20 00:35:56,496 INFO org.springframework.data.repository.config.RepositoryConfigurationDelegate [restartedMain] Bootstrapping Spring Data JPA repositories in DEFAULT mode.
2020-07-20 00:35:56,554 INFO org.springframework.data.repository.config.RepositoryConfigurationDelegate [restartedMain] Finished Spring Data repository scanning in 45ms. Found 0 JPA repository interfaces.
2020-07-20 00:35:58,209 INFO org.springframework.boot.web.embedded.tomcat.TomcatWebServer [restartedMain] Tomcat initialized with port(s): 8080 (http)
2020-07-20 00:35:58,224 INFO org.apache.juli.logging.DirectJDKLog [restartedMain] Starting service [Tomcat]
2020-07-20 00:35:58,224 INFO org.apache.juli.logging.DirectJDKLog [restartedMain] Starting Servlet engine: [Apache Tomcat/9.0.33]
2020-07-20 00:35:58,364 INFO org.apache.juli.logging.DirectJDKLog [restartedMain] Initializing Spring embedded WebApplicationContext
2020-07-20 00:35:58,364 INFO org.springframework.boot.web.servlet.context.ServletWebServerApplicationContext [restartedMain] Root WebApplicationContext: initialization completed in 3375 ms
2020-07-20 00:35:58,541 INFO com.zaxxer.hikari.HikariDataSource [restartedMain] HikariPool-1 - Starting...
2020-07-20 00:35:58,891 INFO com.zaxxer.hikari.HikariDataSource [restartedMain] HikariPool-1 - Start completed.
2020-07-20 00:35:58,954 INFO org.hibernate.jpa.internal.util.LogHelper [restartedMain] HHH000204: Processing PersistenceUnitInfo [name: default]
2020-07-20 00:35:59,255 INFO org.hibernate.Version [restartedMain] HHH000412: Hibernate ORM core version 5.4.12.Final
2020-07-20 00:35:59,509 INFO org.hibernate.annotations.common.reflection.java.JavaReflectionManager [restartedMain] HCANN000001: Hibernate Commons Annotations {5.1.0.Final}
2020-07-20 00:35:59,750 INFO org.hibernate.dialect.Dialect [restartedMain] HHH000400: Using dialect: org.hibernate.dialect.PostgreSQL10Dialect
2020-07-20 00:36:01,219 INFO org.hibernate.engine.transaction.jta.platform.internal.JtaPlatformInitiator [restartedMain] HHH000490: Using JtaPlatform implementation: [org.hibernate.engine.transaction.jta.platform.internal.NoJtaPlatform]
2020-07-20 00:36:01,249 INFO org.springframework.orm.jpa.AbstractEntityManagerFactoryBean [restartedMain] Initialized JPA EntityManagerFactory for persistence unit 'default'
2020-07-20 00:36:01,532 WARN org.springframework.boot.autoconfigure.orm.jpa.JpaBaseConfiguration$JpaWebConfiguration [restartedMain] spring.jpa.open-in-view is enabled by default. Therefore, database queries may be performed during view rendering. Explicitly configure spring.jpa.open-in-view to disable this warning
2020-07-20 00:36:01,986 INFO org.springframework.scheduling.concurrent.ExecutorConfigurationSupport [restartedMain] Initializing ExecutorService 'applicationTaskExecutor'
2020-07-20 00:36:02,396 INFO org.springframework.boot.devtools.autoconfigure.OptionalLiveReloadServer [restartedMain] LiveReload server is running on port 35729
2020-07-20 00:36:02,485 INFO org.springframework.boot.web.embedded.tomcat.TomcatWebServer [restartedMain] Tomcat started on port(s): 8080 (http) with context path ''
2020-07-20 00:36:02,493 INFO org.springframework.boot.StartupInfoLogger [restartedMain] Started Main in 8.461 seconds (JVM running for 9.754)
2020-07-20 00:36:16,601 INFO org.apache.juli.logging.DirectJDKLog [http-nio-8080-exec-1] Initializing Spring DispatcherServlet 'dispatcherServlet'
2020-07-20 00:36:16,601 INFO org.springframework.web.servlet.FrameworkServlet [http-nio-8080-exec-1] Initializing Servlet 'dispatcherServlet'
2020-07-20 00:36:16,606 INFO org.springframework.web.servlet.FrameworkServlet [http-nio-8080-exec-1] Completed initialization in 5 ms
2020-07-20 00:36:16,695 INFO com.example.vavaplanit.Api.UserController [http-nio-8080-exec-1] Getting user test and user password
2020-07-20 00:36:16,929 INFO com.example.vavaplanit.Api.UserController [http-nio-8080-exec-1] User testsuccessfully logged in
2020-07-20 00:36:17,203 INFO com.example.vavaplanit.Api.EventController [http-nio-8080-exec-3] Getting events by user's id: 1, year: 2020 and month: 7
2020-07-20 00:36:17,208 WARN org.springframework.web.servlet.handler.AbstractHandlerExceptionResolver [http-nio-8080-exec-2] Resolved [org.springframework.web.method.annotation.MethodArgumentTypeMismatchException: Failed to convert value of type 'java.lang.String' to required type 'int'; nested exception is java.lang.NumberFormatException: For input string: "alert"]
2020-07-20 00:36:17,345 INFO com.example.vavaplanit.Api.EventController [http-nio-8080-exec-3] Events successfully found. Returning 0 events.
2020-07-20 00:38:59,930 INFO com.example.vavaplanit.Api.UserController [http-nio-8080-exec-5] Getting user test and user password
2020-07-20 00:39:00,030 INFO com.example.vavaplanit.Api.UserController [http-nio-8080-exec-5] User testsuccessfully logged in
2020-07-20 00:39:00,087 WARN org.springframework.web.servlet.handler.AbstractHandlerExceptionResolver [http-nio-8080-exec-6] Resolved [org.springframework.web.method.annotation.MethodArgumentTypeMismatchException: Failed to convert value of type 'java.lang.String' to required type 'int'; nested exception is java.lang.NumberFormatException: For input string: "alert"]
2020-07-20 00:39:00,089 INFO com.example.vavaplanit.Api.EventController [http-nio-8080-exec-7] Getting events by user's id: 1, year: 2020 and month: 7
2020-07-20 00:39:00,091 INFO com.example.vavaplanit.Api.EventController [http-nio-8080-exec-7] Events successfully found. Returning 0 events.
2020-07-20 00:41:15,876 INFO com.example.vavaplanit.Api.UserController [http-nio-8080-exec-9] Getting user test and user password
2020-07-20 00:41:15,962 INFO com.example.vavaplanit.Api.UserController [http-nio-8080-exec-9] User testsuccessfully logged in
2020-07-20 00:41:16,120 WARN org.springframework.web.servlet.handler.AbstractHandlerExceptionResolver [http-nio-8080-exec-10] Resolved [org.springframework.web.method.annotation.MethodArgumentTypeMismatchException: Failed to convert value of type 'java.lang.String' to required type 'int'; nested exception is java.lang.NumberFormatException: For input string: "alert"]
2020-07-20 00:41:16,126 INFO com.example.vavaplanit.Api.EventController [http-nio-8080-exec-1] Getting events by user's id: 1, year: 2020 and month: 7
2020-07-20 00:41:16,128 INFO com.example.vavaplanit.Api.EventController [http-nio-8080-exec-1] Events successfully found. Returning 0 events.
2020-07-20 00:46:29,789 INFO com.example.vavaplanit.Api.UserController [http-nio-8080-exec-3] Getting user test and user password
2020-07-20 00:46:29,874 INFO com.example.vavaplanit.Api.UserController [http-nio-8080-exec-3] User testsuccessfully logged in
2020-07-20 00:46:30,040 INFO com.example.vavaplanit.Api.EventController [http-nio-8080-exec-5] Getting events by user's id: 1, year: 2020 and month: 7
2020-07-20 00:46:30,042 INFO com.example.vavaplanit.Api.EventController [http-nio-8080-exec-5] Events successfully found. Returning 0 events.
2020-07-20 00:46:30,045 WARN org.springframework.web.servlet.handler.AbstractHandlerExceptionResolver [http-nio-8080-exec-4] Resolved [org.springframework.web.method.annotation.MethodArgumentTypeMismatchException: Failed to convert value of type 'java.lang.String' to required type 'java.time.LocalDateTime'; nested exception is org.springframework.core.convert.ConversionFailedException: Failed to convert from type [java.lang.String] to type [@org.springframework.web.bind.annotation.PathVariable java.time.LocalDateTime] for value '2020-07-20T00:46:30.026'; nested exception is java.lang.IllegalArgumentException: Parse attempt failed for value [2020-07-20T00:46:30.026]]
2020-07-20 00:48:19,889 INFO org.springframework.scheduling.concurrent.ExecutorConfigurationSupport [Thread-22] Shutting down ExecutorService 'applicationTaskExecutor'
2020-07-20 00:48:19,889 INFO org.springframework.orm.jpa.AbstractEntityManagerFactoryBean [Thread-22] Closing JPA EntityManagerFactory for persistence unit 'default'
2020-07-20 00:48:19,893 INFO com.zaxxer.hikari.HikariDataSource [Thread-22] HikariPool-1 - Shutdown initiated...
2020-07-20 00:48:19,900 INFO com.zaxxer.hikari.HikariDataSource [Thread-22] HikariPool-1 - Shutdown completed.
2020-07-20 00:48:20,344 INFO org.springframework.boot.StartupInfoLogger [restartedMain] Starting Main on DESKTOP-6TQNAQQ with PID 9648 (D:\Informatika\projekty-java\PlanIt\ServerProject\target\classes started by HP in D:\Informatika\projekty-java\PlanIt\ServerProject)
2020-07-20 00:48:20,345 INFO org.springframework.boot.SpringApplication [restartedMain] No active profile set, falling back to default profiles: default
2020-07-20 00:48:20,639 INFO org.springframework.data.repository.config.RepositoryConfigurationDelegate [restartedMain] Bootstrapping Spring Data JPA repositories in DEFAULT mode.
2020-07-20 00:48:20,644 INFO org.springframework.data.repository.config.RepositoryConfigurationDelegate [restartedMain] Finished Spring Data repository scanning in 5ms. Found 0 JPA repository interfaces.
2020-07-20 00:48:20,818 INFO org.springframework.boot.web.embedded.tomcat.TomcatWebServer [restartedMain] Tomcat initialized with port(s): 8080 (http)
2020-07-20 00:48:20,818 INFO org.apache.juli.logging.DirectJDKLog [restartedMain] Starting service [Tomcat]
2020-07-20 00:48:20,819 INFO org.apache.juli.logging.DirectJDKLog [restartedMain] Starting Servlet engine: [Apache Tomcat/9.0.33]
2020-07-20 00:48:20,853 INFO org.apache.juli.logging.DirectJDKLog [restartedMain] Initializing Spring embedded WebApplicationContext
2020-07-20 00:48:20,853 INFO org.springframework.boot.web.servlet.context.ServletWebServerApplicationContext [restartedMain] Root WebApplicationContext: initialization completed in 502 ms
2020-07-20 00:48:20,899 INFO com.zaxxer.hikari.HikariDataSource [restartedMain] HikariPool-2 - Starting...
2020-07-20 00:48:20,953 INFO com.zaxxer.hikari.HikariDataSource [restartedMain] HikariPool-2 - Start completed.
2020-07-20 00:48:20,956 INFO org.hibernate.jpa.internal.util.LogHelper [restartedMain] HHH000204: Processing PersistenceUnitInfo [name: default]
2020-07-20 00:48:20,960 INFO org.hibernate.dialect.Dialect [restartedMain] HHH000400: Using dialect: org.hibernate.dialect.PostgreSQL10Dialect
2020-07-20 00:48:21,230 INFO org.hibernate.engine.transaction.jta.platform.internal.JtaPlatformInitiator [restartedMain] HHH000490: Using JtaPlatform implementation: [org.hibernate.engine.transaction.jta.platform.internal.NoJtaPlatform]
2020-07-20 00:48:21,230 INFO org.springframework.orm.jpa.AbstractEntityManagerFactoryBean [restartedMain] Initialized JPA EntityManagerFactory for persistence unit 'default'
2020-07-20 00:48:21,262 WARN org.springframework.boot.autoconfigure.orm.jpa.JpaBaseConfiguration$JpaWebConfiguration [restartedMain] spring.jpa.open-in-view is enabled by default. Therefore, database queries may be performed during view rendering. Explicitly configure spring.jpa.open-in-view to disable this warning
2020-07-20 00:48:21,292 INFO org.springframework.scheduling.concurrent.ExecutorConfigurationSupport [restartedMain] Initializing ExecutorService 'applicationTaskExecutor'
2020-07-20 00:48:21,353 INFO org.springframework.boot.devtools.autoconfigure.OptionalLiveReloadServer [restartedMain] LiveReload server is running on port 35729
2020-07-20 00:48:21,381 INFO org.springframework.boot.web.embedded.tomcat.TomcatWebServer [restartedMain] Tomcat started on port(s): 8080 (http) with context path ''
2020-07-20 00:48:21,382 INFO org.springframework.boot.StartupInfoLogger [restartedMain] Started Main in 1.094 seconds (JVM running for 748.644)
2020-07-20 00:48:21,384 INFO org.springframework.boot.devtools.autoconfigure.ConditionEvaluationDeltaLoggingListener [restartedMain] Condition evaluation unchanged
2020-07-20 00:49:34,226 INFO org.springframework.boot.StartupInfoLogger [restartedMain] Starting Main on DESKTOP-6TQNAQQ with PID 11548 (D:\Informatika\projekty-java\PlanIt\ServerProject\target\classes started by HP in D:\Informatika\projekty-java\PlanIt\ServerProject)
2020-07-20 00:49:34,232 INFO org.springframework.boot.SpringApplication [restartedMain] No active profile set, falling back to default profiles: default
2020-07-20 00:49:34,290 INFO org.springframework.boot.logging.DeferredLog [restartedMain] The Class-Path manifest attribute in C:\Users\HP\.m2\repository\org\glassfish\jaxb\jaxb-runtime\2.3.2\jaxb-runtime-2.3.2.jar referenced one or more files that do not exist: file:/C:/Users/HP/.m2/repository/org/glassfish/jaxb/jaxb-runtime/2.3.2/jakarta.xml.bind-api-2.3.2.jar,file:/C:/Users/HP/.m2/repository/org/glassfish/jaxb/jaxb-runtime/2.3.2/txw2-2.3.2.jar,file:/C:/Users/HP/.m2/repository/org/glassfish/jaxb/jaxb-runtime/2.3.2/istack-commons-runtime-3.0.8.jar,file:/C:/Users/HP/.m2/repository/org/glassfish/jaxb/jaxb-runtime/2.3.2/stax-ex-1.8.1.jar,file:/C:/Users/HP/.m2/repository/org/glassfish/jaxb/jaxb-runtime/2.3.2/FastInfoset-1.2.16.jar,file:/C:/Users/HP/.m2/repository/org/glassfish/jaxb/jaxb-runtime/2.3.2/jakarta.activation-api-1.2.1.jar
2020-07-20 00:49:34,291 INFO org.springframework.boot.logging.DeferredLog [restartedMain] Devtools property defaults active! Set 'spring.devtools.add-properties' to 'false' to disable
2020-07-20 00:49:34,291 INFO org.springframework.boot.logging.DeferredLog [restartedMain] For additional web related logging consider setting the 'logging.level.web' property to 'DEBUG'
2020-07-20 00:49:34,980 INFO org.springframework.data.repository.config.RepositoryConfigurationDelegate [restartedMain] Bootstrapping Spring Data JPA repositories in DEFAULT mode.
2020-07-20 00:49:35,000 INFO org.springframework.data.repository.config.RepositoryConfigurationDelegate [restartedMain] Finished Spring Data repository scanning in 12ms. Found 0 JPA repository interfaces.
2020-07-20 00:49:35,527 INFO org.springframework.boot.web.embedded.tomcat.TomcatWebServer [restartedMain] Tomcat initialized with port(s): 8080 (http)
2020-07-20 00:49:35,534 INFO org.apache.juli.logging.DirectJDKLog [restartedMain] Starting service [Tomcat]
2020-07-20 00:49:35,535 INFO org.apache.juli.logging.DirectJDKLog [restartedMain] Starting Servlet engine: [Apache Tomcat/9.0.33]
2020-07-20 00:49:35,639 INFO org.apache.juli.logging.DirectJDKLog [restartedMain] Initializing Spring embedded WebApplicationContext
2020-07-20 00:49:35,639 INFO org.springframework.boot.web.servlet.context.ServletWebServerApplicationContext [restartedMain] Root WebApplicationContext: initialization completed in 1348 ms
2020-07-20 00:49:35,754 INFO com.zaxxer.hikari.HikariDataSource [restartedMain] HikariPool-1 - Starting...
2020-07-20 00:49:35,897 INFO com.zaxxer.hikari.HikariDataSource [restartedMain] HikariPool-1 - Start completed.
2020-07-20 00:49:35,952 INFO org.hibernate.jpa.internal.util.LogHelper [restartedMain] HHH000204: Processing PersistenceUnitInfo [name: default]
2020-07-20 00:49:36,113 INFO org.hibernate.Version [restartedMain] HHH000412: Hibernate ORM core version 5.4.12.Final
2020-07-20 00:49:36,257 INFO org.hibernate.annotations.common.reflection.java.JavaReflectionManager [restartedMain] HCANN000001: Hibernate Commons Annotations {5.1.0.Final}
2020-07-20 00:49:36,425 INFO org.hibernate.dialect.Dialect [restartedMain] HHH000400: Using dialect: org.hibernate.dialect.PostgreSQL10Dialect
2020-07-20 00:49:36,839 INFO org.hibernate.engine.transaction.jta.platform.internal.JtaPlatformInitiator [restartedMain] HHH000490: Using JtaPlatform implementation: [org.hibernate.engine.transaction.jta.platform.internal.NoJtaPlatform]
2020-07-20 00:49:36,846 INFO org.springframework.orm.jpa.AbstractEntityManagerFactoryBean [restartedMain] Initialized JPA EntityManagerFactory for persistence unit 'default'
2020-07-20 00:49:36,923 WARN org.springframework.boot.autoconfigure.orm.jpa.JpaBaseConfiguration$JpaWebConfiguration [restartedMain] spring.jpa.open-in-view is enabled by default. Therefore, database queries may be performed during view rendering. Explicitly configure spring.jpa.open-in-view to disable this warning
2020-07-20 00:49:37,017 INFO org.springframework.scheduling.concurrent.ExecutorConfigurationSupport [restartedMain] Initializing ExecutorService 'applicationTaskExecutor'
2020-07-20 00:49:37,156 INFO org.springframework.boot.devtools.autoconfigure.OptionalLiveReloadServer [restartedMain] LiveReload server is running on port 35729
2020-07-20 00:49:37,194 INFO org.springframework.boot.web.embedded.tomcat.TomcatWebServer [restartedMain] Tomcat started on port(s): 8080 (http) with context path ''
2020-07-20 00:49:37,196 INFO org.springframework.boot.StartupInfoLogger [restartedMain] Started Main in 3.443 seconds (JVM running for 4.487)
2020-07-20 00:49:49,726 INFO org.springframework.boot.StartupInfoLogger [restartedMain] Starting Main on DESKTOP-6TQNAQQ with PID 13768 (D:\Informatika\projekty-java\PlanIt\ServerProject\target\classes started by HP in D:\Informatika\projekty-java\PlanIt\ServerProject)
2020-07-20 00:49:49,731 INFO org.springframework.boot.SpringApplication [restartedMain] No active profile set, falling back to default profiles: default
2020-07-20 00:49:49,781 INFO org.springframework.boot.logging.DeferredLog [restartedMain] The Class-Path manifest attribute in C:\Users\HP\.m2\repository\org\glassfish\jaxb\jaxb-runtime\2.3.2\jaxb-runtime-2.3.2.jar referenced one or more files that do not exist: file:/C:/Users/HP/.m2/repository/org/glassfish/jaxb/jaxb-runtime/2.3.2/jakarta.xml.bind-api-2.3.2.jar,file:/C:/Users/HP/.m2/repository/org/glassfish/jaxb/jaxb-runtime/2.3.2/txw2-2.3.2.jar,file:/C:/Users/HP/.m2/repository/org/glassfish/jaxb/jaxb-runtime/2.3.2/istack-commons-runtime-3.0.8.jar,file:/C:/Users/HP/.m2/repository/org/glassfish/jaxb/jaxb-runtime/2.3.2/stax-ex-1.8.1.jar,file:/C:/Users/HP/.m2/repository/org/glassfish/jaxb/jaxb-runtime/2.3.2/FastInfoset-1.2.16.jar,file:/C:/Users/HP/.m2/repository/org/glassfish/jaxb/jaxb-runtime/2.3.2/jakarta.activation-api-1.2.1.jar
2020-07-20 00:49:49,785 INFO org.springframework.boot.logging.DeferredLog [restartedMain] Devtools property defaults active! Set 'spring.devtools.add-properties' to 'false' to disable
2020-07-20 00:49:49,786 INFO org.springframework.boot.logging.DeferredLog [restartedMain] For additional web related logging consider setting the 'logging.level.web' property to 'DEBUG'
2020-07-20 00:49:50,429 INFO org.springframework.data.repository.config.RepositoryConfigurationDelegate [restartedMain] Bootstrapping Spring Data JPA repositories in DEFAULT mode.
2020-07-20 00:49:50,455 INFO org.springframework.data.repository.config.RepositoryConfigurationDelegate [restartedMain] Finished Spring Data repository scanning in 15ms. Found 0 JPA repository interfaces.
2020-07-20 00:49:51,092 INFO org.springframework.boot.web.embedded.tomcat.TomcatWebServer [restartedMain] Tomcat initialized with port(s): 8080 (http)
2020-07-20 00:49:51,099 INFO org.apache.juli.logging.DirectJDKLog [restartedMain] Starting service [Tomcat]
2020-07-20 00:49:51,100 INFO org.apache.juli.logging.DirectJDKLog [restartedMain] Starting Servlet engine: [Apache Tomcat/9.0.33]
2020-07-20 00:49:51,197 INFO org.apache.juli.logging.DirectJDKLog [restartedMain] Initializing Spring embedded WebApplicationContext
2020-07-20 00:49:51,197 INFO org.springframework.boot.web.servlet.context.ServletWebServerApplicationContext [restartedMain] Root WebApplicationContext: initialization completed in 1409 ms
2020-07-20 00:49:51,290 INFO com.zaxxer.hikari.HikariDataSource [restartedMain] HikariPool-1 - Starting...
2020-07-20 00:49:51,396 INFO com.zaxxer.hikari.HikariDataSource [restartedMain] HikariPool-1 - Start completed.
2020-07-20 00:49:51,432 INFO org.hibernate.jpa.internal.util.LogHelper [restartedMain] HHH000204: Processing PersistenceUnitInfo [name: default]
2020-07-20 00:49:51,555 INFO org.hibernate.Version [restartedMain] HHH000412: Hibernate ORM core version 5.4.12.Final
2020-07-20 00:49:51,662 INFO org.hibernate.annotations.common.reflection.java.JavaReflectionManager [restartedMain] HCANN000001: Hibernate Commons Annotations {5.1.0.Final}
2020-07-20 00:49:51,758 INFO org.hibernate.dialect.Dialect [restartedMain] HHH000400: Using dialect: org.hibernate.dialect.PostgreSQL10Dialect
2020-07-20 00:49:52,139 INFO org.hibernate.engine.transaction.jta.platform.internal.JtaPlatformInitiator [restartedMain] HHH000490: Using JtaPlatform implementation: [org.hibernate.engine.transaction.jta.platform.internal.NoJtaPlatform]
2020-07-20 00:49:52,146 INFO org.springframework.orm.jpa.AbstractEntityManagerFactoryBean [restartedMain] Initialized JPA EntityManagerFactory for persistence unit 'default'
2020-07-20 00:49:52,219 WARN org.springframework.boot.autoconfigure.orm.jpa.JpaBaseConfiguration$JpaWebConfiguration [restartedMain] spring.jpa.open-in-view is enabled by default. Therefore, database queries may be performed during view rendering. Explicitly configure spring.jpa.open-in-view to disable this warning
2020-07-20 00:49:52,311 INFO org.springframework.scheduling.concurrent.ExecutorConfigurationSupport [restartedMain] Initializing ExecutorService 'applicationTaskExecutor'
2020-07-20 00:49:52,446 INFO org.springframework.boot.devtools.autoconfigure.OptionalLiveReloadServer [restartedMain] LiveReload server is running on port 35729
2020-07-20 00:49:52,486 INFO org.springframework.boot.web.embedded.tomcat.TomcatWebServer [restartedMain] Tomcat started on port(s): 8080 (http) with context path ''
2020-07-20 00:49:52,488 INFO org.springframework.boot.StartupInfoLogger [restartedMain] Started Main in 3.206 seconds (JVM running for 4.084)
2020-07-20 00:50:11,628 INFO org.apache.juli.logging.DirectJDKLog [http-nio-8080-exec-1] Initializing Spring DispatcherServlet 'dispatcherServlet'
2020-07-20 00:50:11,628 INFO org.springframework.web.servlet.FrameworkServlet [http-nio-8080-exec-1] Initializing Servlet 'dispatcherServlet'
2020-07-20 00:50:11,633 INFO org.springframework.web.servlet.FrameworkServlet [http-nio-8080-exec-1] Completed initialization in 5 ms
2020-07-20 00:50:11,695 INFO com.example.vavaplanit.Api.UserController [http-nio-8080-exec-1] Getting user test and user password
2020-07-20 00:50:11,797 INFO com.example.vavaplanit.Api.UserController [http-nio-8080-exec-1] User testsuccessfully logged in
2020-07-20 00:50:12,014 INFO com.example.vavaplanit.Api.EventController [http-nio-8080-exec-3] Getting events by user's id: 1, year: 2020 and month: 7
2020-07-20 00:50:12,023 INFO com.example.vavaplanit.Api.EventController [http-nio-8080-exec-3] Events successfully found. Returning 0 events.
2020-07-20 00:50:12,028 WARN org.springframework.web.servlet.handler.AbstractHandlerExceptionResolver [http-nio-8080-exec-2] Resolved [org.springframework.web.method.annotation.MethodArgumentTypeMismatchException: Failed to convert value of type 'java.lang.String' to required type 'java.time.LocalDateTime'; nested exception is org.springframework.core.convert.ConversionFailedException: Failed to convert from type [java.lang.String] to type [@org.springframework.web.bind.annotation.PathVariable @org.springframework.format.annotation.DateTimeFormat java.time.LocalDateTime] for value '2020-07-20T00:50:11.998'; nested exception is java.lang.IllegalArgumentException: Parse attempt failed for value [2020-07-20T00:50:11.998]]
2020-07-20 00:52:31,183 INFO org.springframework.boot.StartupInfoLogger [restartedMain] Starting Main on DESKTOP-6TQNAQQ with PID 13100 (D:\Informatika\projekty-java\PlanIt\ServerProject\target\classes started by HP in D:\Informatika\projekty-java\PlanIt\ServerProject)
2020-07-20 00:52:31,191 INFO org.springframework.boot.SpringApplication [restartedMain] No active profile set, falling back to default profiles: default
2020-07-20 00:52:31,258 INFO org.springframework.boot.logging.DeferredLog [restartedMain] The Class-Path manifest attribute in C:\Users\HP\.m2\repository\org\glassfish\jaxb\jaxb-runtime\2.3.2\jaxb-runtime-2.3.2.jar referenced one or more files that do not exist: file:/C:/Users/HP/.m2/repository/org/glassfish/jaxb/jaxb-runtime/2.3.2/jakarta.xml.bind-api-2.3.2.jar,file:/C:/Users/HP/.m2/repository/org/glassfish/jaxb/jaxb-runtime/2.3.2/txw2-2.3.2.jar,file:/C:/Users/HP/.m2/repository/org/glassfish/jaxb/jaxb-runtime/2.3.2/istack-commons-runtime-3.0.8.jar,file:/C:/Users/HP/.m2/repository/org/glassfish/jaxb/jaxb-runtime/2.3.2/stax-ex-1.8.1.jar,file:/C:/Users/HP/.m2/repository/org/glassfish/jaxb/jaxb-runtime/2.3.2/FastInfoset-1.2.16.jar,file:/C:/Users/HP/.m2/repository/org/glassfish/jaxb/jaxb-runtime/2.3.2/jakarta.activation-api-1.2.1.jar
2020-07-20 00:52:31,259 INFO org.springframework.boot.logging.DeferredLog [restartedMain] Devtools property defaults active! Set 'spring.devtools.add-properties' to 'false' to disable
2020-07-20 00:52:31,260 INFO org.springframework.boot.logging.DeferredLog [restartedMain] For additional web related logging consider setting the 'logging.level.web' property to 'DEBUG'
2020-07-20 00:52:31,957 INFO org.springframework.data.repository.config.RepositoryConfigurationDelegate [restartedMain] Bootstrapping Spring Data JPA repositories in DEFAULT mode.
2020-07-20 00:52:31,978 INFO org.springframework.data.repository.config.RepositoryConfigurationDelegate [restartedMain] Finished Spring Data repository scanning in 13ms. Found 0 JPA repository interfaces.
2020-07-20 00:52:32,565 INFO org.springframework.boot.web.embedded.tomcat.TomcatWebServer [restartedMain] Tomcat initialized with port(s): 8080 (http)
2020-07-20 00:52:32,573 INFO org.apache.juli.logging.DirectJDKLog [restartedMain] Starting service [Tomcat]
2020-07-20 00:52:32,573 INFO org.apache.juli.logging.DirectJDKLog [restartedMain] Starting Servlet engine: [Apache Tomcat/9.0.33]
2020-07-20 00:52:32,676 INFO org.apache.juli.logging.DirectJDKLog [restartedMain] Initializing Spring embedded WebApplicationContext
2020-07-20 00:52:32,677 INFO org.springframework.boot.web.servlet.context.ServletWebServerApplicationContext [restartedMain] Root WebApplicationContext: initialization completed in 1416 ms
2020-07-20 00:52:32,796 INFO com.zaxxer.hikari.HikariDataSource [restartedMain] HikariPool-1 - Starting...
2020-07-20 00:52:32,903 INFO com.zaxxer.hikari.HikariDataSource [restartedMain] HikariPool-1 - Start completed.
2020-07-20 00:52:32,950 INFO org.hibernate.jpa.internal.util.LogHelper [restartedMain] HHH000204: Processing PersistenceUnitInfo [name: default]
2020-07-20 00:52:33,149 INFO org.hibernate.Version [restartedMain] HHH000412: Hibernate ORM core version 5.4.12.Final
2020-07-20 00:52:33,370 INFO org.hibernate.annotations.common.reflection.java.JavaReflectionManager [restartedMain] HCANN000001: Hibernate Commons Annotations {5.1.0.Final}
2020-07-20 00:52:33,530 INFO org.hibernate.dialect.Dialect [restartedMain] HHH000400: Using dialect: org.hibernate.dialect.PostgreSQL10Dialect
2020-07-20 00:52:33,997 INFO org.hibernate.engine.transaction.jta.platform.internal.JtaPlatformInitiator [restartedMain] HHH000490: Using JtaPlatform implementation: [org.hibernate.engine.transaction.jta.platform.internal.NoJtaPlatform]
2020-07-20 00:52:34,005 INFO org.springframework.orm.jpa.AbstractEntityManagerFactoryBean [restartedMain] Initialized JPA EntityManagerFactory for persistence unit 'default'
2020-07-20 00:52:34,085 WARN org.springframework.boot.autoconfigure.orm.jpa.JpaBaseConfiguration$JpaWebConfiguration [restartedMain] spring.jpa.open-in-view is enabled by default. Therefore, database queries may be performed during view rendering. Explicitly configure spring.jpa.open-in-view to disable this warning
2020-07-20 00:52:34,196 INFO org.springframework.scheduling.concurrent.ExecutorConfigurationSupport [restartedMain] Initializing ExecutorService 'applicationTaskExecutor'
2020-07-20 00:52:34,339 INFO org.springframework.boot.devtools.autoconfigure.OptionalLiveReloadServer [restartedMain] LiveReload server is running on port 35729
2020-07-20 00:52:34,377 INFO org.springframework.boot.web.embedded.tomcat.TomcatWebServer [restartedMain] Tomcat started on port(s): 8080 (http) with context path ''
2020-07-20 00:52:34,380 INFO org.springframework.boot.StartupInfoLogger [restartedMain] Started Main in 3.629 seconds (JVM running for 4.606)
2020-07-20 00:52:39,772 INFO org.apache.juli.logging.DirectJDKLog [http-nio-8080-exec-1] Initializing Spring DispatcherServlet 'dispatcherServlet'
2020-07-20 00:52:39,772 INFO org.springframework.web.servlet.FrameworkServlet [http-nio-8080-exec-1] Initializing Servlet 'dispatcherServlet'
2020-07-20 00:52:39,777 INFO org.springframework.web.servlet.FrameworkServlet [http-nio-8080-exec-1] Completed initialization in 5 ms
2020-07-20 00:52:39,840 INFO com.example.vavaplanit.Api.UserController [http-nio-8080-exec-1] Getting user test and user password
2020-07-20 00:52:39,940 INFO com.example.vavaplanit.Api.UserController [http-nio-8080-exec-1] User testsuccessfully logged in
2020-07-20 00:52:40,064 INFO com.example.vavaplanit.Api.EventController [http-nio-8080-exec-5] Getting events by user's id: 1, year: 2020 and month: 7
2020-07-20 00:52:40,076 INFO com.example.vavaplanit.Api.EventController [http-nio-8080-exec-5] Events successfully found. Returning 0 events.
2020-07-20 00:52:40,079 WARN org.springframework.web.servlet.handler.AbstractHandlerExceptionResolver [http-nio-8080-exec-2] Resolved [org.springframework.web.method.annotation.MethodArgumentTypeMismatchException: Failed to convert value of type 'java.lang.String' to required type 'java.time.LocalDateTime'; nested exception is org.springframework.core.convert.ConversionFailedException: Failed to convert from type [java.lang.String] to type [@org.springframework.web.bind.annotation.PathVariable @org.springframework.format.annotation.DateTimeFormat java.time.LocalDateTime] for value '2020-07-20T00:52:40.051'; nested exception is java.lang.IllegalArgumentException: Parse attempt failed for value [2020-07-20T00:52:40.051]]
2020-07-20 00:53:48,991 INFO org.springframework.boot.StartupInfoLogger [restartedMain] Starting Main on DESKTOP-6TQNAQQ with PID 9752 (D:\Informatika\projekty-java\PlanIt\ServerProject\target\classes started by HP in D:\Informatika\projekty-java\PlanIt\ServerProject)
2020-07-20 00:53:48,997 INFO org.springframework.boot.SpringApplication [restartedMain] No active profile set, falling back to default profiles: default
2020-07-20 00:53:49,063 INFO org.springframework.boot.logging.DeferredLog [restartedMain] The Class-Path manifest attribute in C:\Users\HP\.m2\repository\org\glassfish\jaxb\jaxb-runtime\2.3.2\jaxb-runtime-2.3.2.jar referenced one or more files that do not exist: file:/C:/Users/HP/.m2/repository/org/glassfish/jaxb/jaxb-runtime/2.3.2/jakarta.xml.bind-api-2.3.2.jar,file:/C:/Users/HP/.m2/repository/org/glassfish/jaxb/jaxb-runtime/2.3.2/txw2-2.3.2.jar,file:/C:/Users/HP/.m2/repository/org/glassfish/jaxb/jaxb-runtime/2.3.2/istack-commons-runtime-3.0.8.jar,file:/C:/Users/HP/.m2/repository/org/glassfish/jaxb/jaxb-runtime/2.3.2/stax-ex-1.8.1.jar,file:/C:/Users/HP/.m2/repository/org/glassfish/jaxb/jaxb-runtime/2.3.2/FastInfoset-1.2.16.jar,file:/C:/Users/HP/.m2/repository/org/glassfish/jaxb/jaxb-runtime/2.3.2/jakarta.activation-api-1.2.1.jar
2020-07-20 00:53:49,064 INFO org.springframework.boot.logging.DeferredLog [restartedMain] Devtools property defaults active! Set 'spring.devtools.add-properties' to 'false' to disable
2020-07-20 00:53:49,064 INFO org.springframework.boot.logging.DeferredLog [restartedMain] For additional web related logging consider setting the 'logging.level.web' property to 'DEBUG'
2020-07-20 00:53:49,727 INFO org.springframework.data.repository.config.RepositoryConfigurationDelegate [restartedMain] Bootstrapping Spring Data JPA repositories in DEFAULT mode.
2020-07-20 00:53:49,752 INFO org.springframework.data.repository.config.RepositoryConfigurationDelegate [restartedMain] Finished Spring Data repository scanning in 14ms. Found 0 JPA repository interfaces.
2020-07-20 00:53:50,304 INFO org.springframework.boot.web.embedded.tomcat.TomcatWebServer [restartedMain] Tomcat initialized with port(s): 8080 (http)
2020-07-20 00:53:50,313 INFO org.apache.juli.logging.DirectJDKLog [restartedMain] Starting service [Tomcat]
2020-07-20 00:53:50,313 INFO org.apache.juli.logging.DirectJDKLog [restartedMain] Starting Servlet engine: [Apache Tomcat/9.0.33]
2020-07-20 00:53:50,424 INFO org.apache.juli.logging.DirectJDKLog [restartedMain] Initializing Spring embedded WebApplicationContext
2020-07-20 00:53:50,425 INFO org.springframework.boot.web.servlet.context.ServletWebServerApplicationContext [restartedMain] Root WebApplicationContext: initialization completed in 1360 ms
2020-07-20 00:53:50,532 INFO com.zaxxer.hikari.HikariDataSource [restartedMain] HikariPool-1 - Starting...
2020-07-20 00:53:50,761 INFO com.zaxxer.hikari.HikariDataSource [restartedMain] HikariPool-1 - Start completed.
2020-07-20 00:53:50,814 INFO org.hibernate.jpa.internal.util.LogHelper [restartedMain] HHH000204: Processing PersistenceUnitInfo [name: default]
2020-07-20 00:53:50,941 INFO org.hibernate.Version [restartedMain] HHH000412: Hibernate ORM core version 5.4.12.Final
2020-07-20 00:53:51,118 INFO org.hibernate.annotations.common.reflection.java.JavaReflectionManager [restartedMain] HCANN000001: Hibernate Commons Annotations {5.1.0.Final}
2020-07-20 00:53:51,267 INFO org.hibernate.dialect.Dialect [restartedMain] HHH000400: Using dialect: org.hibernate.dialect.PostgreSQL10Dialect
2020-07-20 00:53:51,643 INFO org.hibernate.engine.transaction.jta.platform.internal.JtaPlatformInitiator [restartedMain] HHH000490: Using JtaPlatform implementation: [org.hibernate.engine.transaction.jta.platform.internal.NoJtaPlatform]
2020-07-20 00:53:51,649 INFO org.springframework.orm.jpa.AbstractEntityManagerFactoryBean [restartedMain] Initialized JPA EntityManagerFactory for persistence unit 'default'
2020-07-20 00:53:51,727 WARN org.springframework.boot.autoconfigure.orm.jpa.JpaBaseConfiguration$JpaWebConfiguration [restartedMain] spring.jpa.open-in-view is enabled by default. Therefore, database queries may be performed during view rendering. Explicitly configure spring.jpa.open-in-view to disable this warning
2020-07-20 00:53:51,823 INFO org.springframework.scheduling.concurrent.ExecutorConfigurationSupport [restartedMain] Initializing ExecutorService 'applicationTaskExecutor'
2020-07-20 00:53:51,961 INFO org.springframework.boot.devtools.autoconfigure.OptionalLiveReloadServer [restartedMain] LiveReload server is running on port 35729
2020-07-20 00:53:51,999 INFO org.springframework.boot.web.embedded.tomcat.TomcatWebServer [restartedMain] Tomcat started on port(s): 8080 (http) with context path ''
2020-07-20 00:53:52,002 INFO org.springframework.boot.StartupInfoLogger [restartedMain] Started Main in 3.426 seconds (JVM running for 4.301)
2020-07-20 00:53:59,327 INFO org.apache.juli.logging.DirectJDKLog [http-nio-8080-exec-1] Initializing Spring DispatcherServlet 'dispatcherServlet'
2020-07-20 00:53:59,327 INFO org.springframework.web.servlet.FrameworkServlet [http-nio-8080-exec-1] Initializing Servlet 'dispatcherServlet'
2020-07-20 00:53:59,333 INFO org.springframework.web.servlet.FrameworkServlet [http-nio-8080-exec-1] Completed initialization in 5 ms
2020-07-20 00:53:59,396 INFO com.example.vavaplanit.Api.UserController [http-nio-8080-exec-1] Getting user test and user password
2020-07-20 00:53:59,496 INFO com.example.vavaplanit.Api.UserController [http-nio-8080-exec-1] User testsuccessfully logged in
2020-07-20 00:53:59,609 INFO com.example.vavaplanit.Api.EventController [http-nio-8080-exec-6] Getting events by user's id: 1, year: 2020 and month: 7
2020-07-20 00:53:59,621 WARN org.springframework.web.servlet.handler.AbstractHandlerExceptionResolver [http-nio-8080-exec-4] Resolved [org.springframework.web.method.annotation.MethodArgumentTypeMismatchException: Failed to convert value of type 'java.lang.String' to required type 'java.time.LocalDateTime'; nested exception is org.springframework.core.convert.ConversionFailedException: Failed to convert from type [java.lang.String] to type [@org.springframework.web.bind.annotation.PathVariable @org.springframework.format.annotation.DateTimeFormat java.time.LocalDateTime] for value '2020-07-20T00:53:59.599'; nested exception is java.lang.IllegalArgumentException: Parse attempt failed for value [2020-07-20T00:53:59.599]]
2020-07-20 00:53:59,621 INFO com.example.vavaplanit.Api.EventController [http-nio-8080-exec-6] Events successfully found. Returning 0 events.
2020-07-20 00:55:21,142 INFO org.springframework.boot.StartupInfoLogger [restartedMain] Starting Main on DESKTOP-6TQNAQQ with PID 11508 (D:\Informatika\projekty-java\PlanIt\ServerProject\target\classes started by HP in D:\Informatika\projekty-java\PlanIt\ServerProject)
2020-07-20 00:55:21,147 INFO org.springframework.boot.SpringApplication [restartedMain] No active profile set, falling back to default profiles: default
2020-07-20 00:55:21,203 INFO org.springframework.boot.logging.DeferredLog [restartedMain] The Class-Path manifest attribute in C:\Users\HP\.m2\repository\org\glassfish\jaxb\jaxb-runtime\2.3.2\jaxb-runtime-2.3.2.jar referenced one or more files that do not exist: file:/C:/Users/HP/.m2/repository/org/glassfish/jaxb/jaxb-runtime/2.3.2/jakarta.xml.bind-api-2.3.2.jar,file:/C:/Users/HP/.m2/repository/org/glassfish/jaxb/jaxb-runtime/2.3.2/txw2-2.3.2.jar,file:/C:/Users/HP/.m2/repository/org/glassfish/jaxb/jaxb-runtime/2.3.2/istack-commons-runtime-3.0.8.jar,file:/C:/Users/HP/.m2/repository/org/glassfish/jaxb/jaxb-runtime/2.3.2/stax-ex-1.8.1.jar,file:/C:/Users/HP/.m2/repository/org/glassfish/jaxb/jaxb-runtime/2.3.2/FastInfoset-1.2.16.jar,file:/C:/Users/HP/.m2/repository/org/glassfish/jaxb/jaxb-runtime/2.3.2/jakarta.activation-api-1.2.1.jar
2020-07-20 00:55:21,204 INFO org.springframework.boot.logging.DeferredLog [restartedMain] Devtools property defaults active! Set 'spring.devtools.add-properties' to 'false' to disable
2020-07-20 00:55:21,205 INFO org.springframework.boot.logging.DeferredLog [restartedMain] For additional web related logging consider setting the 'logging.level.web' property to 'DEBUG'
2020-07-20 00:55:21,794 INFO org.springframework.data.repository.config.RepositoryConfigurationDelegate [restartedMain] Bootstrapping Spring Data JPA repositories in DEFAULT mode.
2020-07-20 00:55:21,812 INFO org.springframework.data.repository.config.RepositoryConfigurationDelegate [restartedMain] Finished Spring Data repository scanning in 10ms. Found 0 JPA repository interfaces.
2020-07-20 00:55:22,271 INFO org.springframework.boot.web.embedded.tomcat.TomcatWebServer [restartedMain] Tomcat initialized with port(s): 8080 (http)
2020-07-20 00:55:22,278 INFO org.apache.juli.logging.DirectJDKLog [restartedMain] Starting service [Tomcat]
2020-07-20 00:55:22,278 INFO org.apache.juli.logging.DirectJDKLog [restartedMain] Starting Servlet engine: [Apache Tomcat/9.0.33]
2020-07-20 00:55:22,372 INFO org.apache.juli.logging.DirectJDKLog [restartedMain] Initializing Spring embedded WebApplicationContext
2020-07-20 00:55:22,373 INFO org.springframework.boot.web.servlet.context.ServletWebServerApplicationContext [restartedMain] Root WebApplicationContext: initialization completed in 1168 ms
2020-07-20 00:55:22,465 INFO com.zaxxer.hikari.HikariDataSource [restartedMain] HikariPool-1 - Starting...
2020-07-20 00:55:22,565 INFO com.zaxxer.hikari.HikariDataSource [restartedMain] HikariPool-1 - Start completed.
2020-07-20 00:55:22,601 INFO org.hibernate.jpa.internal.util.LogHelper [restartedMain] HHH000204: Processing PersistenceUnitInfo [name: default]
2020-07-20 00:55:22,720 INFO org.hibernate.Version [restartedMain] HHH000412: Hibernate ORM core version 5.4.12.Final
2020-07-20 00:55:22,834 INFO org.hibernate.annotations.common.reflection.java.JavaReflectionManager [restartedMain] HCANN000001: Hibernate Commons Annotations {5.1.0.Final}
2020-07-20 00:55:22,939 INFO org.hibernate.dialect.Dialect [restartedMain] HHH000400: Using dialect: org.hibernate.dialect.PostgreSQL10Dialect
2020-07-20 00:55:23,338 INFO org.hibernate.engine.transaction.jta.platform.internal.JtaPlatformInitiator [restartedMain] HHH000490: Using JtaPlatform implementation: [org.hibernate.engine.transaction.jta.platform.internal.NoJtaPlatform]
2020-07-20 00:55:23,345 INFO org.springframework.orm.jpa.AbstractEntityManagerFactoryBean [restartedMain] Initialized JPA EntityManagerFactory for persistence unit 'default'
2020-07-20 00:55:23,423 WARN org.springframework.boot.autoconfigure.orm.jpa.JpaBaseConfiguration$JpaWebConfiguration [restartedMain] spring.jpa.open-in-view is enabled by default. Therefore, database queries may be performed during view rendering. Explicitly configure spring.jpa.open-in-view to disable this warning
2020-07-20 00:55:23,518 INFO org.springframework.scheduling.concurrent.ExecutorConfigurationSupport [restartedMain] Initializing ExecutorService 'applicationTaskExecutor'
2020-07-20 00:55:23,668 INFO org.springframework.boot.devtools.autoconfigure.OptionalLiveReloadServer [restartedMain] LiveReload server is running on port 35729
2020-07-20 00:55:23,706 INFO org.springframework.boot.web.embedded.tomcat.TomcatWebServer [restartedMain] Tomcat started on port(s): 8080 (http) with context path ''
2020-07-20 00:55:23,708 INFO org.springframework.boot.StartupInfoLogger [restartedMain] Started Main in 3.027 seconds (JVM running for 3.928)
2020-07-20 00:55:26,329 INFO org.apache.juli.logging.DirectJDKLog [http-nio-8080-exec-1] Initializing Spring DispatcherServlet 'dispatcherServlet'
2020-07-20 00:55:26,330 INFO org.springframework.web.servlet.FrameworkServlet [http-nio-8080-exec-1] Initializing Servlet 'dispatcherServlet'
2020-07-20 00:55:26,334 INFO org.springframework.web.servlet.FrameworkServlet [http-nio-8080-exec-1] Completed initialization in 4 ms
2020-07-20 00:55:26,397 INFO com.example.vavaplanit.Api.UserController [http-nio-8080-exec-1] Getting user test and user password
2020-07-20 00:55:26,497 INFO com.example.vavaplanit.Api.UserController [http-nio-8080-exec-1] User testsuccessfully logged in
2020-07-20 00:55:26,594 INFO com.example.vavaplanit.Api.EventController [http-nio-8080-exec-3] Getting events by user's id: 1, year: 2020 and month: 7
2020-07-20 00:55:26,603 INFO com.example.vavaplanit.Api.EventController [http-nio-8080-exec-3] Events successfully found. Returning 0 events.
2020-07-20 00:55:26,607 WARN org.springframework.web.servlet.handler.AbstractHandlerExceptionResolver [http-nio-8080-exec-2] Resolved [org.springframework.web.method.annotation.MethodArgumentTypeMismatchException: Failed to convert value of type 'java.lang.String' to required type 'java.time.LocalDateTime'; nested exception is org.springframework.core.convert.ConversionFailedException: Failed to convert from type [java.lang.String] to type [@org.springframework.web.bind.annotation.PathVariable @org.springframework.format.annotation.DateTimeFormat java.time.LocalDateTime] for value '2020-07-20T00:55:26.586'; nested exception is java.lang.IllegalArgumentException: Parse attempt failed for value [2020-07-20T00:55:26.586]]
2020-07-20 00:56:59,833 INFO com.example.vavaplanit.Api.UserController [http-nio-8080-exec-7] Getting user test and user password
2020-07-20 00:56:59,917 INFO com.example.vavaplanit.Api.UserController [http-nio-8080-exec-7] User testsuccessfully logged in
2020-07-20 00:57:00,105 INFO com.example.vavaplanit.Api.EventController [http-nio-8080-exec-10] Getting events by user's id: 1, year: 2020 and month: 7
2020-07-20 00:57:00,105 WARN org.springframework.web.servlet.handler.AbstractHandlerExceptionResolver [http-nio-8080-exec-6] Resolved [org.springframework.web.method.annotation.MethodArgumentTypeMismatchException: Failed to convert value of type 'java.lang.String' to required type 'java.time.LocalDateTime'; nested exception is org.springframework.core.convert.ConversionFailedException: Failed to convert from type [java.lang.String] to type [@org.springframework.web.bind.annotation.PathVariable @org.springframework.format.annotation.DateTimeFormat java.time.LocalDateTime] for value '2020-07-20T00:57:00.080'; nested exception is java.lang.IllegalArgumentException: Parse attempt failed for value [2020-07-20T00:57:00.080]]
2020-07-20 00:57:00,108 INFO com.example.vavaplanit.Api.EventController [http-nio-8080-exec-10] Events successfully found. Returning 0 events.
2020-07-20 00:57:31,152 INFO com.example.vavaplanit.Api.UserController [http-nio-8080-exec-9] Getting user test and user password
2020-07-20 00:57:31,238 INFO com.example.vavaplanit.Api.UserController [http-nio-8080-exec-9] User testsuccessfully logged in
2020-07-20 00:57:31,481 WARN org.springframework.web.servlet.handler.AbstractHandlerExceptionResolver [http-nio-8080-exec-5] Resolved [org.springframework.web.method.annotation.MethodArgumentTypeMismatchException: Failed to convert value of type 'java.lang.String' to required type 'java.time.LocalDateTime'; nested exception is org.springframework.core.convert.ConversionFailedException: Failed to convert from type [java.lang.String] to type [@org.springframework.web.bind.annotation.PathVariable @org.springframework.format.annotation.DateTimeFormat java.time.LocalDateTime] for value '2020-07-20T00:57:31.473'; nested exception is java.lang.IllegalArgumentException: Parse attempt failed for value [2020-07-20T00:57:31.473]]
2020-07-20 00:57:31,486 INFO com.example.vavaplanit.Api.EventController [http-nio-8080-exec-1] Getting events by user's id: 1, year: 2020 and month: 7
2020-07-20 00:57:31,487 INFO com.example.vavaplanit.Api.EventController [http-nio-8080-exec-1] Events successfully found. Returning 0 events.
2020-07-20 01:00:22,466 INFO com.example.vavaplanit.Api.UserController [http-nio-8080-exec-2] Getting user test and user password
2020-07-20 01:00:22,552 INFO com.example.vavaplanit.Api.UserController [http-nio-8080-exec-2] User testsuccessfully logged in
2020-07-20 01:00:22,708 WARN org.springframework.web.servlet.handler.AbstractHandlerExceptionResolver [http-nio-8080-exec-4] Resolved [org.springframework.web.method.annotation.MethodArgumentTypeMismatchException: Failed to convert value of type 'java.lang.String' to required type 'java.time.LocalDateTime'; nested exception is org.springframework.core.convert.ConversionFailedException: Failed to convert from type [java.lang.String] to type [@org.springframework.web.bind.annotation.PathVariable @org.springframework.format.annotation.DateTimeFormat java.time.LocalDateTime] for value '2020-07-20T01:00:22.700'; nested exception is java.lang.IllegalArgumentException: Parse attempt failed for value [2020-07-20T01:00:22.700]]
2020-07-20 01:00:22,713 INFO com.example.vavaplanit.Api.EventController [http-nio-8080-exec-7] Getting events by user's id: 1, year: 2020 and month: 7
2020-07-20 01:00:22,715 INFO com.example.vavaplanit.Api.EventController [http-nio-8080-exec-7] Events successfully found. Returning 0 events.
2020-07-20 01:02:46,593 INFO com.example.vavaplanit.Api.UserController [http-nio-8080-exec-6] Getting user test and user password
2020-07-20 01:02:46,678 INFO com.example.vavaplanit.Api.UserController [http-nio-8080-exec-6] User testsuccessfully logged in
2020-07-20 01:02:46,839 WARN org.springframework.web.servlet.handler.AbstractHandlerExceptionResolver [http-nio-8080-exec-8] Resolved [org.springframework.web.method.annotation.MethodArgumentTypeMismatchException: Failed to convert value of type 'java.lang.String' to required type 'java.time.LocalDateTime'; nested exception is org.springframework.core.convert.ConversionFailedException: Failed to convert from type [java.lang.String] to type [@org.springframework.web.bind.annotation.PathVariable @org.springframework.format.annotation.DateTimeFormat java.time.LocalDateTime] for value '2020-07-20T01:02:46.830'; nested exception is java.lang.IllegalArgumentException: Parse attempt failed for value [2020-07-20T01:02:46.830]]
2020-07-20 01:02:46,843 INFO com.example.vavaplanit.Api.EventController [http-nio-8080-exec-9] Getting events by user's id: 1, year: 2020 and month: 7
2020-07-20 01:02:46,845 INFO com.example.vavaplanit.Api.EventController [http-nio-8080-exec-9] Events successfully found. Returning 0 events.
2020-07-20 01:03:56,816 INFO com.example.vavaplanit.Api.UserController [http-nio-8080-exec-1] Getting user test and user password
2020-07-20 01:03:56,902 INFO com.example.vavaplanit.Api.UserController [http-nio-8080-exec-1] User testsuccessfully logged in
2020-07-20 01:03:57,069 WARN org.springframework.web.servlet.handler.AbstractHandlerExceptionResolver [http-nio-8080-exec-3] Resolved [org.springframework.web.method.annotation.MethodArgumentTypeMismatchException: Failed to convert value of type 'java.lang.String' to required type 'java.time.LocalDateTime'; nested exception is org.springframework.core.convert.ConversionFailedException: Failed to convert from type [java.lang.String] to type [@org.springframework.web.bind.annotation.PathVariable @org.springframework.format.annotation.DateTimeFormat java.time.LocalDateTime] for value '2020-07-20T01:03:57.061'; nested exception is java.lang.IllegalArgumentException: Parse attempt failed for value [2020-07-20T01:03:57.061]]
2020-07-20 01:03:57,074 INFO com.example.vavaplanit.Api.EventController [http-nio-8080-exec-2] Getting events by user's id: 1, year: 2020 and month: 7
2020-07-20 01:03:57,076 INFO com.example.vavaplanit.Api.EventController [http-nio-8080-exec-2] Events successfully found. Returning 0 events.
2020-07-20 01:05:11,140 INFO com.example.vavaplanit.Api.UserController [http-nio-8080-exec-7] Getting user test and user password
2020-07-20 01:05:11,226 INFO com.example.vavaplanit.Api.UserController [http-nio-8080-exec-7] User testsuccessfully logged in
2020-07-20 01:05:11,380 WARN org.springframework.web.servlet.handler.AbstractHandlerExceptionResolver [http-nio-8080-exec-10] Resolved [org.springframework.web.method.annotation.MethodArgumentTypeMismatchException: Failed to convert value of type 'java.lang.String' to required type 'java.time.LocalDateTime'; nested exception is org.springframework.core.convert.ConversionFailedException: Failed to convert from type [java.lang.String] to type [@org.springframework.web.bind.annotation.PathVariable @org.springframework.format.annotation.DateTimeFormat java.time.LocalDateTime] for value '2020-07-20T01:05:11.373'; nested exception is java.lang.IllegalArgumentException: Parse attempt failed for value [2020-07-20T01:05:11.373]]
2020-07-20 01:05:11,386 INFO com.example.vavaplanit.Api.EventController [http-nio-8080-exec-6] Getting events by user's id: 1, year: 2020 and month: 7
2020-07-20 01:05:11,389 INFO com.example.vavaplanit.Api.EventController [http-nio-8080-exec-6] Events successfully found. Returning 0 events.
2020-07-20 01:06:42,017 INFO com.example.vavaplanit.Api.UserController [http-nio-8080-exec-9] Getting user test and user password
2020-07-20 01:06:42,102 INFO com.example.vavaplanit.Api.UserController [http-nio-8080-exec-9] User testsuccessfully logged in
2020-07-20 01:06:42,268 WARN org.springframework.web.servlet.handler.AbstractHandlerExceptionResolver [http-nio-8080-exec-5] Resolved [org.springframework.web.method.annotation.MethodArgumentTypeMismatchException: Failed to convert value of type 'java.lang.String' to required type 'java.time.LocalDateTime'; nested exception is org.springframework.core.convert.ConversionFailedException: Failed to convert from type [java.lang.String] to type [@org.springframework.web.bind.annotation.PathVariable @org.springframework.format.annotation.DateTimeFormat java.time.LocalDateTime] for value '2020-07-20T01:06:42.260'; nested exception is java.lang.IllegalArgumentException: Parse attempt failed for value [2020-07-20T01:06:42.260]]
2020-07-20 01:06:42,274 INFO com.example.vavaplanit.Api.EventController [http-nio-8080-exec-1] Getting events by user's id: 1, year: 2020 and month: 7
2020-07-20 01:06:42,276 INFO com.example.vavaplanit.Api.EventController [http-nio-8080-exec-1] Events successfully found. Returning 0 events.
2020-07-20 01:08:45,036 INFO com.example.vavaplanit.Api.UserController [http-nio-8080-exec-2] Getting user test and user password
2020-07-20 01:08:45,121 INFO com.example.vavaplanit.Api.UserController [http-nio-8080-exec-2] User testsuccessfully logged in
2020-07-20 01:08:45,303 WARN org.springframework.web.servlet.handler.AbstractHandlerExceptionResolver [http-nio-8080-exec-4] Resolved [org.springframework.web.method.annotation.MethodArgumentTypeMismatchException: Failed to convert value of type 'java.lang.String' to required type 'java.time.LocalDateTime'; nested exception is org.springframework.core.convert.ConversionFailedException: Failed to convert from type [java.lang.String] to type [@org.springframework.web.bind.annotation.PathVariable @org.springframework.format.annotation.DateTimeFormat java.time.LocalDateTime] for value '2020-07-20T01:08:45.295'; nested exception is java.lang.IllegalArgumentException: Parse attempt failed for value [2020-07-20T01:08:45.295]]
2020-07-20 01:08:45,308 INFO com.example.vavaplanit.Api.EventController [http-nio-8080-exec-7] Getting events by user's id: 1, year: 2020 and month: 7
2020-07-20 01:08:45,310 INFO com.example.vavaplanit.Api.EventController [http-nio-8080-exec-7] Events successfully found. Returning 0 events.
