2020-07-03 11:53:18,947 INFO org.springframework.boot.StartupInfoLogger [restartedMain] Starting Main on DESKTOP-6TQNAQQ with PID 3968 (D:\Informatika\projekty-java\PlanIt\ServerProject\target\classes started by HP in D:\Informatika\projekty-java\PlanIt\ServerProject)
2020-07-03 11:53:18,966 INFO org.springframework.boot.SpringApplication [restartedMain] No active profile set, falling back to default profiles: default
2020-07-03 11:53:19,160 INFO org.springframework.boot.logging.DeferredLog [restartedMain] The Class-Path manifest attribute in C:\Users\HP\.m2\repository\org\glassfish\jaxb\jaxb-runtime\2.3.2\jaxb-runtime-2.3.2.jar referenced one or more files that do not exist: file:/C:/Users/HP/.m2/repository/org/glassfish/jaxb/jaxb-runtime/2.3.2/jakarta.xml.bind-api-2.3.2.jar,file:/C:/Users/HP/.m2/repository/org/glassfish/jaxb/jaxb-runtime/2.3.2/txw2-2.3.2.jar,file:/C:/Users/HP/.m2/repository/org/glassfish/jaxb/jaxb-runtime/2.3.2/istack-commons-runtime-3.0.8.jar,file:/C:/Users/HP/.m2/repository/org/glassfish/jaxb/jaxb-runtime/2.3.2/stax-ex-1.8.1.jar,file:/C:/Users/HP/.m2/repository/org/glassfish/jaxb/jaxb-runtime/2.3.2/FastInfoset-1.2.16.jar,file:/C:/Users/HP/.m2/repository/org/glassfish/jaxb/jaxb-runtime/2.3.2/jakarta.activation-api-1.2.1.jar
2020-07-03 11:53:19,163 INFO org.springframework.boot.logging.DeferredLog [restartedMain] Devtools property defaults active! Set 'spring.devtools.add-properties' to 'false' to disable
2020-07-03 11:53:19,164 INFO org.springframework.boot.logging.DeferredLog [restartedMain] For additional web related logging consider setting the 'logging.level.web' property to 'DEBUG'
2020-07-03 11:53:20,811 INFO org.springframework.data.repository.config.RepositoryConfigurationDelegate [restartedMain] Bootstrapping Spring Data JPA repositories in DEFAULT mode.
2020-07-03 11:53:20,861 INFO org.springframework.data.repository.config.RepositoryConfigurationDelegate [restartedMain] Finished Spring Data repository scanning in 26ms. Found 0 JPA repository interfaces.
2020-07-03 11:53:22,219 INFO org.springframework.boot.web.embedded.tomcat.TomcatWebServer [restartedMain] Tomcat initialized with port(s): 8080 (http)
2020-07-03 11:53:22,239 INFO org.apache.juli.logging.DirectJDKLog [restartedMain] Starting service [Tomcat]
2020-07-03 11:53:22,240 INFO org.apache.juli.logging.DirectJDKLog [restartedMain] Starting Servlet engine: [Apache Tomcat/9.0.33]
2020-07-03 11:53:22,454 INFO org.apache.juli.logging.DirectJDKLog [restartedMain] Initializing Spring embedded WebApplicationContext
2020-07-03 11:53:22,455 INFO org.springframework.boot.web.servlet.context.ServletWebServerApplicationContext [restartedMain] Root WebApplicationContext: initialization completed in 3290 ms
2020-07-03 11:53:22,688 INFO com.zaxxer.hikari.HikariDataSource [restartedMain] HikariPool-1 - Starting...
2020-07-03 11:53:22,988 INFO com.zaxxer.hikari.HikariDataSource [restartedMain] HikariPool-1 - Start completed.
2020-07-03 11:53:23,193 INFO org.hibernate.jpa.internal.util.LogHelper [restartedMain] HHH000204: Processing PersistenceUnitInfo [name: default]
2020-07-03 11:53:23,399 INFO org.hibernate.Version [restartedMain] HHH000412: Hibernate ORM core version 5.4.12.Final
2020-07-03 11:53:23,746 INFO org.hibernate.annotations.common.reflection.java.JavaReflectionManager [restartedMain] HCANN000001: Hibernate Commons Annotations {5.1.0.Final}
2020-07-03 11:53:24,104 INFO org.hibernate.dialect.Dialect [restartedMain] HHH000400: Using dialect: org.hibernate.dialect.PostgreSQL10Dialect
2020-07-03 11:53:24,926 INFO org.hibernate.engine.transaction.jta.platform.internal.JtaPlatformInitiator [restartedMain] HHH000490: Using JtaPlatform implementation: [org.hibernate.engine.transaction.jta.platform.internal.NoJtaPlatform]
2020-07-03 11:53:24,950 INFO org.springframework.orm.jpa.AbstractEntityManagerFactoryBean [restartedMain] Initialized JPA EntityManagerFactory for persistence unit 'default'
2020-07-03 11:53:25,131 WARN org.springframework.boot.autoconfigure.orm.jpa.JpaBaseConfiguration$JpaWebConfiguration [restartedMain] spring.jpa.open-in-view is enabled by default. Therefore, database queries may be performed during view rendering. Explicitly configure spring.jpa.open-in-view to disable this warning
2020-07-03 11:53:25,366 INFO org.springframework.scheduling.concurrent.ExecutorConfigurationSupport [restartedMain] Initializing ExecutorService 'applicationTaskExecutor'
2020-07-03 11:53:25,674 INFO org.springframework.boot.devtools.autoconfigure.OptionalLiveReloadServer [restartedMain] LiveReload server is running on port 35729
2020-07-03 11:53:25,765 INFO org.springframework.boot.web.embedded.tomcat.TomcatWebServer [restartedMain] Tomcat started on port(s): 8080 (http) with context path ''
2020-07-03 11:53:25,773 INFO org.springframework.boot.StartupInfoLogger [restartedMain] Started Main in 7.908 seconds (JVM running for 11.158)
2020-07-03 11:53:25,973 INFO org.springframework.scheduling.concurrent.ExecutorConfigurationSupport [SpringContextShutdownHook] Shutting down ExecutorService 'applicationTaskExecutor'
2020-07-03 11:53:25,975 INFO org.springframework.orm.jpa.AbstractEntityManagerFactoryBean [SpringContextShutdownHook] Closing JPA EntityManagerFactory for persistence unit 'default'
2020-07-03 11:53:25,985 INFO com.zaxxer.hikari.HikariDataSource [SpringContextShutdownHook] HikariPool-1 - Shutdown initiated...
2020-07-03 11:53:26,004 INFO com.zaxxer.hikari.HikariDataSource [SpringContextShutdownHook] HikariPool-1 - Shutdown completed.
2020-07-03 11:53:40,588 INFO org.springframework.boot.StartupInfoLogger [restartedMain] Starting Main on DESKTOP-6TQNAQQ with PID 3216 (D:\Informatika\projekty-java\PlanIt\ServerProject\target\classes started by HP in D:\Informatika\projekty-java\PlanIt\ServerProject)
2020-07-03 11:53:40,594 INFO org.springframework.boot.SpringApplication [restartedMain] No active profile set, falling back to default profiles: default
2020-07-03 11:53:40,752 INFO org.springframework.boot.logging.DeferredLog [restartedMain] The Class-Path manifest attribute in C:\Users\HP\.m2\repository\org\glassfish\jaxb\jaxb-runtime\2.3.2\jaxb-runtime-2.3.2.jar referenced one or more files that do not exist: file:/C:/Users/HP/.m2/repository/org/glassfish/jaxb/jaxb-runtime/2.3.2/jakarta.xml.bind-api-2.3.2.jar,file:/C:/Users/HP/.m2/repository/org/glassfish/jaxb/jaxb-runtime/2.3.2/txw2-2.3.2.jar,file:/C:/Users/HP/.m2/repository/org/glassfish/jaxb/jaxb-runtime/2.3.2/istack-commons-runtime-3.0.8.jar,file:/C:/Users/HP/.m2/repository/org/glassfish/jaxb/jaxb-runtime/2.3.2/stax-ex-1.8.1.jar,file:/C:/Users/HP/.m2/repository/org/glassfish/jaxb/jaxb-runtime/2.3.2/FastInfoset-1.2.16.jar,file:/C:/Users/HP/.m2/repository/org/glassfish/jaxb/jaxb-runtime/2.3.2/jakarta.activation-api-1.2.1.jar
2020-07-03 11:53:40,753 INFO org.springframework.boot.logging.DeferredLog [restartedMain] Devtools property defaults active! Set 'spring.devtools.add-properties' to 'false' to disable
2020-07-03 11:53:40,754 INFO org.springframework.boot.logging.DeferredLog [restartedMain] For additional web related logging consider setting the 'logging.level.web' property to 'DEBUG'
2020-07-03 11:53:42,069 INFO org.springframework.data.repository.config.RepositoryConfigurationDelegate [restartedMain] Bootstrapping Spring Data JPA repositories in DEFAULT mode.
2020-07-03 11:53:42,103 INFO org.springframework.data.repository.config.RepositoryConfigurationDelegate [restartedMain] Finished Spring Data repository scanning in 20ms. Found 0 JPA repository interfaces.
2020-07-03 11:53:43,151 INFO org.springframework.boot.web.embedded.tomcat.TomcatWebServer [restartedMain] Tomcat initialized with port(s): 8080 (http)
2020-07-03 11:53:43,161 INFO org.apache.juli.logging.DirectJDKLog [restartedMain] Starting service [Tomcat]
2020-07-03 11:53:43,161 INFO org.apache.juli.logging.DirectJDKLog [restartedMain] Starting Servlet engine: [Apache Tomcat/9.0.33]
2020-07-03 11:53:43,296 INFO org.apache.juli.logging.DirectJDKLog [restartedMain] Initializing Spring embedded WebApplicationContext
2020-07-03 11:53:43,297 INFO org.springframework.boot.web.servlet.context.ServletWebServerApplicationContext [restartedMain] Root WebApplicationContext: initialization completed in 2542 ms
2020-07-03 11:53:43,455 INFO com.zaxxer.hikari.HikariDataSource [restartedMain] HikariPool-1 - Starting...
2020-07-03 11:53:43,638 INFO com.zaxxer.hikari.HikariDataSource [restartedMain] HikariPool-1 - Start completed.
2020-07-03 11:53:43,700 INFO org.hibernate.jpa.internal.util.LogHelper [restartedMain] HHH000204: Processing PersistenceUnitInfo [name: default]
2020-07-03 11:53:43,908 INFO org.hibernate.Version [restartedMain] HHH000412: Hibernate ORM core version 5.4.12.Final
2020-07-03 11:53:44,101 INFO org.hibernate.annotations.common.reflection.java.JavaReflectionManager [restartedMain] HCANN000001: Hibernate Commons Annotations {5.1.0.Final}
2020-07-03 11:53:44,298 INFO org.hibernate.dialect.Dialect [restartedMain] HHH000400: Using dialect: org.hibernate.dialect.PostgreSQL10Dialect
2020-07-03 11:53:45,156 INFO org.hibernate.engine.transaction.jta.platform.internal.JtaPlatformInitiator [restartedMain] HHH000490: Using JtaPlatform implementation: [org.hibernate.engine.transaction.jta.platform.internal.NoJtaPlatform]
2020-07-03 11:53:45,168 INFO org.springframework.orm.jpa.AbstractEntityManagerFactoryBean [restartedMain] Initialized JPA EntityManagerFactory for persistence unit 'default'
2020-07-03 11:53:45,298 WARN org.springframework.boot.autoconfigure.orm.jpa.JpaBaseConfiguration$JpaWebConfiguration [restartedMain] spring.jpa.open-in-view is enabled by default. Therefore, database queries may be performed during view rendering. Explicitly configure spring.jpa.open-in-view to disable this warning
2020-07-03 11:53:45,456 INFO org.springframework.scheduling.concurrent.ExecutorConfigurationSupport [restartedMain] Initializing ExecutorService 'applicationTaskExecutor'
2020-07-03 11:53:45,670 INFO org.springframework.boot.devtools.autoconfigure.OptionalLiveReloadServer [restartedMain] LiveReload server is running on port 35729
2020-07-03 11:53:45,746 INFO org.springframework.boot.web.embedded.tomcat.TomcatWebServer [restartedMain] Tomcat started on port(s): 8080 (http) with context path ''
2020-07-03 11:53:45,750 INFO org.springframework.boot.StartupInfoLogger [restartedMain] Started Main in 6.098 seconds (JVM running for 7.937)
2020-07-03 11:54:31,199 INFO org.apache.juli.logging.DirectJDKLog [http-nio-8080-exec-1] Initializing Spring DispatcherServlet 'dispatcherServlet'
2020-07-03 11:54:31,200 INFO org.springframework.web.servlet.FrameworkServlet [http-nio-8080-exec-1] Initializing Servlet 'dispatcherServlet'
2020-07-03 11:54:31,208 INFO org.springframework.web.servlet.FrameworkServlet [http-nio-8080-exec-1] Completed initialization in 8 ms
2020-07-03 11:54:31,379 INFO com.example.vavaplanit.Api.UserController [http-nio-8080-exec-1] Getting user test and user password
2020-07-03 11:54:31,529 INFO com.example.vavaplanit.Api.UserController [http-nio-8080-exec-1] User testsuccessfully logged in
2020-07-03 11:54:31,930 INFO com.example.vavaplanit.Api.EventController [http-nio-8080-exec-2] Getting events to alert by user's id: 1
2020-07-03 11:54:31,953 INFO com.example.vavaplanit.Api.EventController [http-nio-8080-exec-3] Getting events by user's id: 1, year: 2020 and month: 7
2020-07-03 11:54:31,970 INFO com.example.vavaplanit.Api.EventController [http-nio-8080-exec-3] Events successfully found. Returning 0 events.
2020-07-03 11:54:31,971 INFO com.example.vavaplanit.Api.EventController [http-nio-8080-exec-2] Returning 0 events to alert to user [1].
2020-07-03 11:54:34,989 INFO com.example.vavaplanit.Api.EventController [http-nio-8080-exec-4] Getting events by user's id: 1, year: 2020 and month: 7
2020-07-03 11:54:34,994 INFO com.example.vavaplanit.Api.EventController [http-nio-8080-exec-4] Events successfully found. Returning 0 events.
2020-07-03 11:56:05,708 INFO com.example.vavaplanit.Api.UserController [http-nio-8080-exec-7] Getting user test and user password
2020-07-03 11:56:05,816 INFO com.example.vavaplanit.Api.UserController [http-nio-8080-exec-7] User testsuccessfully logged in
2020-07-03 11:56:06,079 INFO com.example.vavaplanit.Api.EventController [http-nio-8080-exec-8] Getting events to alert by user's id: 1
2020-07-03 11:56:06,082 INFO com.example.vavaplanit.Api.EventController [http-nio-8080-exec-8] Returning 0 events to alert to user [1].
2020-07-03 11:56:06,106 INFO com.example.vavaplanit.Api.EventController [http-nio-8080-exec-9] Getting events by user's id: 1, year: 2020 and month: 7
2020-07-03 11:56:06,109 INFO com.example.vavaplanit.Api.EventController [http-nio-8080-exec-9] Events successfully found. Returning 0 events.
2020-07-03 11:57:10,603 INFO com.example.vavaplanit.Api.UserController [http-nio-8080-exec-1] Getting user test and user password
2020-07-03 11:57:10,739 INFO com.example.vavaplanit.Api.UserController [http-nio-8080-exec-1] User testsuccessfully logged in
2020-07-03 11:57:11,009 INFO com.example.vavaplanit.Api.EventController [http-nio-8080-exec-2] Getting events to alert by user's id: 1
2020-07-03 11:57:11,012 INFO com.example.vavaplanit.Api.EventController [http-nio-8080-exec-2] Returning 0 events to alert to user [1].
2020-07-03 11:57:11,037 INFO com.example.vavaplanit.Api.EventController [http-nio-8080-exec-3] Getting events by user's id: 1, year: 2020 and month: 7
2020-07-03 11:57:11,040 INFO com.example.vavaplanit.Api.EventController [http-nio-8080-exec-3] Events successfully found. Returning 0 events.
2020-07-03 11:57:28,283 INFO com.example.vavaplanit.Api.EventController [http-nio-8080-exec-4] Getting events by user's id: 1, year: 2020 and month: 7
2020-07-03 11:57:28,286 INFO com.example.vavaplanit.Api.EventController [http-nio-8080-exec-4] Events successfully found. Returning 0 events.
2020-07-03 11:58:00,057 INFO com.example.vavaplanit.Api.EventController [http-nio-8080-exec-5] Getting events to alert by user's id: 1
2020-07-03 11:58:00,060 INFO com.example.vavaplanit.Api.EventController [http-nio-8080-exec-5] Returning 0 events to alert to user [1].
2020-07-03 11:58:33,329 INFO com.example.vavaplanit.Api.UserController [http-nio-8080-exec-7] Getting user test and user password
2020-07-03 11:58:33,443 INFO com.example.vavaplanit.Api.UserController [http-nio-8080-exec-7] User testsuccessfully logged in
2020-07-03 11:58:33,770 INFO com.example.vavaplanit.Api.EventController [http-nio-8080-exec-8] Getting events to alert by user's id: 1
2020-07-03 11:58:33,773 INFO com.example.vavaplanit.Api.EventController [http-nio-8080-exec-8] Returning 0 events to alert to user [1].
2020-07-03 11:58:33,797 INFO com.example.vavaplanit.Api.EventController [http-nio-8080-exec-9] Getting events by user's id: 1, year: 2020 and month: 7
2020-07-03 11:58:33,800 INFO com.example.vavaplanit.Api.EventController [http-nio-8080-exec-9] Events successfully found. Returning 0 events.
2020-07-03 11:59:00,817 INFO com.example.vavaplanit.Api.EventController [http-nio-8080-exec-10] Getting events to alert by user's id: 1
2020-07-03 11:59:00,821 INFO com.example.vavaplanit.Api.EventController [http-nio-8080-exec-10] Returning 0 events to alert to user [1].
2020-07-03 11:59:07,991 INFO com.example.vavaplanit.Api.EventController [http-nio-8080-exec-1] Getting events by user's id: 1, year: 2020 and month: 7
2020-07-03 11:59:07,995 INFO com.example.vavaplanit.Api.EventController [http-nio-8080-exec-1] Events successfully found. Returning 0 events.
2020-07-03 12:00:00,835 INFO com.example.vavaplanit.Api.EventController [http-nio-8080-exec-2] Getting events to alert by user's id: 1
2020-07-03 12:00:00,840 INFO com.example.vavaplanit.Api.EventController [http-nio-8080-exec-2] Returning 0 events to alert to user [1].
2020-07-03 12:01:00,855 INFO com.example.vavaplanit.Api.EventController [http-nio-8080-exec-4] Getting events to alert by user's id: 1
2020-07-03 12:01:00,858 INFO com.example.vavaplanit.Api.EventController [http-nio-8080-exec-4] Returning 0 events to alert to user [1].
2020-07-03 12:02:00,868 INFO com.example.vavaplanit.Api.EventController [http-nio-8080-exec-6] Getting events to alert by user's id: 1
2020-07-03 12:02:00,870 INFO com.example.vavaplanit.Api.EventController [http-nio-8080-exec-6] Returning 0 events to alert to user [1].
2020-07-03 12:03:00,880 INFO com.example.vavaplanit.Api.EventController [http-nio-8080-exec-8] Getting events to alert by user's id: 1
2020-07-03 12:03:00,883 INFO com.example.vavaplanit.Api.EventController [http-nio-8080-exec-8] Returning 0 events to alert to user [1].
2020-07-03 12:04:00,891 INFO com.example.vavaplanit.Api.EventController [http-nio-8080-exec-10] Getting events to alert by user's id: 1
2020-07-03 12:04:00,895 INFO com.example.vavaplanit.Api.EventController [http-nio-8080-exec-10] Returning 0 events to alert to user [1].
2020-07-03 12:05:00,904 INFO com.example.vavaplanit.Api.EventController [http-nio-8080-exec-2] Getting events to alert by user's id: 1
2020-07-03 12:05:00,907 INFO com.example.vavaplanit.Api.EventController [http-nio-8080-exec-2] Returning 0 events to alert to user [1].
2020-07-03 12:06:00,917 INFO com.example.vavaplanit.Api.EventController [http-nio-8080-exec-4] Getting events to alert by user's id: 1
2020-07-03 12:06:00,922 INFO com.example.vavaplanit.Api.EventController [http-nio-8080-exec-4] Returning 0 events to alert to user [1].
2020-07-03 12:07:00,931 INFO com.example.vavaplanit.Api.EventController [http-nio-8080-exec-6] Getting events to alert by user's id: 1
2020-07-03 12:07:00,933 INFO com.example.vavaplanit.Api.EventController [http-nio-8080-exec-6] Returning 0 events to alert to user [1].
2020-07-03 12:08:00,943 INFO com.example.vavaplanit.Api.EventController [http-nio-8080-exec-8] Getting events to alert by user's id: 1
2020-07-03 12:08:00,945 INFO com.example.vavaplanit.Api.EventController [http-nio-8080-exec-8] Returning 0 events to alert to user [1].
2020-07-03 12:09:00,956 INFO com.example.vavaplanit.Api.EventController [http-nio-8080-exec-10] Getting events to alert by user's id: 1
2020-07-03 12:09:00,958 INFO com.example.vavaplanit.Api.EventController [http-nio-8080-exec-10] Returning 0 events to alert to user [1].
2020-07-03 12:09:38,842 INFO com.example.vavaplanit.Api.UserController [http-nio-8080-exec-2] Getting user test and user password
2020-07-03 12:09:38,944 INFO com.example.vavaplanit.Api.UserController [http-nio-8080-exec-2] User testsuccessfully logged in
2020-07-03 12:09:39,201 INFO com.example.vavaplanit.Api.EventController [http-nio-8080-exec-3] Getting events to alert by user's id: 1
2020-07-03 12:09:39,204 INFO com.example.vavaplanit.Api.EventController [http-nio-8080-exec-3] Returning 0 events to alert to user [1].
2020-07-03 12:09:39,227 INFO com.example.vavaplanit.Api.EventController [http-nio-8080-exec-4] Getting events by user's id: 1, year: 2020 and month: 7
2020-07-03 12:09:39,230 INFO com.example.vavaplanit.Api.EventController [http-nio-8080-exec-4] Events successfully found. Returning 0 events.
2020-07-03 12:09:53,221 INFO com.example.vavaplanit.Api.EventController [http-nio-8080-exec-5] Getting events by user's id: 1, year: 2020 and month: 7
2020-07-03 12:09:53,224 INFO com.example.vavaplanit.Api.EventController [http-nio-8080-exec-5] Events successfully found. Returning 0 events.
2020-07-03 12:10:00,244 INFO com.example.vavaplanit.Api.EventController [http-nio-8080-exec-6] Getting events to alert by user's id: 1
2020-07-03 12:10:00,246 INFO com.example.vavaplanit.Api.EventController [http-nio-8080-exec-6] Returning 0 events to alert to user [1].
2020-07-03 12:11:00,255 INFO com.example.vavaplanit.Api.EventController [http-nio-8080-exec-8] Getting events to alert by user's id: 1
2020-07-03 12:11:00,258 INFO com.example.vavaplanit.Api.EventController [http-nio-8080-exec-8] Returning 0 events to alert to user [1].
2020-07-03 12:11:23,241 INFO com.example.vavaplanit.Api.UserController [http-nio-8080-exec-10] Getting user test and user password
2020-07-03 12:11:23,343 INFO com.example.vavaplanit.Api.UserController [http-nio-8080-exec-10] User testsuccessfully logged in
2020-07-03 12:11:23,614 INFO com.example.vavaplanit.Api.EventController [http-nio-8080-exec-1] Getting events to alert by user's id: 1
2020-07-03 12:11:23,617 INFO com.example.vavaplanit.Api.EventController [http-nio-8080-exec-1] Returning 0 events to alert to user [1].
2020-07-03 12:11:23,645 INFO com.example.vavaplanit.Api.EventController [http-nio-8080-exec-2] Getting events by user's id: 1, year: 2020 and month: 7
2020-07-03 12:11:23,650 INFO com.example.vavaplanit.Api.EventController [http-nio-8080-exec-2] Events successfully found. Returning 0 events.
2020-07-03 12:11:35,977 INFO com.example.vavaplanit.Api.EventController [http-nio-8080-exec-3] Getting events by user's id: 1, year: 2020 and month: 7
2020-07-03 12:11:35,980 INFO com.example.vavaplanit.Api.EventController [http-nio-8080-exec-3] Events successfully found. Returning 0 events.
2020-07-03 12:12:00,664 INFO com.example.vavaplanit.Api.EventController [http-nio-8080-exec-4] Getting events to alert by user's id: 1
2020-07-03 12:12:00,667 INFO com.example.vavaplanit.Api.EventController [http-nio-8080-exec-4] Returning 0 events to alert to user [1].
2020-07-03 12:13:00,677 INFO com.example.vavaplanit.Api.EventController [http-nio-8080-exec-6] Getting events to alert by user's id: 1
2020-07-03 12:13:00,679 INFO com.example.vavaplanit.Api.EventController [http-nio-8080-exec-6] Returning 0 events to alert to user [1].
2020-07-03 12:14:00,688 INFO com.example.vavaplanit.Api.EventController [http-nio-8080-exec-8] Getting events to alert by user's id: 1
2020-07-03 12:14:00,690 INFO com.example.vavaplanit.Api.EventController [http-nio-8080-exec-8] Returning 0 events to alert to user [1].
2020-07-03 12:14:38,041 INFO com.example.vavaplanit.Api.UserController [http-nio-8080-exec-10] Getting user test and user password
2020-07-03 12:14:38,138 INFO com.example.vavaplanit.Api.UserController [http-nio-8080-exec-10] User testsuccessfully logged in
2020-07-03 12:14:38,419 INFO com.example.vavaplanit.Api.EventController [http-nio-8080-exec-1] Getting events to alert by user's id: 1
2020-07-03 12:14:38,422 INFO com.example.vavaplanit.Api.EventController [http-nio-8080-exec-1] Returning 0 events to alert to user [1].
2020-07-03 12:14:38,450 INFO com.example.vavaplanit.Api.EventController [http-nio-8080-exec-2] Getting events by user's id: 1, year: 2020 and month: 7
2020-07-03 12:14:38,453 INFO com.example.vavaplanit.Api.EventController [http-nio-8080-exec-2] Events successfully found. Returning 0 events.
2020-07-03 12:15:00,047 INFO com.example.vavaplanit.Api.EventController [http-nio-8080-exec-3] Getting events by user's id: 1, year: 2020 and month: 7
2020-07-03 12:15:00,049 INFO com.example.vavaplanit.Api.EventController [http-nio-8080-exec-3] Events successfully found. Returning 0 events.
2020-07-03 12:15:00,469 INFO com.example.vavaplanit.Api.EventController [http-nio-8080-exec-4] Getting events to alert by user's id: 1
2020-07-03 12:15:00,471 INFO com.example.vavaplanit.Api.EventController [http-nio-8080-exec-4] Returning 0 events to alert to user [1].
2020-07-03 12:16:00,480 INFO com.example.vavaplanit.Api.EventController [http-nio-8080-exec-6] Getting events to alert by user's id: 1
2020-07-03 12:16:00,483 INFO com.example.vavaplanit.Api.EventController [http-nio-8080-exec-6] Returning 0 events to alert to user [1].
2020-07-03 12:17:00,495 INFO com.example.vavaplanit.Api.EventController [http-nio-8080-exec-8] Getting events to alert by user's id: 1
2020-07-03 12:17:00,499 INFO com.example.vavaplanit.Api.EventController [http-nio-8080-exec-8] Returning 0 events to alert to user [1].
2020-07-03 12:18:00,509 INFO com.example.vavaplanit.Api.EventController [http-nio-8080-exec-10] Getting events to alert by user's id: 1
2020-07-03 12:18:00,512 INFO com.example.vavaplanit.Api.EventController [http-nio-8080-exec-10] Returning 0 events to alert to user [1].
2020-07-03 12:19:00,521 INFO com.example.vavaplanit.Api.EventController [http-nio-8080-exec-2] Getting events to alert by user's id: 1
2020-07-03 12:19:00,524 INFO com.example.vavaplanit.Api.EventController [http-nio-8080-exec-2] Returning 0 events to alert to user [1].
2020-07-03 12:20:00,535 INFO com.example.vavaplanit.Api.EventController [http-nio-8080-exec-4] Getting events to alert by user's id: 1
2020-07-03 12:20:00,539 INFO com.example.vavaplanit.Api.EventController [http-nio-8080-exec-4] Returning 0 events to alert to user [1].
2020-07-03 12:20:25,328 INFO com.example.vavaplanit.Api.UserController [http-nio-8080-exec-6] Getting user test and user password
2020-07-03 12:20:25,435 INFO com.example.vavaplanit.Api.UserController [http-nio-8080-exec-6] User testsuccessfully logged in
2020-07-03 12:20:25,686 INFO com.example.vavaplanit.Api.EventController [http-nio-8080-exec-7] Getting events to alert by user's id: 1
2020-07-03 12:20:25,688 INFO com.example.vavaplanit.Api.EventController [http-nio-8080-exec-7] Returning 0 events to alert to user [1].
2020-07-03 12:20:25,711 INFO com.example.vavaplanit.Api.EventController [http-nio-8080-exec-8] Getting events by user's id: 1, year: 2020 and month: 7
2020-07-03 12:20:25,714 INFO com.example.vavaplanit.Api.EventController [http-nio-8080-exec-8] Events successfully found. Returning 0 events.
2020-07-03 12:20:50,537 INFO com.example.vavaplanit.Api.EventController [http-nio-8080-exec-9] Getting events by user's id: 1, year: 2020 and month: 7
2020-07-03 12:20:50,539 INFO com.example.vavaplanit.Api.EventController [http-nio-8080-exec-9] Events successfully found. Returning 0 events.
2020-07-03 12:21:00,734 INFO com.example.vavaplanit.Api.EventController [http-nio-8080-exec-10] Getting events to alert by user's id: 1
2020-07-03 12:21:00,736 INFO com.example.vavaplanit.Api.EventController [http-nio-8080-exec-10] Returning 0 events to alert to user [1].
