2020-07-30 12:01:42,948 INFO com.example.client.clients.UsersClient [JavaFX Application Thread] Logging user by his username and password: [test]
2020-07-30 12:01:42,999 DEBUG org.springframework.core.log.CompositeLog [JavaFX Application Thread] HTTP GET http://localhost:8080/users/test/test
2020-07-30 12:01:43,013 DEBUG org.springframework.core.log.CompositeLog [JavaFX Application Thread] Accept=[text/plain, application/json, application/*+json, */*]
2020-07-30 12:01:43,572 DEBUG org.springframework.core.log.CompositeLog [JavaFX Application Thread] Response 200 OK
2020-07-30 12:01:43,574 DEBUG org.springframework.core.log.CompositeLog [JavaFX Application Thread] Reading to [java.lang.String] as "application/json"
2020-07-30 12:01:43,645 INFO com.example.client.clients.UsersClient [JavaFX Application Thread] User testsuccessfully logged in
2020-07-30 12:01:43,808 INFO com.example.client.clients.WeatherClient [JavaFX Application Thread] Getting weather forecast
2020-07-30 12:01:43,809 INFO com.example.client.clients.WeatherClient [JavaFX Application Thread] Getting public IP adress of device
2020-07-30 12:01:44,725 DEBUG org.springframework.core.log.CompositeLog [JavaFX Application Thread] HTTP GET https://api.ipify.org?format=json
2020-07-30 12:01:44,727 DEBUG org.springframework.core.log.CompositeLog [JavaFX Application Thread] Accept=[text/plain, application/json, application/*+json, */*]
2020-07-30 12:01:45,433 DEBUG org.springframework.core.log.CompositeLog [JavaFX Application Thread] Response 200 OK
2020-07-30 12:01:45,434 DEBUG org.springframework.core.log.CompositeLog [JavaFX Application Thread] Reading to [java.lang.String] as "application/json"
2020-07-30 12:01:45,457 DEBUG com.example.client.clients.WeatherClient [JavaFX Application Thread] Public IP adress of client device: 147.78.169.2
2020-07-30 12:01:45,458 DEBUG org.springframework.core.log.CompositeLog [JavaFX Application Thread] HTTP GET http://localhost:8080/weather/147.78.169.2
2020-07-30 12:01:45,458 DEBUG org.springframework.core.log.CompositeLog [JavaFX Application Thread] Accept=[text/plain, application/json, application/*+json, */*]
2020-07-30 12:01:46,705 DEBUG org.springframework.core.log.CompositeLog [JavaFX Application Thread] Response 200 OK
2020-07-30 12:01:46,706 DEBUG org.springframework.core.log.CompositeLog [JavaFX Application Thread] Reading to [java.lang.String] as "application/json"
2020-07-30 12:01:46,728 ERROR com.example.client.clients.WeatherClient [JavaFX Application Thread] Error. Something went wrong with json processing.
com.fasterxml.jackson.databind.exc.InvalidDefinitionException: Cannot construct instance of `java.time.LocalDate` (no Creators, like default construct, exist): no String-argument constructor/factory method to deserialize from String value ('2020-07-30')
 at [Source: (String)"[{"date":"2020-07-30","minTemperature":291.32,"maxTemperature":300.98,"weather":[{"id":801,"main":"Clouds","description":"few clouds","icon":"02d","iconImage":"iVBORw0KGgoAAAANSUhEUgAAAGQAAABkCAYAAABw4pVUAAAGI0lEQVR4nO2be4hUVRzHP/femd3ZdR+ma7m+3QwfVD4qIjOtSCoK0worIygrKIoyECL/yaggMYxEqBRKIikrCMssVEqL0CyhB9o/6Ua6K8u6q/venb0zN86dM+VjH87MufPYfh8Ydpm593d+937v+f3O79xzEARBEARBEARBEARBEARBEARBEARBEARBEARBEARBEARBEM7HMnVPWltbcnZ7rfIK3G2bcbesw6qeONjh04GFwFxgKlANlAI9QD1wBPgB2A38moofVeu3Z3QdilDGFgqDcuBBYDFw"[truncated 16915 chars]; line: 1, column: 10] (through reference chain: java.util.ArrayList[0]->com.example.client.model.weather.DailyWeather["date"])
	at com.fasterxml.jackson.databind.exc.InvalidDefinitionException.from(InvalidDefinitionException.java:67)
	at com.fasterxml.jackson.databind.DeserializationContext.reportBadDefinition(DeserializationContext.java:1592)
	at com.fasterxml.jackson.databind.DeserializationContext.handleMissingInstantiator(DeserializationContext.java:1058)
	at com.fasterxml.jackson.databind.deser.ValueInstantiator._createFromStringFallbacks(ValueInstantiator.java:371)
	at com.fasterxml.jackson.databind.deser.std.StdValueInstantiator.createFromString(StdValueInstantiator.java:323)
	at com.fasterxml.jackson.databind.deser.BeanDeserializerBase.deserializeFromString(BeanDeserializerBase.java:1373)
	at com.fasterxml.jackson.databind.deser.BeanDeserializer._deserializeOther(BeanDeserializer.java:171)
	at com.fasterxml.jackson.databind.deser.BeanDeserializer.deserialize(BeanDeserializer.java:161)
	at com.fasterxml.jackson.databind.deser.impl.MethodProperty.deserializeAndSet(MethodProperty.java:129)
	at com.fasterxml.jackson.databind.deser.BeanDeserializer.vanillaDeserialize(BeanDeserializer.java:288)
	at com.fasterxml.jackson.databind.deser.BeanDeserializer.deserialize(BeanDeserializer.java:151)
	at com.fasterxml.jackson.databind.deser.std.CollectionDeserializer.deserialize(CollectionDeserializer.java:286)
	at com.fasterxml.jackson.databind.deser.std.CollectionDeserializer.deserialize(CollectionDeserializer.java:245)
	at com.fasterxml.jackson.databind.deser.std.CollectionDeserializer.deserialize(CollectionDeserializer.java:27)
	at com.fasterxml.jackson.databind.ObjectMapper._readMapAndClose(ObjectMapper.java:4218)
	at com.fasterxml.jackson.databind.ObjectMapper.readValue(ObjectMapper.java:3214)
	at com.fasterxml.jackson.databind.ObjectMapper.readValue(ObjectMapper.java:3197)
	at com.example.client.clients.WeatherClient.getWeather(WeatherClient.java:49)
	at com.example.gui.controllers.PlanItMainWindowController.initialize(PlanItMainWindowController.java:116)
	at javafx.fxml.FXMLLoader.loadImpl(FXMLLoader.java:2548)
	at javafx.fxml.FXMLLoader.loadImpl(FXMLLoader.java:2441)
	at javafx.fxml.FXMLLoader.load(FXMLLoader.java:2409)
	at com.example.gui.utils.WindowsCreator.createMainWindow(WindowsCreator.java:167)
	at com.example.gui.controllers.PlanItLoginController.buttonLoginHandler(PlanItLoginController.java:97)
	at com.example.gui.controllers.PlanItLoginController.lambda$addHandlers$0(PlanItLoginController.java:73)
	at com.sun.javafx.event.CompositeEventHandler.dispatchBubblingEvent(CompositeEventHandler.java:86)
	at com.sun.javafx.event.EventHandlerManager.dispatchBubblingEvent(EventHandlerManager.java:238)
	at com.sun.javafx.event.EventHandlerManager.dispatchBubblingEvent(EventHandlerManager.java:191)
	at com.sun.javafx.event.CompositeEventDispatcher.dispatchBubblingEvent(CompositeEventDispatcher.java:59)
	at com.sun.javafx.event.BasicEventDispatcher.dispatchEvent(BasicEventDispatcher.java:58)
	at com.sun.javafx.event.EventDispatchChainImpl.dispatchEvent(EventDispatchChainImpl.java:114)
	at com.sun.javafx.event.BasicEventDispatcher.dispatchEvent(BasicEventDispatcher.java:56)
	at com.sun.javafx.event.EventDispatchChainImpl.dispatchEvent(EventDispatchChainImpl.java:114)
	at com.sun.javafx.event.BasicEventDispatcher.dispatchEvent(BasicEventDispatcher.java:56)
	at com.sun.javafx.event.EventDispatchChainImpl.dispatchEvent(EventDispatchChainImpl.java:114)
	at com.sun.javafx.event.EventUtil.fireEventImpl(EventUtil.java:74)
	at com.sun.javafx.event.EventUtil.fireEvent(EventUtil.java:49)
	at javafx.event.Event.fireEvent(Event.java:198)
	at javafx.scene.Node.fireEvent(Node.java:8411)
	at javafx.scene.control.Button.fire(Button.java:185)
	at com.sun.javafx.scene.control.behavior.ButtonBehavior.mouseReleased(ButtonBehavior.java:182)
	at com.sun.javafx.scene.control.skin.BehaviorSkinBase$1.handle(BehaviorSkinBase.java:96)
	at com.sun.javafx.scene.control.skin.BehaviorSkinBase$1.handle(BehaviorSkinBase.java:89)
	at com.sun.javafx.event.CompositeEventHandler$NormalEventHandlerRecord.handleBubblingEvent(CompositeEventHandler.java:218)
	at com.sun.javafx.event.CompositeEventHandler.dispatchBubblingEvent(CompositeEventHandler.java:80)
	at com.sun.javafx.event.EventHandlerManager.dispatchBubblingEvent(EventHandlerManager.java:238)
	at com.sun.javafx.event.EventHandlerManager.dispatchBubblingEvent(EventHandlerManager.java:191)
	at com.sun.javafx.event.CompositeEventDispatcher.dispatchBubblingEvent(CompositeEventDispatcher.java:59)
	at com.sun.javafx.event.BasicEventDispatcher.dispatchEvent(BasicEventDispatcher.java:58)
	at com.sun.javafx.event.EventDispatchChainImpl.dispatchEvent(EventDispatchChainImpl.java:114)
	at com.sun.javafx.event.BasicEventDispatcher.dispatchEvent(BasicEventDispatcher.java:56)
	at com.sun.javafx.event.EventDispatchChainImpl.dispatchEvent(EventDispatchChainImpl.java:114)
	at com.sun.javafx.event.BasicEventDispatcher.dispatchEvent(BasicEventDispatcher.java:56)
	at com.sun.javafx.event.EventDispatchChainImpl.dispatchEvent(EventDispatchChainImpl.java:114)
	at com.sun.javafx.event.EventUtil.fireEventImpl(EventUtil.java:74)
	at com.sun.javafx.event.EventUtil.fireEvent(EventUtil.java:54)
	at javafx.event.Event.fireEvent(Event.java:198)
	at javafx.scene.Scene$MouseHandler.process(Scene.java:3757)
	at javafx.scene.Scene$MouseHandler.access$1500(Scene.java:3485)
	at javafx.scene.Scene.impl_processMouseEvent(Scene.java:1762)
	at javafx.scene.Scene$ScenePeerListener.mouseEvent(Scene.java:2494)
	at com.sun.javafx.tk.quantum.GlassViewEventHandler$MouseEventNotification.run(GlassViewEventHandler.java:394)
	at com.sun.javafx.tk.quantum.GlassViewEventHandler$MouseEventNotification.run(GlassViewEventHandler.java:295)
	at java.security.AccessController.doPrivileged(Native Method)
	at com.sun.javafx.tk.quantum.GlassViewEventHandler.lambda$handleMouseEvent$2(GlassViewEventHandler.java:432)
	at com.sun.javafx.tk.quantum.QuantumToolkit.runWithoutRenderLock(QuantumToolkit.java:410)
	at com.sun.javafx.tk.quantum.GlassViewEventHandler.handleMouseEvent(GlassViewEventHandler.java:431)
	at com.sun.glass.ui.View.handleMouseEvent(View.java:555)
	at com.sun.glass.ui.View.notifyMouse(View.java:937)
	at com.sun.glass.ui.win.WinApplication._runLoop(Native Method)
	at com.sun.glass.ui.win.WinApplication.lambda$null$4(WinApplication.java:186)
	at java.lang.Thread.run(Thread.java:748)
2020-07-30 12:01:46,740 INFO com.example.client.clients.EventsClient [JavaFX Application Thread] Getting all user's [1] events in year and month: [2020, 7]
2020-07-30 12:01:46,741 DEBUG org.springframework.core.log.CompositeLog [JavaFX Application Thread] HTTP GET http://localhost:8080/events/1/2020/7
2020-07-30 12:01:46,741 DEBUG org.springframework.core.log.CompositeLog [JavaFX Application Thread] Accept=[text/plain, application/json, application/*+json, */*]
2020-07-30 12:01:46,842 DEBUG org.springframework.core.log.CompositeLog [JavaFX Application Thread] Response 200 OK
2020-07-30 12:01:46,843 DEBUG org.springframework.core.log.CompositeLog [JavaFX Application Thread] Reading to [java.lang.String] as "application/json"
2020-07-30 12:01:46,853 INFO com.example.client.clients.EventsClient [JavaFX Application Thread] Returning 0 user's [1] events in year and month: [2020, 7]
2020-07-30 12:01:47,271 INFO com.example.client.clients.EventsClient [JavaFX Application Thread] Getting all user's [1] events to alert.
2020-07-30 12:01:47,271 DEBUG com.example.client.clients.EventsClient [JavaFX Application Thread] Current time is:2020-07-30T12:01:47.271
2020-07-30 12:01:47,272 DEBUG org.springframework.core.log.CompositeLog [JavaFX Application Thread] HTTP GET http://localhost:8080/events/alert/1/2020-07-30T12:01:47.271
2020-07-30 12:01:47,272 DEBUG org.springframework.core.log.CompositeLog [JavaFX Application Thread] Accept=[text/plain, application/json, application/*+json, */*]
2020-07-30 12:01:47,289 DEBUG org.springframework.core.log.CompositeLog [JavaFX Application Thread] Response 200 OK
2020-07-30 12:01:47,289 DEBUG org.springframework.core.log.CompositeLog [JavaFX Application Thread] Reading to [java.lang.String] as "application/json"
2020-07-30 12:01:47,297 INFO com.example.client.clients.EventsClient [JavaFX Application Thread] Returning all user's [1] events to alert.
2020-07-30 12:02:00,738 INFO com.example.client.clients.EventsClient [JavaFX Application Thread] Getting all user's [1] events to alert.
2020-07-30 12:02:00,739 DEBUG com.example.client.clients.EventsClient [JavaFX Application Thread] Current time is:2020-07-30T12:02:00.739
2020-07-30 12:02:00,739 DEBUG org.springframework.core.log.CompositeLog [JavaFX Application Thread] HTTP GET http://localhost:8080/events/alert/1/2020-07-30T12:02:00.738
2020-07-30 12:02:00,740 DEBUG org.springframework.core.log.CompositeLog [JavaFX Application Thread] Accept=[text/plain, application/json, application/*+json, */*]
2020-07-30 12:02:00,745 DEBUG org.springframework.core.log.CompositeLog [JavaFX Application Thread] Response 200 OK
2020-07-30 12:02:00,746 DEBUG org.springframework.core.log.CompositeLog [JavaFX Application Thread] Reading to [java.lang.String] as "application/json"
2020-07-30 12:02:00,746 INFO com.example.client.clients.EventsClient [JavaFX Application Thread] Returning all user's [1] events to alert.
2020-07-30 12:02:22,134 INFO com.example.client.clients.UsersClient [JavaFX Application Thread] Logging user by his username and password: [test]
2020-07-30 12:02:22,175 DEBUG org.springframework.core.log.CompositeLog [JavaFX Application Thread] HTTP GET http://localhost:8080/users/test/test
2020-07-30 12:02:22,185 DEBUG org.springframework.core.log.CompositeLog [JavaFX Application Thread] Accept=[text/plain, application/json, application/*+json, */*]
2020-07-30 12:02:22,289 DEBUG org.springframework.core.log.CompositeLog [JavaFX Application Thread] Response 200 OK
2020-07-30 12:02:22,290 DEBUG org.springframework.core.log.CompositeLog [JavaFX Application Thread] Reading to [java.lang.String] as "application/json"
2020-07-30 12:02:22,337 INFO com.example.client.clients.UsersClient [JavaFX Application Thread] User testsuccessfully logged in
2020-07-30 12:02:22,437 INFO com.example.client.clients.WeatherClient [JavaFX Application Thread] Getting weather forecast
2020-07-30 12:02:22,437 INFO com.example.client.clients.WeatherClient [JavaFX Application Thread] Getting public IP adress of device
2020-07-30 12:02:23,081 DEBUG org.springframework.core.log.CompositeLog [JavaFX Application Thread] HTTP GET https://api.ipify.org?format=json
2020-07-30 12:02:23,081 DEBUG org.springframework.core.log.CompositeLog [JavaFX Application Thread] Accept=[text/plain, application/json, application/*+json, */*]
2020-07-30 12:02:23,722 DEBUG org.springframework.core.log.CompositeLog [JavaFX Application Thread] Response 200 OK
2020-07-30 12:02:23,722 DEBUG org.springframework.core.log.CompositeLog [JavaFX Application Thread] Reading to [java.lang.String] as "application/json"
2020-07-30 12:02:23,729 DEBUG com.example.client.clients.WeatherClient [JavaFX Application Thread] Public IP adress of client device: 147.78.169.2
2020-07-30 12:02:23,730 DEBUG org.springframework.core.log.CompositeLog [JavaFX Application Thread] HTTP GET http://localhost:8080/weather/147.78.169.2
2020-07-30 12:02:23,730 DEBUG org.springframework.core.log.CompositeLog [JavaFX Application Thread] Accept=[text/plain, application/json, application/*+json, */*]
2020-07-30 12:02:24,260 DEBUG org.springframework.core.log.CompositeLog [JavaFX Application Thread] Response 200 OK
2020-07-30 12:02:24,261 DEBUG org.springframework.core.log.CompositeLog [JavaFX Application Thread] Reading to [java.lang.String] as "application/json"
2020-07-30 12:02:24,282 DEBUG com.example.client.clients.WeatherClient [JavaFX Application Thread] Today's min temperature: 291.32, Today's max temperature:300.98
2020-07-30 12:02:24,301 INFO com.example.client.clients.EventsClient [JavaFX Application Thread] Getting all user's [1] events in year and month: [2020, 7]
2020-07-30 12:02:24,302 DEBUG org.springframework.core.log.CompositeLog [JavaFX Application Thread] HTTP GET http://localhost:8080/events/1/2020/7
2020-07-30 12:02:24,303 DEBUG org.springframework.core.log.CompositeLog [JavaFX Application Thread] Accept=[text/plain, application/json, application/*+json, */*]
2020-07-30 12:02:24,311 DEBUG org.springframework.core.log.CompositeLog [JavaFX Application Thread] Response 200 OK
2020-07-30 12:02:24,311 DEBUG org.springframework.core.log.CompositeLog [JavaFX Application Thread] Reading to [java.lang.String] as "application/json"
2020-07-30 12:02:24,322 INFO com.example.client.clients.EventsClient [JavaFX Application Thread] Returning 0 user's [1] events in year and month: [2020, 7]
2020-07-30 12:02:24,844 INFO com.example.client.clients.EventsClient [JavaFX Application Thread] Getting all user's [1] events to alert.
2020-07-30 12:02:24,845 DEBUG com.example.client.clients.EventsClient [JavaFX Application Thread] Current time is:2020-07-30T12:02:24.845
2020-07-30 12:02:24,846 DEBUG org.springframework.core.log.CompositeLog [JavaFX Application Thread] HTTP GET http://localhost:8080/events/alert/1/2020-07-30T12:02:24.845
2020-07-30 12:02:24,847 DEBUG org.springframework.core.log.CompositeLog [JavaFX Application Thread] Accept=[text/plain, application/json, application/*+json, */*]
2020-07-30 12:02:24,859 DEBUG org.springframework.core.log.CompositeLog [JavaFX Application Thread] Response 200 OK
2020-07-30 12:02:24,860 DEBUG org.springframework.core.log.CompositeLog [JavaFX Application Thread] Reading to [java.lang.String] as "application/json"
2020-07-30 12:02:24,885 INFO com.example.client.clients.EventsClient [JavaFX Application Thread] Returning all user's [1] events to alert.
2020-07-30 14:14:59,466 INFO com.example.client.clients.UsersClient [JavaFX Application Thread] Logging user by his username and password: [test]
2020-07-30 14:14:59,546 DEBUG org.springframework.core.log.CompositeLog [JavaFX Application Thread] HTTP GET http://localhost:8080/users/test/test
2020-07-30 14:14:59,561 DEBUG org.springframework.core.log.CompositeLog [JavaFX Application Thread] Accept=[text/plain, application/json, application/*+json, */*]
2020-07-30 14:14:59,821 DEBUG org.springframework.core.log.CompositeLog [JavaFX Application Thread] Response 200 OK
2020-07-30 14:14:59,823 DEBUG org.springframework.core.log.CompositeLog [JavaFX Application Thread] Reading to [java.lang.String] as "application/json"
2020-07-30 14:14:59,885 INFO com.example.client.clients.UsersClient [JavaFX Application Thread] User testsuccessfully logged in
2020-07-30 14:15:00,044 INFO com.example.client.clients.EventsClient [JavaFX Application Thread] Getting all user's [1] events in year and month: [2020, 7]
2020-07-30 14:15:00,045 DEBUG org.springframework.core.log.CompositeLog [JavaFX Application Thread] HTTP GET http://localhost:8080/events/1/2020/7
2020-07-30 14:15:00,046 DEBUG org.springframework.core.log.CompositeLog [JavaFX Application Thread] Accept=[text/plain, application/json, application/*+json, */*]
2020-07-30 14:15:00,152 DEBUG org.springframework.core.log.CompositeLog [JavaFX Application Thread] Response 200 OK
2020-07-30 14:15:00,152 DEBUG org.springframework.core.log.CompositeLog [JavaFX Application Thread] Reading to [java.lang.String] as "application/json"
2020-07-30 14:15:00,172 INFO com.example.client.clients.EventsClient [JavaFX Application Thread] Returning 0 user's [1] events in year and month: [2020, 7]
2020-07-30 14:15:00,556 INFO com.example.client.clients.EventsClient [JavaFX Application Thread] Getting all user's [1] events to alert.
2020-07-30 14:15:00,557 DEBUG com.example.client.clients.EventsClient [JavaFX Application Thread] Current time is:2020-07-30T14:15:00.556
2020-07-30 14:15:00,558 DEBUG org.springframework.core.log.CompositeLog [JavaFX Application Thread] HTTP GET http://localhost:8080/events/alert/1/2020-07-30T14:15:00.556
2020-07-30 14:15:00,559 DEBUG org.springframework.core.log.CompositeLog [JavaFX Application Thread] Accept=[text/plain, application/json, application/*+json, */*]
2020-07-30 14:15:00,595 DEBUG org.springframework.core.log.CompositeLog [JavaFX Application Thread] Response 200 OK
2020-07-30 14:15:00,596 DEBUG org.springframework.core.log.CompositeLog [JavaFX Application Thread] Reading to [java.lang.String] as "application/json"
2020-07-30 14:15:00,597 INFO com.example.client.clients.EventsClient [JavaFX Application Thread] Returning all user's [1] events to alert.
2020-07-30 14:16:00,038 INFO com.example.client.clients.EventsClient [JavaFX Application Thread] Getting all user's [1] events to alert.
2020-07-30 14:16:00,039 DEBUG com.example.client.clients.EventsClient [JavaFX Application Thread] Current time is:2020-07-30T14:16:00.039
2020-07-30 14:16:00,040 DEBUG org.springframework.core.log.CompositeLog [JavaFX Application Thread] HTTP GET http://localhost:8080/events/alert/1/2020-07-30T14:16:00.038
2020-07-30 14:16:00,041 DEBUG org.springframework.core.log.CompositeLog [JavaFX Application Thread] Accept=[text/plain, application/json, application/*+json, */*]
2020-07-30 14:16:00,050 DEBUG org.springframework.core.log.CompositeLog [JavaFX Application Thread] Response 200 OK
2020-07-30 14:16:00,051 DEBUG org.springframework.core.log.CompositeLog [JavaFX Application Thread] Reading to [java.lang.String] as "application/json"
2020-07-30 14:16:00,052 INFO com.example.client.clients.EventsClient [JavaFX Application Thread] Returning all user's [1] events to alert.
2020-07-30 14:16:48,879 INFO com.example.client.clients.UsersClient [JavaFX Application Thread] Logging user by his username and password: [test]
2020-07-30 14:16:48,906 DEBUG org.springframework.core.log.CompositeLog [JavaFX Application Thread] HTTP GET http://localhost:8080/users/test/test
2020-07-30 14:16:48,916 DEBUG org.springframework.core.log.CompositeLog [JavaFX Application Thread] Accept=[text/plain, application/json, application/*+json, */*]
2020-07-30 14:16:49,019 DEBUG org.springframework.core.log.CompositeLog [JavaFX Application Thread] Response 200 OK
2020-07-30 14:16:49,021 DEBUG org.springframework.core.log.CompositeLog [JavaFX Application Thread] Reading to [java.lang.String] as "application/json"
2020-07-30 14:16:49,068 INFO com.example.client.clients.UsersClient [JavaFX Application Thread] User testsuccessfully logged in
2020-07-30 14:16:49,188 INFO com.example.client.clients.EventsClient [JavaFX Application Thread] Getting all user's [1] events in year and month: [2020, 7]
2020-07-30 14:16:49,190 DEBUG org.springframework.core.log.CompositeLog [JavaFX Application Thread] HTTP GET http://localhost:8080/events/1/2020/7
2020-07-30 14:16:49,191 DEBUG org.springframework.core.log.CompositeLog [JavaFX Application Thread] Accept=[text/plain, application/json, application/*+json, */*]
2020-07-30 14:16:49,205 DEBUG org.springframework.core.log.CompositeLog [JavaFX Application Thread] Response 200 OK
2020-07-30 14:16:49,206 DEBUG org.springframework.core.log.CompositeLog [JavaFX Application Thread] Reading to [java.lang.String] as "application/json"
2020-07-30 14:16:49,236 INFO com.example.client.clients.EventsClient [JavaFX Application Thread] Returning 0 user's [1] events in year and month: [2020, 7]
2020-07-30 14:16:49,615 INFO com.example.client.clients.EventsClient [JavaFX Application Thread] Getting all user's [1] events to alert.
2020-07-30 14:16:49,615 DEBUG com.example.client.clients.EventsClient [JavaFX Application Thread] Current time is:2020-07-30T14:16:49.615
2020-07-30 14:16:49,616 DEBUG org.springframework.core.log.CompositeLog [JavaFX Application Thread] HTTP GET http://localhost:8080/events/alert/1/2020-07-30T14:16:49.615
2020-07-30 14:16:49,617 DEBUG org.springframework.core.log.CompositeLog [JavaFX Application Thread] Accept=[text/plain, application/json, application/*+json, */*]
2020-07-30 14:16:49,622 DEBUG org.springframework.core.log.CompositeLog [JavaFX Application Thread] Response 200 OK
2020-07-30 14:16:49,622 DEBUG org.springframework.core.log.CompositeLog [JavaFX Application Thread] Reading to [java.lang.String] as "application/json"
2020-07-30 14:16:49,641 INFO com.example.client.clients.EventsClient [JavaFX Application Thread] Returning all user's [1] events to alert.
2020-07-30 14:16:49,642 INFO com.example.client.clients.WeatherClient [JavaFX Application Thread] Getting weather forecast
2020-07-30 14:16:49,642 INFO com.example.client.clients.WeatherClient [JavaFX Application Thread] Getting public IP adress of device
2020-07-30 14:16:50,393 DEBUG org.springframework.core.log.CompositeLog [JavaFX Application Thread] HTTP GET https://api.ipify.org?format=json
2020-07-30 14:16:50,394 DEBUG org.springframework.core.log.CompositeLog [JavaFX Application Thread] Accept=[text/plain, application/json, application/*+json, */*]
2020-07-30 14:16:51,526 DEBUG org.springframework.core.log.CompositeLog [JavaFX Application Thread] Response 200 OK
2020-07-30 14:16:51,528 DEBUG org.springframework.core.log.CompositeLog [JavaFX Application Thread] Reading to [java.lang.String] as "application/json"
2020-07-30 14:16:51,534 DEBUG com.example.client.clients.WeatherClient [JavaFX Application Thread] Public IP adress of client device: 147.78.169.2
2020-07-30 14:16:51,534 DEBUG org.springframework.core.log.CompositeLog [JavaFX Application Thread] HTTP GET http://localhost:8080/weather/147.78.169.2
2020-07-30 14:16:51,535 DEBUG org.springframework.core.log.CompositeLog [JavaFX Application Thread] Accept=[text/plain, application/json, application/*+json, */*]
2020-07-30 14:16:54,711 DEBUG org.springframework.core.log.CompositeLog [JavaFX Application Thread] Response 200 OK
2020-07-30 14:16:54,712 DEBUG org.springframework.core.log.CompositeLog [JavaFX Application Thread] Reading to [java.lang.String] as "application/json"
2020-07-30 14:16:54,731 DEBUG com.example.client.clients.WeatherClient [JavaFX Application Thread] Today's min temperature: 291.99, Today's max temperature:302.75
2020-07-30 14:17:00,185 INFO com.example.client.clients.WeatherClient [JavaFX Application Thread] Getting weather forecast
2020-07-30 14:17:00,187 INFO com.example.client.clients.WeatherClient [JavaFX Application Thread] Getting public IP adress of device
2020-07-30 14:17:00,189 DEBUG org.springframework.core.log.CompositeLog [JavaFX Application Thread] HTTP GET https://api.ipify.org?format=json
2020-07-30 14:17:00,190 DEBUG org.springframework.core.log.CompositeLog [JavaFX Application Thread] Accept=[text/plain, application/json, application/*+json, */*]
2020-07-30 14:17:00,847 DEBUG org.springframework.core.log.CompositeLog [JavaFX Application Thread] Response 200 OK
2020-07-30 14:17:00,848 DEBUG org.springframework.core.log.CompositeLog [JavaFX Application Thread] Reading to [java.lang.String] as "application/json"
2020-07-30 14:17:00,849 DEBUG com.example.client.clients.WeatherClient [JavaFX Application Thread] Public IP adress of client device: 147.78.169.2
2020-07-30 14:17:00,850 DEBUG org.springframework.core.log.CompositeLog [JavaFX Application Thread] HTTP GET http://localhost:8080/weather/147.78.169.2
2020-07-30 14:17:00,851 DEBUG org.springframework.core.log.CompositeLog [JavaFX Application Thread] Accept=[text/plain, application/json, application/*+json, */*]
2020-07-30 14:17:02,941 DEBUG org.springframework.core.log.CompositeLog [JavaFX Application Thread] Response 200 OK
2020-07-30 14:17:02,942 DEBUG org.springframework.core.log.CompositeLog [JavaFX Application Thread] Reading to [java.lang.String] as "application/json"
2020-07-30 14:17:02,954 DEBUG com.example.client.clients.WeatherClient [JavaFX Application Thread] Today's min temperature: 291.99, Today's max temperature:302.75
2020-07-30 14:17:02,954 INFO com.example.client.clients.EventsClient [JavaFX Application Thread] Getting all user's [1] events to alert.
2020-07-30 14:17:02,955 DEBUG com.example.client.clients.EventsClient [JavaFX Application Thread] Current time is:2020-07-30T14:17:02.955
2020-07-30 14:17:02,956 DEBUG org.springframework.core.log.CompositeLog [JavaFX Application Thread] HTTP GET http://localhost:8080/events/alert/1/2020-07-30T14:17:02.955
2020-07-30 14:17:02,956 DEBUG org.springframework.core.log.CompositeLog [JavaFX Application Thread] Accept=[text/plain, application/json, application/*+json, */*]
2020-07-30 14:17:02,967 DEBUG org.springframework.core.log.CompositeLog [JavaFX Application Thread] Response 200 OK
2020-07-30 14:17:02,967 DEBUG org.springframework.core.log.CompositeLog [JavaFX Application Thread] Reading to [java.lang.String] as "application/json"
2020-07-30 14:17:02,968 INFO com.example.client.clients.EventsClient [JavaFX Application Thread] Returning all user's [1] events to alert.
2020-07-30 14:18:00,185 INFO com.example.client.clients.WeatherClient [JavaFX Application Thread] Getting weather forecast
2020-07-30 14:18:00,185 INFO com.example.client.clients.WeatherClient [JavaFX Application Thread] Getting public IP adress of device
2020-07-30 14:18:00,186 DEBUG org.springframework.core.log.CompositeLog [JavaFX Application Thread] HTTP GET https://api.ipify.org?format=json
2020-07-30 14:18:00,186 DEBUG org.springframework.core.log.CompositeLog [JavaFX Application Thread] Accept=[text/plain, application/json, application/*+json, */*]
2020-07-30 14:18:01,239 DEBUG org.springframework.core.log.CompositeLog [JavaFX Application Thread] Response 200 OK
2020-07-30 14:18:01,240 DEBUG org.springframework.core.log.CompositeLog [JavaFX Application Thread] Reading to [java.lang.String] as "application/json"
2020-07-30 14:18:01,240 DEBUG com.example.client.clients.WeatherClient [JavaFX Application Thread] Public IP adress of client device: 147.78.169.2
2020-07-30 14:18:01,240 DEBUG org.springframework.core.log.CompositeLog [JavaFX Application Thread] HTTP GET http://localhost:8080/weather/147.78.169.2
2020-07-30 14:18:01,240 DEBUG org.springframework.core.log.CompositeLog [JavaFX Application Thread] Accept=[text/plain, application/json, application/*+json, */*]
2020-07-30 14:18:03,218 DEBUG org.springframework.core.log.CompositeLog [JavaFX Application Thread] Response 200 OK
2020-07-30 14:18:03,219 DEBUG org.springframework.core.log.CompositeLog [JavaFX Application Thread] Reading to [java.lang.String] as "application/json"
2020-07-30 14:18:03,223 DEBUG com.example.client.clients.WeatherClient [JavaFX Application Thread] Today's min temperature: 291.99, Today's max temperature:302.75
2020-07-30 14:18:03,223 INFO com.example.client.clients.EventsClient [JavaFX Application Thread] Getting all user's [1] events to alert.
2020-07-30 14:18:03,224 DEBUG com.example.client.clients.EventsClient [JavaFX Application Thread] Current time is:2020-07-30T14:18:03.224
2020-07-30 14:18:03,224 DEBUG org.springframework.core.log.CompositeLog [JavaFX Application Thread] HTTP GET http://localhost:8080/events/alert/1/2020-07-30T14:18:03.223
2020-07-30 14:18:03,225 DEBUG org.springframework.core.log.CompositeLog [JavaFX Application Thread] Accept=[text/plain, application/json, application/*+json, */*]
2020-07-30 14:18:03,231 DEBUG org.springframework.core.log.CompositeLog [JavaFX Application Thread] Response 200 OK
2020-07-30 14:18:03,231 DEBUG org.springframework.core.log.CompositeLog [JavaFX Application Thread] Reading to [java.lang.String] as "application/json"
2020-07-30 14:18:03,232 INFO com.example.client.clients.EventsClient [JavaFX Application Thread] Returning all user's [1] events to alert.
2020-07-30 14:19:00,186 INFO com.example.client.clients.WeatherClient [JavaFX Application Thread] Getting weather forecast
2020-07-30 14:19:00,187 INFO com.example.client.clients.WeatherClient [JavaFX Application Thread] Getting public IP adress of device
2020-07-30 14:19:00,189 DEBUG org.springframework.core.log.CompositeLog [JavaFX Application Thread] HTTP GET https://api.ipify.org?format=json
2020-07-30 14:19:00,190 DEBUG org.springframework.core.log.CompositeLog [JavaFX Application Thread] Accept=[text/plain, application/json, application/*+json, */*]
2020-07-30 14:19:00,738 DEBUG org.springframework.core.log.CompositeLog [JavaFX Application Thread] Response 200 OK
2020-07-30 14:19:00,739 DEBUG org.springframework.core.log.CompositeLog [JavaFX Application Thread] Reading to [java.lang.String] as "application/json"
2020-07-30 14:19:00,740 DEBUG com.example.client.clients.WeatherClient [JavaFX Application Thread] Public IP adress of client device: 147.78.169.2
2020-07-30 14:19:00,742 DEBUG org.springframework.core.log.CompositeLog [JavaFX Application Thread] HTTP GET http://localhost:8080/weather/147.78.169.2
2020-07-30 14:19:00,743 DEBUG org.springframework.core.log.CompositeLog [JavaFX Application Thread] Accept=[text/plain, application/json, application/*+json, */*]
2020-07-30 14:19:01,579 DEBUG org.springframework.core.log.CompositeLog [JavaFX Application Thread] Response 200 OK
2020-07-30 14:19:01,580 DEBUG org.springframework.core.log.CompositeLog [JavaFX Application Thread] Reading to [java.lang.String] as "application/json"
2020-07-30 14:19:01,583 DEBUG com.example.client.clients.WeatherClient [JavaFX Application Thread] Today's min temperature: 291.99, Today's max temperature:302.75
2020-07-30 14:19:01,583 INFO com.example.client.clients.EventsClient [JavaFX Application Thread] Getting all user's [1] events to alert.
2020-07-30 14:19:01,583 DEBUG com.example.client.clients.EventsClient [JavaFX Application Thread] Current time is:2020-07-30T14:19:01.583
2020-07-30 14:19:01,584 DEBUG org.springframework.core.log.CompositeLog [JavaFX Application Thread] HTTP GET http://localhost:8080/events/alert/1/2020-07-30T14:19:01.583
2020-07-30 14:19:01,584 DEBUG org.springframework.core.log.CompositeLog [JavaFX Application Thread] Accept=[text/plain, application/json, application/*+json, */*]
2020-07-30 14:19:01,589 DEBUG org.springframework.core.log.CompositeLog [JavaFX Application Thread] Response 200 OK
2020-07-30 14:19:01,589 DEBUG org.springframework.core.log.CompositeLog [JavaFX Application Thread] Reading to [java.lang.String] as "application/json"
2020-07-30 14:19:01,590 INFO com.example.client.clients.EventsClient [JavaFX Application Thread] Returning all user's [1] events to alert.
2020-07-30 14:20:00,186 INFO com.example.client.clients.EventsClient [JavaFX Application Thread] Getting all user's [1] events to alert.
2020-07-30 14:20:00,188 DEBUG com.example.client.clients.EventsClient [JavaFX Application Thread] Current time is:2020-07-30T14:20:00.188
2020-07-30 14:20:00,190 DEBUG org.springframework.core.log.CompositeLog [JavaFX Application Thread] HTTP GET http://localhost:8080/events/alert/1/2020-07-30T14:20:00.188
2020-07-30 14:20:00,191 DEBUG org.springframework.core.log.CompositeLog [JavaFX Application Thread] Accept=[text/plain, application/json, application/*+json, */*]
2020-07-30 14:20:00,219 DEBUG org.springframework.core.log.CompositeLog [JavaFX Application Thread] Response 200 OK
2020-07-30 14:20:00,219 DEBUG org.springframework.core.log.CompositeLog [JavaFX Application Thread] Reading to [java.lang.String] as "application/json"
2020-07-30 14:20:00,220 INFO com.example.client.clients.EventsClient [JavaFX Application Thread] Returning all user's [1] events to alert.
2020-07-30 14:20:00,220 INFO com.example.client.clients.WeatherClient [JavaFX Application Thread] Getting weather forecast
2020-07-30 14:20:00,221 INFO com.example.client.clients.WeatherClient [JavaFX Application Thread] Getting public IP adress of device
2020-07-30 14:20:00,222 DEBUG org.springframework.core.log.CompositeLog [JavaFX Application Thread] HTTP GET https://api.ipify.org?format=json
2020-07-30 14:20:00,222 DEBUG org.springframework.core.log.CompositeLog [JavaFX Application Thread] Accept=[text/plain, application/json, application/*+json, */*]
2020-07-30 14:20:01,595 DEBUG org.springframework.core.log.CompositeLog [JavaFX Application Thread] Response 200 OK
2020-07-30 14:20:01,596 DEBUG org.springframework.core.log.CompositeLog [JavaFX Application Thread] Reading to [java.lang.String] as "application/json"
2020-07-30 14:20:01,597 DEBUG com.example.client.clients.WeatherClient [JavaFX Application Thread] Public IP adress of client device: 147.78.169.2
2020-07-30 14:20:01,599 DEBUG org.springframework.core.log.CompositeLog [JavaFX Application Thread] HTTP GET http://localhost:8080/weather/147.78.169.2
2020-07-30 14:20:01,600 DEBUG org.springframework.core.log.CompositeLog [JavaFX Application Thread] Accept=[text/plain, application/json, application/*+json, */*]
2020-07-30 14:20:02,754 DEBUG org.springframework.core.log.CompositeLog [JavaFX Application Thread] Response 200 OK
2020-07-30 14:20:02,754 DEBUG org.springframework.core.log.CompositeLog [JavaFX Application Thread] Reading to [java.lang.String] as "application/json"
2020-07-30 14:20:02,757 DEBUG com.example.client.clients.WeatherClient [JavaFX Application Thread] Today's min temperature: 291.99, Today's max temperature:302.75
2020-07-30 14:20:16,066 INFO com.example.client.clients.UsersClient [JavaFX Application Thread] Logging user by his username and password: [test]
2020-07-30 14:20:16,108 DEBUG org.springframework.core.log.CompositeLog [JavaFX Application Thread] HTTP GET http://localhost:8080/users/test/test
2020-07-30 14:20:16,118 DEBUG org.springframework.core.log.CompositeLog [JavaFX Application Thread] Accept=[text/plain, application/json, application/*+json, */*]
2020-07-30 14:20:16,222 DEBUG org.springframework.core.log.CompositeLog [JavaFX Application Thread] Response 200 OK
2020-07-30 14:20:16,224 DEBUG org.springframework.core.log.CompositeLog [JavaFX Application Thread] Reading to [java.lang.String] as "application/json"
2020-07-30 14:20:16,273 INFO com.example.client.clients.UsersClient [JavaFX Application Thread] User testsuccessfully logged in
2020-07-30 14:20:16,389 INFO com.example.client.clients.EventsClient [JavaFX Application Thread] Getting all user's [1] events in year and month: [2020, 7]
2020-07-30 14:20:16,390 DEBUG org.springframework.core.log.CompositeLog [JavaFX Application Thread] HTTP GET http://localhost:8080/events/1/2020/7
2020-07-30 14:20:16,390 DEBUG org.springframework.core.log.CompositeLog [JavaFX Application Thread] Accept=[text/plain, application/json, application/*+json, */*]
2020-07-30 14:20:16,398 DEBUG org.springframework.core.log.CompositeLog [JavaFX Application Thread] Response 200 OK
2020-07-30 14:20:16,398 DEBUG org.springframework.core.log.CompositeLog [JavaFX Application Thread] Reading to [java.lang.String] as "application/json"
2020-07-30 14:20:16,435 INFO com.example.client.clients.EventsClient [JavaFX Application Thread] Returning 0 user's [1] events in year and month: [2020, 7]
2020-07-30 14:20:16,764 INFO com.example.client.clients.EventsClient [JavaFX Application Thread] Getting all user's [1] events to alert.
2020-07-30 14:20:16,764 DEBUG com.example.client.clients.EventsClient [JavaFX Application Thread] Current time is:2020-07-30T14:20:16.764
2020-07-30 14:20:16,765 DEBUG org.springframework.core.log.CompositeLog [JavaFX Application Thread] HTTP GET http://localhost:8080/events/alert/1/2020-07-30T14:20:16.764
2020-07-30 14:20:16,765 DEBUG org.springframework.core.log.CompositeLog [JavaFX Application Thread] Accept=[text/plain, application/json, application/*+json, */*]
2020-07-30 14:20:16,771 DEBUG org.springframework.core.log.CompositeLog [JavaFX Application Thread] Response 200 OK
2020-07-30 14:20:16,771 DEBUG org.springframework.core.log.CompositeLog [JavaFX Application Thread] Reading to [java.lang.String] as "application/json"
2020-07-30 14:20:16,793 INFO com.example.client.clients.EventsClient [JavaFX Application Thread] Returning all user's [1] events to alert.
2020-07-30 14:20:16,793 INFO com.example.client.clients.WeatherClient [JavaFX Application Thread] Getting weather forecast
2020-07-30 14:20:16,794 INFO com.example.client.clients.WeatherClient [JavaFX Application Thread] Getting public IP adress of device
2020-07-30 14:20:17,370 DEBUG org.springframework.core.log.CompositeLog [JavaFX Application Thread] HTTP GET https://api.ipify.org?format=json
2020-07-30 14:20:17,371 DEBUG org.springframework.core.log.CompositeLog [JavaFX Application Thread] Accept=[text/plain, application/json, application/*+json, */*]
2020-07-30 14:20:17,985 DEBUG org.springframework.core.log.CompositeLog [JavaFX Application Thread] Response 200 OK
2020-07-30 14:20:17,986 DEBUG org.springframework.core.log.CompositeLog [JavaFX Application Thread] Reading to [java.lang.String] as "application/json"
2020-07-30 14:20:17,991 DEBUG com.example.client.clients.WeatherClient [JavaFX Application Thread] Public IP adress of client device: 147.78.169.2
2020-07-30 14:20:17,992 DEBUG org.springframework.core.log.CompositeLog [JavaFX Application Thread] HTTP GET http://localhost:8080/weather/147.78.169.2
2020-07-30 14:20:17,992 DEBUG org.springframework.core.log.CompositeLog [JavaFX Application Thread] Accept=[text/plain, application/json, application/*+json, */*]
2020-07-30 14:20:18,528 DEBUG org.springframework.core.log.CompositeLog [JavaFX Application Thread] Response 200 OK
2020-07-30 14:20:18,529 DEBUG org.springframework.core.log.CompositeLog [JavaFX Application Thread] Reading to [java.lang.String] as "application/json"
2020-07-30 14:20:18,547 DEBUG com.example.client.clients.WeatherClient [JavaFX Application Thread] Today's min temperature: 291.99, Today's max temperature:302.75
2020-07-30 14:20:18,548 DEBUG com.example.gui.controllers.PlanItMainWindowController [JavaFX Application Thread] Min temperature at 2020-07-30 : 291.99
2020-07-30 14:20:18,549 DEBUG com.example.gui.controllers.PlanItMainWindowController [JavaFX Application Thread] Min temperature at 2020-07-31 : 290.04
2020-07-30 14:20:18,549 DEBUG com.example.gui.controllers.PlanItMainWindowController [JavaFX Application Thread] Min temperature at 2020-08-01 : 286.29
2020-07-30 14:20:18,549 DEBUG com.example.gui.controllers.PlanItMainWindowController [JavaFX Application Thread] Min temperature at 2020-08-02 : 286.75
2020-07-30 14:20:18,549 DEBUG com.example.gui.controllers.PlanItMainWindowController [JavaFX Application Thread] Min temperature at 2020-08-03 : 287.86
2020-07-30 14:20:18,550 DEBUG com.example.gui.controllers.PlanItMainWindowController [JavaFX Application Thread] Min temperature at 2020-08-04 : 285.79
2020-07-30 14:20:18,550 DEBUG com.example.gui.controllers.PlanItMainWindowController [JavaFX Application Thread] Min temperature at 2020-08-05 : 289.37
2020-07-30 14:20:18,550 DEBUG com.example.gui.controllers.PlanItMainWindowController [JavaFX Application Thread] Min temperature at 2020-08-06 : 289.4
2020-07-30 14:21:00,387 INFO com.example.client.clients.EventsClient [JavaFX Application Thread] Getting all user's [1] events to alert.
2020-07-30 14:21:00,387 DEBUG com.example.client.clients.EventsClient [JavaFX Application Thread] Current time is:2020-07-30T14:21:00.387
2020-07-30 14:21:00,388 DEBUG org.springframework.core.log.CompositeLog [JavaFX Application Thread] HTTP GET http://localhost:8080/events/alert/1/2020-07-30T14:21:00.387
2020-07-30 14:21:00,388 DEBUG org.springframework.core.log.CompositeLog [JavaFX Application Thread] Accept=[text/plain, application/json, application/*+json, */*]
2020-07-30 14:21:00,393 DEBUG org.springframework.core.log.CompositeLog [JavaFX Application Thread] Response 200 OK
2020-07-30 14:21:00,394 DEBUG org.springframework.core.log.CompositeLog [JavaFX Application Thread] Reading to [java.lang.String] as "application/json"
2020-07-30 14:21:00,394 INFO com.example.client.clients.EventsClient [JavaFX Application Thread] Returning all user's [1] events to alert.
2020-07-30 14:21:43,148 INFO com.example.client.clients.UsersClient [JavaFX Application Thread] Logging user by his username and password: [test]
2020-07-30 14:21:43,185 DEBUG org.springframework.core.log.CompositeLog [JavaFX Application Thread] HTTP GET http://localhost:8080/users/test/test
2020-07-30 14:21:43,195 DEBUG org.springframework.core.log.CompositeLog [JavaFX Application Thread] Accept=[text/plain, application/json, application/*+json, */*]
2020-07-30 14:21:43,299 DEBUG org.springframework.core.log.CompositeLog [JavaFX Application Thread] Response 200 OK
2020-07-30 14:21:43,300 DEBUG org.springframework.core.log.CompositeLog [JavaFX Application Thread] Reading to [java.lang.String] as "application/json"
2020-07-30 14:21:43,346 INFO com.example.client.clients.UsersClient [JavaFX Application Thread] User testsuccessfully logged in
2020-07-30 14:21:43,479 DEBUG com.example.gui.controllers.PlanItMainWindowController [Thread-5] LocalDateTime.now().getSecond() = 43
2020-07-30 14:21:43,483 INFO com.example.client.clients.EventsClient [JavaFX Application Thread] Getting all user's [1] events in year and month: [2020, 7]
2020-07-30 14:21:43,484 DEBUG org.springframework.core.log.CompositeLog [JavaFX Application Thread] HTTP GET http://localhost:8080/events/1/2020/7
2020-07-30 14:21:43,485 DEBUG org.springframework.core.log.CompositeLog [JavaFX Application Thread] Accept=[text/plain, application/json, application/*+json, */*]
2020-07-30 14:21:43,490 DEBUG org.springframework.core.log.CompositeLog [JavaFX Application Thread] Response 200 OK
2020-07-30 14:21:43,491 DEBUG org.springframework.core.log.CompositeLog [JavaFX Application Thread] Reading to [java.lang.String] as "application/json"
2020-07-30 14:21:43,512 INFO com.example.client.clients.EventsClient [JavaFX Application Thread] Returning 0 user's [1] events in year and month: [2020, 7]
2020-07-30 14:21:43,819 INFO com.example.client.clients.EventsClient [JavaFX Application Thread] Getting all user's [1] events to alert.
2020-07-30 14:21:43,819 DEBUG com.example.client.clients.EventsClient [JavaFX Application Thread] Current time is:2020-07-30T14:21:43.819
2020-07-30 14:21:43,820 DEBUG org.springframework.core.log.CompositeLog [JavaFX Application Thread] HTTP GET http://localhost:8080/events/alert/1/2020-07-30T14:21:43.819
2020-07-30 14:21:43,820 DEBUG org.springframework.core.log.CompositeLog [JavaFX Application Thread] Accept=[text/plain, application/json, application/*+json, */*]
2020-07-30 14:21:43,829 DEBUG org.springframework.core.log.CompositeLog [JavaFX Application Thread] Response 200 OK
2020-07-30 14:21:43,830 DEBUG org.springframework.core.log.CompositeLog [JavaFX Application Thread] Reading to [java.lang.String] as "application/json"
2020-07-30 14:21:43,850 INFO com.example.client.clients.EventsClient [JavaFX Application Thread] Returning all user's [1] events to alert.
2020-07-30 14:21:43,852 INFO com.example.client.clients.WeatherClient [JavaFX Application Thread] Getting weather forecast
2020-07-30 14:21:43,852 INFO com.example.client.clients.WeatherClient [JavaFX Application Thread] Getting public IP adress of device
2020-07-30 14:21:44,432 DEBUG org.springframework.core.log.CompositeLog [JavaFX Application Thread] HTTP GET https://api.ipify.org?format=json
2020-07-30 14:21:44,433 DEBUG org.springframework.core.log.CompositeLog [JavaFX Application Thread] Accept=[text/plain, application/json, application/*+json, */*]
2020-07-30 14:21:45,139 DEBUG org.springframework.core.log.CompositeLog [JavaFX Application Thread] Response 200 OK
2020-07-30 14:21:45,139 DEBUG org.springframework.core.log.CompositeLog [JavaFX Application Thread] Reading to [java.lang.String] as "application/json"
2020-07-30 14:21:45,151 DEBUG com.example.client.clients.WeatherClient [JavaFX Application Thread] Public IP adress of client device: 147.78.169.2
2020-07-30 14:21:45,153 DEBUG org.springframework.core.log.CompositeLog [JavaFX Application Thread] HTTP GET http://localhost:8080/weather/147.78.169.2
2020-07-30 14:21:45,155 DEBUG org.springframework.core.log.CompositeLog [JavaFX Application Thread] Accept=[text/plain, application/json, application/*+json, */*]
2020-07-30 14:21:45,789 DEBUG org.springframework.core.log.CompositeLog [JavaFX Application Thread] Response 200 OK
2020-07-30 14:21:45,790 DEBUG org.springframework.core.log.CompositeLog [JavaFX Application Thread] Reading to [java.lang.String] as "application/json"
2020-07-30 14:21:45,809 DEBUG com.example.client.clients.WeatherClient [JavaFX Application Thread] Today's min temperature: 291.99, Today's max temperature:302.75
2020-07-30 14:21:45,810 DEBUG com.example.gui.controllers.PlanItMainWindowController [JavaFX Application Thread] Min temperature at 2020-07-30 : 291.99
2020-07-30 14:21:45,810 DEBUG com.example.gui.controllers.PlanItMainWindowController [JavaFX Application Thread] Min temperature at 2020-07-31 : 290.04
2020-07-30 14:21:45,810 DEBUG com.example.gui.controllers.PlanItMainWindowController [JavaFX Application Thread] Min temperature at 2020-08-01 : 286.29
2020-07-30 14:21:45,810 DEBUG com.example.gui.controllers.PlanItMainWindowController [JavaFX Application Thread] Min temperature at 2020-08-02 : 286.75
2020-07-30 14:21:45,810 DEBUG com.example.gui.controllers.PlanItMainWindowController [JavaFX Application Thread] Min temperature at 2020-08-03 : 287.86
2020-07-30 14:21:45,810 DEBUG com.example.gui.controllers.PlanItMainWindowController [JavaFX Application Thread] Min temperature at 2020-08-04 : 285.79
2020-07-30 14:21:45,810 DEBUG com.example.gui.controllers.PlanItMainWindowController [JavaFX Application Thread] Min temperature at 2020-08-05 : 289.37
2020-07-30 14:21:45,810 DEBUG com.example.gui.controllers.PlanItMainWindowController [JavaFX Application Thread] Min temperature at 2020-08-06 : 289.4
2020-07-30 14:22:00,479 INFO com.example.client.clients.EventsClient [JavaFX Application Thread] Getting all user's [1] events to alert.
2020-07-30 14:22:00,479 DEBUG com.example.client.clients.EventsClient [JavaFX Application Thread] Current time is:2020-07-30T14:22:00.479
2020-07-30 14:22:00,480 DEBUG org.springframework.core.log.CompositeLog [JavaFX Application Thread] HTTP GET http://localhost:8080/events/alert/1/2020-07-30T14:22:00.479
2020-07-30 14:22:00,481 DEBUG org.springframework.core.log.CompositeLog [JavaFX Application Thread] Accept=[text/plain, application/json, application/*+json, */*]
2020-07-30 14:22:00,486 DEBUG org.springframework.core.log.CompositeLog [JavaFX Application Thread] Response 200 OK
2020-07-30 14:22:00,486 DEBUG org.springframework.core.log.CompositeLog [JavaFX Application Thread] Reading to [java.lang.String] as "application/json"
2020-07-30 14:22:00,487 INFO com.example.client.clients.EventsClient [JavaFX Application Thread] Returning all user's [1] events to alert.
2020-07-30 14:41:35,329 INFO com.example.client.clients.UsersClient [JavaFX Application Thread] Logging user by his username and password: [test]
2020-07-30 14:41:35,383 DEBUG org.springframework.core.log.CompositeLog [JavaFX Application Thread] HTTP GET http://localhost:8080/users/test/test
2020-07-30 14:41:35,397 DEBUG org.springframework.core.log.CompositeLog [JavaFX Application Thread] Accept=[text/plain, application/json, application/*+json, */*]
2020-07-30 14:41:35,529 DEBUG org.springframework.core.log.CompositeLog [JavaFX Application Thread] Response 200 OK
2020-07-30 14:41:35,531 DEBUG org.springframework.core.log.CompositeLog [JavaFX Application Thread] Reading to [java.lang.String] as "application/json"
2020-07-30 14:41:35,600 INFO com.example.client.clients.UsersClient [JavaFX Application Thread] User testsuccessfully logged in
2020-07-30 14:41:54,891 DEBUG com.example.gui.controllers.PlanItMainWindowController [Thread-5] LocalDateTime.now().getSecond() = 54
2020-07-30 14:41:54,896 INFO com.example.client.clients.EventsClient [JavaFX Application Thread] Getting all user's [1] events in year and month: [2020, 7]
2020-07-30 14:41:54,898 DEBUG org.springframework.core.log.CompositeLog [JavaFX Application Thread] HTTP GET http://localhost:8080/events/1/2020/7
2020-07-30 14:41:54,898 DEBUG org.springframework.core.log.CompositeLog [JavaFX Application Thread] Accept=[text/plain, application/json, application/*+json, */*]
2020-07-30 14:41:54,909 DEBUG org.springframework.core.log.CompositeLog [JavaFX Application Thread] Response 200 OK
2020-07-30 14:41:54,910 DEBUG org.springframework.core.log.CompositeLog [JavaFX Application Thread] Reading to [java.lang.String] as "application/json"
2020-07-30 14:41:54,932 INFO com.example.client.clients.EventsClient [JavaFX Application Thread] Returning 0 user's [1] events in year and month: [2020, 7]
2020-07-30 14:43:55,397 INFO com.example.client.clients.UsersClient [JavaFX Application Thread] Logging user by his username and password: [test]
2020-07-30 14:43:55,449 DEBUG org.springframework.core.log.CompositeLog [JavaFX Application Thread] HTTP GET http://localhost:8080/users/test/test
2020-07-30 14:43:55,461 DEBUG org.springframework.core.log.CompositeLog [JavaFX Application Thread] Accept=[text/plain, application/json, application/*+json, */*]
2020-07-30 14:43:55,576 DEBUG org.springframework.core.log.CompositeLog [JavaFX Application Thread] Response 200 OK
2020-07-30 14:43:55,578 DEBUG org.springframework.core.log.CompositeLog [JavaFX Application Thread] Reading to [java.lang.String] as "application/json"
2020-07-30 14:43:55,642 INFO com.example.client.clients.UsersClient [JavaFX Application Thread] User testsuccessfully logged in
