2020-05-06 01:02:18,278 WARN org.springframework.boot.StartupInfoLogger [main] InetAddress.getLocalHost().getHostName() took 20003 milliseconds to respond. Please verify your network configuration.
2020-05-06 01:02:38,309 INFO org.springframework.boot.StartupInfoLogger [main] Starting Main on DESKTOP-6TQNAQQ with PID 14716 (D:\skola\4.semester\VAVA\Projekt\PlanIt_Balekova_Budinsky\ServerProject\target\classes started by HP in D:\skola\4.semester\VAVA\Projekt\PlanIt_Balekova_Budinsky\ServerProject)
2020-05-06 01:02:38,313 INFO org.springframework.boot.SpringApplication [main] No active profile set, falling back to default profiles: default
2020-05-06 01:02:39,810 INFO org.springframework.data.repository.config.RepositoryConfigurationDelegate [main] Bootstrapping Spring Data JPA repositories in DEFAULT mode.
2020-05-06 01:02:39,867 INFO org.springframework.data.repository.config.RepositoryConfigurationDelegate [main] Finished Spring Data repository scanning in 36ms. Found 0 JPA repository interfaces.
2020-05-06 01:02:41,529 INFO org.springframework.boot.web.embedded.tomcat.TomcatWebServer [main] Tomcat initialized with port(s): 8080 (http)
2020-05-06 01:02:41,557 INFO org.apache.juli.logging.DirectJDKLog [main] Starting service [Tomcat]
2020-05-06 01:02:41,557 INFO org.apache.juli.logging.DirectJDKLog [main] Starting Servlet engine: [Apache Tomcat/9.0.33]
2020-05-06 01:02:41,803 INFO org.apache.juli.logging.DirectJDKLog [main] Initializing Spring embedded WebApplicationContext
2020-05-06 01:02:41,804 INFO org.springframework.boot.web.servlet.context.ServletWebServerApplicationContext [main] Root WebApplicationContext: initialization completed in 3333 ms
2020-05-06 01:02:42,171 INFO com.zaxxer.hikari.HikariDataSource [main] HikariPool-1 - Starting...
2020-05-06 01:03:02,746 INFO com.zaxxer.hikari.HikariDataSource [main] HikariPool-1 - Start completed.
2020-05-06 01:03:02,845 INFO org.hibernate.jpa.internal.util.LogHelper [main] HHH000204: Processing PersistenceUnitInfo [name: default]
2020-05-06 01:03:03,137 INFO org.hibernate.Version [main] HHH000412: Hibernate ORM core version 5.4.12.Final
2020-05-06 01:03:03,910 INFO org.hibernate.annotations.common.reflection.java.JavaReflectionManager [main] HCANN000001: Hibernate Commons Annotations {5.1.0.Final}
2020-05-06 01:03:04,927 INFO org.hibernate.dialect.Dialect [main] HHH000400: Using dialect: org.hibernate.dialect.PostgreSQL10Dialect
2020-05-06 01:03:06,716 INFO org.hibernate.engine.transaction.jta.platform.internal.JtaPlatformInitiator [main] HHH000490: Using JtaPlatform implementation: [org.hibernate.engine.transaction.jta.platform.internal.NoJtaPlatform]
2020-05-06 01:03:06,744 INFO org.springframework.orm.jpa.AbstractEntityManagerFactoryBean [main] Initialized JPA EntityManagerFactory for persistence unit 'default'
2020-05-06 01:03:07,054 WARN org.springframework.boot.autoconfigure.orm.jpa.JpaBaseConfiguration$JpaWebConfiguration [main] spring.jpa.open-in-view is enabled by default. Therefore, database queries may be performed during view rendering. Explicitly configure spring.jpa.open-in-view to disable this warning
2020-05-06 01:03:07,502 INFO org.springframework.scheduling.concurrent.ExecutorConfigurationSupport [main] Initializing ExecutorService 'applicationTaskExecutor'
2020-05-06 01:03:07,974 INFO org.springframework.boot.web.embedded.tomcat.TomcatWebServer [main] Tomcat started on port(s): 8080 (http) with context path ''
2020-05-06 01:03:07,980 INFO org.springframework.boot.StartupInfoLogger [main] Started Main in 111.358 seconds (JVM running for 113.89)
2020-05-06 01:03:56,921 INFO org.apache.juli.logging.DirectJDKLog [http-nio-8080-exec-1] Initializing Spring DispatcherServlet 'dispatcherServlet'
2020-05-06 01:03:56,923 INFO org.springframework.web.servlet.FrameworkServlet [http-nio-8080-exec-1] Initializing Servlet 'dispatcherServlet'
2020-05-06 01:03:56,946 INFO org.springframework.web.servlet.FrameworkServlet [http-nio-8080-exec-1] Completed initialization in 22 ms
2020-05-06 01:03:57,172 INFO com.example.vavaplanit.Api.UserController [http-nio-8080-exec-1] Getting user by his user name and user password
2020-05-06 01:03:57,202 INFO com.example.vavaplanit.Api.UserController [http-nio-8080-exec-1] User successfully logged in
2020-05-06 01:03:57,727 INFO com.example.vavaplanit.Api.EventController [http-nio-8080-exec-2] Getting events to alert by user's id: 1
2020-05-06 01:03:57,749 INFO com.example.vavaplanit.Api.EventController [http-nio-8080-exec-3] Getting events by user's id: 1, year: 2020 and month: 5
2020-05-06 01:03:57,764 INFO com.example.vavaplanit.Api.EventController [http-nio-8080-exec-2] Returning events to alert.
2020-05-06 01:03:57,772 INFO com.example.vavaplanit.Api.EventController [http-nio-8080-exec-3] Events successfully found. Returning events.
2020-05-06 01:04:00,833 INFO com.example.vavaplanit.Api.EventController [http-nio-8080-exec-4] Getting events to alert by user's id: 1
2020-05-06 01:04:00,840 INFO com.example.vavaplanit.Api.EventController [http-nio-8080-exec-4] Returning events to alert.
2020-05-06 01:04:10,916 INFO com.example.vavaplanit.Api.EventController [http-nio-8080-exec-5] Getting events by user's id: 1, year: 2020 and month: 3
2020-05-06 01:04:10,919 ERROR com.example.vavaplanit.Api.EventController [http-nio-8080-exec-5] Error. Events not found, 500 INTERNAL_SERVER_ERROR
2020-05-06 01:04:12,227 INFO com.example.vavaplanit.Api.EventController [http-nio-8080-exec-6] Getting events by user's id: 1, year: 2020 and month: 4
2020-05-06 01:04:12,229 ERROR com.example.vavaplanit.Api.EventController [http-nio-8080-exec-6] Error. Events not found, 500 INTERNAL_SERVER_ERROR
2020-05-06 01:04:13,494 INFO com.example.vavaplanit.Api.EventController [http-nio-8080-exec-7] Getting events by user's id: 1, year: 2020 and month: 5
2020-05-06 01:04:13,499 INFO com.example.vavaplanit.Api.EventController [http-nio-8080-exec-7] Events successfully found. Returning events.
2020-05-06 01:04:15,837 INFO com.example.vavaplanit.Api.EventController [http-nio-8080-exec-8] Getting events by user's id: 1, year: 2020 and month: 6
2020-05-06 01:04:15,840 ERROR com.example.vavaplanit.Api.EventController [http-nio-8080-exec-8] Error. Events not found, 500 INTERNAL_SERVER_ERROR
2020-05-06 01:04:17,109 INFO com.example.vavaplanit.Api.EventController [http-nio-8080-exec-9] Getting events by user's id: 1, year: 2020 and month: 7
2020-05-06 01:04:17,116 ERROR com.example.vavaplanit.Api.EventController [http-nio-8080-exec-9] Error. Events not found, 500 INTERNAL_SERVER_ERROR
2020-05-06 01:04:18,528 INFO com.example.vavaplanit.Api.EventController [http-nio-8080-exec-10] Getting events by user's id: 1, year: 2020 and month: 8
2020-05-06 01:04:18,533 ERROR com.example.vavaplanit.Api.EventController [http-nio-8080-exec-10] Error. Events not found, 500 INTERNAL_SERVER_ERROR
2020-05-06 01:04:19,570 INFO com.example.vavaplanit.Api.EventController [http-nio-8080-exec-1] Getting events by user's id: 1, year: 2020 and month: 9
2020-05-06 01:04:19,576 ERROR com.example.vavaplanit.Api.EventController [http-nio-8080-exec-1] Error. Events not found, 500 INTERNAL_SERVER_ERROR
2020-05-06 01:04:21,992 INFO com.example.vavaplanit.Api.EventController [http-nio-8080-exec-2] Getting events by user's id: 1, year: 2020 and month: 5
2020-05-06 01:04:22,000 INFO com.example.vavaplanit.Api.EventController [http-nio-8080-exec-2] Events successfully found. Returning events.
2020-05-06 01:04:24,004 INFO com.example.vavaplanit.Api.EventController [http-nio-8080-exec-3] Getting events by user's id: 1, year: 2021 and month: 5
2020-05-06 01:04:24,006 ERROR com.example.vavaplanit.Api.EventController [http-nio-8080-exec-3] Error. Events not found, 500 INTERNAL_SERVER_ERROR
2020-05-06 01:04:25,191 INFO com.example.vavaplanit.Api.EventController [http-nio-8080-exec-4] Getting events by user's id: 1, year: 2020 and month: 5
2020-05-06 01:04:25,198 INFO com.example.vavaplanit.Api.EventController [http-nio-8080-exec-4] Events successfully found. Returning events.
2020-05-06 01:04:30,994 INFO com.example.vavaplanit.Api.EventController [http-nio-8080-exec-5] Getting events by user's id: 1, year: 2020 and month: 5
2020-05-06 01:04:31,000 INFO com.example.vavaplanit.Api.EventController [http-nio-8080-exec-5] Events successfully found. Returning events.
2020-05-06 01:40:49,414 WARN org.springframework.boot.StartupInfoLogger [main] InetAddress.getLocalHost().getHostName() took 20024 milliseconds to respond. Please verify your network configuration.
2020-05-06 01:41:09,452 INFO org.springframework.boot.StartupInfoLogger [main] Starting Main on DESKTOP-6TQNAQQ with PID 15124 (D:\skola\4.semester\VAVA\Projekt\PlanIt_Balekova_Budinsky\ServerProject\target\classes started by HP in D:\skola\4.semester\VAVA\Projekt\PlanIt_Balekova_Budinsky\ServerProject)
2020-05-06 01:41:09,456 INFO org.springframework.boot.SpringApplication [main] No active profile set, falling back to default profiles: default
2020-05-06 01:41:10,305 INFO org.springframework.data.repository.config.RepositoryConfigurationDelegate [main] Bootstrapping Spring Data JPA repositories in DEFAULT mode.
2020-05-06 01:41:10,341 INFO org.springframework.data.repository.config.RepositoryConfigurationDelegate [main] Finished Spring Data repository scanning in 21ms. Found 0 JPA repository interfaces.
2020-05-06 01:41:11,518 INFO org.springframework.boot.web.embedded.tomcat.TomcatWebServer [main] Tomcat initialized with port(s): 8080 (http)
2020-05-06 01:41:11,533 INFO org.apache.juli.logging.DirectJDKLog [main] Starting service [Tomcat]
2020-05-06 01:41:11,533 INFO org.apache.juli.logging.DirectJDKLog [main] Starting Servlet engine: [Apache Tomcat/9.0.33]
2020-05-06 01:41:11,682 INFO org.apache.juli.logging.DirectJDKLog [main] Initializing Spring embedded WebApplicationContext
2020-05-06 01:41:11,682 INFO org.springframework.boot.web.servlet.context.ServletWebServerApplicationContext [main] Root WebApplicationContext: initialization completed in 2123 ms
2020-05-06 01:41:11,891 INFO com.zaxxer.hikari.HikariDataSource [main] HikariPool-1 - Starting...
2020-05-06 01:41:32,209 INFO com.zaxxer.hikari.HikariDataSource [main] HikariPool-1 - Start completed.
2020-05-06 01:41:32,258 INFO org.hibernate.jpa.internal.util.LogHelper [main] HHH000204: Processing PersistenceUnitInfo [name: default]
2020-05-06 01:41:32,353 INFO org.hibernate.Version [main] HHH000412: Hibernate ORM core version 5.4.12.Final
2020-05-06 01:41:32,528 INFO org.hibernate.annotations.common.reflection.java.JavaReflectionManager [main] HCANN000001: Hibernate Commons Annotations {5.1.0.Final}
2020-05-06 01:41:32,710 INFO org.hibernate.dialect.Dialect [main] HHH000400: Using dialect: org.hibernate.dialect.PostgreSQL10Dialect
2020-05-06 01:41:33,482 INFO org.hibernate.engine.transaction.jta.platform.internal.JtaPlatformInitiator [main] HHH000490: Using JtaPlatform implementation: [org.hibernate.engine.transaction.jta.platform.internal.NoJtaPlatform]
2020-05-06 01:41:33,491 INFO org.springframework.orm.jpa.AbstractEntityManagerFactoryBean [main] Initialized JPA EntityManagerFactory for persistence unit 'default'
2020-05-06 01:41:33,626 WARN org.springframework.boot.autoconfigure.orm.jpa.JpaBaseConfiguration$JpaWebConfiguration [main] spring.jpa.open-in-view is enabled by default. Therefore, database queries may be performed during view rendering. Explicitly configure spring.jpa.open-in-view to disable this warning
2020-05-06 01:41:33,798 INFO org.springframework.scheduling.concurrent.ExecutorConfigurationSupport [main] Initializing ExecutorService 'applicationTaskExecutor'
2020-05-06 01:41:34,097 INFO org.springframework.boot.web.embedded.tomcat.TomcatWebServer [main] Tomcat started on port(s): 8080 (http) with context path ''
2020-05-06 01:41:34,102 INFO org.springframework.boot.StartupInfoLogger [main] Started Main in 105.603 seconds (JVM running for 106.415)
2020-05-06 01:51:28,136 INFO org.apache.juli.logging.DirectJDKLog [http-nio-8080-exec-1] Initializing Spring DispatcherServlet 'dispatcherServlet'
2020-05-06 01:51:28,138 INFO org.springframework.web.servlet.FrameworkServlet [http-nio-8080-exec-1] Initializing Servlet 'dispatcherServlet'
2020-05-06 01:51:28,154 INFO org.springframework.web.servlet.FrameworkServlet [http-nio-8080-exec-1] Completed initialization in 15 ms
2020-05-06 01:51:28,342 INFO com.example.vavaplanit.Api.UserController [http-nio-8080-exec-1] Getting user by his user name and user password
2020-05-06 01:51:28,376 INFO com.example.vavaplanit.Api.UserController [http-nio-8080-exec-1] User successfully logged in
2020-05-06 01:51:28,738 INFO com.example.vavaplanit.Api.EventController [http-nio-8080-exec-2] Getting events to alert by user's id: 1
2020-05-06 01:51:28,757 INFO com.example.vavaplanit.Api.EventController [http-nio-8080-exec-3] Getting events by user's id: 1, year: 2020 and month: 5
2020-05-06 01:51:28,772 INFO com.example.vavaplanit.Api.EventController [http-nio-8080-exec-2] Returning events to alert.
2020-05-06 01:51:28,775 INFO com.example.vavaplanit.Api.EventController [http-nio-8080-exec-3] Events successfully found. Returning events.
2020-05-06 01:51:38,956 INFO com.example.vavaplanit.Api.EventController [http-nio-8080-exec-4] Inserting new Event. Title: a
2020-05-06 01:51:38,988 INFO com.example.vavaplanit.Api.EventController [http-nio-8080-exec-4] Event successfully inserted. It's ID is: 128
2020-05-06 01:51:39,009 INFO com.example.vavaplanit.Api.EventController [http-nio-8080-exec-5] Getting events by user's id: 1, year: 2020 and month: 5
2020-05-06 01:51:39,012 INFO com.example.vavaplanit.Api.EventController [http-nio-8080-exec-5] Events successfully found. Returning events.
2020-05-06 01:51:44,382 INFO com.example.vavaplanit.Api.EventController [http-nio-8080-exec-6] Inserting new Event. Title: a
2020-05-06 01:51:44,389 INFO com.example.vavaplanit.Api.EventController [http-nio-8080-exec-6] Event successfully inserted. It's ID is: 129
2020-05-06 01:51:44,405 INFO com.example.vavaplanit.Api.EventController [http-nio-8080-exec-7] Getting events by user's id: 1, year: 2020 and month: 5
2020-05-06 01:51:44,410 INFO com.example.vavaplanit.Api.EventController [http-nio-8080-exec-7] Events successfully found. Returning events.
2020-05-06 01:51:49,002 INFO com.example.vavaplanit.Api.EventController [http-nio-8080-exec-8] Getting event by user's: and event's id
2020-05-06 01:51:49,004 INFO com.example.vavaplanit.Api.EventController [http-nio-8080-exec-8] Event successfully found. Returning event.
2020-05-06 01:52:00,445 INFO com.example.vavaplanit.Api.EventController [http-nio-8080-exec-9] Inserting new Event. Title: a
2020-05-06 01:52:00,456 INFO com.example.vavaplanit.Api.EventController [http-nio-8080-exec-9] Event successfully inserted. It's ID is: 130
2020-05-06 01:52:00,489 INFO com.example.vavaplanit.Api.EventController [http-nio-8080-exec-10] Getting events by user's id: 1, year: 2020 and month: 5
2020-05-06 01:52:00,494 INFO com.example.vavaplanit.Api.EventController [http-nio-8080-exec-10] Events successfully found. Returning events.
2020-05-06 01:52:00,814 INFO com.example.vavaplanit.Api.EventController [http-nio-8080-exec-1] Getting events to alert by user's id: 1
2020-05-06 01:52:00,818 INFO com.example.vavaplanit.Api.EventController [http-nio-8080-exec-1] Returning events to alert.
2020-05-06 01:52:05,203 INFO com.example.vavaplanit.Api.EventController [http-nio-8080-exec-2] Inserting new Event. Title: a
2020-05-06 01:52:05,217 INFO com.example.vavaplanit.Api.EventController [http-nio-8080-exec-2] Event successfully inserted. It's ID is: 131
2020-05-06 01:52:05,231 INFO com.example.vavaplanit.Api.EventController [http-nio-8080-exec-3] Getting events by user's id: 1, year: 2020 and month: 5
2020-05-06 01:52:05,240 INFO com.example.vavaplanit.Api.EventController [http-nio-8080-exec-3] Events successfully found. Returning events.
2020-05-06 01:52:11,828 INFO com.example.vavaplanit.Api.EventController [http-nio-8080-exec-4] Inserting new Event. Title: a
2020-05-06 01:52:11,836 INFO com.example.vavaplanit.Api.EventController [http-nio-8080-exec-4] Event successfully inserted. It's ID is: 132
2020-05-06 01:52:11,859 INFO com.example.vavaplanit.Api.EventController [http-nio-8080-exec-5] Getting events by user's id: 1, year: 2020 and month: 5
2020-05-06 01:52:11,865 INFO com.example.vavaplanit.Api.EventController [http-nio-8080-exec-5] Events successfully found. Returning events.
2020-05-06 01:52:23,898 INFO com.example.vavaplanit.Api.EventController [http-nio-8080-exec-6] Getting event by user's: and event's id
2020-05-06 01:52:23,900 INFO com.example.vavaplanit.Api.EventController [http-nio-8080-exec-6] Event successfully found. Returning event.
2020-05-06 01:52:27,740 INFO com.example.vavaplanit.Api.EventController [http-nio-8080-exec-7] Deleting event. Event's ID: 131
2020-05-06 01:52:27,744 INFO com.example.vavaplanit.Api.EventController [http-nio-8080-exec-7] Event successfully deleted.
2020-05-06 01:52:27,768 INFO com.example.vavaplanit.Api.EventController [http-nio-8080-exec-8] Getting events by user's id: 1, year: 2020 and month: 5
2020-05-06 01:52:27,772 INFO com.example.vavaplanit.Api.EventController [http-nio-8080-exec-8] Events successfully found. Returning events.
2020-05-06 01:52:29,598 INFO com.example.vavaplanit.Api.EventController [http-nio-8080-exec-9] Getting event by user's: and event's id
2020-05-06 01:52:29,600 INFO com.example.vavaplanit.Api.EventController [http-nio-8080-exec-9] Event successfully found. Returning event.
2020-05-06 01:52:34,139 INFO com.example.vavaplanit.Api.EventController [http-nio-8080-exec-1] Deleting event. Event's ID: 132
2020-05-06 01:52:34,143 INFO com.example.vavaplanit.Api.EventController [http-nio-8080-exec-1] Event successfully deleted.
2020-05-06 01:52:34,159 INFO com.example.vavaplanit.Api.EventController [http-nio-8080-exec-2] Getting events by user's id: 1, year: 2020 and month: 5
2020-05-06 01:52:34,163 INFO com.example.vavaplanit.Api.EventController [http-nio-8080-exec-2] Events successfully found. Returning events.
2020-05-06 01:52:36,339 INFO com.example.vavaplanit.Api.EventController [http-nio-8080-exec-3] Getting event by user's: and event's id
2020-05-06 01:52:36,342 INFO com.example.vavaplanit.Api.EventController [http-nio-8080-exec-3] Event successfully found. Returning event.
2020-05-06 01:52:39,877 INFO com.example.vavaplanit.Api.EventController [http-nio-8080-exec-4] Deleting event. Event's ID: 130
2020-05-06 01:52:39,881 INFO com.example.vavaplanit.Api.EventController [http-nio-8080-exec-4] Event successfully deleted.
2020-05-06 01:52:39,896 INFO com.example.vavaplanit.Api.EventController [http-nio-8080-exec-5] Getting events by user's id: 1, year: 2020 and month: 5
2020-05-06 01:52:39,900 INFO com.example.vavaplanit.Api.EventController [http-nio-8080-exec-5] Events successfully found. Returning events.
2020-05-06 01:52:41,713 INFO com.example.vavaplanit.Api.EventController [http-nio-8080-exec-6] Getting event by user's: and event's id
2020-05-06 01:52:41,716 INFO com.example.vavaplanit.Api.EventController [http-nio-8080-exec-6] Event successfully found. Returning event.
2020-05-06 01:52:44,253 INFO com.example.vavaplanit.Api.EventController [http-nio-8080-exec-7] Deleting event. Event's ID: 128
2020-05-06 01:52:44,256 INFO com.example.vavaplanit.Api.EventController [http-nio-8080-exec-7] Event successfully deleted.
2020-05-06 01:52:44,271 INFO com.example.vavaplanit.Api.EventController [http-nio-8080-exec-8] Getting events by user's id: 1, year: 2020 and month: 5
2020-05-06 01:52:44,275 INFO com.example.vavaplanit.Api.EventController [http-nio-8080-exec-8] Events successfully found. Returning events.
2020-05-06 01:52:45,898 INFO com.example.vavaplanit.Api.EventController [http-nio-8080-exec-9] Getting event by user's: and event's id
2020-05-06 01:52:45,901 INFO com.example.vavaplanit.Api.EventController [http-nio-8080-exec-9] Event successfully found. Returning event.
2020-05-06 01:52:48,745 INFO com.example.vavaplanit.Api.EventController [http-nio-8080-exec-10] Deleting event. Event's ID: 129
2020-05-06 01:52:48,749 INFO com.example.vavaplanit.Api.EventController [http-nio-8080-exec-10] Event successfully deleted.
2020-05-06 01:52:48,768 INFO com.example.vavaplanit.Api.EventController [http-nio-8080-exec-1] Getting events by user's id: 1, year: 2020 and month: 5
2020-05-06 01:52:48,772 INFO com.example.vavaplanit.Api.EventController [http-nio-8080-exec-1] Events successfully found. Returning events.
2020-05-06 01:53:00,832 INFO com.example.vavaplanit.Api.EventController [http-nio-8080-exec-2] Getting events to alert by user's id: 1
2020-05-06 01:53:00,835 INFO com.example.vavaplanit.Api.EventController [http-nio-8080-exec-2] Returning events to alert.
2020-05-06 01:53:06,444 INFO com.example.vavaplanit.Api.EventController [http-nio-8080-exec-3] Getting event by user's: and event's id
2020-05-06 01:53:06,446 INFO com.example.vavaplanit.Api.EventController [http-nio-8080-exec-3] Event successfully found. Returning event.
2020-05-06 01:54:37,381 INFO com.example.vavaplanit.Api.UserController [http-nio-8080-exec-5] Getting user by his user name and user password
2020-05-06 01:54:37,386 INFO com.example.vavaplanit.Api.UserController [http-nio-8080-exec-5] User successfully logged in
2020-05-06 01:54:37,659 INFO com.example.vavaplanit.Api.EventController [http-nio-8080-exec-6] Getting events to alert by user's id: 1
2020-05-06 01:54:37,661 INFO com.example.vavaplanit.Api.EventController [http-nio-8080-exec-6] Returning events to alert.
2020-05-06 01:54:37,676 INFO com.example.vavaplanit.Api.EventController [http-nio-8080-exec-7] Getting events by user's id: 1, year: 2020 and month: 5
2020-05-06 01:54:37,679 INFO com.example.vavaplanit.Api.EventController [http-nio-8080-exec-7] Events successfully found. Returning events.
2020-05-06 01:55:00,700 INFO com.example.vavaplanit.Api.EventController [http-nio-8080-exec-8] Getting events to alert by user's id: 1
2020-05-06 01:55:00,705 INFO com.example.vavaplanit.Api.EventController [http-nio-8080-exec-8] Returning events to alert.
2020-05-06 01:55:12,704 INFO com.example.vavaplanit.Api.EventController [http-nio-8080-exec-9] Getting events by user's id: 1, year: 2021 and month: 5
2020-05-06 01:55:12,706 ERROR com.example.vavaplanit.Api.EventController [http-nio-8080-exec-9] Error. Events not found, 500 INTERNAL_SERVER_ERROR
2020-05-06 01:55:34,585 INFO com.example.vavaplanit.Api.EventController [http-nio-8080-exec-10] Getting events by user's id: 1, year: 2020 and month: 5
2020-05-06 01:55:34,590 INFO com.example.vavaplanit.Api.EventController [http-nio-8080-exec-10] Events successfully found. Returning events.
2020-05-06 01:55:34,658 INFO com.example.vavaplanit.Api.EventController [http-nio-8080-exec-1] Getting events by user's id: 1, year: 2019 and month: 5
2020-05-06 01:55:34,661 ERROR com.example.vavaplanit.Api.EventController [http-nio-8080-exec-1] Error. Events not found, 500 INTERNAL_SERVER_ERROR
2020-05-06 01:55:34,721 INFO com.example.vavaplanit.Api.EventController [http-nio-8080-exec-2] Getting events by user's id: 1, year: 2018 and month: 5
2020-05-06 01:55:34,723 ERROR com.example.vavaplanit.Api.EventController [http-nio-8080-exec-2] Error. Events not found, 500 INTERNAL_SERVER_ERROR
2020-05-06 01:55:34,774 INFO com.example.vavaplanit.Api.EventController [http-nio-8080-exec-3] Getting events by user's id: 1, year: 2017 and month: 5
2020-05-06 01:55:34,777 ERROR com.example.vavaplanit.Api.EventController [http-nio-8080-exec-3] Error. Events not found, 500 INTERNAL_SERVER_ERROR
2020-05-06 01:55:36,787 INFO com.example.vavaplanit.Api.EventController [http-nio-8080-exec-4] Getting events by user's id: 1, year: 2018 and month: 5
2020-05-06 01:55:36,790 ERROR com.example.vavaplanit.Api.EventController [http-nio-8080-exec-4] Error. Events not found, 500 INTERNAL_SERVER_ERROR
2020-05-06 01:55:37,817 INFO com.example.vavaplanit.Api.EventController [http-nio-8080-exec-5] Getting events by user's id: 1, year: 2019 and month: 5
2020-05-06 01:55:37,819 ERROR com.example.vavaplanit.Api.EventController [http-nio-8080-exec-5] Error. Events not found, 500 INTERNAL_SERVER_ERROR
2020-05-06 01:55:38,842 INFO com.example.vavaplanit.Api.EventController [http-nio-8080-exec-6] Getting events by user's id: 1, year: 2020 and month: 5
2020-05-06 01:55:38,845 INFO com.example.vavaplanit.Api.EventController [http-nio-8080-exec-6] Events successfully found. Returning events.
2020-05-06 01:55:43,415 INFO com.example.vavaplanit.Api.EventController [http-nio-8080-exec-7] Inserting new Event. Title: a
2020-05-06 01:55:43,423 INFO com.example.vavaplanit.Api.EventController [http-nio-8080-exec-7] Event successfully inserted. It's ID is: 133
2020-05-06 01:55:43,436 INFO com.example.vavaplanit.Api.EventController [http-nio-8080-exec-8] Getting events by user's id: 1, year: 2020 and month: 5
2020-05-06 01:55:43,439 INFO com.example.vavaplanit.Api.EventController [http-nio-8080-exec-8] Events successfully found. Returning events.
2020-05-06 01:55:45,003 INFO com.example.vavaplanit.Api.EventController [http-nio-8080-exec-9] Getting event by user's: and event's id
2020-05-06 01:55:45,006 INFO com.example.vavaplanit.Api.EventController [http-nio-8080-exec-9] Event successfully found. Returning event.
2020-05-06 01:55:51,985 INFO com.example.vavaplanit.Api.EventController [http-nio-8080-exec-10] Inserting new Event. Title: a
2020-05-06 01:55:52,045 INFO com.example.vavaplanit.Api.EventController [http-nio-8080-exec-10] Event successfully inserted. It's ID is: 134
2020-05-06 01:55:52,057 INFO com.example.vavaplanit.Api.EventController [http-nio-8080-exec-1] Getting events by user's id: 1, year: 2020 and month: 5
2020-05-06 01:55:52,061 INFO com.example.vavaplanit.Api.EventController [http-nio-8080-exec-1] Events successfully found. Returning events.
2020-05-06 01:55:57,481 INFO com.example.vavaplanit.Api.EventController [http-nio-8080-exec-2] Inserting new Event. Title: a
2020-05-06 01:55:57,490 INFO com.example.vavaplanit.Api.EventController [http-nio-8080-exec-2] Event successfully inserted. It's ID is: 135
2020-05-06 01:55:57,512 INFO com.example.vavaplanit.Api.EventController [http-nio-8080-exec-3] Getting events by user's id: 1, year: 2020 and month: 5
2020-05-06 01:55:57,518 INFO com.example.vavaplanit.Api.EventController [http-nio-8080-exec-3] Events successfully found. Returning events.
2020-05-06 01:56:00,721 INFO com.example.vavaplanit.Api.EventController [http-nio-8080-exec-4] Getting events to alert by user's id: 1
2020-05-06 01:56:00,725 INFO com.example.vavaplanit.Api.EventController [http-nio-8080-exec-4] Returning events to alert.
2020-05-06 01:56:09,750 INFO com.example.vavaplanit.Api.EventController [http-nio-8080-exec-5] Inserting new Event. Title: a
2020-05-06 01:56:09,756 INFO com.example.vavaplanit.Api.EventController [http-nio-8080-exec-5] Event successfully inserted. It's ID is: 136
2020-05-06 01:56:09,767 INFO com.example.vavaplanit.Api.EventController [http-nio-8080-exec-6] Getting events by user's id: 1, year: 2020 and month: 5
2020-05-06 01:56:09,771 INFO com.example.vavaplanit.Api.EventController [http-nio-8080-exec-6] Events successfully found. Returning events.
2020-05-06 01:56:14,128 INFO com.example.vavaplanit.Api.EventController [http-nio-8080-exec-7] Inserting new Event. Title: a
2020-05-06 01:56:14,136 INFO com.example.vavaplanit.Api.EventController [http-nio-8080-exec-7] Event successfully inserted. It's ID is: 137
2020-05-06 01:56:14,159 INFO com.example.vavaplanit.Api.EventController [http-nio-8080-exec-8] Getting events by user's id: 1, year: 2020 and month: 5
2020-05-06 01:56:14,166 INFO com.example.vavaplanit.Api.EventController [http-nio-8080-exec-8] Events successfully found. Returning events.
2020-05-06 01:56:22,339 INFO com.example.vavaplanit.Api.EventController [http-nio-8080-exec-9] Inserting new Event. Title: a
2020-05-06 01:56:22,345 INFO com.example.vavaplanit.Api.EventController [http-nio-8080-exec-9] Event successfully inserted. It's ID is: 138
2020-05-06 01:56:22,357 INFO com.example.vavaplanit.Api.EventController [http-nio-8080-exec-10] Getting events by user's id: 1, year: 2020 and month: 5
2020-05-06 01:56:22,361 INFO com.example.vavaplanit.Api.EventController [http-nio-8080-exec-10] Events successfully found. Returning events.
2020-05-06 01:56:40,308 INFO com.example.vavaplanit.Api.EventController [http-nio-8080-exec-1] Getting event by user's: and event's id
2020-05-06 01:56:40,311 INFO com.example.vavaplanit.Api.EventController [http-nio-8080-exec-1] Event successfully found. Returning event.
2020-05-06 01:56:43,743 INFO com.example.vavaplanit.Api.EventController [http-nio-8080-exec-2] Deleting event. Event's ID: 135
2020-05-06 01:56:43,746 INFO com.example.vavaplanit.Api.EventController [http-nio-8080-exec-2] Event successfully deleted.
2020-05-06 01:56:43,766 INFO com.example.vavaplanit.Api.EventController [http-nio-8080-exec-3] Getting events by user's id: 1, year: 2020 and month: 5
2020-05-06 01:56:43,770 INFO com.example.vavaplanit.Api.EventController [http-nio-8080-exec-3] Events successfully found. Returning events.
2020-05-06 01:56:45,463 INFO com.example.vavaplanit.Api.EventController [http-nio-8080-exec-4] Getting event by user's: and event's id
2020-05-06 01:56:45,467 INFO com.example.vavaplanit.Api.EventController [http-nio-8080-exec-4] Event successfully found. Returning event.
2020-05-06 01:56:47,941 INFO com.example.vavaplanit.Api.EventController [http-nio-8080-exec-5] Deleting event. Event's ID: 136
2020-05-06 01:56:47,943 INFO com.example.vavaplanit.Api.EventController [http-nio-8080-exec-5] Event successfully deleted.
2020-05-06 01:56:47,961 INFO com.example.vavaplanit.Api.EventController [http-nio-8080-exec-6] Getting events by user's id: 1, year: 2020 and month: 5
2020-05-06 01:56:47,964 INFO com.example.vavaplanit.Api.EventController [http-nio-8080-exec-6] Events successfully found. Returning events.
2020-05-06 01:56:49,600 INFO com.example.vavaplanit.Api.EventController [http-nio-8080-exec-7] Getting event by user's: and event's id
2020-05-06 01:56:49,602 INFO com.example.vavaplanit.Api.EventController [http-nio-8080-exec-7] Event successfully found. Returning event.
2020-05-06 01:56:52,599 INFO com.example.vavaplanit.Api.EventController [http-nio-8080-exec-8] Deleting event. Event's ID: 134
2020-05-06 01:56:52,602 INFO com.example.vavaplanit.Api.EventController [http-nio-8080-exec-8] Event successfully deleted.
2020-05-06 01:56:52,618 INFO com.example.vavaplanit.Api.EventController [http-nio-8080-exec-9] Getting events by user's id: 1, year: 2020 and month: 5
2020-05-06 01:56:52,621 INFO com.example.vavaplanit.Api.EventController [http-nio-8080-exec-9] Events successfully found. Returning events.
2020-05-06 01:56:54,558 INFO com.example.vavaplanit.Api.EventController [http-nio-8080-exec-10] Getting event by user's: and event's id
2020-05-06 01:56:54,560 INFO com.example.vavaplanit.Api.EventController [http-nio-8080-exec-10] Event successfully found. Returning event.
2020-05-06 01:56:57,141 INFO com.example.vavaplanit.Api.EventController [http-nio-8080-exec-1] Deleting event. Event's ID: 138
2020-05-06 01:56:57,144 INFO com.example.vavaplanit.Api.EventController [http-nio-8080-exec-1] Event successfully deleted.
2020-05-06 01:56:57,159 INFO com.example.vavaplanit.Api.EventController [http-nio-8080-exec-2] Getting events by user's id: 1, year: 2020 and month: 5
2020-05-06 01:56:57,164 INFO com.example.vavaplanit.Api.EventController [http-nio-8080-exec-2] Events successfully found. Returning events.
2020-05-06 01:57:00,737 INFO com.example.vavaplanit.Api.EventController [http-nio-8080-exec-3] Getting events to alert by user's id: 1
2020-05-06 01:57:00,740 INFO com.example.vavaplanit.Api.EventController [http-nio-8080-exec-3] Returning events to alert.
2020-05-06 01:58:20,761 INFO com.example.vavaplanit.Api.EventController [http-nio-8080-exec-5] Getting events to alert by user's id: 1
2020-05-06 01:58:20,766 INFO com.example.vavaplanit.Api.EventController [http-nio-8080-exec-5] Returning events to alert.
2020-05-06 01:59:00,779 INFO com.example.vavaplanit.Api.EventController [http-nio-8080-exec-6] Getting events to alert by user's id: 1
2020-05-06 01:59:00,782 INFO com.example.vavaplanit.Api.EventController [http-nio-8080-exec-6] Returning events to alert.
2020-05-06 02:00:20,799 INFO com.example.vavaplanit.Api.EventController [http-nio-8080-exec-8] Getting events to alert by user's id: 1
2020-05-06 02:00:20,804 INFO com.example.vavaplanit.Api.EventController [http-nio-8080-exec-8] Returning events to alert.
2020-05-06 02:01:00,822 INFO com.example.vavaplanit.Api.EventController [http-nio-8080-exec-9] Getting events to alert by user's id: 1
2020-05-06 02:01:00,826 INFO com.example.vavaplanit.Api.EventController [http-nio-8080-exec-9] Returning events to alert.
2020-05-06 02:02:20,855 INFO com.example.vavaplanit.Api.EventController [http-nio-8080-exec-1] Getting events to alert by user's id: 1
2020-05-06 02:02:20,861 INFO com.example.vavaplanit.Api.EventController [http-nio-8080-exec-1] Returning events to alert.
2020-05-06 02:03:00,876 INFO com.example.vavaplanit.Api.EventController [http-nio-8080-exec-2] Getting events to alert by user's id: 1
2020-05-06 02:03:00,879 INFO com.example.vavaplanit.Api.EventController [http-nio-8080-exec-2] Returning events to alert.
2020-05-06 02:04:16,635 INFO com.example.vavaplanit.Api.UserController [http-nio-8080-exec-4] Getting user by his user name and user password
2020-05-06 02:04:16,639 INFO com.example.vavaplanit.Api.UserController [http-nio-8080-exec-4] User successfully logged in
2020-05-06 02:04:17,037 INFO com.example.vavaplanit.Api.EventController [http-nio-8080-exec-5] Getting events to alert by user's id: 1
2020-05-06 02:04:17,039 INFO com.example.vavaplanit.Api.EventController [http-nio-8080-exec-5] Returning events to alert.
2020-05-06 02:04:17,063 INFO com.example.vavaplanit.Api.EventController [http-nio-8080-exec-6] Getting events by user's id: 1, year: 2020 and month: 5
2020-05-06 02:04:17,068 INFO com.example.vavaplanit.Api.EventController [http-nio-8080-exec-6] Events successfully found. Returning events.
2020-05-06 02:04:27,576 INFO com.example.vavaplanit.Api.EventController [http-nio-8080-exec-7] Inserting new Event. Title: a
2020-05-06 02:04:27,617 INFO com.example.vavaplanit.Api.EventController [http-nio-8080-exec-7] Event successfully inserted. It's ID is: 139
2020-05-06 02:04:27,631 INFO com.example.vavaplanit.Api.EventController [http-nio-8080-exec-8] Getting events by user's id: 1, year: 2020 and month: 5
2020-05-06 02:04:27,633 INFO com.example.vavaplanit.Api.EventController [http-nio-8080-exec-8] Events successfully found. Returning events.
2020-05-06 02:04:33,989 INFO com.example.vavaplanit.Api.EventController [http-nio-8080-exec-9] Inserting new Event. Title: a
2020-05-06 02:04:33,994 INFO com.example.vavaplanit.Api.EventController [http-nio-8080-exec-9] Event successfully inserted. It's ID is: 140
2020-05-06 02:04:34,008 INFO com.example.vavaplanit.Api.EventController [http-nio-8080-exec-10] Getting events by user's id: 1, year: 2020 and month: 5
2020-05-06 02:04:34,010 INFO com.example.vavaplanit.Api.EventController [http-nio-8080-exec-10] Events successfully found. Returning events.
2020-05-06 02:04:36,866 INFO com.example.vavaplanit.Api.EventController [http-nio-8080-exec-1] Getting event by user's: and event's id
2020-05-06 02:04:36,868 INFO com.example.vavaplanit.Api.EventController [http-nio-8080-exec-1] Event successfully found. Returning event.
2020-05-06 02:04:39,615 INFO com.example.vavaplanit.Api.EventController [http-nio-8080-exec-2] Deleting event. Event's ID: 140
2020-05-06 02:04:39,617 INFO com.example.vavaplanit.Api.EventController [http-nio-8080-exec-2] Event successfully deleted.
2020-05-06 02:04:39,635 INFO com.example.vavaplanit.Api.EventController [http-nio-8080-exec-3] Getting events by user's id: 1, year: 2020 and month: 5
2020-05-06 02:04:39,637 INFO com.example.vavaplanit.Api.EventController [http-nio-8080-exec-3] Events successfully found. Returning events.
2020-05-06 02:04:40,764 INFO com.example.vavaplanit.Api.EventController [http-nio-8080-exec-4] Getting event by user's: and event's id
2020-05-06 02:04:40,766 INFO com.example.vavaplanit.Api.EventController [http-nio-8080-exec-4] Event successfully found. Returning event.
2020-05-06 02:04:43,014 INFO com.example.vavaplanit.Api.EventController [http-nio-8080-exec-5] Deleting event. Event's ID: 133
2020-05-06 02:04:43,017 INFO com.example.vavaplanit.Api.EventController [http-nio-8080-exec-5] Event successfully deleted.
2020-05-06 02:04:43,068 INFO com.example.vavaplanit.Api.EventController [http-nio-8080-exec-6] Getting events by user's id: 1, year: 2020 and month: 5
2020-05-06 02:04:43,071 INFO com.example.vavaplanit.Api.EventController [http-nio-8080-exec-6] Events successfully found. Returning events.
2020-05-06 02:05:00,083 INFO com.example.vavaplanit.Api.EventController [http-nio-8080-exec-7] Getting events to alert by user's id: 1
2020-05-06 02:05:00,087 INFO com.example.vavaplanit.Api.EventController [http-nio-8080-exec-7] Returning events to alert.
2020-05-06 02:06:20,110 INFO com.example.vavaplanit.Api.EventController [http-nio-8080-exec-9] Getting events to alert by user's id: 1
2020-05-06 02:06:20,112 INFO com.example.vavaplanit.Api.EventController [http-nio-8080-exec-9] Returning events to alert.
2020-05-06 02:07:23,443 INFO com.example.vavaplanit.Api.UserController [http-nio-8080-exec-1] Getting user by his user name and user password
2020-05-06 02:07:23,446 INFO com.example.vavaplanit.Api.UserController [http-nio-8080-exec-1] User successfully logged in
2020-05-06 02:07:23,681 INFO com.example.vavaplanit.Api.EventController [http-nio-8080-exec-2] Getting events to alert by user's id: 1
2020-05-06 02:07:23,683 INFO com.example.vavaplanit.Api.EventController [http-nio-8080-exec-2] Returning events to alert.
2020-05-06 02:07:23,699 INFO com.example.vavaplanit.Api.EventController [http-nio-8080-exec-3] Getting events by user's id: 1, year: 2020 and month: 5
2020-05-06 02:07:23,701 INFO com.example.vavaplanit.Api.EventController [http-nio-8080-exec-3] Events successfully found. Returning events.
2020-05-06 02:07:30,203 INFO com.example.vavaplanit.Api.EventController [http-nio-8080-exec-4] Inserting new Event. Title: a
2020-05-06 02:07:30,206 INFO com.example.vavaplanit.Api.EventController [http-nio-8080-exec-4] Event successfully inserted. It's ID is: 141
2020-05-06 02:07:30,220 INFO com.example.vavaplanit.Api.EventController [http-nio-8080-exec-5] Getting events by user's id: 1, year: 2020 and month: 5
2020-05-06 02:07:30,222 INFO com.example.vavaplanit.Api.EventController [http-nio-8080-exec-5] Events successfully found. Returning events.
2020-05-06 02:07:35,188 INFO com.example.vavaplanit.Api.EventController [http-nio-8080-exec-6] Inserting new Event. Title: a
2020-05-06 02:07:35,207 INFO com.example.vavaplanit.Api.EventController [http-nio-8080-exec-6] Event successfully inserted. It's ID is: 142
2020-05-06 02:07:35,224 INFO com.example.vavaplanit.Api.EventController [http-nio-8080-exec-7] Getting events by user's id: 1, year: 2020 and month: 5
2020-05-06 02:07:35,227 INFO com.example.vavaplanit.Api.EventController [http-nio-8080-exec-7] Events successfully found. Returning events.
2020-05-06 02:07:44,132 INFO com.example.vavaplanit.Api.EventController [http-nio-8080-exec-8] Getting event by user's: and event's id
2020-05-06 02:07:44,134 INFO com.example.vavaplanit.Api.EventController [http-nio-8080-exec-8] Event successfully found. Returning event.
2020-05-06 02:07:46,580 INFO com.example.vavaplanit.Api.EventController [http-nio-8080-exec-9] Deleting event. Event's ID: 137
2020-05-06 02:07:46,582 INFO com.example.vavaplanit.Api.EventController [http-nio-8080-exec-9] Event successfully deleted.
2020-05-06 02:07:46,598 INFO com.example.vavaplanit.Api.EventController [http-nio-8080-exec-10] Getting events by user's id: 1, year: 2020 and month: 5
2020-05-06 02:07:46,601 INFO com.example.vavaplanit.Api.EventController [http-nio-8080-exec-10] Events successfully found. Returning events.
2020-05-06 02:07:47,526 INFO com.example.vavaplanit.Api.EventController [http-nio-8080-exec-1] Getting event by user's: and event's id
2020-05-06 02:07:47,528 INFO com.example.vavaplanit.Api.EventController [http-nio-8080-exec-1] Event successfully found. Returning event.
2020-05-06 02:07:50,258 INFO com.example.vavaplanit.Api.EventController [http-nio-8080-exec-2] Deleting event. Event's ID: 139
2020-05-06 02:07:50,261 INFO com.example.vavaplanit.Api.EventController [http-nio-8080-exec-2] Event successfully deleted.
2020-05-06 02:07:50,293 INFO com.example.vavaplanit.Api.EventController [http-nio-8080-exec-3] Getting events by user's id: 1, year: 2020 and month: 5
2020-05-06 02:07:50,295 INFO com.example.vavaplanit.Api.EventController [http-nio-8080-exec-3] Events successfully found. Returning events.
2020-05-06 02:08:00,714 INFO com.example.vavaplanit.Api.EventController [http-nio-8080-exec-4] Getting events to alert by user's id: 1
2020-05-06 02:08:00,720 INFO com.example.vavaplanit.Api.EventController [http-nio-8080-exec-4] Returning events to alert.
2020-05-06 02:50:20,152 WARN org.springframework.boot.StartupInfoLogger [main] InetAddress.getLocalHost().getHostName() took 20003 milliseconds to respond. Please verify your network configuration.
2020-05-06 02:50:40,166 INFO org.springframework.boot.StartupInfoLogger [main] Starting Main on DESKTOP-6TQNAQQ with PID 13536 (D:\skola\4.semester\VAVA\Projekt\PlanIt_Balekova_Budinsky\ServerProject\target\classes started by HP in D:\skola\4.semester\VAVA\Projekt\PlanIt_Balekova_Budinsky\ServerProject)
2020-05-06 02:50:40,169 INFO org.springframework.boot.SpringApplication [main] No active profile set, falling back to default profiles: default
2020-05-06 02:50:40,827 INFO org.springframework.data.repository.config.RepositoryConfigurationDelegate [main] Bootstrapping Spring Data JPA repositories in DEFAULT mode.
2020-05-06 02:50:40,855 INFO org.springframework.data.repository.config.RepositoryConfigurationDelegate [main] Finished Spring Data repository scanning in 16ms. Found 0 JPA repository interfaces.
2020-05-06 02:50:41,661 INFO org.springframework.boot.web.embedded.tomcat.TomcatWebServer [main] Tomcat initialized with port(s): 8080 (http)
2020-05-06 02:50:41,671 INFO org.apache.juli.logging.DirectJDKLog [main] Starting service [Tomcat]
2020-05-06 02:50:41,671 INFO org.apache.juli.logging.DirectJDKLog [main] Starting Servlet engine: [Apache Tomcat/9.0.33]
2020-05-06 02:50:41,766 INFO org.apache.juli.logging.DirectJDKLog [main] Initializing Spring embedded WebApplicationContext
2020-05-06 02:50:41,767 INFO org.springframework.boot.web.servlet.context.ServletWebServerApplicationContext [main] Root WebApplicationContext: initialization completed in 1515 ms
2020-05-06 02:50:41,945 INFO com.zaxxer.hikari.HikariDataSource [main] HikariPool-1 - Starting...
2020-05-06 02:51:02,145 INFO com.zaxxer.hikari.HikariDataSource [main] HikariPool-1 - Start completed.
2020-05-06 02:51:02,191 INFO org.hibernate.jpa.internal.util.LogHelper [main] HHH000204: Processing PersistenceUnitInfo [name: default]
2020-05-06 02:51:02,259 INFO org.hibernate.Version [main] HHH000412: Hibernate ORM core version 5.4.12.Final
2020-05-06 02:51:02,395 INFO org.hibernate.annotations.common.reflection.java.JavaReflectionManager [main] HCANN000001: Hibernate Commons Annotations {5.1.0.Final}
2020-05-06 02:51:02,515 INFO org.hibernate.dialect.Dialect [main] HHH000400: Using dialect: org.hibernate.dialect.PostgreSQL10Dialect
2020-05-06 02:51:02,949 INFO org.hibernate.engine.transaction.jta.platform.internal.JtaPlatformInitiator [main] HHH000490: Using JtaPlatform implementation: [org.hibernate.engine.transaction.jta.platform.internal.NoJtaPlatform]
2020-05-06 02:51:02,958 INFO org.springframework.orm.jpa.AbstractEntityManagerFactoryBean [main] Initialized JPA EntityManagerFactory for persistence unit 'default'
2020-05-06 02:51:03,062 WARN org.springframework.boot.autoconfigure.orm.jpa.JpaBaseConfiguration$JpaWebConfiguration [main] spring.jpa.open-in-view is enabled by default. Therefore, database queries may be performed during view rendering. Explicitly configure spring.jpa.open-in-view to disable this warning
2020-05-06 02:51:03,217 INFO org.springframework.scheduling.concurrent.ExecutorConfigurationSupport [main] Initializing ExecutorService 'applicationTaskExecutor'
2020-05-06 02:51:03,464 INFO org.springframework.boot.web.embedded.tomcat.TomcatWebServer [main] Tomcat started on port(s): 8080 (http) with context path ''
2020-05-06 02:51:03,467 INFO org.springframework.boot.StartupInfoLogger [main] Started Main in 103.982 seconds (JVM running for 105.15)
2020-05-06 02:59:45,413 INFO org.apache.juli.logging.DirectJDKLog [http-nio-8080-exec-1] Initializing Spring DispatcherServlet 'dispatcherServlet'
2020-05-06 02:59:45,415 INFO org.springframework.web.servlet.FrameworkServlet [http-nio-8080-exec-1] Initializing Servlet 'dispatcherServlet'
2020-05-06 02:59:45,424 INFO org.springframework.web.servlet.FrameworkServlet [http-nio-8080-exec-1] Completed initialization in 9 ms
2020-05-06 02:59:45,511 INFO com.example.vavaplanit.Api.UserController [http-nio-8080-exec-1] Getting user by his user name and user password
2020-05-06 02:59:45,526 INFO com.example.vavaplanit.Api.UserController [http-nio-8080-exec-1] User successfully logged in
2020-05-06 02:59:45,821 INFO com.example.vavaplanit.Api.EventController [http-nio-8080-exec-2] Getting events to alert by user's id: 1
2020-05-06 02:59:45,836 INFO com.example.vavaplanit.Api.EventController [http-nio-8080-exec-3] Getting events by user's id: 1, year: 2020 and month: 5
2020-05-06 02:59:45,842 INFO com.example.vavaplanit.Api.EventController [http-nio-8080-exec-2] Returning events to alert.
2020-05-06 02:59:45,852 INFO com.example.vavaplanit.Api.EventController [http-nio-8080-exec-3] Events successfully found. Returning events.
2020-05-06 02:59:54,284 INFO com.example.vavaplanit.Api.EventController [http-nio-8080-exec-5] Getting event by user's: and event's id
2020-05-06 02:59:54,286 INFO com.example.vavaplanit.Api.EventController [http-nio-8080-exec-5] Event successfully found. Returning event.
2020-05-06 03:00:00,889 INFO com.example.vavaplanit.Api.EventController [http-nio-8080-exec-4] Getting events to alert by user's id: 1
2020-05-06 03:00:00,891 INFO com.example.vavaplanit.Api.EventController [http-nio-8080-exec-4] Returning events to alert.
2020-05-06 03:00:09,158 INFO com.example.vavaplanit.Api.EventController [http-nio-8080-exec-6] Updating event. Event's ID: 126
2020-05-06 03:00:09,159 INFO com.example.vavaplanit.Api.EventController [http-nio-8080-exec-6] Event successfully updated.
2020-05-06 03:00:09,180 INFO com.example.vavaplanit.Api.EventController [http-nio-8080-exec-9] Getting events by user's id: 1, year: 2020 and month: 5
2020-05-06 03:00:09,183 INFO com.example.vavaplanit.Api.EventController [http-nio-8080-exec-9] Events successfully found. Returning events.
2020-05-06 03:01:00,910 INFO com.example.vavaplanit.Api.EventController [http-nio-8080-exec-10] Getting events to alert by user's id: 1
2020-05-06 03:01:00,914 INFO com.example.vavaplanit.Api.EventController [http-nio-8080-exec-10] Returning events to alert.
2020-05-06 03:04:17,621 INFO com.example.vavaplanit.Api.UserController [http-nio-8080-exec-1] Getting user by his user name and user password
2020-05-06 03:04:17,623 INFO com.example.vavaplanit.Api.UserController [http-nio-8080-exec-1] User successfully logged in
2020-05-06 03:04:17,798 INFO com.example.vavaplanit.Api.EventController [http-nio-8080-exec-2] Getting events to alert by user's id: 1
2020-05-06 03:04:17,800 INFO com.example.vavaplanit.Api.EventController [http-nio-8080-exec-2] Returning events to alert.
2020-05-06 03:04:17,814 INFO com.example.vavaplanit.Api.EventController [http-nio-8080-exec-3] Getting events by user's id: 1, year: 2020 and month: 5
2020-05-06 03:04:17,818 INFO com.example.vavaplanit.Api.EventController [http-nio-8080-exec-3] Events successfully found. Returning events.
2020-05-06 03:04:20,825 INFO com.example.vavaplanit.Api.EventController [http-nio-8080-exec-5] Getting event by user's: and event's id
2020-05-06 03:04:20,826 INFO com.example.vavaplanit.Api.EventController [http-nio-8080-exec-5] Event successfully found. Returning event.
2020-05-06 03:04:26,454 INFO com.example.vavaplanit.Api.EventController [http-nio-8080-exec-4] Getting event by user's: and event's id
2020-05-06 03:04:26,455 INFO com.example.vavaplanit.Api.EventController [http-nio-8080-exec-4] Event successfully found. Returning event.
2020-05-06 03:04:31,023 INFO com.example.vavaplanit.Api.EventController [http-nio-8080-exec-6] Updating event. Event's ID: 126
2020-05-06 03:04:31,025 INFO com.example.vavaplanit.Api.EventController [http-nio-8080-exec-6] Event successfully updated.
2020-05-06 03:04:31,071 INFO com.example.vavaplanit.Api.EventController [http-nio-8080-exec-9] Getting events by user's id: 1, year: 2020 and month: 5
2020-05-06 03:04:31,074 INFO com.example.vavaplanit.Api.EventController [http-nio-8080-exec-9] Events successfully found. Returning events.
2020-05-06 03:05:00,831 INFO com.example.vavaplanit.Api.EventController [http-nio-8080-exec-7] Getting events to alert by user's id: 1
2020-05-06 03:05:00,833 INFO com.example.vavaplanit.Api.EventController [http-nio-8080-exec-7] Returning events to alert.
2020-05-06 03:06:20,848 INFO com.example.vavaplanit.Api.EventController [http-nio-8080-exec-8] Getting events to alert by user's id: 1
2020-05-06 03:06:20,852 INFO com.example.vavaplanit.Api.EventController [http-nio-8080-exec-8] Returning events to alert.
2020-05-06 03:08:10,834 INFO com.example.vavaplanit.Api.UserController [http-nio-8080-exec-2] Getting user by his user name and user password
2020-05-06 03:08:10,836 INFO com.example.vavaplanit.Api.UserController [http-nio-8080-exec-2] User successfully logged in
2020-05-06 03:08:11,182 INFO com.example.vavaplanit.Api.EventController [http-nio-8080-exec-3] Getting events to alert by user's id: 1
2020-05-06 03:08:11,185 INFO com.example.vavaplanit.Api.EventController [http-nio-8080-exec-3] Returning events to alert.
2020-05-06 03:08:11,219 INFO com.example.vavaplanit.Api.EventController [http-nio-8080-exec-5] Getting events by user's id: 1, year: 2020 and month: 5
2020-05-06 03:08:11,230 INFO com.example.vavaplanit.Api.EventController [http-nio-8080-exec-5] Events successfully found. Returning events.
2020-05-06 03:08:21,168 INFO com.example.vavaplanit.Api.EventController [http-nio-8080-exec-4] Getting event by user's: and event's id
2020-05-06 03:08:21,170 INFO com.example.vavaplanit.Api.EventController [http-nio-8080-exec-4] Event successfully found. Returning event.
2020-05-06 03:08:25,956 INFO com.example.vavaplanit.Api.EventController [http-nio-8080-exec-6] Updating event. Event's ID: 126
2020-05-06 03:08:25,958 INFO com.example.vavaplanit.Api.EventController [http-nio-8080-exec-6] Event successfully updated.
2020-05-06 03:08:25,975 INFO com.example.vavaplanit.Api.EventController [http-nio-8080-exec-9] Getting events by user's id: 1, year: 2020 and month: 5
2020-05-06 03:08:25,979 INFO com.example.vavaplanit.Api.EventController [http-nio-8080-exec-9] Events successfully found. Returning events.
2020-05-06 03:08:55,427 INFO com.example.vavaplanit.Api.EventController [http-nio-8080-exec-7] Getting event by user's: and event's id
2020-05-06 03:08:55,429 INFO com.example.vavaplanit.Api.EventController [http-nio-8080-exec-7] Event successfully found. Returning event.
2020-05-06 03:09:00,236 INFO com.example.vavaplanit.Api.EventController [http-nio-8080-exec-10] Getting events to alert by user's id: 1
2020-05-06 03:09:00,239 INFO com.example.vavaplanit.Api.EventController [http-nio-8080-exec-10] Returning events to alert.
2020-05-06 03:09:07,528 INFO com.example.vavaplanit.Api.EventController [http-nio-8080-exec-8] Getting event by user's: and event's id
2020-05-06 03:09:07,532 INFO com.example.vavaplanit.Api.EventController [http-nio-8080-exec-8] Event successfully found. Returning event.
2020-05-06 19:58:14,933 INFO org.springframework.boot.StartupInfoLogger [main] Starting Main on LAPTOP-4TR8P52F with PID 17340 (C:\Users\ivana\IdeaProjects\VaVa-Projekt\PlanIt_Balekova_Budinsky\ServerProject\target\classes started by ivana in C:\Users\ivana\IdeaProjects\VaVa-Projekt\PlanIt_Balekova_Budinsky\ServerProject)
2020-05-06 19:58:14,933 INFO org.springframework.boot.SpringApplication [main] No active profile set, falling back to default profiles: default
2020-05-06 19:58:15,542 INFO org.springframework.data.repository.config.RepositoryConfigurationDelegate [main] Bootstrapping Spring Data JPA repositories in DEFAULT mode.
2020-05-06 19:58:15,558 INFO org.springframework.data.repository.config.RepositoryConfigurationDelegate [main] Finished Spring Data repository scanning in 14ms. Found 0 JPA repository interfaces.
2020-05-06 19:58:15,980 INFO org.springframework.boot.web.embedded.tomcat.TomcatWebServer [main] Tomcat initialized with port(s): 8080 (http)
2020-05-06 19:58:15,980 INFO org.apache.juli.logging.DirectJDKLog [main] Starting service [Tomcat]
2020-05-06 19:58:15,980 INFO org.apache.juli.logging.DirectJDKLog [main] Starting Servlet engine: [Apache Tomcat/9.0.33]
2020-05-06 19:58:16,105 INFO org.apache.juli.logging.DirectJDKLog [main] Initializing Spring embedded WebApplicationContext
2020-05-06 19:58:16,105 INFO org.springframework.boot.web.servlet.context.ServletWebServerApplicationContext [main] Root WebApplicationContext: initialization completed in 1125 ms
2020-05-06 19:58:16,199 INFO com.zaxxer.hikari.HikariDataSource [main] HikariPool-1 - Starting...
2020-05-06 19:58:16,308 INFO com.zaxxer.hikari.HikariDataSource [main] HikariPool-1 - Start completed.
2020-05-06 19:58:16,355 INFO org.hibernate.jpa.internal.util.LogHelper [main] HHH000204: Processing PersistenceUnitInfo [name: default]
2020-05-06 19:58:16,448 INFO org.hibernate.Version [main] HHH000412: Hibernate ORM core version 5.4.12.Final
2020-05-06 19:58:16,605 INFO org.hibernate.annotations.common.reflection.java.JavaReflectionManager [main] HCANN000001: Hibernate Commons Annotations {5.1.0.Final}
2020-05-06 19:58:16,730 INFO org.hibernate.dialect.Dialect [main] HHH000400: Using dialect: org.hibernate.dialect.PostgreSQL10Dialect
2020-05-06 19:58:17,183 INFO org.hibernate.engine.transaction.jta.platform.internal.JtaPlatformInitiator [main] HHH000490: Using JtaPlatform implementation: [org.hibernate.engine.transaction.jta.platform.internal.NoJtaPlatform]
2020-05-06 19:58:17,183 INFO org.springframework.orm.jpa.AbstractEntityManagerFactoryBean [main] Initialized JPA EntityManagerFactory for persistence unit 'default'
2020-05-06 19:58:17,261 WARN org.springframework.boot.autoconfigure.orm.jpa.JpaBaseConfiguration$JpaWebConfiguration [main] spring.jpa.open-in-view is enabled by default. Therefore, database queries may be performed during view rendering. Explicitly configure spring.jpa.open-in-view to disable this warning
2020-05-06 19:58:17,355 INFO org.springframework.scheduling.concurrent.ExecutorConfigurationSupport [main] Initializing ExecutorService 'applicationTaskExecutor'
2020-05-06 19:58:17,698 INFO org.springframework.boot.web.embedded.tomcat.TomcatWebServer [main] Tomcat started on port(s): 8080 (http) with context path ''
2020-05-06 19:58:17,698 INFO org.springframework.boot.StartupInfoLogger [main] Started Main in 3.191 seconds (JVM running for 4.052)
2020-05-06 19:58:38,545 INFO org.apache.juli.logging.DirectJDKLog [http-nio-8080-exec-1] Initializing Spring DispatcherServlet 'dispatcherServlet'
2020-05-06 19:58:38,547 INFO org.springframework.web.servlet.FrameworkServlet [http-nio-8080-exec-1] Initializing Servlet 'dispatcherServlet'
2020-05-06 19:58:38,555 INFO org.springframework.web.servlet.FrameworkServlet [http-nio-8080-exec-1] Completed initialization in 8 ms
2020-05-06 19:58:38,623 INFO com.example.vavaplanit.Api.UserController [http-nio-8080-exec-1] Getting user by his user name and user password
2020-05-06 19:58:38,637 INFO com.example.vavaplanit.Api.UserController [http-nio-8080-exec-1] User successfully logged in
2020-05-06 19:58:38,835 INFO com.example.vavaplanit.Api.EventController [http-nio-8080-exec-3] Getting events to alert by user's id: 23
2020-05-06 19:58:38,848 INFO com.example.vavaplanit.Api.EventController [http-nio-8080-exec-2] Getting events by user's id: 23, year: 2020 and month: 5
2020-05-06 19:58:38,851 INFO com.example.vavaplanit.Api.EventController [http-nio-8080-exec-3] Returning events to alert.
2020-05-06 19:58:38,860 INFO com.example.vavaplanit.Api.EventController [http-nio-8080-exec-2] Events successfully found. Returning events.
2020-05-06 19:58:54,616 INFO com.example.vavaplanit.Api.EventController [http-nio-8080-exec-6] Getting events by user's id: 23, year: 2020 and month: 5
2020-05-06 19:58:54,620 INFO com.example.vavaplanit.Api.EventController [http-nio-8080-exec-6] Events successfully found. Returning events.
2020-05-06 20:04:46,636 INFO com.example.vavaplanit.Api.UserController [http-nio-8080-exec-9] Getting user by his user name and user password
2020-05-06 20:04:46,637 INFO com.example.vavaplanit.Api.UserController [http-nio-8080-exec-9] User successfully logged in
2020-05-06 20:04:46,774 INFO com.example.vavaplanit.Api.EventController [http-nio-8080-exec-8] Getting events to alert by user's id: 23
2020-05-06 20:04:46,776 INFO com.example.vavaplanit.Api.EventController [http-nio-8080-exec-8] Returning events to alert.
2020-05-06 20:04:46,788 INFO com.example.vavaplanit.Api.EventController [http-nio-8080-exec-5] Getting events by user's id: 23, year: 2020 and month: 5
2020-05-06 20:04:46,795 INFO com.example.vavaplanit.Api.EventController [http-nio-8080-exec-5] Events successfully found. Returning events.
2020-05-06 20:04:50,683 INFO com.example.vavaplanit.Api.EventController [http-nio-8080-exec-10] Getting events by user's id: 23, year: 2020 and month: 5
2020-05-06 20:04:50,686 INFO com.example.vavaplanit.Api.EventController [http-nio-8080-exec-10] Events successfully found. Returning events.
2020-05-06 20:05:30,278 INFO com.example.vavaplanit.Api.UserController [http-nio-8080-exec-3] Getting user by his user name and user password
2020-05-06 20:05:30,280 INFO com.example.vavaplanit.Api.UserController [http-nio-8080-exec-3] User successfully logged in
2020-05-06 20:05:30,420 INFO com.example.vavaplanit.Api.EventController [http-nio-8080-exec-2] Getting events to alert by user's id: 23
2020-05-06 20:05:30,422 INFO com.example.vavaplanit.Api.EventController [http-nio-8080-exec-2] Returning events to alert.
2020-05-06 20:05:30,435 INFO com.example.vavaplanit.Api.EventController [http-nio-8080-exec-6] Getting events by user's id: 23, year: 2020 and month: 5
2020-05-06 20:05:30,438 INFO com.example.vavaplanit.Api.EventController [http-nio-8080-exec-6] Events successfully found. Returning events.
2020-05-06 20:05:52,486 INFO com.example.vavaplanit.Api.EventController [http-nio-8080-exec-4] Inserting new Event. Title: opravit pdf
2020-05-06 20:05:52,497 INFO com.example.vavaplanit.Api.EventController [http-nio-8080-exec-4] Event successfully inserted. It's ID is: 24
2020-05-06 20:05:52,509 INFO com.example.vavaplanit.Api.EventController [http-nio-8080-exec-7] Getting events by user's id: 23, year: 2020 and month: 5
2020-05-06 20:05:52,511 INFO com.example.vavaplanit.Api.EventController [http-nio-8080-exec-7] Events successfully found. Returning events.
2020-05-06 20:05:55,318 INFO com.example.vavaplanit.Api.EventController [http-nio-8080-exec-9] Getting events by user's id: 23, year: 2020 and month: 5
2020-05-06 20:05:55,320 INFO com.example.vavaplanit.Api.EventController [http-nio-8080-exec-9] Events successfully found. Returning events.
2020-05-06 20:06:00,445 INFO com.example.vavaplanit.Api.EventController [http-nio-8080-exec-8] Getting events to alert by user's id: 23
2020-05-06 20:06:00,446 INFO com.example.vavaplanit.Api.EventController [http-nio-8080-exec-8] Returning events to alert.
2020-05-06 20:06:06,362 INFO com.example.vavaplanit.Api.EventController [http-nio-8080-exec-5] Inserting new Event. Title: psi
2020-05-06 20:06:06,370 INFO com.example.vavaplanit.Api.EventController [http-nio-8080-exec-5] Event successfully inserted. It's ID is: 25
2020-05-06 20:06:06,378 INFO com.example.vavaplanit.Api.EventController [http-nio-8080-exec-10] Getting events by user's id: 23, year: 2020 and month: 5
2020-05-06 20:06:06,380 INFO com.example.vavaplanit.Api.EventController [http-nio-8080-exec-10] Events successfully found. Returning events.
2020-05-06 20:06:11,349 INFO com.example.vavaplanit.Api.EventController [http-nio-8080-exec-1] Inserting new Event. Title: a
2020-05-06 20:06:11,355 INFO com.example.vavaplanit.Api.EventController [http-nio-8080-exec-1] Event successfully inserted. It's ID is: 26
2020-05-06 20:06:11,362 INFO com.example.vavaplanit.Api.EventController [http-nio-8080-exec-3] Getting events by user's id: 23, year: 2020 and month: 5
2020-05-06 20:06:11,364 INFO com.example.vavaplanit.Api.EventController [http-nio-8080-exec-3] Events successfully found. Returning events.
2020-05-06 20:06:15,775 INFO com.example.vavaplanit.Api.EventController [http-nio-8080-exec-2] Inserting new Event. Title: b
2020-05-06 20:06:15,783 INFO com.example.vavaplanit.Api.EventController [http-nio-8080-exec-2] Event successfully inserted. It's ID is: 27
2020-05-06 20:06:15,789 INFO com.example.vavaplanit.Api.EventController [http-nio-8080-exec-6] Getting events by user's id: 23, year: 2020 and month: 5
2020-05-06 20:06:15,792 INFO com.example.vavaplanit.Api.EventController [http-nio-8080-exec-6] Events successfully found. Returning events.
2020-05-06 20:06:20,232 INFO com.example.vavaplanit.Api.EventController [http-nio-8080-exec-4] Inserting new Event. Title: c
2020-05-06 20:06:20,239 INFO com.example.vavaplanit.Api.EventController [http-nio-8080-exec-4] Event successfully inserted. It's ID is: 28
2020-05-06 20:06:20,245 INFO com.example.vavaplanit.Api.EventController [http-nio-8080-exec-7] Getting events by user's id: 23, year: 2020 and month: 5
2020-05-06 20:06:20,247 INFO com.example.vavaplanit.Api.EventController [http-nio-8080-exec-7] Events successfully found. Returning events.
2020-05-06 20:06:24,482 INFO com.example.vavaplanit.Api.EventController [http-nio-8080-exec-9] Inserting new Event. Title: d
2020-05-06 20:06:24,490 INFO com.example.vavaplanit.Api.EventController [http-nio-8080-exec-9] Event successfully inserted. It's ID is: 29
2020-05-06 20:06:24,496 INFO com.example.vavaplanit.Api.EventController [http-nio-8080-exec-8] Getting events by user's id: 23, year: 2020 and month: 5
2020-05-06 20:06:24,498 INFO com.example.vavaplanit.Api.EventController [http-nio-8080-exec-8] Events successfully found. Returning events.
2020-05-06 20:06:31,109 INFO com.example.vavaplanit.Api.EventController [http-nio-8080-exec-5] Getting events by user's id: 23, year: 2020 and month: 5
2020-05-06 20:06:31,111 INFO com.example.vavaplanit.Api.EventController [http-nio-8080-exec-5] Events successfully found. Returning events.
2020-05-06 20:08:38,569 INFO com.example.vavaplanit.Api.UserController [http-nio-8080-exec-1] Getting user by his user name and user password
2020-05-06 20:08:38,571 INFO com.example.vavaplanit.Api.UserController [http-nio-8080-exec-1] User successfully logged in
2020-05-06 20:08:38,716 INFO com.example.vavaplanit.Api.EventController [http-nio-8080-exec-3] Getting events to alert by user's id: 23
2020-05-06 20:08:38,719 INFO com.example.vavaplanit.Api.EventController [http-nio-8080-exec-3] Returning events to alert.
2020-05-06 20:08:38,730 INFO com.example.vavaplanit.Api.EventController [http-nio-8080-exec-2] Getting events by user's id: 23, year: 2020 and month: 5
2020-05-06 20:08:38,736 INFO com.example.vavaplanit.Api.EventController [http-nio-8080-exec-2] Events successfully found. Returning events.
2020-05-06 20:08:42,852 INFO com.example.vavaplanit.Api.EventController [http-nio-8080-exec-6] Getting events by user's id: 23, year: 2020 and month: 5
2020-05-06 20:08:42,854 INFO com.example.vavaplanit.Api.EventController [http-nio-8080-exec-6] Events successfully found. Returning events.
2020-05-06 20:08:44,625 INFO com.example.vavaplanit.Api.EventController [http-nio-8080-exec-4] Getting events by user's id: 23, year: 2020 and month: 5
2020-05-06 20:08:44,627 INFO com.example.vavaplanit.Api.EventController [http-nio-8080-exec-4] Events successfully found. Returning events.
2020-05-06 20:12:05,570 INFO com.example.vavaplanit.Api.UserController [http-nio-8080-exec-9] Getting user by his user name and user password
2020-05-06 20:12:05,572 INFO com.example.vavaplanit.Api.UserController [http-nio-8080-exec-9] User successfully logged in
2020-05-06 20:12:05,714 INFO com.example.vavaplanit.Api.EventController [http-nio-8080-exec-8] Getting events to alert by user's id: 23
2020-05-06 20:12:05,715 INFO com.example.vavaplanit.Api.EventController [http-nio-8080-exec-8] Returning events to alert.
2020-05-06 20:12:05,728 INFO com.example.vavaplanit.Api.EventController [http-nio-8080-exec-5] Getting events by user's id: 23, year: 2020 and month: 5
2020-05-06 20:12:05,730 INFO com.example.vavaplanit.Api.EventController [http-nio-8080-exec-5] Events successfully found. Returning events.
2020-05-06 20:12:08,108 INFO com.example.vavaplanit.Api.EventController [http-nio-8080-exec-10] Getting events by user's id: 23, year: 2020 and month: 5
2020-05-06 20:12:08,109 INFO com.example.vavaplanit.Api.EventController [http-nio-8080-exec-10] Events successfully found. Returning events.
2020-05-06 20:14:38,803 INFO com.example.vavaplanit.Api.UserController [http-nio-8080-exec-3] Getting user by his user name and user password
2020-05-06 20:14:38,804 INFO com.example.vavaplanit.Api.UserController [http-nio-8080-exec-3] User successfully logged in
2020-05-06 20:14:38,944 INFO com.example.vavaplanit.Api.EventController [http-nio-8080-exec-2] Getting events to alert by user's id: 23
2020-05-06 20:14:38,946 INFO com.example.vavaplanit.Api.EventController [http-nio-8080-exec-2] Returning events to alert.
2020-05-06 20:14:38,955 INFO com.example.vavaplanit.Api.EventController [http-nio-8080-exec-6] Getting events by user's id: 23, year: 2020 and month: 5
2020-05-06 20:14:38,956 INFO com.example.vavaplanit.Api.EventController [http-nio-8080-exec-6] Events successfully found. Returning events.
2020-05-06 20:14:40,568 INFO com.example.vavaplanit.Api.EventController [http-nio-8080-exec-4] Getting events by user's id: 23, year: 2020 and month: 5
2020-05-06 20:14:40,570 INFO com.example.vavaplanit.Api.EventController [http-nio-8080-exec-4] Events successfully found. Returning events.
2020-05-06 20:15:00,971 INFO com.example.vavaplanit.Api.EventController [http-nio-8080-exec-7] Getting events to alert by user's id: 23
2020-05-06 20:15:00,973 INFO com.example.vavaplanit.Api.EventController [http-nio-8080-exec-7] Returning events to alert.
2020-05-06 20:16:23,469 INFO com.example.vavaplanit.Api.UserController [http-nio-8080-exec-8] Getting user by his user name and user password
2020-05-06 20:16:23,470 INFO com.example.vavaplanit.Api.UserController [http-nio-8080-exec-8] User successfully logged in
2020-05-06 20:16:23,605 INFO com.example.vavaplanit.Api.EventController [http-nio-8080-exec-5] Getting events to alert by user's id: 23
2020-05-06 20:16:23,606 INFO com.example.vavaplanit.Api.EventController [http-nio-8080-exec-5] Returning events to alert.
2020-05-06 20:16:23,620 INFO com.example.vavaplanit.Api.EventController [http-nio-8080-exec-10] Getting events by user's id: 23, year: 2020 and month: 5
2020-05-06 20:16:23,622 INFO com.example.vavaplanit.Api.EventController [http-nio-8080-exec-10] Events successfully found. Returning events.
2020-05-06 20:16:25,533 INFO com.example.vavaplanit.Api.EventController [http-nio-8080-exec-1] Getting events by user's id: 23, year: 2020 and month: 5
2020-05-06 20:16:25,534 INFO com.example.vavaplanit.Api.EventController [http-nio-8080-exec-1] Events successfully found. Returning events.
2020-05-06 20:16:56,796 INFO com.example.vavaplanit.Api.UserController [http-nio-8080-exec-2] Getting user by his user name and user password
2020-05-06 20:16:56,797 INFO com.example.vavaplanit.Api.UserController [http-nio-8080-exec-2] User successfully logged in
2020-05-06 20:16:56,929 INFO com.example.vavaplanit.Api.EventController [http-nio-8080-exec-6] Getting events to alert by user's id: 23
2020-05-06 20:16:56,930 INFO com.example.vavaplanit.Api.EventController [http-nio-8080-exec-6] Returning events to alert.
2020-05-06 20:16:56,945 INFO com.example.vavaplanit.Api.EventController [http-nio-8080-exec-4] Getting events by user's id: 23, year: 2020 and month: 5
2020-05-06 20:16:56,946 INFO com.example.vavaplanit.Api.EventController [http-nio-8080-exec-4] Events successfully found. Returning events.
2020-05-06 20:16:58,396 INFO com.example.vavaplanit.Api.EventController [http-nio-8080-exec-7] Getting events by user's id: 23, year: 2020 and month: 5
2020-05-06 20:16:58,402 INFO com.example.vavaplanit.Api.EventController [http-nio-8080-exec-7] Events successfully found. Returning events.
2020-05-06 20:21:38,589 INFO com.example.vavaplanit.Api.UserController [http-nio-8080-exec-8] Getting user by his user name and user password
2020-05-06 20:21:38,590 INFO com.example.vavaplanit.Api.UserController [http-nio-8080-exec-8] User successfully logged in
2020-05-06 20:21:38,726 INFO com.example.vavaplanit.Api.EventController [http-nio-8080-exec-5] Getting events to alert by user's id: 23
2020-05-06 20:21:38,727 INFO com.example.vavaplanit.Api.EventController [http-nio-8080-exec-5] Returning events to alert.
2020-05-06 20:21:38,737 INFO com.example.vavaplanit.Api.EventController [http-nio-8080-exec-10] Getting events by user's id: 23, year: 2020 and month: 5
2020-05-06 20:21:38,738 INFO com.example.vavaplanit.Api.EventController [http-nio-8080-exec-10] Events successfully found. Returning events.
2020-05-06 20:21:41,520 INFO com.example.vavaplanit.Api.EventController [http-nio-8080-exec-1] Getting events by user's id: 23, year: 2020 and month: 5
2020-05-06 20:21:41,522 INFO com.example.vavaplanit.Api.EventController [http-nio-8080-exec-1] Events successfully found. Returning events.
2020-05-06 20:22:00,753 INFO com.example.vavaplanit.Api.EventController [http-nio-8080-exec-3] Getting events to alert by user's id: 23
2020-05-06 20:22:00,755 INFO com.example.vavaplanit.Api.EventController [http-nio-8080-exec-3] Returning events to alert.
2020-05-06 20:27:19,138 INFO com.example.vavaplanit.Api.UserController [http-nio-8080-exec-6] Getting user by his user name and user password
2020-05-06 20:27:19,140 INFO com.example.vavaplanit.Api.UserController [http-nio-8080-exec-6] User successfully logged in
2020-05-06 20:27:19,280 INFO com.example.vavaplanit.Api.EventController [http-nio-8080-exec-4] Getting events to alert by user's id: 23
2020-05-06 20:27:19,282 INFO com.example.vavaplanit.Api.EventController [http-nio-8080-exec-4] Returning events to alert.
2020-05-06 20:27:19,300 INFO com.example.vavaplanit.Api.EventController [http-nio-8080-exec-7] Getting events by user's id: 23, year: 2020 and month: 5
2020-05-06 20:27:19,302 INFO com.example.vavaplanit.Api.EventController [http-nio-8080-exec-7] Events successfully found. Returning events.
2020-05-06 20:27:21,091 INFO com.example.vavaplanit.Api.EventController [http-nio-8080-exec-9] Getting events by user's id: 23, year: 2020 and month: 5
2020-05-06 20:27:21,093 INFO com.example.vavaplanit.Api.EventController [http-nio-8080-exec-9] Events successfully found. Returning events.
2020-05-06 20:28:49,278 INFO com.example.vavaplanit.Api.UserController [http-nio-8080-exec-5] Getting user by his user name and user password
2020-05-06 20:28:49,283 INFO com.example.vavaplanit.Api.UserController [http-nio-8080-exec-5] User successfully logged in
2020-05-06 20:28:49,427 INFO com.example.vavaplanit.Api.EventController [http-nio-8080-exec-10] Getting events to alert by user's id: 23
2020-05-06 20:28:49,431 INFO com.example.vavaplanit.Api.EventController [http-nio-8080-exec-10] Returning events to alert.
2020-05-06 20:28:49,440 INFO com.example.vavaplanit.Api.EventController [http-nio-8080-exec-1] Getting events by user's id: 23, year: 2020 and month: 5
2020-05-06 20:28:49,443 INFO com.example.vavaplanit.Api.EventController [http-nio-8080-exec-1] Events successfully found. Returning events.
2020-05-06 20:28:51,126 INFO com.example.vavaplanit.Api.EventController [http-nio-8080-exec-3] Getting events by user's id: 23, year: 2020 and month: 5
2020-05-06 20:28:51,128 INFO com.example.vavaplanit.Api.EventController [http-nio-8080-exec-3] Events successfully found. Returning events.
2020-05-06 20:29:00,457 INFO com.example.vavaplanit.Api.EventController [http-nio-8080-exec-2] Getting events to alert by user's id: 23
2020-05-06 20:29:00,459 INFO com.example.vavaplanit.Api.EventController [http-nio-8080-exec-2] Returning events to alert.
2020-05-06 20:32:26,045 INFO com.example.vavaplanit.Api.UserController [http-nio-8080-exec-4] Getting user by his user name and user password
2020-05-06 20:32:26,047 INFO com.example.vavaplanit.Api.UserController [http-nio-8080-exec-4] User successfully logged in
2020-05-06 20:32:26,180 INFO com.example.vavaplanit.Api.EventController [http-nio-8080-exec-7] Getting events to alert by user's id: 23
2020-05-06 20:32:26,181 INFO com.example.vavaplanit.Api.EventController [http-nio-8080-exec-7] Returning events to alert.
2020-05-06 20:32:26,200 INFO com.example.vavaplanit.Api.EventController [http-nio-8080-exec-9] Getting events by user's id: 23, year: 2020 and month: 5
2020-05-06 20:32:26,202 INFO com.example.vavaplanit.Api.EventController [http-nio-8080-exec-9] Events successfully found. Returning events.
2020-05-06 20:32:28,122 INFO com.example.vavaplanit.Api.EventController [http-nio-8080-exec-8] Getting events by user's id: 23, year: 2020 and month: 5
2020-05-06 20:32:28,124 INFO com.example.vavaplanit.Api.EventController [http-nio-8080-exec-8] Events successfully found. Returning events.
2020-05-06 20:33:18,460 INFO com.example.vavaplanit.Api.UserController [http-nio-8080-exec-10] Getting user by his user name and user password
2020-05-06 20:33:18,461 INFO com.example.vavaplanit.Api.UserController [http-nio-8080-exec-10] User successfully logged in
2020-05-06 20:33:18,607 INFO com.example.vavaplanit.Api.EventController [http-nio-8080-exec-1] Getting events to alert by user's id: 23
2020-05-06 20:33:18,608 INFO com.example.vavaplanit.Api.EventController [http-nio-8080-exec-1] Returning events to alert.
2020-05-06 20:33:18,620 INFO com.example.vavaplanit.Api.EventController [http-nio-8080-exec-3] Getting events by user's id: 23, year: 2020 and month: 5
2020-05-06 20:33:18,622 INFO com.example.vavaplanit.Api.EventController [http-nio-8080-exec-3] Events successfully found. Returning events.
2020-05-06 20:33:21,515 INFO com.example.vavaplanit.Api.EventController [http-nio-8080-exec-2] Getting events by user's id: 23, year: 2020 and month: 5
2020-05-06 20:33:21,517 INFO com.example.vavaplanit.Api.EventController [http-nio-8080-exec-2] Events successfully found. Returning events.
2020-05-06 20:36:24,452 INFO com.example.vavaplanit.Api.UserController [http-nio-8080-exec-4] Getting user by his user name and user password
2020-05-06 20:36:24,453 INFO com.example.vavaplanit.Api.UserController [http-nio-8080-exec-4] User successfully logged in
2020-05-06 20:36:24,587 INFO com.example.vavaplanit.Api.EventController [http-nio-8080-exec-7] Getting events to alert by user's id: 23
2020-05-06 20:36:24,588 INFO com.example.vavaplanit.Api.EventController [http-nio-8080-exec-7] Returning events to alert.
2020-05-06 20:36:24,600 INFO com.example.vavaplanit.Api.EventController [http-nio-8080-exec-9] Getting events by user's id: 23, year: 2020 and month: 5
2020-05-06 20:36:24,602 INFO com.example.vavaplanit.Api.EventController [http-nio-8080-exec-9] Events successfully found. Returning events.
2020-05-06 20:36:25,997 INFO com.example.vavaplanit.Api.EventController [http-nio-8080-exec-8] Getting events by user's id: 23, year: 2020 and month: 5
2020-05-06 20:36:25,998 INFO com.example.vavaplanit.Api.EventController [http-nio-8080-exec-8] Events successfully found. Returning events.
2020-05-06 20:40:23,318 INFO com.example.vavaplanit.Api.UserController [http-nio-8080-exec-10] Getting user by his user name and user password
2020-05-06 20:40:23,319 INFO com.example.vavaplanit.Api.UserController [http-nio-8080-exec-10] User successfully logged in
2020-05-06 20:40:23,470 INFO com.example.vavaplanit.Api.EventController [http-nio-8080-exec-1] Getting events to alert by user's id: 23
2020-05-06 20:40:23,471 INFO com.example.vavaplanit.Api.EventController [http-nio-8080-exec-1] Returning events to alert.
2020-05-06 20:40:23,484 INFO com.example.vavaplanit.Api.EventController [http-nio-8080-exec-3] Getting events by user's id: 23, year: 2020 and month: 5
2020-05-06 20:40:23,486 INFO com.example.vavaplanit.Api.EventController [http-nio-8080-exec-3] Events successfully found. Returning events.
2020-05-06 20:40:24,936 INFO com.example.vavaplanit.Api.EventController [http-nio-8080-exec-2] Getting events by user's id: 23, year: 2020 and month: 5
2020-05-06 20:40:24,938 INFO com.example.vavaplanit.Api.EventController [http-nio-8080-exec-2] Events successfully found. Returning events.
2020-05-06 20:43:23,083 INFO com.example.vavaplanit.Api.UserController [http-nio-8080-exec-4] Getting user by his user name and user password
2020-05-06 20:43:23,085 INFO com.example.vavaplanit.Api.UserController [http-nio-8080-exec-4] User successfully logged in
2020-05-06 20:43:23,225 INFO com.example.vavaplanit.Api.EventController [http-nio-8080-exec-7] Getting events to alert by user's id: 23
2020-05-06 20:43:23,226 INFO com.example.vavaplanit.Api.EventController [http-nio-8080-exec-7] Returning events to alert.
2020-05-06 20:43:23,235 INFO com.example.vavaplanit.Api.EventController [http-nio-8080-exec-9] Getting events by user's id: 23, year: 2020 and month: 5
2020-05-06 20:43:23,237 INFO com.example.vavaplanit.Api.EventController [http-nio-8080-exec-9] Events successfully found. Returning events.
2020-05-06 20:43:24,779 INFO com.example.vavaplanit.Api.EventController [http-nio-8080-exec-8] Getting events by user's id: 23, year: 2020 and month: 5
2020-05-06 20:43:24,781 INFO com.example.vavaplanit.Api.EventController [http-nio-8080-exec-8] Events successfully found. Returning events.
2020-05-06 20:43:43,391 INFO com.example.vavaplanit.Api.EventController [http-nio-8080-exec-5] Getting events by user's id: 23, year: 2020 and month: 5
2020-05-06 20:43:43,393 INFO com.example.vavaplanit.Api.EventController [http-nio-8080-exec-5] Events successfully found. Returning events.
2020-05-06 20:43:45,456 INFO com.example.vavaplanit.Api.EventController [http-nio-8080-exec-10] Getting events by user's id: 23, year: 2020 and month: 5
2020-05-06 20:43:45,457 INFO com.example.vavaplanit.Api.EventController [http-nio-8080-exec-10] Events successfully found. Returning events.
2020-05-06 20:45:59,751 INFO com.example.vavaplanit.Api.UserController [http-nio-8080-exec-3] Getting user by his user name and user password
2020-05-06 20:45:59,752 INFO com.example.vavaplanit.Api.UserController [http-nio-8080-exec-3] User successfully logged in
2020-05-06 20:45:59,886 INFO com.example.vavaplanit.Api.EventController [http-nio-8080-exec-2] Getting events to alert by user's id: 23
2020-05-06 20:45:59,887 INFO com.example.vavaplanit.Api.EventController [http-nio-8080-exec-2] Returning events to alert.
2020-05-06 20:45:59,900 INFO com.example.vavaplanit.Api.EventController [http-nio-8080-exec-6] Getting events by user's id: 23, year: 2020 and month: 5
2020-05-06 20:45:59,902 INFO com.example.vavaplanit.Api.EventController [http-nio-8080-exec-6] Events successfully found. Returning events.
2020-05-06 20:46:00,910 INFO com.example.vavaplanit.Api.EventController [http-nio-8080-exec-4] Getting events to alert by user's id: 23
2020-05-06 20:46:00,911 INFO com.example.vavaplanit.Api.EventController [http-nio-8080-exec-4] Returning events to alert.
2020-05-06 20:46:02,063 INFO com.example.vavaplanit.Api.EventController [http-nio-8080-exec-7] Getting events by user's id: 23, year: 2020 and month: 5
2020-05-06 20:46:02,065 INFO com.example.vavaplanit.Api.EventController [http-nio-8080-exec-7] Events successfully found. Returning events.
2020-05-06 20:59:15,582 INFO com.example.vavaplanit.Api.UserController [http-nio-8080-exec-8] Getting user by his user name and user password
2020-05-06 20:59:15,586 INFO com.example.vavaplanit.Api.UserController [http-nio-8080-exec-8] User successfully logged in
2020-05-06 20:59:15,716 INFO com.example.vavaplanit.Api.EventController [http-nio-8080-exec-5] Getting events to alert by user's id: 23
2020-05-06 20:59:15,719 INFO com.example.vavaplanit.Api.EventController [http-nio-8080-exec-5] Returning events to alert.
2020-05-06 20:59:15,730 INFO com.example.vavaplanit.Api.EventController [http-nio-8080-exec-10] Getting events by user's id: 23, year: 2020 and month: 5
2020-05-06 20:59:15,735 INFO com.example.vavaplanit.Api.EventController [http-nio-8080-exec-10] Events successfully found. Returning events.
2020-05-06 20:59:17,247 INFO com.example.vavaplanit.Api.EventController [http-nio-8080-exec-1] Getting events by user's id: 23, year: 2020 and month: 5
2020-05-06 20:59:17,250 INFO com.example.vavaplanit.Api.EventController [http-nio-8080-exec-1] Events successfully found. Returning events.
2020-05-06 21:00:32,195 INFO com.example.vavaplanit.Api.UserController [http-nio-8080-exec-2] Getting user by his user name and user password
2020-05-06 21:00:32,197 INFO com.example.vavaplanit.Api.UserController [http-nio-8080-exec-2] User successfully logged in
2020-05-06 21:00:32,335 INFO com.example.vavaplanit.Api.EventController [http-nio-8080-exec-6] Getting events to alert by user's id: 23
2020-05-06 21:00:32,336 INFO com.example.vavaplanit.Api.EventController [http-nio-8080-exec-6] Returning events to alert.
2020-05-06 21:00:32,348 INFO com.example.vavaplanit.Api.EventController [http-nio-8080-exec-4] Getting events by user's id: 23, year: 2020 and month: 5
2020-05-06 21:00:32,350 INFO com.example.vavaplanit.Api.EventController [http-nio-8080-exec-4] Events successfully found. Returning events.
2020-05-06 21:00:33,982 INFO com.example.vavaplanit.Api.EventController [http-nio-8080-exec-7] Getting events by user's id: 23, year: 2020 and month: 5
2020-05-06 21:00:33,984 INFO com.example.vavaplanit.Api.EventController [http-nio-8080-exec-7] Events successfully found. Returning events.
2020-05-06 21:02:24,457 INFO com.example.vavaplanit.Api.UserController [http-nio-8080-exec-8] Getting user by his user name and user password
2020-05-06 21:02:24,458 INFO com.example.vavaplanit.Api.UserController [http-nio-8080-exec-8] User successfully logged in
2020-05-06 21:02:24,598 INFO com.example.vavaplanit.Api.EventController [http-nio-8080-exec-5] Getting events to alert by user's id: 23
2020-05-06 21:02:24,599 INFO com.example.vavaplanit.Api.EventController [http-nio-8080-exec-5] Returning events to alert.
2020-05-06 21:02:24,612 INFO com.example.vavaplanit.Api.EventController [http-nio-8080-exec-10] Getting events by user's id: 23, year: 2020 and month: 5
2020-05-06 21:02:24,614 INFO com.example.vavaplanit.Api.EventController [http-nio-8080-exec-10] Events successfully found. Returning events.
2020-05-06 21:02:30,562 INFO com.example.vavaplanit.Api.EventController [http-nio-8080-exec-1] Getting events by user's id: 23, year: 2020 and month: 5
2020-05-06 21:02:30,564 INFO com.example.vavaplanit.Api.EventController [http-nio-8080-exec-1] Events successfully found. Returning events.
2020-05-06 21:02:32,299 INFO com.example.vavaplanit.Api.EventController [http-nio-8080-exec-3] Getting events by user's id: 23, year: 2020 and month: 5
2020-05-06 21:02:32,302 INFO com.example.vavaplanit.Api.EventController [http-nio-8080-exec-3] Events successfully found. Returning events.
2020-05-06 21:03:53,162 INFO com.example.vavaplanit.Api.UserController [http-nio-8080-exec-6] Getting user by his user name and user password
2020-05-06 21:03:53,163 INFO com.example.vavaplanit.Api.UserController [http-nio-8080-exec-6] User successfully logged in
2020-05-06 21:03:53,300 INFO com.example.vavaplanit.Api.EventController [http-nio-8080-exec-4] Getting events to alert by user's id: 23
2020-05-06 21:03:53,301 INFO com.example.vavaplanit.Api.EventController [http-nio-8080-exec-4] Returning events to alert.
2020-05-06 21:03:53,314 INFO com.example.vavaplanit.Api.EventController [http-nio-8080-exec-7] Getting events by user's id: 23, year: 2020 and month: 5
2020-05-06 21:03:53,315 INFO com.example.vavaplanit.Api.EventController [http-nio-8080-exec-7] Events successfully found. Returning events.
2020-05-06 21:03:55,275 INFO com.example.vavaplanit.Api.EventController [http-nio-8080-exec-9] Getting events by user's id: 23, year: 2020 and month: 5
2020-05-06 21:03:55,277 INFO com.example.vavaplanit.Api.EventController [http-nio-8080-exec-9] Events successfully found. Returning events.
2020-05-06 21:04:00,320 INFO com.example.vavaplanit.Api.EventController [http-nio-8080-exec-8] Getting events to alert by user's id: 23
2020-05-06 21:04:00,321 INFO com.example.vavaplanit.Api.EventController [http-nio-8080-exec-8] Returning events to alert.
